[0.250s] Invoking command in '/home/manojbr/dev_ws/src/radiants': PYTHONPATH=/home/manojbr/dev_ws/install/radiants/lib/python3.8/site-packages:${PYTHONPATH} /usr/bin/python3 setup.py egg_info --egg-base ../../build/radiants build --build-base /home/manojbr/dev_ws/build/radiants/build install --prefix /home/manojbr/dev_ws/install/radiants --record /home/manojbr/dev_ws/build/radiants/install.log --single-version-externally-managed
[0.659s] running egg_info
[0.659s] writing ../../build/radiants/radiants.egg-info/PKG-INFO
[0.660s] writing dependency_links to ../../build/radiants/radiants.egg-info/dependency_links.txt
[0.660s] writing entry points to ../../build/radiants/radiants.egg-info/entry_points.txt
[0.660s] writing requirements to ../../build/radiants/radiants.egg-info/requires.txt
[0.660s] writing top-level names to ../../build/radiants/radiants.egg-info/top_level.txt
[1.532s] reading manifest file '../../build/radiants/radiants.egg-info/SOURCES.txt'
[1.595s] writing manifest file '../../build/radiants/radiants.egg-info/SOURCES.txt'
[1.596s] running build
[1.596s] running build_py
[1.597s] copying radiants/controller.py -> /home/manojbr/dev_ws/build/radiants/build/lib/radiants
[1.598s] copying radiants/detector.py -> /home/manojbr/dev_ws/build/radiants/build/lib/radiants
[1.599s] running install
[1.601s] running install_lib
[1.605s] copying /home/manojbr/dev_ws/build/radiants/build/lib/radiants/controller.py -> /home/manojbr/dev_ws/install/radiants/lib/python3.8/site-packages/radiants
[1.606s] copying /home/manojbr/dev_ws/build/radiants/build/lib/radiants/detector.py -> /home/manojbr/dev_ws/install/radiants/lib/python3.8/site-packages/radiants
[1.607s] byte-compiling /home/manojbr/dev_ws/install/radiants/lib/python3.8/site-packages/radiants/controller.py to controller.cpython-38.pyc
[1.613s] byte-compiling /home/manojbr/dev_ws/install/radiants/lib/python3.8/site-packages/radiants/detector.py to detector.cpython-38.pyc
[1.617s] running install_data
[1.620s] copying package.xml -> /home/manojbr/dev_ws/install/radiants/share/radiants
[1.621s] running install_egg_info
[1.800s] removing '/home/manojbr/dev_ws/install/radiants/lib/python3.8/site-packages/radiants-0.0.0-py3.8.egg-info' (and everything under it)
[1.822s] Copying ../../build/radiants/radiants.egg-info to /home/manojbr/dev_ws/install/radiants/lib/python3.8/site-packages/radiants-0.0.0-py3.8.egg-info
[1.842s] running install_scripts
[1.888s] Installing controller = radiants.controller:maindetector script to /home/manojbr/dev_ws/install/radiants/lib/radiants
[1.888s] writing list of installed files to '/home/manojbr/dev_ws/build/radiants/install.log'
[1.907s] Invoked command in '/home/manojbr/dev_ws/src/radiants' returned '0': PYTHONPATH=/home/manojbr/dev_ws/install/radiants/lib/python3.8/site-packages:${PYTHONPATH} /usr/bin/python3 setup.py egg_info --egg-base ../../build/radiants build --build-base /home/manojbr/dev_ws/build/radiants/build install --prefix /home/manojbr/dev_ws/install/radiants --record /home/manojbr/dev_ws/build/radiants/install.log --single-version-externally-managed
