running egg_info
writing ../../build/flipkart/flipkart.egg-info/PKG-INFO
writing dependency_links to ../../build/flipkart/flipkart.egg-info/dependency_links.txt
writing entry points to ../../build/flipkart/flipkart.egg-info/entry_points.txt
writing requirements to ../../build/flipkart/flipkart.egg-info/requires.txt
writing top-level names to ../../build/flipkart/flipkart.egg-info/top_level.txt
reading manifest file '../../build/flipkart/flipkart.egg-info/SOURCES.txt'
writing manifest file '../../build/flipkart/flipkart.egg-info/SOURCES.txt'
running build
running build_py
copying flipkart/detector.py -> /home/manojbr/dev_ws/build/flipkart/build/lib/flipkart
running install
running install_lib
copying /home/manojbr/dev_ws/build/flipkart/build/lib/flipkart/detector.py -> /home/manojbr/dev_ws/install/flipkart/lib/python3.8/site-packages/flipkart
byte-compiling /home/manojbr/dev_ws/install/flipkart/lib/python3.8/site-packages/flipkart/detector.py to detector.cpython-38.pyc
running install_data
running install_egg_info
removing '/home/manojbr/dev_ws/install/flipkart/lib/python3.8/site-packages/flipkart-0.0.0-py3.8.egg-info' (and everything under it)
Copying ../../build/flipkart/flipkart.egg-info to /home/manojbr/dev_ws/install/flipkart/lib/python3.8/site-packages/flipkart-0.0.0-py3.8.egg-info
running install_scripts
Installing detector script to /home/manojbr/dev_ws/install/flipkart/lib/flipkart
Installing viper script to /home/manojbr/dev_ws/install/flipkart/lib/flipkart
writing list of installed files to '/home/manojbr/dev_ws/build/flipkart/install.log'
