[0.255s] DEBUG:colcon:Command line arguments: ['/usr/bin/colcon', 'build']
[0.255s] DEBUG:colcon:Parsed command line arguments: Namespace(ament_cmake_args=None, base_paths=['.'], build_base='build', catkin_cmake_args=None, catkin_skip_building_tests=False, cmake_args=None, cmake_clean_cache=False, cmake_clean_first=False, cmake_force_configure=False, cmake_target=None, cmake_target_skip_unavailable=False, continue_on_error=False, event_handlers=None, executor='parallel', ignore_user_meta=False, install_base='install', log_base=None, log_level=None, main=<bound method BuildVerb.main of <colcon_core.verb.build.BuildVerb object at 0x7f8148bbb610>>, merge_install=False, metas=['./colcon.meta'], packages_above=None, packages_above_and_dependencies=None, packages_above_depth=None, packages_end=None, packages_ignore=None, packages_ignore_regex=None, packages_select=None, packages_select_build_failed=False, packages_select_by_dep=None, packages_select_regex=None, packages_select_test_failures=False, packages_skip=None, packages_skip_build_finished=False, packages_skip_by_dep=None, packages_skip_regex=None, packages_skip_test_passed=False, packages_skip_up_to=None, packages_start=None, packages_up_to=None, packages_up_to_regex=None, parallel_workers=8, paths=None, symlink_install=False, test_result_base=None, verb_extension=<colcon_core.verb.build.BuildVerb object at 0x7f8148bbb610>, verb_name='build', verb_parser=<colcon_defaults.argument_parser.defaults.DefaultArgumentsDecorator object at 0x7f8148d0dee0>)
[0.259s] Level 1:colcon.colcon_core.package_discovery:discover_packages(colcon_meta) check parameters
[0.259s] Level 1:colcon.colcon_core.package_discovery:discover_packages(recursive) check parameters
[0.259s] Level 1:colcon.colcon_core.package_discovery:discover_packages(ignore) check parameters
[0.259s] Level 1:colcon.colcon_core.package_discovery:discover_packages(path) check parameters
[0.259s] Level 1:colcon.colcon_core.package_discovery:discover_packages(colcon_meta) discover
[0.259s] Level 1:colcon.colcon_core.package_discovery:discover_packages(recursive) discover
[0.259s] INFO:colcon.colcon_core.package_discovery:Crawling recursively for packages in '/home/manojbr/dev_ws/src'
[0.259s] Level 1:colcon.colcon_core.package_identification:_identify(.) by extensions ['ignore', 'ignore_ament_install']
[0.259s] Level 1:colcon.colcon_core.package_identification:_identify(.) by extension 'ignore'
[0.259s] Level 1:colcon.colcon_core.package_identification:_identify(.) by extension 'ignore_ament_install'
[0.260s] Level 1:colcon.colcon_core.package_identification:_identify(.) by extensions ['colcon_pkg']
[0.260s] Level 1:colcon.colcon_core.package_identification:_identify(.) by extension 'colcon_pkg'
[0.260s] Level 1:colcon.colcon_core.package_identification:_identify(.) by extensions ['colcon_meta']
[0.260s] Level 1:colcon.colcon_core.package_identification:_identify(.) by extension 'colcon_meta'
[0.260s] Level 1:colcon.colcon_core.package_identification:_identify(.) by extensions ['ros']
[0.260s] Level 1:colcon.colcon_core.package_identification:_identify(.) by extension 'ros'
[0.269s] Level 1:colcon.colcon_core.package_identification:_identify(.) by extensions ['cmake', 'python']
[0.269s] Level 1:colcon.colcon_core.package_identification:_identify(.) by extension 'cmake'
[0.269s] Level 1:colcon.colcon_core.package_identification:_identify(.) by extension 'python'
[0.270s] Level 1:colcon.colcon_core.package_identification:_identify(.) by extensions ['python_setup_py']
[0.270s] Level 1:colcon.colcon_core.package_identification:_identify(.) by extension 'python_setup_py'
[0.270s] Level 1:colcon.colcon_core.package_identification:_identify(build) by extensions ['ignore', 'ignore_ament_install']
[0.270s] Level 1:colcon.colcon_core.package_identification:_identify(build) by extension 'ignore'
[0.270s] Level 1:colcon.colcon_core.package_identification:_identify(build) ignored
[0.270s] Level 1:colcon.colcon_core.package_identification:_identify(install) by extensions ['ignore', 'ignore_ament_install']
[0.270s] Level 1:colcon.colcon_core.package_identification:_identify(install) by extension 'ignore'
[0.270s] Level 1:colcon.colcon_core.package_identification:_identify(install) ignored
[0.270s] Level 1:colcon.colcon_core.package_identification:_identify(log) by extensions ['ignore', 'ignore_ament_install']
[0.270s] Level 1:colcon.colcon_core.package_identification:_identify(log) by extension 'ignore'
[0.270s] Level 1:colcon.colcon_core.package_identification:_identify(log) ignored
[0.270s] Level 1:colcon.colcon_core.package_identification:_identify(radiants) by extensions ['ignore', 'ignore_ament_install']
[0.271s] Level 1:colcon.colcon_core.package_identification:_identify(radiants) by extension 'ignore'
[0.271s] Level 1:colcon.colcon_core.package_identification:_identify(radiants) by extension 'ignore_ament_install'
[0.271s] Level 1:colcon.colcon_core.package_identification:_identify(radiants) by extensions ['colcon_pkg']
[0.271s] Level 1:colcon.colcon_core.package_identification:_identify(radiants) by extension 'colcon_pkg'
[0.271s] Level 1:colcon.colcon_core.package_identification:_identify(radiants) by extensions ['colcon_meta']
[0.271s] Level 1:colcon.colcon_core.package_identification:_identify(radiants) by extension 'colcon_meta'
[0.271s] Level 1:colcon.colcon_core.package_identification:_identify(radiants) by extensions ['ros']
[0.271s] Level 1:colcon.colcon_core.package_identification:_identify(radiants) by extension 'ros'
[0.273s] DEBUG:colcon.colcon_core.package_identification:Package 'radiants' with type 'ros.ament_python' and name 'radiants'
[0.273s] Level 1:colcon.colcon_core.package_identification:_identify(ros_tutorials) by extensions ['ignore', 'ignore_ament_install']
[0.273s] Level 1:colcon.colcon_core.package_identification:_identify(ros_tutorials) by extension 'ignore'
[0.273s] Level 1:colcon.colcon_core.package_identification:_identify(ros_tutorials) by extension 'ignore_ament_install'
[0.273s] Level 1:colcon.colcon_core.package_identification:_identify(ros_tutorials) by extensions ['colcon_pkg']
[0.273s] Level 1:colcon.colcon_core.package_identification:_identify(ros_tutorials) by extension 'colcon_pkg'
[0.273s] Level 1:colcon.colcon_core.package_identification:_identify(ros_tutorials) by extensions ['colcon_meta']
[0.273s] Level 1:colcon.colcon_core.package_identification:_identify(ros_tutorials) by extension 'colcon_meta'
[0.273s] Level 1:colcon.colcon_core.package_identification:_identify(ros_tutorials) by extensions ['ros']
[0.273s] Level 1:colcon.colcon_core.package_identification:_identify(ros_tutorials) by extension 'ros'
[0.273s] Level 1:colcon.colcon_core.package_identification:_identify(ros_tutorials) by extensions ['cmake', 'python']
[0.273s] Level 1:colcon.colcon_core.package_identification:_identify(ros_tutorials) by extension 'cmake'
[0.273s] Level 1:colcon.colcon_core.package_identification:_identify(ros_tutorials) by extension 'python'
[0.274s] Level 1:colcon.colcon_core.package_identification:_identify(ros_tutorials) by extensions ['python_setup_py']
[0.274s] Level 1:colcon.colcon_core.package_identification:_identify(ros_tutorials) by extension 'python_setup_py'
[0.274s] Level 1:colcon.colcon_core.package_identification:_identify(ros_tutorials/ros_tutorials) by extensions ['ignore', 'ignore_ament_install']
[0.274s] Level 1:colcon.colcon_core.package_identification:_identify(ros_tutorials/ros_tutorials) by extension 'ignore'
[0.274s] Level 1:colcon.colcon_core.package_identification:_identify(ros_tutorials/ros_tutorials) ignored
[0.274s] Level 1:colcon.colcon_core.package_identification:_identify(ros_tutorials/roscpp_tutorials) by extensions ['ignore', 'ignore_ament_install']
[0.274s] Level 1:colcon.colcon_core.package_identification:_identify(ros_tutorials/roscpp_tutorials) by extension 'ignore'
[0.274s] Level 1:colcon.colcon_core.package_identification:_identify(ros_tutorials/roscpp_tutorials) ignored
[0.274s] Level 1:colcon.colcon_core.package_identification:_identify(ros_tutorials/rospy_tutorials) by extensions ['ignore', 'ignore_ament_install']
[0.274s] Level 1:colcon.colcon_core.package_identification:_identify(ros_tutorials/rospy_tutorials) by extension 'ignore'
[0.274s] Level 1:colcon.colcon_core.package_identification:_identify(ros_tutorials/rospy_tutorials) ignored
[0.274s] Level 1:colcon.colcon_core.package_identification:_identify(ros_tutorials/turtlesim) by extensions ['ignore', 'ignore_ament_install']
[0.275s] Level 1:colcon.colcon_core.package_identification:_identify(ros_tutorials/turtlesim) by extension 'ignore'
[0.275s] Level 1:colcon.colcon_core.package_identification:_identify(ros_tutorials/turtlesim) by extension 'ignore_ament_install'
[0.275s] Level 1:colcon.colcon_core.package_identification:_identify(ros_tutorials/turtlesim) by extensions ['colcon_pkg']
[0.275s] Level 1:colcon.colcon_core.package_identification:_identify(ros_tutorials/turtlesim) by extension 'colcon_pkg'
[0.275s] Level 1:colcon.colcon_core.package_identification:_identify(ros_tutorials/turtlesim) by extensions ['colcon_meta']
[0.275s] Level 1:colcon.colcon_core.package_identification:_identify(ros_tutorials/turtlesim) by extension 'colcon_meta'
[0.275s] Level 1:colcon.colcon_core.package_identification:_identify(ros_tutorials/turtlesim) by extensions ['ros']
[0.275s] Level 1:colcon.colcon_core.package_identification:_identify(ros_tutorials/turtlesim) by extension 'ros'
[0.276s] DEBUG:colcon.colcon_core.package_identification:Package 'ros_tutorials/turtlesim' with type 'ros.ament_cmake' and name 'turtlesim'
[0.276s] Level 1:colcon.colcon_core.package_discovery:discover_packages(recursive) using defaults
[0.276s] Level 1:colcon.colcon_core.package_discovery:discover_packages(ignore) discover
[0.276s] Level 1:colcon.colcon_core.package_discovery:discover_packages(ignore) using defaults
[0.276s] Level 1:colcon.colcon_core.package_discovery:discover_packages(path) discover
[0.276s] Level 1:colcon.colcon_core.package_discovery:discover_packages(path) using defaults
[0.293s] Level 5:colcon.colcon_core.verb:set package 'radiants' build argument 'cmake_args' from command line to 'None'
[0.293s] Level 5:colcon.colcon_core.verb:set package 'radiants' build argument 'cmake_target' from command line to 'None'
[0.293s] Level 5:colcon.colcon_core.verb:set package 'radiants' build argument 'cmake_target_skip_unavailable' from command line to 'False'
[0.293s] Level 5:colcon.colcon_core.verb:set package 'radiants' build argument 'cmake_clean_cache' from command line to 'False'
[0.293s] Level 5:colcon.colcon_core.verb:set package 'radiants' build argument 'cmake_clean_first' from command line to 'False'
[0.293s] Level 5:colcon.colcon_core.verb:set package 'radiants' build argument 'cmake_force_configure' from command line to 'False'
[0.293s] Level 5:colcon.colcon_core.verb:set package 'radiants' build argument 'ament_cmake_args' from command line to 'None'
[0.293s] Level 5:colcon.colcon_core.verb:set package 'radiants' build argument 'catkin_cmake_args' from command line to 'None'
[0.293s] Level 5:colcon.colcon_core.verb:set package 'radiants' build argument 'catkin_skip_building_tests' from command line to 'False'
[0.293s] DEBUG:colcon.colcon_core.verb:Building package 'radiants' with the following arguments: {'ament_cmake_args': None, 'build_base': '/home/manojbr/dev_ws/src/build/radiants', 'catkin_cmake_args': None, 'catkin_skip_building_tests': False, 'cmake_args': None, 'cmake_clean_cache': False, 'cmake_clean_first': False, 'cmake_force_configure': False, 'cmake_target': None, 'cmake_target_skip_unavailable': False, 'install_base': '/home/manojbr/dev_ws/src/install/radiants', 'merge_install': False, 'path': '/home/manojbr/dev_ws/src/radiants', 'symlink_install': False, 'test_result_base': None}
[0.295s] Level 5:colcon.colcon_core.verb:set package 'turtlesim' build argument 'cmake_args' from command line to 'None'
[0.295s] Level 5:colcon.colcon_core.verb:set package 'turtlesim' build argument 'cmake_target' from command line to 'None'
[0.295s] Level 5:colcon.colcon_core.verb:set package 'turtlesim' build argument 'cmake_target_skip_unavailable' from command line to 'False'
[0.295s] Level 5:colcon.colcon_core.verb:set package 'turtlesim' build argument 'cmake_clean_cache' from command line to 'False'
[0.295s] Level 5:colcon.colcon_core.verb:set package 'turtlesim' build argument 'cmake_clean_first' from command line to 'False'
[0.295s] Level 5:colcon.colcon_core.verb:set package 'turtlesim' build argument 'cmake_force_configure' from command line to 'False'
[0.295s] Level 5:colcon.colcon_core.verb:set package 'turtlesim' build argument 'ament_cmake_args' from command line to 'None'
[0.295s] Level 5:colcon.colcon_core.verb:set package 'turtlesim' build argument 'catkin_cmake_args' from command line to 'None'
[0.295s] Level 5:colcon.colcon_core.verb:set package 'turtlesim' build argument 'catkin_skip_building_tests' from command line to 'False'
[0.295s] DEBUG:colcon.colcon_core.verb:Building package 'turtlesim' with the following arguments: {'ament_cmake_args': None, 'build_base': '/home/manojbr/dev_ws/src/build/turtlesim', 'catkin_cmake_args': None, 'catkin_skip_building_tests': False, 'cmake_args': None, 'cmake_clean_cache': False, 'cmake_clean_first': False, 'cmake_force_configure': False, 'cmake_target': None, 'cmake_target_skip_unavailable': False, 'install_base': '/home/manojbr/dev_ws/src/install/turtlesim', 'merge_install': False, 'path': '/home/manojbr/dev_ws/src/ros_tutorials/turtlesim', 'symlink_install': False, 'test_result_base': None}
[0.295s] INFO:colcon.colcon_core.executor:Executing jobs using 'parallel' executor
[0.297s] DEBUG:colcon.colcon_parallel_executor.executor.parallel:run_until_complete
[0.297s] INFO:colcon.colcon_ros.task.ament_python.build:Building ROS package in '/home/manojbr/dev_ws/src/radiants' with build type 'ament_python'
[0.297s] Level 1:colcon.colcon_core.shell:create_environment_hook('radiants', 'ament_prefix_path')
[0.300s] INFO:colcon.colcon_core.plugin_system:Skipping extension 'colcon_core.shell.bat': Not used on non-Windows systems
[0.301s] INFO:colcon.colcon_core.shell:Creating environment hook '/home/manojbr/dev_ws/src/install/radiants/share/radiants/hook/ament_prefix_path.ps1'
[0.334s] INFO:colcon.colcon_core.shell:Creating environment descriptor '/home/manojbr/dev_ws/src/install/radiants/share/radiants/hook/ament_prefix_path.dsv'
[0.378s] INFO:colcon.colcon_core.shell:Creating environment hook '/home/manojbr/dev_ws/src/install/radiants/share/radiants/hook/ament_prefix_path.sh'
[0.437s] INFO:colcon.colcon_core.shell:Skip shell extension 'powershell' for command environment: Not usable outside of PowerShell
[0.437s] DEBUG:colcon.colcon_core.shell:Skip shell extension 'dsv' for command environment
[0.439s] DEBUG:colcon.colcon_core.shell:Ignoring prefix path '/opt/ros/foxy'
[0.510s] INFO:colcon.colcon_ros.task.ament_cmake.build:Building ROS package in '/home/manojbr/dev_ws/src/ros_tutorials/turtlesim' with build type 'ament_cmake'
[0.511s] INFO:colcon.colcon_cmake.task.cmake.build:Building CMake package in '/home/manojbr/dev_ws/src/ros_tutorials/turtlesim'
[0.511s] INFO:colcon.colcon_core.shell:Skip shell extension 'powershell' for command environment: Not usable outside of PowerShell
[0.511s] DEBUG:colcon.colcon_core.shell:Skip shell extension 'dsv' for command environment
[0.513s] DEBUG:colcon.colcon_core.shell:Ignoring prefix path '/opt/ros/foxy'
[0.746s] INFO:colcon.colcon_core.task.python.build:Building Python package in '/home/manojbr/dev_ws/src/radiants'
[0.747s] INFO:colcon.colcon_core.shell:Skip shell extension 'powershell' for command environment: Not usable outside of PowerShell
[0.747s] DEBUG:colcon.colcon_core.shell:Skip shell extension 'dsv' for command environment
[0.748s] DEBUG:colcon.colcon_core.shell:Ignoring prefix path '/opt/ros/foxy'
[0.863s] DEBUG:colcon.colcon_core.event_handler.log_command:Invoking command in '/home/manojbr/dev_ws/src/build/turtlesim': CMAKE_PREFIX_PATH=${CMAKE_PREFIX_PATH}:/home/manojbr/dev_ws/install/radiants:/opt/ros/foxy /usr/bin/cmake --build /home/manojbr/dev_ws/src/build/turtlesim -- -j8 -l8
[0.874s] DEBUG:colcon.colcon_core.event_handler.log_command:Invoking command in '/home/manojbr/dev_ws/src/radiants': PYTHONPATH=/home/manojbr/dev_ws/src/install/radiants/lib/python3.8/site-packages:${PYTHONPATH} /usr/bin/python3 setup.py egg_info --egg-base ../build/radiants build --build-base /home/manojbr/dev_ws/src/build/radiants/build install --prefix /home/manojbr/dev_ws/src/install/radiants --record /home/manojbr/dev_ws/src/build/radiants/install.log --single-version-externally-managed
[1.245s] DEBUG:colcon.colcon_core.event_handler.log_command:Invoked command in '/home/manojbr/dev_ws/src/build/turtlesim' returned '0': CMAKE_PREFIX_PATH=${CMAKE_PREFIX_PATH}:/home/manojbr/dev_ws/install/radiants:/opt/ros/foxy /usr/bin/cmake --build /home/manojbr/dev_ws/src/build/turtlesim -- -j8 -l8
[1.347s] DEBUG:colcon.colcon_core.event_handler.log_command:Invoked command in '/home/manojbr/dev_ws/src/radiants' returned '0': PYTHONPATH=/home/manojbr/dev_ws/src/install/radiants/lib/python3.8/site-packages:${PYTHONPATH} /usr/bin/python3 setup.py egg_info --egg-base ../build/radiants build --build-base /home/manojbr/dev_ws/src/build/radiants/build install --prefix /home/manojbr/dev_ws/src/install/radiants --record /home/manojbr/dev_ws/src/build/radiants/install.log --single-version-externally-managed
[1.350s] Level 1:colcon.colcon_core.environment:checking '/home/manojbr/dev_ws/src/install/radiants' for CMake module files
[1.351s] Level 1:colcon.colcon_core.environment:checking '/home/manojbr/dev_ws/src/install/radiants' for CMake config files
[1.351s] Level 1:colcon.colcon_core.environment:checking '/home/manojbr/dev_ws/src/install/radiants/lib'
[1.351s] Level 1:colcon.colcon_core.environment:checking '/home/manojbr/dev_ws/src/install/radiants/bin'
[1.352s] Level 1:colcon.colcon_core.environment:checking '/home/manojbr/dev_ws/src/install/radiants/lib/pkgconfig/radiants.pc'
[1.352s] Level 1:colcon.colcon_core.environment:checking '/home/manojbr/dev_ws/src/install/radiants/lib/python3.8/site-packages'
[1.352s] Level 1:colcon.colcon_core.shell:create_environment_hook('radiants', 'pythonpath')
[1.352s] INFO:colcon.colcon_core.shell:Creating environment hook '/home/manojbr/dev_ws/src/install/radiants/share/radiants/hook/pythonpath.ps1'
[1.380s] INFO:colcon.colcon_core.shell:Creating environment descriptor '/home/manojbr/dev_ws/src/install/radiants/share/radiants/hook/pythonpath.dsv'
[1.388s] INFO:colcon.colcon_core.shell:Creating environment hook '/home/manojbr/dev_ws/src/install/radiants/share/radiants/hook/pythonpath.sh'
[1.397s] Level 1:colcon.colcon_core.environment:create_environment_scripts_only(radiants)
[1.398s] INFO:colcon.colcon_core.shell:Creating package script '/home/manojbr/dev_ws/src/install/radiants/share/radiants/package.ps1'
[1.411s] INFO:colcon.colcon_core.shell:Creating package descriptor '/home/manojbr/dev_ws/src/install/radiants/share/radiants/package.dsv'
[1.463s] INFO:colcon.colcon_core.shell:Creating package script '/home/manojbr/dev_ws/src/install/radiants/share/radiants/package.sh'
[1.470s] INFO:colcon.colcon_core.shell:Creating package script '/home/manojbr/dev_ws/src/install/radiants/share/radiants/package.bash'
[1.475s] INFO:colcon.colcon_core.shell:Creating package script '/home/manojbr/dev_ws/src/install/radiants/share/radiants/package.zsh'
[1.491s] Level 1:colcon.colcon_core.environment:create_file_with_runtime_dependencies(/home/manojbr/dev_ws/src/install/radiants/share/colcon-core/packages/radiants)
[1.509s] DEBUG:colcon.colcon_core.event_handler.log_command:Invoking command in '/home/manojbr/dev_ws/src/build/turtlesim': CMAKE_PREFIX_PATH=${CMAKE_PREFIX_PATH}:/home/manojbr/dev_ws/install/radiants:/opt/ros/foxy /usr/bin/cmake --install /home/manojbr/dev_ws/src/build/turtlesim
[1.576s] Level 1:colcon.colcon_core.environment:create_environment_scripts_only(turtlesim)
[1.577s] Level 1:colcon.colcon_core.environment:checking '/home/manojbr/dev_ws/src/install/turtlesim' for CMake module files
[1.578s] DEBUG:colcon.colcon_core.event_handler.log_command:Invoked command in '/home/manojbr/dev_ws/src/build/turtlesim' returned '0': CMAKE_PREFIX_PATH=${CMAKE_PREFIX_PATH}:/home/manojbr/dev_ws/install/radiants:/opt/ros/foxy /usr/bin/cmake --install /home/manojbr/dev_ws/src/build/turtlesim
[1.578s] Level 1:colcon.colcon_core.environment:checking '/home/manojbr/dev_ws/src/install/turtlesim' for CMake config files
[1.578s] Level 1:colcon.colcon_core.shell:create_environment_hook('turtlesim', 'cmake_prefix_path')
[1.579s] INFO:colcon.colcon_core.shell:Creating environment hook '/home/manojbr/dev_ws/src/install/turtlesim/share/turtlesim/hook/cmake_prefix_path.ps1'
[1.579s] INFO:colcon.colcon_core.shell:Creating environment descriptor '/home/manojbr/dev_ws/src/install/turtlesim/share/turtlesim/hook/cmake_prefix_path.dsv'
[1.580s] INFO:colcon.colcon_core.shell:Creating environment hook '/home/manojbr/dev_ws/src/install/turtlesim/share/turtlesim/hook/cmake_prefix_path.sh'
[1.582s] Level 1:colcon.colcon_core.environment:checking '/home/manojbr/dev_ws/src/install/turtlesim/lib'
[1.582s] Level 1:colcon.colcon_core.shell:create_environment_hook('turtlesim', 'ld_library_path_lib')
[1.582s] INFO:colcon.colcon_core.shell:Creating environment hook '/home/manojbr/dev_ws/src/install/turtlesim/share/turtlesim/hook/ld_library_path_lib.ps1'
[1.583s] INFO:colcon.colcon_core.shell:Creating environment descriptor '/home/manojbr/dev_ws/src/install/turtlesim/share/turtlesim/hook/ld_library_path_lib.dsv'
[1.584s] INFO:colcon.colcon_core.shell:Creating environment hook '/home/manojbr/dev_ws/src/install/turtlesim/share/turtlesim/hook/ld_library_path_lib.sh'
[1.585s] Level 1:colcon.colcon_core.environment:checking '/home/manojbr/dev_ws/src/install/turtlesim/bin'
[1.585s] Level 1:colcon.colcon_core.environment:checking '/home/manojbr/dev_ws/src/install/turtlesim/lib/pkgconfig/turtlesim.pc'
[1.585s] Level 1:colcon.colcon_core.environment:checking '/home/manojbr/dev_ws/src/install/turtlesim/lib/python3.8/site-packages'
[1.585s] Level 1:colcon.colcon_core.shell:create_environment_hook('turtlesim', 'pythonpath')
[1.586s] INFO:colcon.colcon_core.shell:Creating environment hook '/home/manojbr/dev_ws/src/install/turtlesim/share/turtlesim/hook/pythonpath.ps1'
[1.586s] INFO:colcon.colcon_core.shell:Creating environment descriptor '/home/manojbr/dev_ws/src/install/turtlesim/share/turtlesim/hook/pythonpath.dsv'
[1.588s] INFO:colcon.colcon_core.shell:Creating environment hook '/home/manojbr/dev_ws/src/install/turtlesim/share/turtlesim/hook/pythonpath.sh'
[1.590s] INFO:colcon.colcon_core.shell:Creating package script '/home/manojbr/dev_ws/src/install/turtlesim/share/turtlesim/package.ps1'
[1.591s] INFO:colcon.colcon_core.shell:Creating package descriptor '/home/manojbr/dev_ws/src/install/turtlesim/share/turtlesim/package.dsv'
[1.594s] INFO:colcon.colcon_core.shell:Creating package script '/home/manojbr/dev_ws/src/install/turtlesim/share/turtlesim/package.sh'
[1.596s] INFO:colcon.colcon_core.shell:Creating package script '/home/manojbr/dev_ws/src/install/turtlesim/share/turtlesim/package.bash'
[1.597s] INFO:colcon.colcon_core.shell:Creating package script '/home/manojbr/dev_ws/src/install/turtlesim/share/turtlesim/package.zsh'
[1.599s] Level 1:colcon.colcon_core.environment:create_file_with_runtime_dependencies(/home/manojbr/dev_ws/src/install/turtlesim/share/colcon-core/packages/turtlesim)
[1.808s] Level 1:colcon.colcon_core.environment:create_environment_scripts_only(turtlesim)
[1.809s] Level 1:colcon.colcon_core.environment:checking '/home/manojbr/dev_ws/src/install/turtlesim' for CMake module files
[1.810s] Level 1:colcon.colcon_core.environment:checking '/home/manojbr/dev_ws/src/install/turtlesim' for CMake config files
[1.810s] Level 1:colcon.colcon_core.shell:create_environment_hook('turtlesim', 'cmake_prefix_path')
[1.810s] INFO:colcon.colcon_core.shell:Creating environment hook '/home/manojbr/dev_ws/src/install/turtlesim/share/turtlesim/hook/cmake_prefix_path.ps1'
[1.811s] INFO:colcon.colcon_core.shell:Creating environment descriptor '/home/manojbr/dev_ws/src/install/turtlesim/share/turtlesim/hook/cmake_prefix_path.dsv'
[1.812s] INFO:colcon.colcon_core.shell:Creating environment hook '/home/manojbr/dev_ws/src/install/turtlesim/share/turtlesim/hook/cmake_prefix_path.sh'
[1.814s] Level 1:colcon.colcon_core.environment:checking '/home/manojbr/dev_ws/src/install/turtlesim/lib'
[1.814s] Level 1:colcon.colcon_core.shell:create_environment_hook('turtlesim', 'ld_library_path_lib')
[1.815s] INFO:colcon.colcon_core.shell:Creating environment hook '/home/manojbr/dev_ws/src/install/turtlesim/share/turtlesim/hook/ld_library_path_lib.ps1'
[1.817s] INFO:colcon.colcon_core.shell:Creating environment descriptor '/home/manojbr/dev_ws/src/install/turtlesim/share/turtlesim/hook/ld_library_path_lib.dsv'
[1.818s] INFO:colcon.colcon_core.shell:Creating environment hook '/home/manojbr/dev_ws/src/install/turtlesim/share/turtlesim/hook/ld_library_path_lib.sh'
[1.820s] Level 1:colcon.colcon_core.environment:checking '/home/manojbr/dev_ws/src/install/turtlesim/bin'
[1.820s] Level 1:colcon.colcon_core.environment:checking '/home/manojbr/dev_ws/src/install/turtlesim/lib/pkgconfig/turtlesim.pc'
[1.820s] Level 1:colcon.colcon_core.environment:checking '/home/manojbr/dev_ws/src/install/turtlesim/lib/python3.8/site-packages'
[1.820s] Level 1:colcon.colcon_core.shell:create_environment_hook('turtlesim', 'pythonpath')
[1.820s] INFO:colcon.colcon_core.shell:Creating environment hook '/home/manojbr/dev_ws/src/install/turtlesim/share/turtlesim/hook/pythonpath.ps1'
[1.821s] INFO:colcon.colcon_core.shell:Creating environment descriptor '/home/manojbr/dev_ws/src/install/turtlesim/share/turtlesim/hook/pythonpath.dsv'
[1.822s] INFO:colcon.colcon_core.shell:Creating environment hook '/home/manojbr/dev_ws/src/install/turtlesim/share/turtlesim/hook/pythonpath.sh'
[1.825s] INFO:colcon.colcon_core.shell:Creating package script '/home/manojbr/dev_ws/src/install/turtlesim/share/turtlesim/package.ps1'
[1.825s] INFO:colcon.colcon_core.shell:Creating package descriptor '/home/manojbr/dev_ws/src/install/turtlesim/share/turtlesim/package.dsv'
[1.826s] INFO:colcon.colcon_core.shell:Creating package script '/home/manojbr/dev_ws/src/install/turtlesim/share/turtlesim/package.sh'
[1.828s] INFO:colcon.colcon_core.shell:Creating package script '/home/manojbr/dev_ws/src/install/turtlesim/share/turtlesim/package.bash'
[1.829s] INFO:colcon.colcon_core.shell:Creating package script '/home/manojbr/dev_ws/src/install/turtlesim/share/turtlesim/package.zsh'
[1.831s] Level 1:colcon.colcon_core.environment:create_file_with_runtime_dependencies(/home/manojbr/dev_ws/src/install/turtlesim/share/colcon-core/packages/turtlesim)
[1.832s] DEBUG:colcon.colcon_parallel_executor.executor.parallel:closing loop
[1.832s] DEBUG:colcon.colcon_parallel_executor.executor.parallel:loop closed
[1.832s] DEBUG:colcon.colcon_parallel_executor.executor.parallel:run_until_complete finished with '0'
[1.832s] DEBUG:colcon.colcon_core.event_reactor:joining thread
[1.838s] INFO:colcon.colcon_core.plugin_system:Skipping extension 'colcon_notification.desktop_notification.terminal_notifier': Not used on non-Darwin systems
[1.838s] INFO:colcon.colcon_core.plugin_system:Skipping extension 'colcon_notification.desktop_notification.win32': Not used on non-Windows systems
[1.838s] INFO:colcon.colcon_notification.desktop_notification:Sending desktop notification using 'notify2'
[1.853s] DEBUG:colcon.colcon_core.event_reactor:joined thread
[1.854s] INFO:colcon.colcon_core.shell:Creating prefix script '/home/manojbr/dev_ws/src/install/local_setup.ps1'
[1.855s] INFO:colcon.colcon_core.shell:Creating prefix util module '/home/manojbr/dev_ws/src/install/_local_setup_util_ps1.py'
[1.856s] INFO:colcon.colcon_core.shell:Creating prefix chain script '/home/manojbr/dev_ws/src/install/setup.ps1'
[1.858s] INFO:colcon.colcon_core.shell:Creating prefix script '/home/manojbr/dev_ws/src/install/local_setup.sh'
[1.859s] INFO:colcon.colcon_core.shell:Creating prefix util module '/home/manojbr/dev_ws/src/install/_local_setup_util_sh.py'
[1.861s] INFO:colcon.colcon_core.shell:Creating prefix chain script '/home/manojbr/dev_ws/src/install/setup.sh'
[1.864s] INFO:colcon.colcon_core.shell:Creating prefix script '/home/manojbr/dev_ws/src/install/local_setup.bash'
[1.865s] INFO:colcon.colcon_core.shell:Creating prefix chain script '/home/manojbr/dev_ws/src/install/setup.bash'
[1.867s] INFO:colcon.colcon_core.shell:Creating prefix script '/home/manojbr/dev_ws/src/install/local_setup.zsh'
[1.868s] INFO:colcon.colcon_core.shell:Creating prefix chain script '/home/manojbr/dev_ws/src/install/setup.zsh'
