[0.205s] Invoking command in '/home/manojbr/dev_ws/flipkart': PYTHONPATH=/home/manojbr/dev_ws/install/flipkart/lib/python3.8/site-packages:${PYTHONPATH} /usr/bin/python3 setup.py egg_info --egg-base ../build/flipkart build --build-base /home/manojbr/dev_ws/build/flipkart/build install --prefix /home/manojbr/dev_ws/install/flipkart --record /home/manojbr/dev_ws/build/flipkart/install.log --single-version-externally-managed
[0.384s] running egg_info
[0.385s] writing ../build/flipkart/flipkart.egg-info/PKG-INFO
[0.385s] writing dependency_links to ../build/flipkart/flipkart.egg-info/dependency_links.txt
[0.385s] writing entry points to ../build/flipkart/flipkart.egg-info/entry_points.txt
[0.385s] writing requirements to ../build/flipkart/flipkart.egg-info/requires.txt
[0.385s] writing top-level names to ../build/flipkart/flipkart.egg-info/top_level.txt
[0.412s] reading manifest file '../build/flipkart/flipkart.egg-info/SOURCES.txt'
[0.413s] writing manifest file '../build/flipkart/flipkart.egg-info/SOURCES.txt'
[0.413s] running build
[0.413s] running build_py
[0.414s] copying flipkart/detector.py -> /home/manojbr/dev_ws/build/flipkart/build/lib/flipkart
[0.414s] running install
[0.414s] running install_lib
[0.415s] copying /home/manojbr/dev_ws/build/flipkart/build/lib/flipkart/detector.py -> /home/manojbr/dev_ws/install/flipkart/lib/python3.8/site-packages/flipkart
[0.415s] byte-compiling /home/manojbr/dev_ws/install/flipkart/lib/python3.8/site-packages/flipkart/detector.py to detector.cpython-38.pyc
[0.417s] running install_data
[0.418s] running install_egg_info
[0.419s] removing '/home/manojbr/dev_ws/install/flipkart/lib/python3.8/site-packages/flipkart-0.0.0-py3.8.egg-info' (and everything under it)
[0.419s] Copying ../build/flipkart/flipkart.egg-info to /home/manojbr/dev_ws/install/flipkart/lib/python3.8/site-packages/flipkart-0.0.0-py3.8.egg-info
[0.420s] running install_scripts
[0.433s] Installing detector script to /home/manojbr/dev_ws/install/flipkart/lib/flipkart
[0.433s] writing list of installed files to '/home/manojbr/dev_ws/build/flipkart/install.log'
[0.450s] Invoked command in '/home/manojbr/dev_ws/flipkart' returned '0': PYTHONPATH=/home/manojbr/dev_ws/install/flipkart/lib/python3.8/site-packages:${PYTHONPATH} /usr/bin/python3 setup.py egg_info --egg-base ../build/flipkart build --build-base /home/manojbr/dev_ws/build/flipkart/build install --prefix /home/manojbr/dev_ws/install/flipkart --record /home/manojbr/dev_ws/build/flipkart/install.log --single-version-externally-managed
