[1.202s] Invoking command in '/home/manojbr/dev_ws/flipkart': PYTHONPATH=/home/manojbr/dev_ws/install/flipkart/lib/python3.8/site-packages:${PYTHONPATH} /usr/bin/python3 setup.py egg_info --egg-base ../build/flipkart build --build-base /home/manojbr/dev_ws/build/flipkart/build install --prefix /home/manojbr/dev_ws/install/flipkart --record /home/manojbr/dev_ws/build/flipkart/install.log --single-version-externally-managed
[1.303s] running egg_info
[1.303s] writing ../build/flipkart/flipkart.egg-info/PKG-INFO
[1.303s] writing dependency_links to ../build/flipkart/flipkart.egg-info/dependency_links.txt
[1.303s] writing entry points to ../build/flipkart/flipkart.egg-info/entry_points.txt
[1.303s] writing requirements to ../build/flipkart/flipkart.egg-info/requires.txt
[1.304s] writing top-level names to ../build/flipkart/flipkart.egg-info/top_level.txt
[1.331s] reading manifest file '../build/flipkart/flipkart.egg-info/SOURCES.txt'
[1.332s] writing manifest file '../build/flipkart/flipkart.egg-info/SOURCES.txt'
[1.332s] running build
[1.332s] running build_py
[1.332s] copying flipkart/detector.py -> /home/manojbr/dev_ws/build/flipkart/build/lib/flipkart
[1.332s] running install
[1.333s] running install_lib
[1.334s] copying /home/manojbr/dev_ws/build/flipkart/build/lib/flipkart/detector.py -> /home/manojbr/dev_ws/install/flipkart/lib/python3.8/site-packages/flipkart
[1.335s] byte-compiling /home/manojbr/dev_ws/install/flipkart/lib/python3.8/site-packages/flipkart/detector.py to detector.cpython-38.pyc
[1.337s] running install_data
[1.337s] copying package.xml -> /home/manojbr/dev_ws/install/flipkart/share/flipkart
[1.337s] running install_egg_info
[1.339s] removing '/home/manojbr/dev_ws/install/flipkart/lib/python3.8/site-packages/flipkart-0.0.0-py3.8.egg-info' (and everything under it)
[1.339s] Copying ../build/flipkart/flipkart.egg-info to /home/manojbr/dev_ws/install/flipkart/lib/python3.8/site-packages/flipkart-0.0.0-py3.8.egg-info
[1.339s] running install_scripts
[1.353s] Installing detector script to /home/manojbr/dev_ws/install/flipkart/lib/flipkart
[1.353s] writing list of installed files to '/home/manojbr/dev_ws/build/flipkart/install.log'
[1.371s] Invoked command in '/home/manojbr/dev_ws/flipkart' returned '0': PYTHONPATH=/home/manojbr/dev_ws/install/flipkart/lib/python3.8/site-packages:${PYTHONPATH} /usr/bin/python3 setup.py egg_info --egg-base ../build/flipkart build --build-base /home/manojbr/dev_ws/build/flipkart/build install --prefix /home/manojbr/dev_ws/install/flipkart --record /home/manojbr/dev_ws/build/flipkart/install.log --single-version-externally-managed
