-- Found ament_cmake: 0.9.8 (/opt/ros/foxy/share/ament_cmake/cmake)
-- Using PYTHON_EXECUTABLE: /usr/bin/python3
-- Found rosidl_default_generators: 1.0.1 (/opt/ros/foxy/share/rosidl_default_generators/cmake)
-- Using all available rosidl_typesupport_c: rosidl_typesupport_connext_c;rosidl_typesupport_fastrtps_c;rosidl_typesupport_introspection_c
-- Found rosidl_adapter: 1.2.1 (/opt/ros/foxy/share/rosidl_adapter/cmake)
-- Found RTI Connext: /opt/rti.com/rti_connext_dds-5.3.1
-- Using all available rosidl_typesupport_cpp: rosidl_typesupport_connext_cpp;rosidl_typesupport_fastrtps_cpp;rosidl_typesupport_introspection_cpp
-- Found PythonInterp: /usr/bin/python3 (found version "3.8.10") 
-- Found ament_cmake_ros: 0.9.2 (/opt/ros/foxy/share/ament_cmake_ros/cmake)
-- Using all available rosidl_typesupport_c: rosidl_typesupport_connext_c;rosidl_typesupport_fastrtps_c;rosidl_typesupport_introspection_c
-- Using all available rosidl_typesupport_cpp: rosidl_typesupport_connext_cpp;rosidl_typesupport_fastrtps_cpp;rosidl_typesupport_introspection_cpp
-- Found PythonInterp: /usr/bin/python3 (found suitable version "3.8.10", minimum required is "3.5") 
-- Found python_cmake_module: 0.8.1 (/opt/ros/foxy/share/python_cmake_module/cmake)
-- Found PythonLibs: /usr/lib/x86_64-linux-gnu/libpython3.8.so (found suitable version "3.8.10", minimum required is "3.5") 
-- Using PYTHON_EXECUTABLE: /usr/bin/python3
-- Using PYTHON_INCLUDE_DIRS: /usr/include/python3.8
-- Using PYTHON_LIBRARIES: /usr/lib/x86_64-linux-gnu/libpython3.8.so
-- Found PythonExtra: .so  
-- Found ament_lint_auto: 0.9.6 (/opt/ros/foxy/share/ament_lint_auto/cmake)
-- Added test 'copyright' to check source files copyright and LICENSE
-- Added test 'lint_cmake' to check CMake code style
-- Added test 'xmllint' to check XML markup files
-- Configuring done
-- Generating done
-- Build files have been written to: /home/manojbr/dev_ws/build/flipkart_msgs
[  2%] [34m[1mGenerating C code for ROS interfaces[0m
[35m[1mScanning dependencies of target flipkart_msgs__dds_connext_idl[0m
[35m[1mScanning dependencies of target flipkart_msgs__cpp[0m
[  6%] [34m[1mGenerating C++ code for ROS interfaces[0m
[  6%] [34m[1mGenerating DDS interfaces[0m
[  6%] Built target flipkart_msgs__dds_connext_idl
[35m[1mScanning dependencies of target flipkart_msgs__rosidl_generator_c[0m
[  6%] Built target flipkart_msgs__cpp
[  8%] [32mBuilding C object CMakeFiles/flipkart_msgs__rosidl_generator_c.dir/rosidl_generator_c/flipkart_msgs/msg/detail/pose__functions.c.o[0m
[ 12%] [34m[1mGenerating C++ introspection for ROS interfaces[0m
[ 12%] [34m[1mGenerating C++ type support for eProsima Fast-RTPS[0m
[ 14%] [34m[1mGenerating C++ type support dispatch for ROS interfaces[0m
[ 16%] [34m[1mGenerating C++ type support for RTI Connext (using '/opt/rti.com/rti_connext_dds-5.3.1/bin/rtiddsgen_server')[0m
[35m[1mScanning dependencies of target flipkart_msgs__rosidl_typesupport_cpp[0m
[ 18%] [32m[1mLinking C shared library libflipkart_msgs__rosidl_generator_c.so[0m
[ 20%] [32mBuilding CXX object CMakeFiles/flipkart_msgs__rosidl_typesupport_cpp.dir/rosidl_typesupport_cpp/flipkart_msgs/msg/pose__type_support.cpp.o[0m
[35m[1mScanning dependencies of target flipkart_msgs__rosidl_typesupport_introspection_cpp[0m
[35m[1mScanning dependencies of target flipkart_msgs__rosidl_typesupport_fastrtps_cpp[0m
[ 22%] [32mBuilding CXX object CMakeFiles/flipkart_msgs__rosidl_typesupport_introspection_cpp.dir/rosidl_typesupport_introspection_cpp/flipkart_msgs/msg/detail/pose__type_support.cpp.o[0m
[ 22%] Built target flipkart_msgs__rosidl_generator_c
[ 24%] [32mBuilding CXX object CMakeFiles/flipkart_msgs__rosidl_typesupport_fastrtps_cpp.dir/rosidl_typesupport_fastrtps_cpp/flipkart_msgs/msg/detail/dds_fastrtps/pose__type_support.cpp.o[0m
[ 28%] [34m[1mGenerating C introspection for ROS interfaces[0m
[ 28%] [34m[1mGenerating C type support dispatch for ROS interfaces[0m
[35m[1mScanning dependencies of target flipkart_msgs__rosidl_typesupport_introspection_c[0m
[ 30%] [32mBuilding C object CMakeFiles/flipkart_msgs__rosidl_typesupport_introspection_c.dir/rosidl_typesupport_introspection_c/flipkart_msgs/msg/detail/pose__type_support.c.o[0m
[ 32%] [32m[1mLinking CXX shared library libflipkart_msgs__rosidl_typesupport_cpp.so[0m
[ 34%] [32m[1mLinking C shared library libflipkart_msgs__rosidl_typesupport_introspection_c.so[0m
[35m[1mScanning dependencies of target flipkart_msgs__rosidl_typesupport_c[0m
[ 34%] Built target flipkart_msgs__rosidl_typesupport_cpp
[ 34%] Built target flipkart_msgs__rosidl_typesupport_introspection_c
[ 36%] [32mBuilding CXX object CMakeFiles/flipkart_msgs__rosidl_typesupport_c.dir/rosidl_typesupport_c/flipkart_msgs/msg/pose__type_support.cpp.o[0m
[ 38%] [32m[1mLinking CXX shared library libflipkart_msgs__rosidl_typesupport_introspection_cpp.so[0m
[ 40%] [32m[1mLinking CXX shared library libflipkart_msgs__rosidl_typesupport_c.so[0m
[ 40%] Built target flipkart_msgs__rosidl_typesupport_introspection_cpp
[ 40%] Built target flipkart_msgs__rosidl_typesupport_c
[ 42%] [32m[1mLinking CXX shared library libflipkart_msgs__rosidl_typesupport_fastrtps_cpp.so[0m
[ 42%] Built target flipkart_msgs__rosidl_typesupport_fastrtps_cpp
[ 44%] [34m[1mGenerating C type support for eProsima Fast-RTPS[0m
[35m[1mScanning dependencies of target flipkart_msgs__rosidl_typesupport_fastrtps_c[0m
[ 46%] [32mBuilding CXX object CMakeFiles/flipkart_msgs__rosidl_typesupport_fastrtps_c.dir/rosidl_typesupport_fastrtps_c/flipkart_msgs/msg/detail/pose__type_support_c.cpp.o[0m
[ 48%] [32m[1mLinking CXX shared library libflipkart_msgs__rosidl_typesupport_fastrtps_c.so[0m
[ 48%] Built target flipkart_msgs__rosidl_typesupport_fastrtps_c
INFO com.rti.ndds.nddsgen.Main Running rtiddsgen version 2.5.2, please wait ...
INFO com.rti.ndds.nddsgen.Main Done
[35m[1mScanning dependencies of target flipkart_msgs__rosidl_typesupport_connext_cpp[0m
[ 51%] [32mBuilding CXX object CMakeFiles/flipkart_msgs__rosidl_typesupport_connext_cpp.dir/rosidl_typesupport_connext_cpp/flipkart_msgs/msg/dds_connext/Pose_Plugin.cxx.o[0m
[ 55%] [32mBuilding CXX object CMakeFiles/flipkart_msgs__rosidl_typesupport_connext_cpp.dir/rosidl_typesupport_connext_cpp/flipkart_msgs/msg/dds_connext/Pose_.cxx.o[0m
[ 55%] [32mBuilding CXX object CMakeFiles/flipkart_msgs__rosidl_typesupport_connext_cpp.dir/rosidl_typesupport_connext_cpp/flipkart_msgs/msg/dds_connext/pose__type_support.cpp.o[0m
[ 57%] [32mBuilding CXX object CMakeFiles/flipkart_msgs__rosidl_typesupport_connext_cpp.dir/rosidl_typesupport_connext_cpp/flipkart_msgs/msg/dds_connext/Pose_Support.cxx.o[0m
[ 59%] [32m[1mLinking CXX shared library libflipkart_msgs__rosidl_typesupport_connext_cpp.so[0m
[ 61%] Built target flipkart_msgs__rosidl_typesupport_connext_cpp
[ 63%] [34m[1mGenerating C type support for RTI Connext[0m
[35m[1mScanning dependencies of target flipkart_msgs__rosidl_typesupport_connext_c[0m
[ 67%] [32mBuilding CXX object CMakeFiles/flipkart_msgs__rosidl_typesupport_connext_c.dir/rosidl_typesupport_connext_cpp/flipkart_msgs/msg/dds_connext/Pose_.cxx.o[0m
[ 67%] [32mBuilding CXX object CMakeFiles/flipkart_msgs__rosidl_typesupport_connext_c.dir/rosidl_typesupport_connext_cpp/flipkart_msgs/msg/dds_connext/Pose_Plugin.cxx.o[0m
[ 69%] [32mBuilding CXX object CMakeFiles/flipkart_msgs__rosidl_typesupport_connext_c.dir/rosidl_typesupport_connext_c/flipkart_msgs/msg/dds_connext/pose__type_support_c.cpp.o[0m
[ 71%] [32mBuilding CXX object CMakeFiles/flipkart_msgs__rosidl_typesupport_connext_c.dir/rosidl_typesupport_connext_cpp/flipkart_msgs/msg/dds_connext/Pose_Support.cxx.o[0m
[ 73%] [32m[1mLinking CXX shared library libflipkart_msgs__rosidl_typesupport_connext_c.so[0m
[ 77%] Built target flipkart_msgs__rosidl_typesupport_connext_c
[35m[1mScanning dependencies of target flipkart_msgs[0m
[ 77%] Built target flipkart_msgs
[35m[1mScanning dependencies of target flipkart_msgs__py[0m
[ 79%] [34m[1mGenerating Python code for ROS interfaces[0m
[ 79%] Built target flipkart_msgs__py
[35m[1mScanning dependencies of target flipkart_msgs__python[0m
[ 81%] [32mBuilding C object CMakeFiles/flipkart_msgs__python.dir/rosidl_generator_py/flipkart_msgs/msg/_pose_s.c.o[0m
[ 83%] [32m[1mLinking C shared library rosidl_generator_py/flipkart_msgs/libflipkart_msgs__python.so[0m
[ 83%] Built target flipkart_msgs__python
[35m[1mScanning dependencies of target flipkart_msgs__rosidl_typesupport_introspection_c__pyext[0m
[35m[1mScanning dependencies of target flipkart_msgs__rosidl_typesupport_c__pyext[0m
[35m[1mScanning dependencies of target flipkart_msgs__rosidl_typesupport_connext_c__pyext[0m
[35m[1mScanning dependencies of target flipkart_msgs__rosidl_typesupport_fastrtps_c__pyext[0m
[ 89%] [32mBuilding C object CMakeFiles/flipkart_msgs__rosidl_typesupport_c__pyext.dir/rosidl_generator_py/flipkart_msgs/_flipkart_msgs_s.ep.rosidl_typesupport_c.c.o[0m
[ 89%] [32mBuilding C object CMakeFiles/flipkart_msgs__rosidl_typesupport_fastrtps_c__pyext.dir/rosidl_generator_py/flipkart_msgs/_flipkart_msgs_s.ep.rosidl_typesupport_fastrtps_c.c.o[0m
[ 89%] [32mBuilding C object CMakeFiles/flipkart_msgs__rosidl_typesupport_connext_c__pyext.dir/rosidl_generator_py/flipkart_msgs/_flipkart_msgs_s.ep.rosidl_typesupport_connext_c.c.o[0m
[ 91%] [32mBuilding C object CMakeFiles/flipkart_msgs__rosidl_typesupport_introspection_c__pyext.dir/rosidl_generator_py/flipkart_msgs/_flipkart_msgs_s.ep.rosidl_typesupport_introspection_c.c.o[0m
[ 95%] [32m[1mLinking C shared library rosidl_generator_py/flipkart_msgs/flipkart_msgs_s__rosidl_typesupport_c.cpython-38-x86_64-linux-gnu.so[0m
[ 95%] [32m[1mLinking C shared library rosidl_generator_py/flipkart_msgs/flipkart_msgs_s__rosidl_typesupport_introspection_c.cpython-38-x86_64-linux-gnu.so[0m
[ 97%] [32m[1mLinking C shared library rosidl_generator_py/flipkart_msgs/flipkart_msgs_s__rosidl_typesupport_connext_c.cpython-38-x86_64-linux-gnu.so[0m
[100%] [32m[1mLinking CXX shared library rosidl_generator_py/flipkart_msgs/flipkart_msgs_s__rosidl_typesupport_fastrtps_c.cpython-38-x86_64-linux-gnu.so[0m
[100%] Built target flipkart_msgs__rosidl_typesupport_c__pyext
[100%] Built target flipkart_msgs__rosidl_typesupport_introspection_c__pyext
[100%] Built target flipkart_msgs__rosidl_typesupport_fastrtps_c__pyext
[100%] Built target flipkart_msgs__rosidl_typesupport_connext_c__pyext
-- Install configuration: ""
-- Installing: /home/manojbr/dev_ws/install/flipkart_msgs/share/ament_index/resource_index/rosidl_interfaces/flipkart_msgs
-- Installing: /home/manojbr/dev_ws/install/flipkart_msgs/include/flipkart_msgs
-- Installing: /home/manojbr/dev_ws/install/flipkart_msgs/include/flipkart_msgs/msg
-- Installing: /home/manojbr/dev_ws/install/flipkart_msgs/include/flipkart_msgs/msg/rosidl_generator_c__visibility_control.h
-- Installing: /home/manojbr/dev_ws/install/flipkart_msgs/include/flipkart_msgs/msg/detail
-- Installing: /home/manojbr/dev_ws/install/flipkart_msgs/include/flipkart_msgs/msg/detail/pose__functions.c
-- Installing: /home/manojbr/dev_ws/install/flipkart_msgs/include/flipkart_msgs/msg/detail/pose__type_support.h
-- Installing: /home/manojbr/dev_ws/install/flipkart_msgs/include/flipkart_msgs/msg/detail/pose__functions.h
-- Installing: /home/manojbr/dev_ws/install/flipkart_msgs/include/flipkart_msgs/msg/detail/pose__struct.h
-- Installing: /home/manojbr/dev_ws/install/flipkart_msgs/include/flipkart_msgs/msg/pose.h
-- Installing: /home/manojbr/dev_ws/install/flipkart_msgs/share/flipkart_msgs/environment/library_path.sh
-- Installing: /home/manojbr/dev_ws/install/flipkart_msgs/share/flipkart_msgs/environment/library_path.dsv
-- Installing: /home/manojbr/dev_ws/install/flipkart_msgs/lib/libflipkart_msgs__rosidl_generator_c.so
-- Set runtime path of "/home/manojbr/dev_ws/install/flipkart_msgs/lib/libflipkart_msgs__rosidl_generator_c.so" to ""
-- Up-to-date: /home/manojbr/dev_ws/install/flipkart_msgs/include/flipkart_msgs
-- Up-to-date: /home/manojbr/dev_ws/install/flipkart_msgs/include/flipkart_msgs/msg
-- Installing: /home/manojbr/dev_ws/install/flipkart_msgs/include/flipkart_msgs/msg/pose__rosidl_typesupport_connext_c.h
-- Installing: /home/manojbr/dev_ws/install/flipkart_msgs/include/flipkart_msgs/msg/dds_connext
-- Installing: /home/manojbr/dev_ws/install/flipkart_msgs/include/flipkart_msgs/msg/rosidl_typesupport_connext_c__visibility_control.h
-- Installing: /home/manojbr/dev_ws/install/flipkart_msgs/lib/libflipkart_msgs__rosidl_typesupport_connext_c.so
-- Set runtime path of "/home/manojbr/dev_ws/install/flipkart_msgs/lib/libflipkart_msgs__rosidl_typesupport_connext_c.so" to ""
-- Installing: /home/manojbr/dev_ws/install/flipkart_msgs/share/flipkart_msgs/msg/dds_connext
-- Installing: /home/manojbr/dev_ws/install/flipkart_msgs/share/flipkart_msgs/msg/dds_connext/Pose_.idl
-- Up-to-date: /home/manojbr/dev_ws/install/flipkart_msgs/include/flipkart_msgs
-- Up-to-date: /home/manojbr/dev_ws/install/flipkart_msgs/include/flipkart_msgs/msg
-- Up-to-date: /home/manojbr/dev_ws/install/flipkart_msgs/include/flipkart_msgs/msg/dds_connext
-- Installing: /home/manojbr/dev_ws/install/flipkart_msgs/include/flipkart_msgs/msg/dds_connext/Pose_Plugin.h
-- Installing: /home/manojbr/dev_ws/install/flipkart_msgs/include/flipkart_msgs/msg/dds_connext/Pose_.cxx
-- Installing: /home/manojbr/dev_ws/install/flipkart_msgs/include/flipkart_msgs/msg/dds_connext/Pose_.h
-- Installing: /home/manojbr/dev_ws/install/flipkart_msgs/include/flipkart_msgs/msg/dds_connext/Pose_Support.h
-- Installing: /home/manojbr/dev_ws/install/flipkart_msgs/include/flipkart_msgs/msg/dds_connext/Pose_Plugin.cxx
-- Installing: /home/manojbr/dev_ws/install/flipkart_msgs/include/flipkart_msgs/msg/dds_connext/Pose_Support.cxx
-- Installing: /home/manojbr/dev_ws/install/flipkart_msgs/include/flipkart_msgs/msg/pose__rosidl_typesupport_connext_cpp.hpp
-- Installing: /home/manojbr/dev_ws/install/flipkart_msgs/include/flipkart_msgs/msg/rosidl_typesupport_connext_cpp__visibility_control.h
-- Installing: /home/manojbr/dev_ws/install/flipkart_msgs/lib/libflipkart_msgs__rosidl_typesupport_connext_cpp.so
-- Set runtime path of "/home/manojbr/dev_ws/install/flipkart_msgs/lib/libflipkart_msgs__rosidl_typesupport_connext_cpp.so" to ""
-- Up-to-date: /home/manojbr/dev_ws/install/flipkart_msgs/include/flipkart_msgs
-- Up-to-date: /home/manojbr/dev_ws/install/flipkart_msgs/include/flipkart_msgs/msg
-- Up-to-date: /home/manojbr/dev_ws/install/flipkart_msgs/include/flipkart_msgs/msg/detail
-- Installing: /home/manojbr/dev_ws/install/flipkart_msgs/include/flipkart_msgs/msg/detail/pose__rosidl_typesupport_fastrtps_c.h
-- Installing: /home/manojbr/dev_ws/install/flipkart_msgs/include/flipkart_msgs/msg/rosidl_typesupport_fastrtps_c__visibility_control.h
-- Installing: /home/manojbr/dev_ws/install/flipkart_msgs/lib/libflipkart_msgs__rosidl_typesupport_fastrtps_c.so
-- Set runtime path of "/home/manojbr/dev_ws/install/flipkart_msgs/lib/libflipkart_msgs__rosidl_typesupport_fastrtps_c.so" to ""
-- Up-to-date: /home/manojbr/dev_ws/install/flipkart_msgs/include/flipkart_msgs
-- Up-to-date: /home/manojbr/dev_ws/install/flipkart_msgs/include/flipkart_msgs/msg
-- Up-to-date: /home/manojbr/dev_ws/install/flipkart_msgs/include/flipkart_msgs/msg/detail
-- Installing: /home/manojbr/dev_ws/install/flipkart_msgs/include/flipkart_msgs/msg/detail/dds_fastrtps
-- Installing: /home/manojbr/dev_ws/install/flipkart_msgs/include/flipkart_msgs/msg/detail/pose__rosidl_typesupport_fastrtps_cpp.hpp
-- Installing: /home/manojbr/dev_ws/install/flipkart_msgs/include/flipkart_msgs/msg/rosidl_typesupport_fastrtps_cpp__visibility_control.h
-- Installing: /home/manojbr/dev_ws/install/flipkart_msgs/lib/libflipkart_msgs__rosidl_typesupport_fastrtps_cpp.so
-- Set runtime path of "/home/manojbr/dev_ws/install/flipkart_msgs/lib/libflipkart_msgs__rosidl_typesupport_fastrtps_cpp.so" to ""
-- Up-to-date: /home/manojbr/dev_ws/install/flipkart_msgs/include/flipkart_msgs
-- Up-to-date: /home/manojbr/dev_ws/install/flipkart_msgs/include/flipkart_msgs/msg
-- Up-to-date: /home/manojbr/dev_ws/install/flipkart_msgs/include/flipkart_msgs/msg/detail
-- Installing: /home/manojbr/dev_ws/install/flipkart_msgs/include/flipkart_msgs/msg/detail/pose__type_support.c
-- Installing: /home/manojbr/dev_ws/install/flipkart_msgs/include/flipkart_msgs/msg/detail/pose__rosidl_typesupport_introspection_c.h
-- Installing: /home/manojbr/dev_ws/install/flipkart_msgs/include/flipkart_msgs/msg/rosidl_typesupport_introspection_c__visibility_control.h
-- Installing: /home/manojbr/dev_ws/install/flipkart_msgs/lib/libflipkart_msgs__rosidl_typesupport_introspection_c.so
-- Set runtime path of "/home/manojbr/dev_ws/install/flipkart_msgs/lib/libflipkart_msgs__rosidl_typesupport_introspection_c.so" to ""
-- Installing: /home/manojbr/dev_ws/install/flipkart_msgs/lib/libflipkart_msgs__rosidl_typesupport_c.so
-- Set runtime path of "/home/manojbr/dev_ws/install/flipkart_msgs/lib/libflipkart_msgs__rosidl_typesupport_c.so" to ""
-- Up-to-date: /home/manojbr/dev_ws/install/flipkart_msgs/include/flipkart_msgs
-- Up-to-date: /home/manojbr/dev_ws/install/flipkart_msgs/include/flipkart_msgs/msg
-- Up-to-date: /home/manojbr/dev_ws/install/flipkart_msgs/include/flipkart_msgs/msg/detail
-- Installing: /home/manojbr/dev_ws/install/flipkart_msgs/include/flipkart_msgs/msg/detail/pose__traits.hpp
-- Installing: /home/manojbr/dev_ws/install/flipkart_msgs/include/flipkart_msgs/msg/detail/pose__builder.hpp
-- Installing: /home/manojbr/dev_ws/install/flipkart_msgs/include/flipkart_msgs/msg/detail/pose__struct.hpp
-- Installing: /home/manojbr/dev_ws/install/flipkart_msgs/include/flipkart_msgs/msg/pose.hpp
-- Up-to-date: /home/manojbr/dev_ws/install/flipkart_msgs/include/flipkart_msgs
-- Up-to-date: /home/manojbr/dev_ws/install/flipkart_msgs/include/flipkart_msgs/msg
-- Up-to-date: /home/manojbr/dev_ws/install/flipkart_msgs/include/flipkart_msgs/msg/detail
-- Installing: /home/manojbr/dev_ws/install/flipkart_msgs/include/flipkart_msgs/msg/detail/pose__rosidl_typesupport_introspection_cpp.hpp
-- Installing: /home/manojbr/dev_ws/install/flipkart_msgs/include/flipkart_msgs/msg/detail/pose__type_support.cpp
-- Installing: /home/manojbr/dev_ws/install/flipkart_msgs/lib/libflipkart_msgs__rosidl_typesupport_introspection_cpp.so
-- Set runtime path of "/home/manojbr/dev_ws/install/flipkart_msgs/lib/libflipkart_msgs__rosidl_typesupport_introspection_cpp.so" to ""
-- Installing: /home/manojbr/dev_ws/install/flipkart_msgs/lib/libflipkart_msgs__rosidl_typesupport_cpp.so
-- Set runtime path of "/home/manojbr/dev_ws/install/flipkart_msgs/lib/libflipkart_msgs__rosidl_typesupport_cpp.so" to ""
-- Installing: /home/manojbr/dev_ws/install/flipkart_msgs/share/flipkart_msgs/environment/pythonpath.sh
-- Installing: /home/manojbr/dev_ws/install/flipkart_msgs/share/flipkart_msgs/environment/pythonpath.dsv
-- Installing: /home/manojbr/dev_ws/install/flipkart_msgs/lib/python3.8/site-packages/flipkart_msgs/__init__.py
Compiling '/home/manojbr/dev_ws/install/flipkart_msgs/lib/python3.8/site-packages/flipkart_msgs/__init__.py'...
-- Installing: /home/manojbr/dev_ws/install/flipkart_msgs/lib/python3.8/site-packages/flipkart_msgs/msg
-- Installing: /home/manojbr/dev_ws/install/flipkart_msgs/lib/python3.8/site-packages/flipkart_msgs/msg/__init__.py
-- Installing: /home/manojbr/dev_ws/install/flipkart_msgs/lib/python3.8/site-packages/flipkart_msgs/msg/_pose_s.c
-- Installing: /home/manojbr/dev_ws/install/flipkart_msgs/lib/python3.8/site-packages/flipkart_msgs/msg/_pose.py
-- Installing: /home/manojbr/dev_ws/install/flipkart_msgs/lib/python3.8/site-packages/flipkart_msgs/flipkart_msgs_s__rosidl_typesupport_connext_c.cpython-38-x86_64-linux-gnu.so
-- Set runtime path of "/home/manojbr/dev_ws/install/flipkart_msgs/lib/python3.8/site-packages/flipkart_msgs/flipkart_msgs_s__rosidl_typesupport_connext_c.cpython-38-x86_64-linux-gnu.so" to ""
-- Installing: /home/manojbr/dev_ws/install/flipkart_msgs/lib/python3.8/site-packages/flipkart_msgs/flipkart_msgs_s__rosidl_typesupport_fastrtps_c.cpython-38-x86_64-linux-gnu.so
-- Set runtime path of "/home/manojbr/dev_ws/install/flipkart_msgs/lib/python3.8/site-packages/flipkart_msgs/flipkart_msgs_s__rosidl_typesupport_fastrtps_c.cpython-38-x86_64-linux-gnu.so" to ""
-- Installing: /home/manojbr/dev_ws/install/flipkart_msgs/lib/python3.8/site-packages/flipkart_msgs/flipkart_msgs_s__rosidl_typesupport_introspection_c.cpython-38-x86_64-linux-gnu.so
-- Set runtime path of "/home/manojbr/dev_ws/install/flipkart_msgs/lib/python3.8/site-packages/flipkart_msgs/flipkart_msgs_s__rosidl_typesupport_introspection_c.cpython-38-x86_64-linux-gnu.so" to ""
-- Installing: /home/manojbr/dev_ws/install/flipkart_msgs/lib/python3.8/site-packages/flipkart_msgs/flipkart_msgs_s__rosidl_typesupport_c.cpython-38-x86_64-linux-gnu.so
-- Set runtime path of "/home/manojbr/dev_ws/install/flipkart_msgs/lib/python3.8/site-packages/flipkart_msgs/flipkart_msgs_s__rosidl_typesupport_c.cpython-38-x86_64-linux-gnu.so" to ""
-- Installing: /home/manojbr/dev_ws/install/flipkart_msgs/lib/libflipkart_msgs__python.so
-- Set runtime path of "/home/manojbr/dev_ws/install/flipkart_msgs/lib/libflipkart_msgs__python.so" to ""
-- Installing: /home/manojbr/dev_ws/install/flipkart_msgs/share/flipkart_msgs/msg/Pose.idl
-- Installing: /home/manojbr/dev_ws/install/flipkart_msgs/share/flipkart_msgs/msg/Pose.msg
-- Installing: /home/manojbr/dev_ws/install/flipkart_msgs/share/ament_index/resource_index/package_run_dependencies/flipkart_msgs
-- Installing: /home/manojbr/dev_ws/install/flipkart_msgs/share/ament_index/resource_index/parent_prefix_path/flipkart_msgs
-- Installing: /home/manojbr/dev_ws/install/flipkart_msgs/share/flipkart_msgs/environment/ament_prefix_path.sh
-- Installing: /home/manojbr/dev_ws/install/flipkart_msgs/share/flipkart_msgs/environment/ament_prefix_path.dsv
-- Installing: /home/manojbr/dev_ws/install/flipkart_msgs/share/flipkart_msgs/environment/path.sh
-- Installing: /home/manojbr/dev_ws/install/flipkart_msgs/share/flipkart_msgs/environment/path.dsv
-- Installing: /home/manojbr/dev_ws/install/flipkart_msgs/share/flipkart_msgs/local_setup.bash
-- Installing: /home/manojbr/dev_ws/install/flipkart_msgs/share/flipkart_msgs/local_setup.sh
-- Installing: /home/manojbr/dev_ws/install/flipkart_msgs/share/flipkart_msgs/local_setup.zsh
-- Installing: /home/manojbr/dev_ws/install/flipkart_msgs/share/flipkart_msgs/local_setup.dsv
-- Installing: /home/manojbr/dev_ws/install/flipkart_msgs/share/flipkart_msgs/package.dsv
-- Installing: /home/manojbr/dev_ws/install/flipkart_msgs/share/ament_index/resource_index/packages/flipkart_msgs
-- Installing: /home/manojbr/dev_ws/install/flipkart_msgs/share/flipkart_msgs/cmake/flipkart_msgs__rosidl_generator_cExport.cmake
-- Installing: /home/manojbr/dev_ws/install/flipkart_msgs/share/flipkart_msgs/cmake/flipkart_msgs__rosidl_generator_cExport-noconfig.cmake
-- Installing: /home/manojbr/dev_ws/install/flipkart_msgs/share/flipkart_msgs/cmake/flipkart_msgs__rosidl_typesupport_introspection_cExport.cmake
-- Installing: /home/manojbr/dev_ws/install/flipkart_msgs/share/flipkart_msgs/cmake/flipkart_msgs__rosidl_typesupport_introspection_cExport-noconfig.cmake
-- Installing: /home/manojbr/dev_ws/install/flipkart_msgs/share/flipkart_msgs/cmake/flipkart_msgs__rosidl_typesupport_cExport.cmake
-- Installing: /home/manojbr/dev_ws/install/flipkart_msgs/share/flipkart_msgs/cmake/flipkart_msgs__rosidl_typesupport_cExport-noconfig.cmake
-- Installing: /home/manojbr/dev_ws/install/flipkart_msgs/share/flipkart_msgs/cmake/flipkart_msgs__rosidl_generator_cppExport.cmake
-- Installing: /home/manojbr/dev_ws/install/flipkart_msgs/share/flipkart_msgs/cmake/flipkart_msgs__rosidl_typesupport_introspection_cppExport.cmake
-- Installing: /home/manojbr/dev_ws/install/flipkart_msgs/share/flipkart_msgs/cmake/flipkart_msgs__rosidl_typesupport_introspection_cppExport-noconfig.cmake
-- Installing: /home/manojbr/dev_ws/install/flipkart_msgs/share/flipkart_msgs/cmake/flipkart_msgs__rosidl_typesupport_cppExport.cmake
-- Installing: /home/manojbr/dev_ws/install/flipkart_msgs/share/flipkart_msgs/cmake/flipkart_msgs__rosidl_typesupport_cppExport-noconfig.cmake
-- Installing: /home/manojbr/dev_ws/install/flipkart_msgs/share/flipkart_msgs/cmake/rosidl_cmake-extras.cmake
-- Installing: /home/manojbr/dev_ws/install/flipkart_msgs/share/flipkart_msgs/cmake/ament_cmake_export_dependencies-extras.cmake
-- Installing: /home/manojbr/dev_ws/install/flipkart_msgs/share/flipkart_msgs/cmake/ament_cmake_export_libraries-extras.cmake
-- Installing: /home/manojbr/dev_ws/install/flipkart_msgs/share/flipkart_msgs/cmake/ament_cmake_export_targets-extras.cmake
-- Installing: /home/manojbr/dev_ws/install/flipkart_msgs/share/flipkart_msgs/cmake/ament_cmake_export_include_directories-extras.cmake
-- Installing: /home/manojbr/dev_ws/install/flipkart_msgs/share/flipkart_msgs/cmake/rosidl_cmake_export_typesupport_libraries-extras.cmake
-- Installing: /home/manojbr/dev_ws/install/flipkart_msgs/share/flipkart_msgs/cmake/rosidl_cmake_export_typesupport_targets-extras.cmake
-- Installing: /home/manojbr/dev_ws/install/flipkart_msgs/share/flipkart_msgs/cmake/flipkart_msgsConfig.cmake
-- Installing: /home/manojbr/dev_ws/install/flipkart_msgs/share/flipkart_msgs/cmake/flipkart_msgsConfig-version.cmake
-- Installing: /home/manojbr/dev_ws/install/flipkart_msgs/share/flipkart_msgs/package.xml
