[0.012s] Invoking command in '/home/manojbr/dev_ws/build/flipkart_msgs': CMAKE_PREFIX_PATH=/opt/ros/foxy /usr/bin/cmake /home/manojbr/dev_ws/flipkart_msgs -DCMAKE_INSTALL_PREFIX=/home/manojbr/dev_ws/install/flipkart_msgs
[0.024s] -- Found ament_cmake: 0.9.8 (/opt/ros/foxy/share/ament_cmake/cmake)
[0.043s] -- Using PYTHON_EXECUTABLE: /usr/bin/python3
[0.199s] -- Found rosidl_default_generators: 1.0.1 (/opt/ros/foxy/share/rosidl_default_generators/cmake)
[0.200s] -- Using all available rosidl_typesupport_c: rosidl_typesupport_connext_c;rosidl_typesupport_fastrtps_c;rosidl_typesupport_introspection_c
[0.203s] -- Found rosidl_adapter: 1.2.1 (/opt/ros/foxy/share/rosidl_adapter/cmake)
[0.218s] -- Found RTI Connext: /opt/rti.com/rti_connext_dds-5.3.1
[0.548s] -- Using all available rosidl_typesupport_cpp: rosidl_typesupport_connext_cpp;rosidl_typesupport_fastrtps_cpp;rosidl_typesupport_introspection_cpp
[0.586s] -- Found PythonInterp: /usr/bin/python3 (found version "3.8.10") 
[0.704s] -- Found ament_cmake_ros: 0.9.2 (/opt/ros/foxy/share/ament_cmake_ros/cmake)
[0.792s] -- Using all available rosidl_typesupport_c: rosidl_typesupport_connext_c;rosidl_typesupport_fastrtps_c;rosidl_typesupport_introspection_c
[0.806s] -- Using all available rosidl_typesupport_cpp: rosidl_typesupport_connext_cpp;rosidl_typesupport_fastrtps_cpp;rosidl_typesupport_introspection_cpp
[0.832s] -- Found PythonInterp: /usr/bin/python3 (found suitable version "3.8.10", minimum required is "3.5") 
[0.834s] -- Found python_cmake_module: 0.8.1 (/opt/ros/foxy/share/python_cmake_module/cmake)
[0.862s] -- Found PythonLibs: /usr/lib/x86_64-linux-gnu/libpython3.8.so (found suitable version "3.8.10", minimum required is "3.5") 
[0.862s] -- Using PYTHON_EXECUTABLE: /usr/bin/python3
[0.862s] -- Using PYTHON_INCLUDE_DIRS: /usr/include/python3.8
[0.862s] -- Using PYTHON_LIBRARIES: /usr/lib/x86_64-linux-gnu/libpython3.8.so
[0.880s] -- Found PythonExtra: .so  
[0.916s] -- Found ament_lint_auto: 0.9.6 (/opt/ros/foxy/share/ament_lint_auto/cmake)
[0.974s] -- Added test 'copyright' to check source files copyright and LICENSE
[0.978s] -- Added test 'lint_cmake' to check CMake code style
[0.981s] -- Added test 'xmllint' to check XML markup files
[0.986s] -- Configuring done
[1.219s] -- Generating done
[1.221s] -- Build files have been written to: /home/manojbr/dev_ws/build/flipkart_msgs
[1.226s] Invoked command in '/home/manojbr/dev_ws/build/flipkart_msgs' returned '0': CMAKE_PREFIX_PATH=/opt/ros/foxy /usr/bin/cmake /home/manojbr/dev_ws/flipkart_msgs -DCMAKE_INSTALL_PREFIX=/home/manojbr/dev_ws/install/flipkart_msgs
[1.228s] Invoking command in '/home/manojbr/dev_ws/build/flipkart_msgs': CMAKE_PREFIX_PATH=/opt/ros/foxy /usr/bin/cmake --build /home/manojbr/dev_ws/build/flipkart_msgs -- -j8 -l8
[1.262s] [  2%] [34m[1mGenerating C code for ROS interfaces[0m
[1.262s] [35m[1mScanning dependencies of target flipkart_msgs__dds_connext_idl[0m
[1.262s] [35m[1mScanning dependencies of target flipkart_msgs__cpp[0m
[1.271s] [  6%] [34m[1mGenerating C++ code for ROS interfaces[0m
[1.271s] [  6%] [34m[1mGenerating DDS interfaces[0m
[1.444s] [  6%] Built target flipkart_msgs__dds_connext_idl
[1.469s] [35m[1mScanning dependencies of target flipkart_msgs__rosidl_generator_c[0m
[1.478s] [  6%] Built target flipkart_msgs__cpp
[1.478s] [  8%] [32mBuilding C object CMakeFiles/flipkart_msgs__rosidl_generator_c.dir/rosidl_generator_c/flipkart_msgs/msg/detail/pose__functions.c.o[0m
[1.487s] [ 12%] [34m[1mGenerating C++ introspection for ROS interfaces[0m
[1.487s] [ 12%] [34m[1mGenerating C++ type support for eProsima Fast-RTPS[0m
[1.490s] [ 14%] [34m[1mGenerating C++ type support dispatch for ROS interfaces[0m
[1.490s] [ 16%] [34m[1mGenerating C++ type support for RTI Connext (using '/opt/rti.com/rti_connext_dds-5.3.1/bin/rtiddsgen_server')[0m
[1.718s] [35m[1mScanning dependencies of target flipkart_msgs__rosidl_typesupport_cpp[0m
[1.720s] [ 18%] [32m[1mLinking C shared library libflipkart_msgs__rosidl_generator_c.so[0m
[1.735s] [ 20%] [32mBuilding CXX object CMakeFiles/flipkart_msgs__rosidl_typesupport_cpp.dir/rosidl_typesupport_cpp/flipkart_msgs/msg/pose__type_support.cpp.o[0m
[1.739s] [35m[1mScanning dependencies of target flipkart_msgs__rosidl_typesupport_introspection_cpp[0m
[1.744s] [35m[1mScanning dependencies of target flipkart_msgs__rosidl_typesupport_fastrtps_cpp[0m
[1.755s] [ 22%] [32mBuilding CXX object CMakeFiles/flipkart_msgs__rosidl_typesupport_introspection_cpp.dir/rosidl_typesupport_introspection_cpp/flipkart_msgs/msg/detail/pose__type_support.cpp.o[0m
[1.762s] [ 22%] Built target flipkart_msgs__rosidl_generator_c
[1.763s] [ 24%] [32mBuilding CXX object CMakeFiles/flipkart_msgs__rosidl_typesupport_fastrtps_cpp.dir/rosidl_typesupport_fastrtps_cpp/flipkart_msgs/msg/detail/dds_fastrtps/pose__type_support.cpp.o[0m
[1.775s] [ 28%] [34m[1mGenerating C introspection for ROS interfaces[0m
[1.775s] [ 28%] [34m[1mGenerating C type support dispatch for ROS interfaces[0m
[1.980s] [35m[1mScanning dependencies of target flipkart_msgs__rosidl_typesupport_introspection_c[0m
[1.995s] [ 30%] [32mBuilding C object CMakeFiles/flipkart_msgs__rosidl_typesupport_introspection_c.dir/rosidl_typesupport_introspection_c/flipkart_msgs/msg/detail/pose__type_support.c.o[0m
[2.011s] [ 32%] [32m[1mLinking CXX shared library libflipkart_msgs__rosidl_typesupport_cpp.so[0m
[2.027s] [ 34%] [32m[1mLinking C shared library libflipkart_msgs__rosidl_typesupport_introspection_c.so[0m
[2.050s] [35m[1mScanning dependencies of target flipkart_msgs__rosidl_typesupport_c[0m
[2.051s] [ 34%] Built target flipkart_msgs__rosidl_typesupport_cpp
[2.056s] [ 34%] Built target flipkart_msgs__rosidl_typesupport_introspection_c
[2.064s] [ 36%] [32mBuilding CXX object CMakeFiles/flipkart_msgs__rosidl_typesupport_c.dir/rosidl_typesupport_c/flipkart_msgs/msg/pose__type_support.cpp.o[0m
[2.080s] [ 38%] [32m[1mLinking CXX shared library libflipkart_msgs__rosidl_typesupport_introspection_cpp.so[0m
[2.090s] [ 40%] [32m[1mLinking CXX shared library libflipkart_msgs__rosidl_typesupport_c.so[0m
[2.116s] [ 40%] Built target flipkart_msgs__rosidl_typesupport_introspection_cpp
[2.124s] [ 40%] Built target flipkart_msgs__rosidl_typesupport_c
[2.333s] [ 42%] [32m[1mLinking CXX shared library libflipkart_msgs__rosidl_typesupport_fastrtps_cpp.so[0m
[2.404s] [ 42%] Built target flipkart_msgs__rosidl_typesupport_fastrtps_cpp
[2.412s] [ 44%] [34m[1mGenerating C type support for eProsima Fast-RTPS[0m
[2.601s] [35m[1mScanning dependencies of target flipkart_msgs__rosidl_typesupport_fastrtps_c[0m
[2.613s] [ 46%] [32mBuilding CXX object CMakeFiles/flipkart_msgs__rosidl_typesupport_fastrtps_c.dir/rosidl_typesupport_fastrtps_c/flipkart_msgs/msg/detail/pose__type_support_c.cpp.o[0m
[2.896s] [ 48%] [32m[1mLinking CXX shared library libflipkart_msgs__rosidl_typesupport_fastrtps_c.so[0m
[2.968s] [ 48%] Built target flipkart_msgs__rosidl_typesupport_fastrtps_c
[4.191s] INFO com.rti.ndds.nddsgen.Main Running rtiddsgen version 2.5.2, please wait ...
[4.191s] INFO com.rti.ndds.nddsgen.Main Done
[4.261s] [35m[1mScanning dependencies of target flipkart_msgs__rosidl_typesupport_connext_cpp[0m
[4.311s] [ 51%] [32mBuilding CXX object CMakeFiles/flipkart_msgs__rosidl_typesupport_connext_cpp.dir/rosidl_typesupport_connext_cpp/flipkart_msgs/msg/dds_connext/Pose_Plugin.cxx.o[0m
[4.312s] [ 55%] [32mBuilding CXX object CMakeFiles/flipkart_msgs__rosidl_typesupport_connext_cpp.dir/rosidl_typesupport_connext_cpp/flipkart_msgs/msg/dds_connext/Pose_.cxx.o[0m
[4.312s] [ 55%] [32mBuilding CXX object CMakeFiles/flipkart_msgs__rosidl_typesupport_connext_cpp.dir/rosidl_typesupport_connext_cpp/flipkart_msgs/msg/dds_connext/pose__type_support.cpp.o[0m
[4.313s] [ 57%] [32mBuilding CXX object CMakeFiles/flipkart_msgs__rosidl_typesupport_connext_cpp.dir/rosidl_typesupport_connext_cpp/flipkart_msgs/msg/dds_connext/Pose_Support.cxx.o[0m
[4.924s] [ 59%] [32m[1mLinking CXX shared library libflipkart_msgs__rosidl_typesupport_connext_cpp.so[0m
[5.037s] [ 61%] Built target flipkart_msgs__rosidl_typesupport_connext_cpp
[5.046s] [ 63%] [34m[1mGenerating C type support for RTI Connext[0m
[5.231s] [35m[1mScanning dependencies of target flipkart_msgs__rosidl_typesupport_connext_c[0m
[5.272s] [ 67%] [32mBuilding CXX object CMakeFiles/flipkart_msgs__rosidl_typesupport_connext_c.dir/rosidl_typesupport_connext_cpp/flipkart_msgs/msg/dds_connext/Pose_.cxx.o[0m
[5.272s] [ 67%] [32mBuilding CXX object CMakeFiles/flipkart_msgs__rosidl_typesupport_connext_c.dir/rosidl_typesupport_connext_cpp/flipkart_msgs/msg/dds_connext/Pose_Plugin.cxx.o[0m
[5.274s] [ 69%] [32mBuilding CXX object CMakeFiles/flipkart_msgs__rosidl_typesupport_connext_c.dir/rosidl_typesupport_connext_c/flipkart_msgs/msg/dds_connext/pose__type_support_c.cpp.o[0m
[5.275s] [ 71%] [32mBuilding CXX object CMakeFiles/flipkart_msgs__rosidl_typesupport_connext_c.dir/rosidl_typesupport_connext_cpp/flipkart_msgs/msg/dds_connext/Pose_Support.cxx.o[0m
[5.764s] [ 73%] [32m[1mLinking CXX shared library libflipkart_msgs__rosidl_typesupport_connext_c.so[0m
[5.888s] [ 77%] Built target flipkart_msgs__rosidl_typesupport_connext_c
[5.896s] [35m[1mScanning dependencies of target flipkart_msgs[0m
[5.904s] [ 77%] Built target flipkart_msgs
[5.912s] [35m[1mScanning dependencies of target flipkart_msgs__py[0m
[5.921s] [ 79%] [34m[1mGenerating Python code for ROS interfaces[0m
[6.266s] [ 79%] Built target flipkart_msgs__py
[6.274s] [35m[1mScanning dependencies of target flipkart_msgs__python[0m
[6.390s] [ 81%] [32mBuilding C object CMakeFiles/flipkart_msgs__python.dir/rosidl_generator_py/flipkart_msgs/msg/_pose_s.c.o[0m
[6.493s] [ 83%] [32m[1mLinking C shared library rosidl_generator_py/flipkart_msgs/libflipkart_msgs__python.so[0m
[6.524s] [ 83%] Built target flipkart_msgs__python
[6.533s] [35m[1mScanning dependencies of target flipkart_msgs__rosidl_typesupport_introspection_c__pyext[0m
[6.533s] [35m[1mScanning dependencies of target flipkart_msgs__rosidl_typesupport_c__pyext[0m
[6.533s] [35m[1mScanning dependencies of target flipkart_msgs__rosidl_typesupport_connext_c__pyext[0m
[6.533s] [35m[1mScanning dependencies of target flipkart_msgs__rosidl_typesupport_fastrtps_c__pyext[0m
[6.551s] [ 89%] [32mBuilding C object CMakeFiles/flipkart_msgs__rosidl_typesupport_c__pyext.dir/rosidl_generator_py/flipkart_msgs/_flipkart_msgs_s.ep.rosidl_typesupport_c.c.o[0m
[6.551s] [ 89%] [32mBuilding C object CMakeFiles/flipkart_msgs__rosidl_typesupport_fastrtps_c__pyext.dir/rosidl_generator_py/flipkart_msgs/_flipkart_msgs_s.ep.rosidl_typesupport_fastrtps_c.c.o[0m
[6.551s] [ 89%] [32mBuilding C object CMakeFiles/flipkart_msgs__rosidl_typesupport_connext_c__pyext.dir/rosidl_generator_py/flipkart_msgs/_flipkart_msgs_s.ep.rosidl_typesupport_connext_c.c.o[0m
[6.551s] [ 91%] [32mBuilding C object CMakeFiles/flipkart_msgs__rosidl_typesupport_introspection_c__pyext.dir/rosidl_generator_py/flipkart_msgs/_flipkart_msgs_s.ep.rosidl_typesupport_introspection_c.c.o[0m
[6.623s] [ 95%] [32m[1mLinking C shared library rosidl_generator_py/flipkart_msgs/flipkart_msgs_s__rosidl_typesupport_c.cpython-38-x86_64-linux-gnu.so[0m
[6.623s] [ 95%] [32m[1mLinking C shared library rosidl_generator_py/flipkart_msgs/flipkart_msgs_s__rosidl_typesupport_introspection_c.cpython-38-x86_64-linux-gnu.so[0m
[6.623s] [ 97%] [32m[1mLinking C shared library rosidl_generator_py/flipkart_msgs/flipkart_msgs_s__rosidl_typesupport_connext_c.cpython-38-x86_64-linux-gnu.so[0m
[6.624s] [100%] [32m[1mLinking CXX shared library rosidl_generator_py/flipkart_msgs/flipkart_msgs_s__rosidl_typesupport_fastrtps_c.cpython-38-x86_64-linux-gnu.so[0m
[6.655s] [100%] Built target flipkart_msgs__rosidl_typesupport_c__pyext
[6.656s] [100%] Built target flipkart_msgs__rosidl_typesupport_introspection_c__pyext
[6.683s] [100%] Built target flipkart_msgs__rosidl_typesupport_fastrtps_c__pyext
[6.691s] [100%] Built target flipkart_msgs__rosidl_typesupport_connext_c__pyext
[24.265s] Invoked command in '/home/manojbr/dev_ws/build/flipkart_msgs' returned '0': CMAKE_PREFIX_PATH=/opt/ros/foxy /usr/bin/cmake --build /home/manojbr/dev_ws/build/flipkart_msgs -- -j8 -l8
[24.328s] Invoking command in '/home/manojbr/dev_ws/build/flipkart_msgs': CMAKE_PREFIX_PATH=/opt/ros/foxy /usr/bin/cmake --install /home/manojbr/dev_ws/build/flipkart_msgs
[24.337s] -- Install configuration: ""
[24.337s] -- Installing: /home/manojbr/dev_ws/install/flipkart_msgs/share/ament_index/resource_index/rosidl_interfaces/flipkart_msgs
[24.337s] -- Installing: /home/manojbr/dev_ws/install/flipkart_msgs/include/flipkart_msgs
[24.337s] -- Installing: /home/manojbr/dev_ws/install/flipkart_msgs/include/flipkart_msgs/msg
[24.337s] -- Installing: /home/manojbr/dev_ws/install/flipkart_msgs/include/flipkart_msgs/msg/rosidl_generator_c__visibility_control.h
[24.337s] -- Installing: /home/manojbr/dev_ws/install/flipkart_msgs/include/flipkart_msgs/msg/detail
[24.337s] -- Installing: /home/manojbr/dev_ws/install/flipkart_msgs/include/flipkart_msgs/msg/detail/pose__functions.c
[24.337s] -- Installing: /home/manojbr/dev_ws/install/flipkart_msgs/include/flipkart_msgs/msg/detail/pose__type_support.h
[24.338s] -- Installing: /home/manojbr/dev_ws/install/flipkart_msgs/include/flipkart_msgs/msg/detail/pose__functions.h
[24.338s] -- Installing: /home/manojbr/dev_ws/install/flipkart_msgs/include/flipkart_msgs/msg/detail/pose__struct.h
[24.338s] -- Installing: /home/manojbr/dev_ws/install/flipkart_msgs/include/flipkart_msgs/msg/pose.h
[24.338s] -- Installing: /home/manojbr/dev_ws/install/flipkart_msgs/share/flipkart_msgs/environment/library_path.sh
[24.338s] -- Installing: /home/manojbr/dev_ws/install/flipkart_msgs/share/flipkart_msgs/environment/library_path.dsv
[24.338s] -- Installing: /home/manojbr/dev_ws/install/flipkart_msgs/lib/libflipkart_msgs__rosidl_generator_c.so
[24.338s] -- Set runtime path of "/home/manojbr/dev_ws/install/flipkart_msgs/lib/libflipkart_msgs__rosidl_generator_c.so" to ""
[24.338s] -- Up-to-date: /home/manojbr/dev_ws/install/flipkart_msgs/include/flipkart_msgs
[24.338s] -- Up-to-date: /home/manojbr/dev_ws/install/flipkart_msgs/include/flipkart_msgs/msg
[24.338s] -- Installing: /home/manojbr/dev_ws/install/flipkart_msgs/include/flipkart_msgs/msg/pose__rosidl_typesupport_connext_c.h
[24.338s] -- Installing: /home/manojbr/dev_ws/install/flipkart_msgs/include/flipkart_msgs/msg/dds_connext
[24.338s] -- Installing: /home/manojbr/dev_ws/install/flipkart_msgs/include/flipkart_msgs/msg/rosidl_typesupport_connext_c__visibility_control.h
[24.339s] -- Installing: /home/manojbr/dev_ws/install/flipkart_msgs/lib/libflipkart_msgs__rosidl_typesupport_connext_c.so
[24.339s] -- Set runtime path of "/home/manojbr/dev_ws/install/flipkart_msgs/lib/libflipkart_msgs__rosidl_typesupport_connext_c.so" to ""
[24.339s] -- Installing: /home/manojbr/dev_ws/install/flipkart_msgs/share/flipkart_msgs/msg/dds_connext
[24.339s] -- Installing: /home/manojbr/dev_ws/install/flipkart_msgs/share/flipkart_msgs/msg/dds_connext/Pose_.idl
[24.339s] -- Up-to-date: /home/manojbr/dev_ws/install/flipkart_msgs/include/flipkart_msgs
[24.340s] -- Up-to-date: /home/manojbr/dev_ws/install/flipkart_msgs/include/flipkart_msgs/msg
[24.340s] -- Up-to-date: /home/manojbr/dev_ws/install/flipkart_msgs/include/flipkart_msgs/msg/dds_connext
[24.340s] -- Installing: /home/manojbr/dev_ws/install/flipkart_msgs/include/flipkart_msgs/msg/dds_connext/Pose_Plugin.h
[24.340s] -- Installing: /home/manojbr/dev_ws/install/flipkart_msgs/include/flipkart_msgs/msg/dds_connext/Pose_.cxx
[24.340s] -- Installing: /home/manojbr/dev_ws/install/flipkart_msgs/include/flipkart_msgs/msg/dds_connext/Pose_.h
[24.340s] -- Installing: /home/manojbr/dev_ws/install/flipkart_msgs/include/flipkart_msgs/msg/dds_connext/Pose_Support.h
[24.340s] -- Installing: /home/manojbr/dev_ws/install/flipkart_msgs/include/flipkart_msgs/msg/dds_connext/Pose_Plugin.cxx
[24.340s] -- Installing: /home/manojbr/dev_ws/install/flipkart_msgs/include/flipkart_msgs/msg/dds_connext/Pose_Support.cxx
[24.340s] -- Installing: /home/manojbr/dev_ws/install/flipkart_msgs/include/flipkart_msgs/msg/pose__rosidl_typesupport_connext_cpp.hpp
[24.340s] -- Installing: /home/manojbr/dev_ws/install/flipkart_msgs/include/flipkart_msgs/msg/rosidl_typesupport_connext_cpp__visibility_control.h
[24.340s] -- Installing: /home/manojbr/dev_ws/install/flipkart_msgs/lib/libflipkart_msgs__rosidl_typesupport_connext_cpp.so
[24.341s] -- Set runtime path of "/home/manojbr/dev_ws/install/flipkart_msgs/lib/libflipkart_msgs__rosidl_typesupport_connext_cpp.so" to ""
[24.341s] -- Up-to-date: /home/manojbr/dev_ws/install/flipkart_msgs/include/flipkart_msgs
[24.341s] -- Up-to-date: /home/manojbr/dev_ws/install/flipkart_msgs/include/flipkart_msgs/msg
[24.341s] -- Up-to-date: /home/manojbr/dev_ws/install/flipkart_msgs/include/flipkart_msgs/msg/detail
[24.341s] -- Installing: /home/manojbr/dev_ws/install/flipkart_msgs/include/flipkart_msgs/msg/detail/pose__rosidl_typesupport_fastrtps_c.h
[24.341s] -- Installing: /home/manojbr/dev_ws/install/flipkart_msgs/include/flipkart_msgs/msg/rosidl_typesupport_fastrtps_c__visibility_control.h
[24.341s] -- Installing: /home/manojbr/dev_ws/install/flipkart_msgs/lib/libflipkart_msgs__rosidl_typesupport_fastrtps_c.so
[24.342s] -- Set runtime path of "/home/manojbr/dev_ws/install/flipkart_msgs/lib/libflipkart_msgs__rosidl_typesupport_fastrtps_c.so" to ""
[24.342s] -- Up-to-date: /home/manojbr/dev_ws/install/flipkart_msgs/include/flipkart_msgs
[24.342s] -- Up-to-date: /home/manojbr/dev_ws/install/flipkart_msgs/include/flipkart_msgs/msg
[24.342s] -- Up-to-date: /home/manojbr/dev_ws/install/flipkart_msgs/include/flipkart_msgs/msg/detail
[24.342s] -- Installing: /home/manojbr/dev_ws/install/flipkart_msgs/include/flipkart_msgs/msg/detail/dds_fastrtps
[24.342s] -- Installing: /home/manojbr/dev_ws/install/flipkart_msgs/include/flipkart_msgs/msg/detail/pose__rosidl_typesupport_fastrtps_cpp.hpp
[24.342s] -- Installing: /home/manojbr/dev_ws/install/flipkart_msgs/include/flipkart_msgs/msg/rosidl_typesupport_fastrtps_cpp__visibility_control.h
[24.342s] -- Installing: /home/manojbr/dev_ws/install/flipkart_msgs/lib/libflipkart_msgs__rosidl_typesupport_fastrtps_cpp.so
[24.342s] -- Set runtime path of "/home/manojbr/dev_ws/install/flipkart_msgs/lib/libflipkart_msgs__rosidl_typesupport_fastrtps_cpp.so" to ""
[24.342s] -- Up-to-date: /home/manojbr/dev_ws/install/flipkart_msgs/include/flipkart_msgs
[24.343s] -- Up-to-date: /home/manojbr/dev_ws/install/flipkart_msgs/include/flipkart_msgs/msg
[24.343s] -- Up-to-date: /home/manojbr/dev_ws/install/flipkart_msgs/include/flipkart_msgs/msg/detail
[24.343s] -- Installing: /home/manojbr/dev_ws/install/flipkart_msgs/include/flipkart_msgs/msg/detail/pose__type_support.c
[24.343s] -- Installing: /home/manojbr/dev_ws/install/flipkart_msgs/include/flipkart_msgs/msg/detail/pose__rosidl_typesupport_introspection_c.h
[24.343s] -- Installing: /home/manojbr/dev_ws/install/flipkart_msgs/include/flipkart_msgs/msg/rosidl_typesupport_introspection_c__visibility_control.h
[24.343s] -- Installing: /home/manojbr/dev_ws/install/flipkart_msgs/lib/libflipkart_msgs__rosidl_typesupport_introspection_c.so
[24.343s] -- Set runtime path of "/home/manojbr/dev_ws/install/flipkart_msgs/lib/libflipkart_msgs__rosidl_typesupport_introspection_c.so" to ""
[24.343s] -- Installing: /home/manojbr/dev_ws/install/flipkart_msgs/lib/libflipkart_msgs__rosidl_typesupport_c.so
[24.344s] -- Set runtime path of "/home/manojbr/dev_ws/install/flipkart_msgs/lib/libflipkart_msgs__rosidl_typesupport_c.so" to ""
[24.344s] -- Up-to-date: /home/manojbr/dev_ws/install/flipkart_msgs/include/flipkart_msgs
[24.344s] -- Up-to-date: /home/manojbr/dev_ws/install/flipkart_msgs/include/flipkart_msgs/msg
[24.344s] -- Up-to-date: /home/manojbr/dev_ws/install/flipkart_msgs/include/flipkart_msgs/msg/detail
[24.344s] -- Installing: /home/manojbr/dev_ws/install/flipkart_msgs/include/flipkart_msgs/msg/detail/pose__traits.hpp
[24.344s] -- Installing: /home/manojbr/dev_ws/install/flipkart_msgs/include/flipkart_msgs/msg/detail/pose__builder.hpp
[24.344s] -- Installing: /home/manojbr/dev_ws/install/flipkart_msgs/include/flipkart_msgs/msg/detail/pose__struct.hpp
[24.344s] -- Installing: /home/manojbr/dev_ws/install/flipkart_msgs/include/flipkart_msgs/msg/pose.hpp
[24.344s] -- Up-to-date: /home/manojbr/dev_ws/install/flipkart_msgs/include/flipkart_msgs
[24.344s] -- Up-to-date: /home/manojbr/dev_ws/install/flipkart_msgs/include/flipkart_msgs/msg
[24.345s] -- Up-to-date: /home/manojbr/dev_ws/install/flipkart_msgs/include/flipkart_msgs/msg/detail
[24.345s] -- Installing: /home/manojbr/dev_ws/install/flipkart_msgs/include/flipkart_msgs/msg/detail/pose__rosidl_typesupport_introspection_cpp.hpp
[24.345s] -- Installing: /home/manojbr/dev_ws/install/flipkart_msgs/include/flipkart_msgs/msg/detail/pose__type_support.cpp
[24.345s] -- Installing: /home/manojbr/dev_ws/install/flipkart_msgs/lib/libflipkart_msgs__rosidl_typesupport_introspection_cpp.so
[24.345s] -- Set runtime path of "/home/manojbr/dev_ws/install/flipkart_msgs/lib/libflipkart_msgs__rosidl_typesupport_introspection_cpp.so" to ""
[24.345s] -- Installing: /home/manojbr/dev_ws/install/flipkart_msgs/lib/libflipkart_msgs__rosidl_typesupport_cpp.so
[24.345s] -- Set runtime path of "/home/manojbr/dev_ws/install/flipkart_msgs/lib/libflipkart_msgs__rosidl_typesupport_cpp.so" to ""
[24.346s] -- Installing: /home/manojbr/dev_ws/install/flipkart_msgs/share/flipkart_msgs/environment/pythonpath.sh
[24.346s] -- Installing: /home/manojbr/dev_ws/install/flipkart_msgs/share/flipkart_msgs/environment/pythonpath.dsv
[24.346s] -- Installing: /home/manojbr/dev_ws/install/flipkart_msgs/lib/python3.8/site-packages/flipkart_msgs/__init__.py
[24.370s] Compiling '/home/manojbr/dev_ws/install/flipkart_msgs/lib/python3.8/site-packages/flipkart_msgs/__init__.py'...
[24.373s] -- Installing: /home/manojbr/dev_ws/install/flipkart_msgs/lib/python3.8/site-packages/flipkart_msgs/msg
[24.373s] -- Installing: /home/manojbr/dev_ws/install/flipkart_msgs/lib/python3.8/site-packages/flipkart_msgs/msg/__init__.py
[24.373s] -- Installing: /home/manojbr/dev_ws/install/flipkart_msgs/lib/python3.8/site-packages/flipkart_msgs/msg/_pose_s.c
[24.373s] -- Installing: /home/manojbr/dev_ws/install/flipkart_msgs/lib/python3.8/site-packages/flipkart_msgs/msg/_pose.py
[24.373s] -- Installing: /home/manojbr/dev_ws/install/flipkart_msgs/lib/python3.8/site-packages/flipkart_msgs/flipkart_msgs_s__rosidl_typesupport_connext_c.cpython-38-x86_64-linux-gnu.so
[24.374s] -- Set runtime path of "/home/manojbr/dev_ws/install/flipkart_msgs/lib/python3.8/site-packages/flipkart_msgs/flipkart_msgs_s__rosidl_typesupport_connext_c.cpython-38-x86_64-linux-gnu.so" to ""
[24.374s] -- Installing: /home/manojbr/dev_ws/install/flipkart_msgs/lib/python3.8/site-packages/flipkart_msgs/flipkart_msgs_s__rosidl_typesupport_fastrtps_c.cpython-38-x86_64-linux-gnu.so
[24.374s] -- Set runtime path of "/home/manojbr/dev_ws/install/flipkart_msgs/lib/python3.8/site-packages/flipkart_msgs/flipkart_msgs_s__rosidl_typesupport_fastrtps_c.cpython-38-x86_64-linux-gnu.so" to ""
[24.375s] -- Installing: /home/manojbr/dev_ws/install/flipkart_msgs/lib/python3.8/site-packages/flipkart_msgs/flipkart_msgs_s__rosidl_typesupport_introspection_c.cpython-38-x86_64-linux-gnu.so
[24.375s] -- Set runtime path of "/home/manojbr/dev_ws/install/flipkart_msgs/lib/python3.8/site-packages/flipkart_msgs/flipkart_msgs_s__rosidl_typesupport_introspection_c.cpython-38-x86_64-linux-gnu.so" to ""
[24.375s] -- Installing: /home/manojbr/dev_ws/install/flipkart_msgs/lib/python3.8/site-packages/flipkart_msgs/flipkart_msgs_s__rosidl_typesupport_c.cpython-38-x86_64-linux-gnu.so
[24.376s] -- Set runtime path of "/home/manojbr/dev_ws/install/flipkart_msgs/lib/python3.8/site-packages/flipkart_msgs/flipkart_msgs_s__rosidl_typesupport_c.cpython-38-x86_64-linux-gnu.so" to ""
[24.376s] -- Installing: /home/manojbr/dev_ws/install/flipkart_msgs/lib/libflipkart_msgs__python.so
[24.376s] -- Set runtime path of "/home/manojbr/dev_ws/install/flipkart_msgs/lib/libflipkart_msgs__python.so" to ""
[24.376s] -- Installing: /home/manojbr/dev_ws/install/flipkart_msgs/share/flipkart_msgs/msg/Pose.idl
[24.376s] -- Installing: /home/manojbr/dev_ws/install/flipkart_msgs/share/flipkart_msgs/msg/Pose.msg
[24.376s] -- Installing: /home/manojbr/dev_ws/install/flipkart_msgs/share/ament_index/resource_index/package_run_dependencies/flipkart_msgs
[24.376s] -- Installing: /home/manojbr/dev_ws/install/flipkart_msgs/share/ament_index/resource_index/parent_prefix_path/flipkart_msgs
[24.376s] -- Installing: /home/manojbr/dev_ws/install/flipkart_msgs/share/flipkart_msgs/environment/ament_prefix_path.sh
[24.377s] -- Installing: /home/manojbr/dev_ws/install/flipkart_msgs/share/flipkart_msgs/environment/ament_prefix_path.dsv
[24.377s] -- Installing: /home/manojbr/dev_ws/install/flipkart_msgs/share/flipkart_msgs/environment/path.sh
[24.377s] -- Installing: /home/manojbr/dev_ws/install/flipkart_msgs/share/flipkart_msgs/environment/path.dsv
[24.377s] -- Installing: /home/manojbr/dev_ws/install/flipkart_msgs/share/flipkart_msgs/local_setup.bash
[24.377s] -- Installing: /home/manojbr/dev_ws/install/flipkart_msgs/share/flipkart_msgs/local_setup.sh
[24.377s] -- Installing: /home/manojbr/dev_ws/install/flipkart_msgs/share/flipkart_msgs/local_setup.zsh
[24.377s] -- Installing: /home/manojbr/dev_ws/install/flipkart_msgs/share/flipkart_msgs/local_setup.dsv
[24.377s] -- Installing: /home/manojbr/dev_ws/install/flipkart_msgs/share/flipkart_msgs/package.dsv
[24.377s] -- Installing: /home/manojbr/dev_ws/install/flipkart_msgs/share/ament_index/resource_index/packages/flipkart_msgs
[24.378s] -- Installing: /home/manojbr/dev_ws/install/flipkart_msgs/share/flipkart_msgs/cmake/flipkart_msgs__rosidl_generator_cExport.cmake
[24.378s] -- Installing: /home/manojbr/dev_ws/install/flipkart_msgs/share/flipkart_msgs/cmake/flipkart_msgs__rosidl_generator_cExport-noconfig.cmake
[24.378s] -- Installing: /home/manojbr/dev_ws/install/flipkart_msgs/share/flipkart_msgs/cmake/flipkart_msgs__rosidl_typesupport_introspection_cExport.cmake
[24.378s] -- Installing: /home/manojbr/dev_ws/install/flipkart_msgs/share/flipkart_msgs/cmake/flipkart_msgs__rosidl_typesupport_introspection_cExport-noconfig.cmake
[24.378s] -- Installing: /home/manojbr/dev_ws/install/flipkart_msgs/share/flipkart_msgs/cmake/flipkart_msgs__rosidl_typesupport_cExport.cmake
[24.378s] -- Installing: /home/manojbr/dev_ws/install/flipkart_msgs/share/flipkart_msgs/cmake/flipkart_msgs__rosidl_typesupport_cExport-noconfig.cmake
[24.378s] -- Installing: /home/manojbr/dev_ws/install/flipkart_msgs/share/flipkart_msgs/cmake/flipkart_msgs__rosidl_generator_cppExport.cmake
[24.378s] -- Installing: /home/manojbr/dev_ws/install/flipkart_msgs/share/flipkart_msgs/cmake/flipkart_msgs__rosidl_typesupport_introspection_cppExport.cmake
[24.379s] -- Installing: /home/manojbr/dev_ws/install/flipkart_msgs/share/flipkart_msgs/cmake/flipkart_msgs__rosidl_typesupport_introspection_cppExport-noconfig.cmake
[24.379s] -- Installing: /home/manojbr/dev_ws/install/flipkart_msgs/share/flipkart_msgs/cmake/flipkart_msgs__rosidl_typesupport_cppExport.cmake
[24.379s] -- Installing: /home/manojbr/dev_ws/install/flipkart_msgs/share/flipkart_msgs/cmake/flipkart_msgs__rosidl_typesupport_cppExport-noconfig.cmake
[24.379s] -- Installing: /home/manojbr/dev_ws/install/flipkart_msgs/share/flipkart_msgs/cmake/rosidl_cmake-extras.cmake
[24.379s] -- Installing: /home/manojbr/dev_ws/install/flipkart_msgs/share/flipkart_msgs/cmake/ament_cmake_export_dependencies-extras.cmake
[24.379s] -- Installing: /home/manojbr/dev_ws/install/flipkart_msgs/share/flipkart_msgs/cmake/ament_cmake_export_libraries-extras.cmake
[24.379s] -- Installing: /home/manojbr/dev_ws/install/flipkart_msgs/share/flipkart_msgs/cmake/ament_cmake_export_targets-extras.cmake
[24.379s] -- Installing: /home/manojbr/dev_ws/install/flipkart_msgs/share/flipkart_msgs/cmake/ament_cmake_export_include_directories-extras.cmake
[24.380s] -- Installing: /home/manojbr/dev_ws/install/flipkart_msgs/share/flipkart_msgs/cmake/rosidl_cmake_export_typesupport_libraries-extras.cmake
[24.380s] -- Installing: /home/manojbr/dev_ws/install/flipkart_msgs/share/flipkart_msgs/cmake/rosidl_cmake_export_typesupport_targets-extras.cmake
[24.380s] -- Installing: /home/manojbr/dev_ws/install/flipkart_msgs/share/flipkart_msgs/cmake/flipkart_msgsConfig.cmake
[24.380s] -- Installing: /home/manojbr/dev_ws/install/flipkart_msgs/share/flipkart_msgs/cmake/flipkart_msgsConfig-version.cmake
[24.380s] -- Installing: /home/manojbr/dev_ws/install/flipkart_msgs/share/flipkart_msgs/package.xml
[24.382s] Invoked command in '/home/manojbr/dev_ws/build/flipkart_msgs' returned '0': CMAKE_PREFIX_PATH=/opt/ros/foxy /usr/bin/cmake --install /home/manojbr/dev_ws/build/flipkart_msgs
