[0.010s] Invoking command in '/home/manojbr/dev_ws/build/turtlesim': CMAKE_PREFIX_PATH=/opt/ros/foxy /usr/bin/cmake /home/manojbr/dev_ws/src/ros_tutorials/turtlesim -DCMAKE_INSTALL_PREFIX=/home/manojbr/dev_ws/install/turtlesim
[0.053s] -- The C compiler identification is GNU 9.3.0
[0.127s] -- The CXX compiler identification is GNU 9.3.0
[0.131s] -- Check for working C compiler: /usr/bin/cc
[0.184s] -- Check for working C compiler: /usr/bin/cc -- works
[0.184s] -- Detecting C compiler ABI info
[0.237s] -- Detecting C compiler ABI info - done
[0.247s] -- Detecting C compile features
[0.247s] -- Detecting C compile features - done
[0.249s] -- Check for working CXX compiler: /usr/bin/c++
[0.310s] -- Check for working CXX compiler: /usr/bin/c++ -- works
[0.311s] -- Detecting CXX compiler ABI info
[0.373s] -- Detecting CXX compiler ABI info - done
[0.383s] -- Detecting CXX compile features
[0.384s] -- Detecting CXX compile features - done
[0.399s] -- Found ament_cmake: 0.9.8 (/opt/ros/foxy/share/ament_cmake/cmake)
[0.484s] -- Found PythonInterp: /usr/bin/python3 (found suitable version "3.8.10", minimum required is "3") 
[0.484s] -- Using PYTHON_EXECUTABLE: /usr/bin/python3
[0.817s] -- Found ament_index_cpp: 1.0.2 (/opt/ros/foxy/share/ament_index_cpp/cmake)
[0.838s] -- Found geometry_msgs: 2.0.4 (/opt/ros/foxy/share/geometry_msgs/cmake)
[1.004s] -- Using all available rosidl_typesupport_c: rosidl_typesupport_connext_c;rosidl_typesupport_fastrtps_c;rosidl_typesupport_introspection_c
[1.035s] -- Found rosidl_adapter: 1.2.1 (/opt/ros/foxy/share/rosidl_adapter/cmake)
[1.051s] -- Found RTI Connext: /opt/rti.com/rti_connext_dds-5.3.1
[3.994s] -- Found OpenSSL: /usr/lib/x86_64-linux-gnu/libcrypto.so (found version "1.1.1f")  
[4.024s] -- Found FastRTPS: /opt/ros/foxy/include  
[4.157s] -- Using all available rosidl_typesupport_cpp: rosidl_typesupport_connext_cpp;rosidl_typesupport_fastrtps_cpp;rosidl_typesupport_introspection_cpp
[4.538s] -- Found rclcpp: 2.3.1 (/opt/ros/foxy/share/rclcpp/cmake)
[4.652s] -- Found rmw_implementation_cmake: 1.0.3 (/opt/ros/foxy/share/rmw_implementation_cmake/cmake)
[4.656s] -- Using RMW implementation 'rmw_fastrtps_cpp' as default
[4.659s] -- Looking for pthread.h
[4.723s] -- Looking for pthread.h - found
[4.724s] -- Performing Test CMAKE_HAVE_LIBC_PTHREAD
[4.814s] -- Performing Test CMAKE_HAVE_LIBC_PTHREAD - Failed
[4.814s] -- Looking for pthread_create in pthreads
[4.877s] -- Looking for pthread_create in pthreads - not found
[4.877s] -- Looking for pthread_create in pthread
[4.931s] -- Looking for pthread_create in pthread - found
[4.931s] -- Found Threads: TRUE  
[5.223s] -- Found rclcpp_action: 2.3.1 (/opt/ros/foxy/share/rclcpp_action/cmake)
[5.367s] -- Found rosidl_default_generators: 1.0.1 (/opt/ros/foxy/share/rosidl_default_generators/cmake)
[5.415s] -- Found std_srvs: 2.0.4 (/opt/ros/foxy/share/std_srvs/cmake)
[5.467s] -- Found PythonInterp: /usr/bin/python3 (found version "3.8.10") 
[5.740s] -- Found ament_cmake_ros: 0.9.2 (/opt/ros/foxy/share/ament_cmake_ros/cmake)
[5.873s] -- Using all available rosidl_typesupport_c: rosidl_typesupport_connext_c;rosidl_typesupport_fastrtps_c;rosidl_typesupport_introspection_c
[5.895s] -- Using all available rosidl_typesupport_cpp: rosidl_typesupport_connext_cpp;rosidl_typesupport_fastrtps_cpp;rosidl_typesupport_introspection_cpp
[5.916s] -- Found PythonInterp: /usr/bin/python3 (found suitable version "3.8.10", minimum required is "3.5") 
[5.917s] -- Found python_cmake_module: 0.8.1 (/opt/ros/foxy/share/python_cmake_module/cmake)
[5.980s] -- Found PythonLibs: /usr/lib/x86_64-linux-gnu/libpython3.8.so (found suitable version "3.8.10", minimum required is "3.5") 
[5.981s] -- Using PYTHON_EXECUTABLE: /usr/bin/python3
[5.981s] -- Using PYTHON_INCLUDE_DIRS: /usr/include/python3.8
[5.981s] -- Using PYTHON_LIBRARIES: /usr/lib/x86_64-linux-gnu/libpython3.8.so
[6.031s] -- Found PythonExtra: .so  
[6.159s] -- Configuring done
[6.604s] -- Generating done
[6.607s] -- Build files have been written to: /home/manojbr/dev_ws/build/turtlesim
[6.616s] Invoked command in '/home/manojbr/dev_ws/build/turtlesim' returned '0': CMAKE_PREFIX_PATH=/opt/ros/foxy /usr/bin/cmake /home/manojbr/dev_ws/src/ros_tutorials/turtlesim -DCMAKE_INSTALL_PREFIX=/home/manojbr/dev_ws/install/turtlesim
[6.618s] Invoking command in '/home/manojbr/dev_ws/build/turtlesim': CMAKE_PREFIX_PATH=/opt/ros/foxy /usr/bin/cmake --build /home/manojbr/dev_ws/build/turtlesim -- -j8 -l8
[6.655s] [  0%] [34m[1mGenerating C code for ROS interfaces[0m
[6.655s] [35m[1mScanning dependencies of target turtlesim__dds_connext_idl[0m
[6.655s] [35m[1mScanning dependencies of target turtlesim__cpp[0m
[6.664s] [  1%] [34m[1mGenerating DDS interfaces[0m
[6.665s] [  1%] [34m[1mGenerating C++ code for ROS interfaces[0m
[7.021s] [  1%] Built target turtlesim__dds_connext_idl
[7.353s] [  1%] Built target turtlesim__cpp
[7.367s] [  1%] [34m[1mGenerating C++ type support for eProsima Fast-RTPS[0m
[7.367s] [  1%] [34m[1mGenerating C++ type support dispatch for ROS interfaces[0m
[7.367s] [  2%] [34m[1mGenerating C++ introspection for ROS interfaces[0m
[7.367s] [  2%] [34m[1mGenerating C++ type support for RTI Connext (using '/opt/rti.com/rti_connext_dds-5.3.1/bin/rtiddsgen_server')[0m
[7.483s] [35m[1mScanning dependencies of target turtlesim__rosidl_generator_c[0m
[7.545s] [  4%] [32mBuilding C object CMakeFiles/turtlesim__rosidl_generator_c.dir/rosidl_generator_c/turtlesim/action/detail/rotate_absolute__functions.c.o[0m
[7.545s] [  5%] [32mBuilding C object CMakeFiles/turtlesim__rosidl_generator_c.dir/rosidl_generator_c/turtlesim/srv/detail/kill__functions.c.o[0m
[7.545s] [  5%] [32mBuilding C object CMakeFiles/turtlesim__rosidl_generator_c.dir/rosidl_generator_c/turtlesim/msg/detail/pose__functions.c.o[0m
[7.545s] [  5%] [32mBuilding C object CMakeFiles/turtlesim__rosidl_generator_c.dir/rosidl_generator_c/turtlesim/msg/detail/color__functions.c.o[0m
[7.639s] [  6%] [32mBuilding C object CMakeFiles/turtlesim__rosidl_generator_c.dir/rosidl_generator_c/turtlesim/srv/detail/set_pen__functions.c.o[0m
[7.639s] [  6%] [32mBuilding C object CMakeFiles/turtlesim__rosidl_generator_c.dir/rosidl_generator_c/turtlesim/srv/detail/spawn__functions.c.o[0m
[7.649s] [  7%] [32mBuilding C object CMakeFiles/turtlesim__rosidl_generator_c.dir/rosidl_generator_c/turtlesim/srv/detail/teleport_absolute__functions.c.o[0m
[7.697s] [  7%] [32mBuilding C object CMakeFiles/turtlesim__rosidl_generator_c.dir/rosidl_generator_c/turtlesim/srv/detail/teleport_relative__functions.c.o[0m
[7.756s] [  8%] [32m[1mLinking C shared library libturtlesim__rosidl_generator_c.so[0m
[7.812s] [  8%] Built target turtlesim__rosidl_generator_c
[7.826s] [  9%] [34m[1mGenerating C type support dispatch for ROS interfaces[0m
[7.826s] [  9%] [34m[1mGenerating C introspection for ROS interfaces[0m
[7.964s] [35m[1mScanning dependencies of target turtlesim__rosidl_typesupport_cpp[0m
[8.015s] [ 10%] [32mBuilding CXX object CMakeFiles/turtlesim__rosidl_typesupport_cpp.dir/rosidl_typesupport_cpp/turtlesim/msg/pose__type_support.cpp.o[0m
[8.015s] [ 11%] [32mBuilding CXX object CMakeFiles/turtlesim__rosidl_typesupport_cpp.dir/rosidl_typesupport_cpp/turtlesim/action/rotate_absolute__type_support.cpp.o[0m
[8.016s] [ 11%] [32mBuilding CXX object CMakeFiles/turtlesim__rosidl_typesupport_cpp.dir/rosidl_typesupport_cpp/turtlesim/msg/color__type_support.cpp.o[0m
[8.362s] [35m[1mScanning dependencies of target turtlesim__rosidl_typesupport_introspection_cpp[0m
[8.394s] [ 11%] [32mBuilding CXX object CMakeFiles/turtlesim__rosidl_typesupport_introspection_cpp.dir/rosidl_typesupport_introspection_cpp/turtlesim/action/detail/rotate_absolute__type_support.cpp.o[0m
[8.541s] [ 12%] [32mBuilding CXX object CMakeFiles/turtlesim__rosidl_typesupport_introspection_cpp.dir/rosidl_typesupport_introspection_cpp/turtlesim/msg/detail/color__type_support.cpp.o[0m
[8.547s] [ 13%] [32mBuilding CXX object CMakeFiles/turtlesim__rosidl_typesupport_introspection_cpp.dir/rosidl_typesupport_introspection_cpp/turtlesim/msg/detail/pose__type_support.cpp.o[0m
[8.550s] [35m[1mScanning dependencies of target turtlesim__rosidl_typesupport_fastrtps_cpp[0m
[8.589s] [ 14%] [32mBuilding CXX object CMakeFiles/turtlesim__rosidl_typesupport_cpp.dir/rosidl_typesupport_cpp/turtlesim/srv/kill__type_support.cpp.o[0m
[8.612s] [35m[1mScanning dependencies of target turtlesim__rosidl_typesupport_c[0m
[8.650s] [ 15%] [32mBuilding CXX object CMakeFiles/turtlesim__rosidl_typesupport_c.dir/rosidl_typesupport_c/turtlesim/action/rotate_absolute__type_support.cpp.o[0m
[8.667s] [ 16%] [32mBuilding CXX object CMakeFiles/turtlesim__rosidl_typesupport_fastrtps_cpp.dir/rosidl_typesupport_fastrtps_cpp/turtlesim/action/detail/dds_fastrtps/rotate_absolute__type_support.cpp.o[0m
[8.723s] [ 16%] [32mBuilding CXX object CMakeFiles/turtlesim__rosidl_typesupport_c.dir/rosidl_typesupport_c/turtlesim/msg/color__type_support.cpp.o[0m
[8.765s] [ 17%] [32mBuilding CXX object CMakeFiles/turtlesim__rosidl_typesupport_c.dir/rosidl_typesupport_c/turtlesim/msg/pose__type_support.cpp.o[0m
[8.807s] [ 18%] [32mBuilding CXX object CMakeFiles/turtlesim__rosidl_typesupport_c.dir/rosidl_typesupport_c/turtlesim/srv/kill__type_support.cpp.o[0m
[8.812s] [ 18%] [32mBuilding CXX object CMakeFiles/turtlesim__rosidl_typesupport_c.dir/rosidl_typesupport_c/turtlesim/srv/set_pen__type_support.cpp.o[0m
[8.844s] [ 18%] [32mBuilding CXX object CMakeFiles/turtlesim__rosidl_typesupport_introspection_cpp.dir/rosidl_typesupport_introspection_cpp/turtlesim/srv/detail/kill__type_support.cpp.o[0m
[8.852s] [ 19%] [32mBuilding CXX object CMakeFiles/turtlesim__rosidl_typesupport_c.dir/rosidl_typesupport_c/turtlesim/srv/spawn__type_support.cpp.o[0m
[8.898s] [ 19%] [32mBuilding CXX object CMakeFiles/turtlesim__rosidl_typesupport_c.dir/rosidl_typesupport_c/turtlesim/srv/teleport_absolute__type_support.cpp.o[0m
[8.902s] [ 19%] [32mBuilding CXX object CMakeFiles/turtlesim__rosidl_typesupport_fastrtps_cpp.dir/rosidl_typesupport_fastrtps_cpp/turtlesim/msg/detail/dds_fastrtps/color__type_support.cpp.o[0m
[8.920s] [ 19%] [32mBuilding CXX object CMakeFiles/turtlesim__rosidl_typesupport_cpp.dir/rosidl_typesupport_cpp/turtlesim/srv/set_pen__type_support.cpp.o[0m
[8.943s] [ 20%] [32mBuilding CXX object CMakeFiles/turtlesim__rosidl_typesupport_c.dir/rosidl_typesupport_c/turtlesim/srv/teleport_relative__type_support.cpp.o[0m
[8.961s] [ 21%] [32mBuilding CXX object CMakeFiles/turtlesim__rosidl_typesupport_cpp.dir/rosidl_typesupport_cpp/turtlesim/srv/spawn__type_support.cpp.o[0m
[8.988s] [ 21%] [32m[1mLinking CXX shared library libturtlesim__rosidl_typesupport_c.so[0m
[9.049s] [ 21%] Built target turtlesim__rosidl_typesupport_c
[9.068s] [ 22%] [32mBuilding CXX object CMakeFiles/turtlesim__rosidl_typesupport_fastrtps_cpp.dir/rosidl_typesupport_fastrtps_cpp/turtlesim/msg/detail/dds_fastrtps/pose__type_support.cpp.o[0m
[9.142s] [35m[1mScanning dependencies of target turtlesim__rosidl_typesupport_introspection_c[0m
[9.212s] [ 22%] [32mBuilding C object CMakeFiles/turtlesim__rosidl_typesupport_introspection_c.dir/rosidl_typesupport_introspection_c/turtlesim/action/detail/rotate_absolute__type_support.c.o[0m
[9.250s] [ 23%] [32mBuilding CXX object CMakeFiles/turtlesim__rosidl_typesupport_introspection_cpp.dir/rosidl_typesupport_introspection_cpp/turtlesim/srv/detail/set_pen__type_support.cpp.o[0m
[9.283s] [ 24%] [32mBuilding C object CMakeFiles/turtlesim__rosidl_typesupport_introspection_c.dir/rosidl_typesupport_introspection_c/turtlesim/msg/detail/color__type_support.c.o[0m
[9.333s] [ 25%] [32mBuilding C object CMakeFiles/turtlesim__rosidl_typesupport_introspection_c.dir/rosidl_typesupport_introspection_c/turtlesim/msg/detail/pose__type_support.c.o[0m
[9.349s] [ 25%] [32mBuilding C object CMakeFiles/turtlesim__rosidl_typesupport_introspection_c.dir/rosidl_typesupport_introspection_c/turtlesim/srv/detail/kill__type_support.c.o[0m
[9.382s] [ 25%] [32mBuilding CXX object CMakeFiles/turtlesim__rosidl_typesupport_cpp.dir/rosidl_typesupport_cpp/turtlesim/srv/teleport_absolute__type_support.cpp.o[0m
[9.401s] [ 26%] [32mBuilding C object CMakeFiles/turtlesim__rosidl_typesupport_introspection_c.dir/rosidl_typesupport_introspection_c/turtlesim/srv/detail/set_pen__type_support.c.o[0m
[9.415s] [ 26%] [32mBuilding C object CMakeFiles/turtlesim__rosidl_typesupport_introspection_c.dir/rosidl_typesupport_introspection_c/turtlesim/srv/detail/spawn__type_support.c.o[0m
[9.451s] [ 26%] [32mBuilding CXX object CMakeFiles/turtlesim__rosidl_typesupport_fastrtps_cpp.dir/rosidl_typesupport_fastrtps_cpp/turtlesim/srv/detail/dds_fastrtps/kill__type_support.cpp.o[0m
[9.452s] [ 27%] [32mBuilding C object CMakeFiles/turtlesim__rosidl_typesupport_introspection_c.dir/rosidl_typesupport_introspection_c/turtlesim/srv/detail/teleport_absolute__type_support.c.o[0m
[9.481s] [ 28%] [32mBuilding CXX object CMakeFiles/turtlesim__rosidl_typesupport_fastrtps_cpp.dir/rosidl_typesupport_fastrtps_cpp/turtlesim/srv/detail/dds_fastrtps/set_pen__type_support.cpp.o[0m
[9.505s] [ 29%] [32mBuilding C object CMakeFiles/turtlesim__rosidl_typesupport_introspection_c.dir/rosidl_typesupport_introspection_c/turtlesim/srv/detail/teleport_relative__type_support.c.o[0m
[9.557s] [ 29%] [32m[1mLinking C shared library libturtlesim__rosidl_typesupport_introspection_c.so[0m
[9.595s] [ 30%] [32mBuilding CXX object CMakeFiles/turtlesim__rosidl_typesupport_fastrtps_cpp.dir/rosidl_typesupport_fastrtps_cpp/turtlesim/srv/detail/dds_fastrtps/spawn__type_support.cpp.o[0m
[9.607s] [ 30%] Built target turtlesim__rosidl_typesupport_introspection_c
[9.609s] [ 30%] [32mBuilding CXX object CMakeFiles/turtlesim__rosidl_typesupport_fastrtps_cpp.dir/rosidl_typesupport_fastrtps_cpp/turtlesim/srv/detail/dds_fastrtps/teleport_absolute__type_support.cpp.o[0m
[9.619s] [ 31%] [32mBuilding CXX object CMakeFiles/turtlesim__rosidl_typesupport_cpp.dir/rosidl_typesupport_cpp/turtlesim/srv/teleport_relative__type_support.cpp.o[0m
[9.689s] [ 31%] [32mBuilding CXX object CMakeFiles/turtlesim__rosidl_typesupport_introspection_cpp.dir/rosidl_typesupport_introspection_cpp/turtlesim/srv/detail/spawn__type_support.cpp.o[0m
[9.826s] [ 32%] [32mBuilding CXX object CMakeFiles/turtlesim__rosidl_typesupport_introspection_cpp.dir/rosidl_typesupport_introspection_cpp/turtlesim/srv/detail/teleport_absolute__type_support.cpp.o[0m
[10.086s] [ 33%] [32m[1mLinking CXX shared library libturtlesim__rosidl_typesupport_cpp.so[0m
[10.136s] [ 34%] [32mBuilding CXX object CMakeFiles/turtlesim__rosidl_typesupport_fastrtps_cpp.dir/rosidl_typesupport_fastrtps_cpp/turtlesim/srv/detail/dds_fastrtps/teleport_relative__type_support.cpp.o[0m
[10.154s] [ 34%] [32mBuilding CXX object CMakeFiles/turtlesim__rosidl_typesupport_introspection_cpp.dir/rosidl_typesupport_introspection_cpp/turtlesim/srv/detail/teleport_relative__type_support.cpp.o[0m
[10.262s] [ 34%] Built target turtlesim__rosidl_typesupport_cpp
[10.501s] [ 35%] [32m[1mLinking CXX shared library libturtlesim__rosidl_typesupport_introspection_cpp.so[0m
[10.616s] [ 35%] Built target turtlesim__rosidl_typesupport_introspection_cpp
[10.616s] [ 35%] [32m[1mLinking CXX shared library libturtlesim__rosidl_typesupport_fastrtps_cpp.so[0m
[10.732s] [ 35%] Built target turtlesim__rosidl_typesupport_fastrtps_cpp
[10.741s] [ 35%] [34m[1mGenerating C type support for eProsima Fast-RTPS[0m
[11.093s] INFO com.rti.ndds.nddsgen.Main Running rtiddsgen version 2.5.2, please wait ...
[11.093s] INFO com.rti.ndds.nddsgen.Main Done
[11.250s] INFO com.rti.ndds.nddsgen.Main Running rtiddsgen version 2.5.2, please wait ...
[11.250s] INFO com.rti.ndds.nddsgen.Main Done
[11.393s] INFO com.rti.ndds.nddsgen.Main Running rtiddsgen version 2.5.2, please wait ...
[11.395s] INFO com.rti.ndds.nddsgen.Main Done
[11.523s] INFO com.rti.ndds.nddsgen.Main Running rtiddsgen version 2.5.2, please wait ...
[11.525s] INFO com.rti.ndds.nddsgen.Main Done
[11.608s] [35m[1mScanning dependencies of target turtlesim__rosidl_typesupport_fastrtps_c[0m
[11.660s] INFO com.rti.ndds.nddsgen.Main Running rtiddsgen version 2.5.2, please wait ...
[11.660s] INFO com.rti.ndds.nddsgen.Main Done
[11.677s] [ 37%] [32mBuilding CXX object CMakeFiles/turtlesim__rosidl_typesupport_fastrtps_c.dir/rosidl_typesupport_fastrtps_c/turtlesim/msg/detail/color__type_support_c.cpp.o[0m
[11.677s] [ 38%] [32mBuilding CXX object CMakeFiles/turtlesim__rosidl_typesupport_fastrtps_c.dir/rosidl_typesupport_fastrtps_c/turtlesim/srv/detail/spawn__type_support_c.cpp.o[0m
[11.678s] [ 37%] [32mBuilding CXX object CMakeFiles/turtlesim__rosidl_typesupport_fastrtps_c.dir/rosidl_typesupport_fastrtps_c/turtlesim/msg/detail/pose__type_support_c.cpp.o[0m
[11.678s] [ 37%] [32mBuilding CXX object CMakeFiles/turtlesim__rosidl_typesupport_fastrtps_c.dir/rosidl_typesupport_fastrtps_c/turtlesim/srv/detail/set_pen__type_support_c.cpp.o[0m
[11.681s] [ 39%] [32mBuilding CXX object CMakeFiles/turtlesim__rosidl_typesupport_fastrtps_c.dir/rosidl_typesupport_fastrtps_c/turtlesim/action/detail/rotate_absolute__type_support_c.cpp.o[0m
[11.685s] [ 39%] [32mBuilding CXX object CMakeFiles/turtlesim__rosidl_typesupport_fastrtps_c.dir/rosidl_typesupport_fastrtps_c/turtlesim/srv/detail/kill__type_support_c.cpp.o[0m
[11.689s] [ 39%] [32mBuilding CXX object CMakeFiles/turtlesim__rosidl_typesupport_fastrtps_c.dir/rosidl_typesupport_fastrtps_c/turtlesim/srv/detail/teleport_absolute__type_support_c.cpp.o[0m
[12.098s] INFO com.rti.ndds.nddsgen.Main Running rtiddsgen version 2.5.2, please wait ...
[12.102s] INFO com.rti.ndds.nddsgen.Main Done
[12.252s] [ 40%] [32mBuilding CXX object CMakeFiles/turtlesim__rosidl_typesupport_fastrtps_c.dir/rosidl_typesupport_fastrtps_c/turtlesim/srv/detail/teleport_relative__type_support_c.cpp.o[0m
[12.393s] INFO com.rti.ndds.nddsgen.Main Running rtiddsgen version 2.5.2, please wait ...
[12.393s] INFO com.rti.ndds.nddsgen.Main Done
[12.502s] INFO com.rti.ndds.nddsgen.Main Running rtiddsgen version 2.5.2, please wait ...
[12.502s] INFO com.rti.ndds.nddsgen.Main Done
[12.638s] [35m[1mScanning dependencies of target turtlesim__rosidl_typesupport_connext_cpp[0m
[12.692s] [ 40%] [32m[1mLinking CXX shared library libturtlesim__rosidl_typesupport_fastrtps_c.so[0m
[12.765s] [ 40%] Built target turtlesim__rosidl_typesupport_fastrtps_c
[12.883s] [ 41%] [32mBuilding CXX object CMakeFiles/turtlesim__rosidl_typesupport_connext_cpp.dir/rosidl_typesupport_connext_cpp/turtlesim/action/dds_connext/rotate_absolute__type_support.cpp.o[0m
[12.883s] [ 41%] [32mBuilding CXX object CMakeFiles/turtlesim__rosidl_typesupport_connext_cpp.dir/rosidl_typesupport_connext_cpp/turtlesim/msg/dds_connext/color__type_support.cpp.o[0m
[12.884s] [ 41%] [32mBuilding CXX object CMakeFiles/turtlesim__rosidl_typesupport_connext_cpp.dir/rosidl_typesupport_connext_cpp/turtlesim/srv/dds_connext/spawn__type_support.cpp.o[0m
[12.884s] [ 41%] [32mBuilding CXX object CMakeFiles/turtlesim__rosidl_typesupport_connext_cpp.dir/rosidl_typesupport_connext_cpp/turtlesim/msg/dds_connext/pose__type_support.cpp.o[0m
[12.884s] [ 42%] [32mBuilding CXX object CMakeFiles/turtlesim__rosidl_typesupport_connext_cpp.dir/rosidl_typesupport_connext_cpp/turtlesim/srv/dds_connext/kill__type_support.cpp.o[0m
[12.885s] [ 44%] [32mBuilding CXX object CMakeFiles/turtlesim__rosidl_typesupport_connext_cpp.dir/rosidl_typesupport_connext_cpp/turtlesim/srv/dds_connext/set_pen__type_support.cpp.o[0m
[12.885s] [ 44%] [32mBuilding CXX object CMakeFiles/turtlesim__rosidl_typesupport_connext_cpp.dir/rosidl_typesupport_connext_cpp/turtlesim/srv/dds_connext/teleport_absolute__type_support.cpp.o[0m
[12.889s] [ 44%] [32mBuilding CXX object CMakeFiles/turtlesim__rosidl_typesupport_connext_cpp.dir/rosidl_typesupport_connext_cpp/turtlesim/srv/dds_connext/teleport_relative__type_support.cpp.o[0m
[13.744s] [ 45%] [32mBuilding CXX object CMakeFiles/turtlesim__rosidl_typesupport_connext_cpp.dir/rosidl_typesupport_connext_cpp/turtlesim/action/dds_connext/RotateAbsolute_.cxx.o[0m
[13.751s] [ 46%] [32mBuilding CXX object CMakeFiles/turtlesim__rosidl_typesupport_connext_cpp.dir/rosidl_typesupport_connext_cpp/turtlesim/action/dds_connext/RotateAbsolute_Plugin.cxx.o[0m
[14.262s] [ 46%] [32mBuilding CXX object CMakeFiles/turtlesim__rosidl_typesupport_connext_cpp.dir/rosidl_typesupport_connext_cpp/turtlesim/action/dds_connext/RotateAbsolute_Support.cxx.o[0m
[14.274s] [ 47%] [32mBuilding CXX object CMakeFiles/turtlesim__rosidl_typesupport_connext_cpp.dir/rosidl_typesupport_connext_cpp/turtlesim/msg/dds_connext/Color_.cxx.o[0m
[14.279s] [ 47%] [32mBuilding CXX object CMakeFiles/turtlesim__rosidl_typesupport_connext_cpp.dir/rosidl_typesupport_connext_cpp/turtlesim/msg/dds_connext/Color_Plugin.cxx.o[0m
[14.280s] [ 48%] [32mBuilding CXX object CMakeFiles/turtlesim__rosidl_typesupport_connext_cpp.dir/rosidl_typesupport_connext_cpp/turtlesim/msg/dds_connext/Color_Support.cxx.o[0m
[14.287s] [ 48%] [32mBuilding CXX object CMakeFiles/turtlesim__rosidl_typesupport_connext_cpp.dir/rosidl_typesupport_connext_cpp/turtlesim/msg/dds_connext/Pose_.cxx.o[0m
[14.664s] [ 49%] [32mBuilding CXX object CMakeFiles/turtlesim__rosidl_typesupport_connext_cpp.dir/rosidl_typesupport_connext_cpp/turtlesim/msg/dds_connext/Pose_Plugin.cxx.o[0m
[15.088s] [ 50%] [32mBuilding CXX object CMakeFiles/turtlesim__rosidl_typesupport_connext_cpp.dir/rosidl_typesupport_connext_cpp/turtlesim/msg/dds_connext/Pose_Support.cxx.o[0m
[15.115s] [ 50%] [32mBuilding CXX object CMakeFiles/turtlesim__rosidl_typesupport_connext_cpp.dir/rosidl_typesupport_connext_cpp/turtlesim/srv/dds_connext/Kill_.cxx.o[0m
[15.139s] [ 51%] [32mBuilding CXX object CMakeFiles/turtlesim__rosidl_typesupport_connext_cpp.dir/rosidl_typesupport_connext_cpp/turtlesim/srv/dds_connext/Kill_Plugin.cxx.o[0m
[15.195s] [ 51%] [32mBuilding CXX object CMakeFiles/turtlesim__rosidl_typesupport_connext_cpp.dir/rosidl_typesupport_connext_cpp/turtlesim/srv/dds_connext/Kill_Support.cxx.o[0m
[15.207s] [ 52%] [32mBuilding CXX object CMakeFiles/turtlesim__rosidl_typesupport_connext_cpp.dir/rosidl_typesupport_connext_cpp/turtlesim/srv/dds_connext/SetPen_.cxx.o[0m
[15.456s] [ 52%] [32mBuilding CXX object CMakeFiles/turtlesim__rosidl_typesupport_connext_cpp.dir/rosidl_typesupport_connext_cpp/turtlesim/srv/dds_connext/SetPen_Plugin.cxx.o[0m
[15.728s] [ 53%] [32mBuilding CXX object CMakeFiles/turtlesim__rosidl_typesupport_connext_cpp.dir/rosidl_typesupport_connext_cpp/turtlesim/srv/dds_connext/SetPen_Support.cxx.o[0m
[16.000s] [ 54%] [32mBuilding CXX object CMakeFiles/turtlesim__rosidl_typesupport_connext_cpp.dir/rosidl_typesupport_connext_cpp/turtlesim/srv/dds_connext/Spawn_.cxx.o[0m
[16.017s] [ 54%] [32mBuilding CXX object CMakeFiles/turtlesim__rosidl_typesupport_connext_cpp.dir/rosidl_typesupport_connext_cpp/turtlesim/srv/dds_connext/Spawn_Plugin.cxx.o[0m
[16.125s] [ 55%] [32mBuilding CXX object CMakeFiles/turtlesim__rosidl_typesupport_connext_cpp.dir/rosidl_typesupport_connext_cpp/turtlesim/srv/dds_connext/Spawn_Support.cxx.o[0m
[16.130s] [ 55%] [32mBuilding CXX object CMakeFiles/turtlesim__rosidl_typesupport_connext_cpp.dir/rosidl_typesupport_connext_cpp/turtlesim/srv/dds_connext/TeleportAbsolute_.cxx.o[0m
[16.225s] [ 56%] [32mBuilding CXX object CMakeFiles/turtlesim__rosidl_typesupport_connext_cpp.dir/rosidl_typesupport_connext_cpp/turtlesim/srv/dds_connext/TeleportAbsolute_Plugin.cxx.o[0m
[16.259s] [ 57%] [32mBuilding CXX object CMakeFiles/turtlesim__rosidl_typesupport_connext_cpp.dir/rosidl_typesupport_connext_cpp/turtlesim/srv/dds_connext/TeleportAbsolute_Support.cxx.o[0m
[16.320s] [ 57%] [32mBuilding CXX object CMakeFiles/turtlesim__rosidl_typesupport_connext_cpp.dir/rosidl_typesupport_connext_cpp/turtlesim/srv/dds_connext/TeleportRelative_.cxx.o[0m
[16.766s] [ 58%] [32mBuilding CXX object CMakeFiles/turtlesim__rosidl_typesupport_connext_cpp.dir/rosidl_typesupport_connext_cpp/turtlesim/srv/dds_connext/TeleportRelative_Plugin.cxx.o[0m
[16.900s] [ 58%] [32mBuilding CXX object CMakeFiles/turtlesim__rosidl_typesupport_connext_cpp.dir/rosidl_typesupport_connext_cpp/turtlesim/srv/dds_connext/TeleportRelative_Support.cxx.o[0m
[17.538s] [ 59%] [32m[1mLinking CXX shared library libturtlesim__rosidl_typesupport_connext_cpp.so[0m
[17.899s] [ 60%] Built target turtlesim__rosidl_typesupport_connext_cpp
[17.938s] [ 60%] [34m[1mGenerating C type support for RTI Connext[0m
[18.542s] [35m[1mScanning dependencies of target turtlesim__rosidl_typesupport_connext_c[0m
[18.753s] [ 61%] [32mBuilding CXX object CMakeFiles/turtlesim__rosidl_typesupport_connext_c.dir/rosidl_typesupport_connext_c/turtlesim/action/dds_connext/rotate_absolute__type_support_c.cpp.o[0m
[18.753s] [ 63%] [32mBuilding CXX object CMakeFiles/turtlesim__rosidl_typesupport_connext_c.dir/rosidl_typesupport_connext_c/turtlesim/srv/dds_connext/spawn__type_support_c.cpp.o[0m
[18.753s] [ 63%] [32mBuilding CXX object CMakeFiles/turtlesim__rosidl_typesupport_connext_c.dir/rosidl_typesupport_connext_c/turtlesim/msg/dds_connext/pose__type_support_c.cpp.o[0m
[18.754s] [ 62%] [32mBuilding CXX object CMakeFiles/turtlesim__rosidl_typesupport_connext_c.dir/rosidl_typesupport_connext_c/turtlesim/msg/dds_connext/color__type_support_c.cpp.o[0m
[18.754s] [ 64%] [32mBuilding CXX object CMakeFiles/turtlesim__rosidl_typesupport_connext_c.dir/rosidl_typesupport_connext_c/turtlesim/srv/dds_connext/kill__type_support_c.cpp.o[0m
[18.754s] [ 64%] [32mBuilding CXX object CMakeFiles/turtlesim__rosidl_typesupport_connext_c.dir/rosidl_typesupport_connext_c/turtlesim/srv/dds_connext/set_pen__type_support_c.cpp.o[0m
[18.755s] [ 64%] [32mBuilding CXX object CMakeFiles/turtlesim__rosidl_typesupport_connext_c.dir/rosidl_typesupport_connext_c/turtlesim/srv/dds_connext/teleport_absolute__type_support_c.cpp.o[0m
[18.761s] [ 65%] [32mBuilding CXX object CMakeFiles/turtlesim__rosidl_typesupport_connext_c.dir/rosidl_typesupport_connext_c/turtlesim/srv/dds_connext/teleport_relative__type_support_c.cpp.o[0m
[19.475s] [ 66%] [32mBuilding CXX object CMakeFiles/turtlesim__rosidl_typesupport_connext_c.dir/rosidl_typesupport_connext_cpp/turtlesim/action/dds_connext/RotateAbsolute_.cxx.o[0m
[19.481s] [ 66%] [32mBuilding CXX object CMakeFiles/turtlesim__rosidl_typesupport_connext_c.dir/rosidl_typesupport_connext_cpp/turtlesim/action/dds_connext/RotateAbsolute_Plugin.cxx.o[0m
[20.049s] [ 67%] [32mBuilding CXX object CMakeFiles/turtlesim__rosidl_typesupport_connext_c.dir/rosidl_typesupport_connext_cpp/turtlesim/action/dds_connext/RotateAbsolute_Support.cxx.o[0m
[20.065s] [ 67%] [32mBuilding CXX object CMakeFiles/turtlesim__rosidl_typesupport_connext_c.dir/rosidl_typesupport_connext_cpp/turtlesim/msg/dds_connext/Color_.cxx.o[0m
[20.159s] [ 68%] [32mBuilding CXX object CMakeFiles/turtlesim__rosidl_typesupport_connext_c.dir/rosidl_typesupport_connext_cpp/turtlesim/msg/dds_connext/Color_Plugin.cxx.o[0m
[20.160s] [ 68%] [32mBuilding CXX object CMakeFiles/turtlesim__rosidl_typesupport_connext_c.dir/rosidl_typesupport_connext_cpp/turtlesim/msg/dds_connext/Color_Support.cxx.o[0m
[20.166s] [ 69%] [32mBuilding CXX object CMakeFiles/turtlesim__rosidl_typesupport_connext_c.dir/rosidl_typesupport_connext_cpp/turtlesim/msg/dds_connext/Pose_.cxx.o[0m
[20.382s] [ 70%] [32mBuilding CXX object CMakeFiles/turtlesim__rosidl_typesupport_connext_c.dir/rosidl_typesupport_connext_cpp/turtlesim/msg/dds_connext/Pose_Plugin.cxx.o[0m
[20.886s] [ 70%] [32mBuilding CXX object CMakeFiles/turtlesim__rosidl_typesupport_connext_c.dir/rosidl_typesupport_connext_cpp/turtlesim/msg/dds_connext/Pose_Support.cxx.o[0m
[20.907s] [ 71%] [32mBuilding CXX object CMakeFiles/turtlesim__rosidl_typesupport_connext_c.dir/rosidl_typesupport_connext_cpp/turtlesim/srv/dds_connext/Kill_.cxx.o[0m
[20.942s] [ 71%] [32mBuilding CXX object CMakeFiles/turtlesim__rosidl_typesupport_connext_c.dir/rosidl_typesupport_connext_cpp/turtlesim/srv/dds_connext/Kill_Plugin.cxx.o[0m
[21.034s] [ 72%] [32mBuilding CXX object CMakeFiles/turtlesim__rosidl_typesupport_connext_c.dir/rosidl_typesupport_connext_cpp/turtlesim/srv/dds_connext/Kill_Support.cxx.o[0m
[21.061s] [ 72%] [32mBuilding CXX object CMakeFiles/turtlesim__rosidl_typesupport_connext_c.dir/rosidl_typesupport_connext_cpp/turtlesim/srv/dds_connext/SetPen_.cxx.o[0m
[21.205s] [ 73%] [32mBuilding CXX object CMakeFiles/turtlesim__rosidl_typesupport_connext_c.dir/rosidl_typesupport_connext_cpp/turtlesim/srv/dds_connext/SetPen_Plugin.cxx.o[0m
[21.456s] [ 74%] [32mBuilding CXX object CMakeFiles/turtlesim__rosidl_typesupport_connext_c.dir/rosidl_typesupport_connext_cpp/turtlesim/srv/dds_connext/SetPen_Support.cxx.o[0m
[21.800s] [ 74%] [32mBuilding CXX object CMakeFiles/turtlesim__rosidl_typesupport_connext_c.dir/rosidl_typesupport_connext_cpp/turtlesim/srv/dds_connext/Spawn_.cxx.o[0m
[21.820s] [ 75%] [32mBuilding CXX object CMakeFiles/turtlesim__rosidl_typesupport_connext_c.dir/rosidl_typesupport_connext_cpp/turtlesim/srv/dds_connext/Spawn_Plugin.cxx.o[0m
[21.869s] [ 75%] [32mBuilding CXX object CMakeFiles/turtlesim__rosidl_typesupport_connext_c.dir/rosidl_typesupport_connext_cpp/turtlesim/srv/dds_connext/Spawn_Support.cxx.o[0m
[21.914s] [ 76%] [32mBuilding CXX object CMakeFiles/turtlesim__rosidl_typesupport_connext_c.dir/rosidl_typesupport_connext_cpp/turtlesim/srv/dds_connext/TeleportAbsolute_.cxx.o[0m
[22.069s] [ 77%] [32mBuilding CXX object CMakeFiles/turtlesim__rosidl_typesupport_connext_c.dir/rosidl_typesupport_connext_cpp/turtlesim/srv/dds_connext/TeleportAbsolute_Plugin.cxx.o[0m
[22.087s] [ 77%] [32mBuilding CXX object CMakeFiles/turtlesim__rosidl_typesupport_connext_c.dir/rosidl_typesupport_connext_cpp/turtlesim/srv/dds_connext/TeleportAbsolute_Support.cxx.o[0m
[22.105s] [ 78%] [32mBuilding CXX object CMakeFiles/turtlesim__rosidl_typesupport_connext_c.dir/rosidl_typesupport_connext_cpp/turtlesim/srv/dds_connext/TeleportRelative_.cxx.o[0m
[22.482s] [ 78%] [32mBuilding CXX object CMakeFiles/turtlesim__rosidl_typesupport_connext_c.dir/rosidl_typesupport_connext_cpp/turtlesim/srv/dds_connext/TeleportRelative_Plugin.cxx.o[0m
[22.702s] [ 79%] [32mBuilding CXX object CMakeFiles/turtlesim__rosidl_typesupport_connext_c.dir/rosidl_typesupport_connext_cpp/turtlesim/srv/dds_connext/TeleportRelative_Support.cxx.o[0m
[23.326s] [ 79%] [32m[1mLinking CXX shared library libturtlesim__rosidl_typesupport_connext_c.so[0m
[23.626s] [ 80%] Built target turtlesim__rosidl_typesupport_connext_c
[23.633s] [35m[1mScanning dependencies of target turtlesim[0m
[23.642s] [ 80%] Built target turtlesim
[23.651s] [35m[1mScanning dependencies of target turtle_teleop_key[0m
[23.651s] [35m[1mScanning dependencies of target draw_square[0m
[23.651s] [35m[1mScanning dependencies of target turtlesim__py[0m
[23.654s] [ 81%] [34m[1mGenerating include/turtlesim/moc_turtle_frame.cpp[0m
[23.654s] [35m[1mScanning dependencies of target mimic[0m
[23.661s] [ 82%] [34m[1mGenerating Python code for ROS interfaces[0m
[24.207s] [35m[1mScanning dependencies of target turtlesim_node[0m
[24.478s] [ 82%] [32mBuilding CXX object CMakeFiles/turtle_teleop_key.dir/tutorials/teleop_turtle_key.cpp.o[0m
[24.478s] [ 82%] [32mBuilding CXX object CMakeFiles/draw_square.dir/tutorials/draw_square.cpp.o[0m
[24.478s] [ 82%] [32mBuilding CXX object CMakeFiles/mimic.dir/tutorials/mimic.cpp.o[0m
[24.565s] [ 82%] [32mBuilding CXX object CMakeFiles/turtlesim_node.dir/src/turtlesim.cpp.o[0m
[24.565s] [ 82%] [32mBuilding CXX object CMakeFiles/turtlesim_node.dir/src/turtle_frame.cpp.o[0m
[24.567s] [ 83%] [32mBuilding CXX object CMakeFiles/turtlesim_node.dir/src/turtle.cpp.o[0m
[24.568s] [ 84%] [32mBuilding CXX object CMakeFiles/turtlesim_node.dir/include/turtlesim/moc_turtle_frame.cpp.o[0m
[25.948s] [ 84%] Built target turtlesim__py
[25.964s] [35m[1mScanning dependencies of target turtlesim__python[0m
[26.227s] [ 84%] [32mBuilding C object CMakeFiles/turtlesim__python.dir/rosidl_generator_py/turtlesim/action/_rotate_absolute_s.c.o[0m
[27.913s] [ 85%] [32mBuilding C object CMakeFiles/turtlesim__python.dir/rosidl_generator_py/turtlesim/msg/_color_s.c.o[0m
[28.093s] [ 85%] [32mBuilding C object CMakeFiles/turtlesim__python.dir/rosidl_generator_py/turtlesim/msg/_pose_s.c.o[0m
[28.248s] [ 86%] [32mBuilding C object CMakeFiles/turtlesim__python.dir/rosidl_generator_py/turtlesim/srv/_kill_s.c.o[0m
[28.403s] [ 87%] [32mBuilding C object CMakeFiles/turtlesim__python.dir/rosidl_generator_py/turtlesim/srv/_set_pen_s.c.o[0m
[28.564s] [ 87%] [32mBuilding C object CMakeFiles/turtlesim__python.dir/rosidl_generator_py/turtlesim/srv/_spawn_s.c.o[0m
[28.731s] [ 88%] [32mBuilding C object CMakeFiles/turtlesim__python.dir/rosidl_generator_py/turtlesim/srv/_teleport_absolute_s.c.o[0m
[28.873s] [ 88%] [32mBuilding C object CMakeFiles/turtlesim__python.dir/rosidl_generator_py/turtlesim/srv/_teleport_relative_s.c.o[0m
[29.043s] [ 89%] [32m[1mLinking C shared library rosidl_generator_py/turtlesim/libturtlesim__python.so[0m
[29.115s] [ 89%] Built target turtlesim__python
[29.128s] [35m[1mScanning dependencies of target turtlesim__rosidl_typesupport_fastrtps_c__pyext[0m
[29.128s] [35m[1mScanning dependencies of target turtlesim__rosidl_typesupport_connext_c__pyext[0m
[29.140s] [35m[1mScanning dependencies of target turtlesim__rosidl_typesupport_c__pyext[0m
[29.165s] [ 90%] [32mBuilding C object CMakeFiles/turtlesim__rosidl_typesupport_fastrtps_c__pyext.dir/rosidl_generator_py/turtlesim/_turtlesim_s.ep.rosidl_typesupport_fastrtps_c.c.o[0m
[29.170s] [ 91%] [32mBuilding C object CMakeFiles/turtlesim__rosidl_typesupport_connext_c__pyext.dir/rosidl_generator_py/turtlesim/_turtlesim_s.ep.rosidl_typesupport_connext_c.c.o[0m
[29.179s] [ 92%] [32mBuilding C object CMakeFiles/turtlesim__rosidl_typesupport_c__pyext.dir/rosidl_generator_py/turtlesim/_turtlesim_s.ep.rosidl_typesupport_c.c.o[0m
[29.407s] [ 93%] [32m[1mLinking CXX shared library rosidl_generator_py/turtlesim/turtlesim_s__rosidl_typesupport_fastrtps_c.cpython-38-x86_64-linux-gnu.so[0m
[29.411s] [ 94%] [32m[1mLinking C shared library rosidl_generator_py/turtlesim/turtlesim_s__rosidl_typesupport_c.cpython-38-x86_64-linux-gnu.so[0m
[29.419s] [ 95%] [32m[1mLinking C shared library rosidl_generator_py/turtlesim/turtlesim_s__rosidl_typesupport_connext_c.cpython-38-x86_64-linux-gnu.so[0m
[29.478s] [ 95%] Built target turtlesim__rosidl_typesupport_c__pyext
[29.493s] [35m[1mScanning dependencies of target turtlesim__rosidl_typesupport_introspection_c__pyext[0m
[29.533s] [ 95%] Built target turtlesim__rosidl_typesupport_fastrtps_c__pyext
[29.536s] [ 96%] [32mBuilding C object CMakeFiles/turtlesim__rosidl_typesupport_introspection_c__pyext.dir/rosidl_generator_py/turtlesim/_turtlesim_s.ep.rosidl_typesupport_introspection_c.c.o[0m
[29.608s] [ 96%] Built target turtlesim__rosidl_typesupport_connext_c__pyext
[29.692s] [ 96%] [32m[1mLinking C shared library rosidl_generator_py/turtlesim/turtlesim_s__rosidl_typesupport_introspection_c.cpython-38-x86_64-linux-gnu.so[0m
[29.733s] [ 96%] Built target turtlesim__rosidl_typesupport_introspection_c__pyext
[30.900s] [ 97%] [32m[1mLinking CXX executable turtle_teleop_key[0m
[31.589s] [ 97%] Built target turtle_teleop_key
[31.640s] [ 98%] [32m[1mLinking CXX executable mimic[0m
[31.906s] [ 98%] Built target mimic
[32.592s] [ 99%] [32m[1mLinking CXX executable draw_square[0m
[32.861s] [ 99%] Built target draw_square
[34.217s] [100%] [32m[1mLinking CXX executable turtlesim_node[0m
[35.815s] [100%] Built target turtlesim_node
[35.825s] Invoked command in '/home/manojbr/dev_ws/build/turtlesim' returned '0': CMAKE_PREFIX_PATH=/opt/ros/foxy /usr/bin/cmake --build /home/manojbr/dev_ws/build/turtlesim -- -j8 -l8
[35.998s] Invoking command in '/home/manojbr/dev_ws/build/turtlesim': CMAKE_PREFIX_PATH=/opt/ros/foxy /usr/bin/cmake --install /home/manojbr/dev_ws/build/turtlesim
[36.005s] -- Install configuration: ""
[36.005s] -- Installing: /home/manojbr/dev_ws/install/turtlesim/share/ament_index/resource_index/rosidl_interfaces/turtlesim
[36.005s] -- Installing: /home/manojbr/dev_ws/install/turtlesim/include/turtlesim
[36.005s] -- Installing: /home/manojbr/dev_ws/install/turtlesim/include/turtlesim/srv
[36.005s] -- Installing: /home/manojbr/dev_ws/install/turtlesim/include/turtlesim/srv/detail
[36.005s] -- Installing: /home/manojbr/dev_ws/install/turtlesim/include/turtlesim/srv/detail/teleport_relative__functions.c
[36.005s] -- Installing: /home/manojbr/dev_ws/install/turtlesim/include/turtlesim/srv/detail/teleport_absolute__struct.h
[36.006s] -- Installing: /home/manojbr/dev_ws/install/turtlesim/include/turtlesim/srv/detail/teleport_absolute__type_support.h
[36.006s] -- Installing: /home/manojbr/dev_ws/install/turtlesim/include/turtlesim/srv/detail/spawn__struct.h
[36.006s] -- Installing: /home/manojbr/dev_ws/install/turtlesim/include/turtlesim/srv/detail/set_pen__functions.h
[36.006s] -- Installing: /home/manojbr/dev_ws/install/turtlesim/include/turtlesim/srv/detail/spawn__functions.h
[36.006s] -- Installing: /home/manojbr/dev_ws/install/turtlesim/include/turtlesim/srv/detail/kill__struct.h
[36.006s] -- Installing: /home/manojbr/dev_ws/install/turtlesim/include/turtlesim/srv/detail/kill__type_support.h
[36.006s] -- Installing: /home/manojbr/dev_ws/install/turtlesim/include/turtlesim/srv/detail/kill__functions.c
[36.006s] -- Installing: /home/manojbr/dev_ws/install/turtlesim/include/turtlesim/srv/detail/set_pen__functions.c
[36.006s] -- Installing: /home/manojbr/dev_ws/install/turtlesim/include/turtlesim/srv/detail/teleport_relative__type_support.h
[36.006s] -- Installing: /home/manojbr/dev_ws/install/turtlesim/include/turtlesim/srv/detail/set_pen__struct.h
[36.006s] -- Installing: /home/manojbr/dev_ws/install/turtlesim/include/turtlesim/srv/detail/teleport_absolute__functions.h
[36.006s] -- Installing: /home/manojbr/dev_ws/install/turtlesim/include/turtlesim/srv/detail/spawn__type_support.h
[36.006s] -- Installing: /home/manojbr/dev_ws/install/turtlesim/include/turtlesim/srv/detail/teleport_relative__functions.h
[36.006s] -- Installing: /home/manojbr/dev_ws/install/turtlesim/include/turtlesim/srv/detail/set_pen__type_support.h
[36.006s] -- Installing: /home/manojbr/dev_ws/install/turtlesim/include/turtlesim/srv/detail/kill__functions.h
[36.007s] -- Installing: /home/manojbr/dev_ws/install/turtlesim/include/turtlesim/srv/detail/teleport_absolute__functions.c
[36.007s] -- Installing: /home/manojbr/dev_ws/install/turtlesim/include/turtlesim/srv/detail/spawn__functions.c
[36.007s] -- Installing: /home/manojbr/dev_ws/install/turtlesim/include/turtlesim/srv/detail/teleport_relative__struct.h
[36.007s] -- Installing: /home/manojbr/dev_ws/install/turtlesim/include/turtlesim/srv/spawn.h
[36.007s] -- Installing: /home/manojbr/dev_ws/install/turtlesim/include/turtlesim/srv/teleport_relative.h
[36.007s] -- Installing: /home/manojbr/dev_ws/install/turtlesim/include/turtlesim/srv/kill.h
[36.007s] -- Installing: /home/manojbr/dev_ws/install/turtlesim/include/turtlesim/srv/set_pen.h
[36.007s] -- Installing: /home/manojbr/dev_ws/install/turtlesim/include/turtlesim/srv/teleport_absolute.h
[36.007s] -- Installing: /home/manojbr/dev_ws/install/turtlesim/include/turtlesim/msg
[36.007s] -- Installing: /home/manojbr/dev_ws/install/turtlesim/include/turtlesim/msg/rosidl_generator_c__visibility_control.h
[36.007s] -- Installing: /home/manojbr/dev_ws/install/turtlesim/include/turtlesim/msg/detail
[36.007s] -- Installing: /home/manojbr/dev_ws/install/turtlesim/include/turtlesim/msg/detail/color__functions.c
[36.007s] -- Installing: /home/manojbr/dev_ws/install/turtlesim/include/turtlesim/msg/detail/pose__functions.c
[36.007s] -- Installing: /home/manojbr/dev_ws/install/turtlesim/include/turtlesim/msg/detail/pose__type_support.h
[36.007s] -- Installing: /home/manojbr/dev_ws/install/turtlesim/include/turtlesim/msg/detail/color__functions.h
[36.008s] -- Installing: /home/manojbr/dev_ws/install/turtlesim/include/turtlesim/msg/detail/color__struct.h
[36.008s] -- Installing: /home/manojbr/dev_ws/install/turtlesim/include/turtlesim/msg/detail/color__type_support.h
[36.008s] -- Installing: /home/manojbr/dev_ws/install/turtlesim/include/turtlesim/msg/detail/pose__functions.h
[36.008s] -- Installing: /home/manojbr/dev_ws/install/turtlesim/include/turtlesim/msg/detail/pose__struct.h
[36.008s] -- Installing: /home/manojbr/dev_ws/install/turtlesim/include/turtlesim/msg/color.h
[36.008s] -- Installing: /home/manojbr/dev_ws/install/turtlesim/include/turtlesim/msg/pose.h
[36.008s] -- Installing: /home/manojbr/dev_ws/install/turtlesim/include/turtlesim/action
[36.008s] -- Installing: /home/manojbr/dev_ws/install/turtlesim/include/turtlesim/action/detail
[36.008s] -- Installing: /home/manojbr/dev_ws/install/turtlesim/include/turtlesim/action/detail/rotate_absolute__functions.h
[36.008s] -- Installing: /home/manojbr/dev_ws/install/turtlesim/include/turtlesim/action/detail/rotate_absolute__functions.c
[36.008s] -- Installing: /home/manojbr/dev_ws/install/turtlesim/include/turtlesim/action/detail/rotate_absolute__struct.h
[36.008s] -- Installing: /home/manojbr/dev_ws/install/turtlesim/include/turtlesim/action/detail/rotate_absolute__type_support.h
[36.008s] -- Installing: /home/manojbr/dev_ws/install/turtlesim/include/turtlesim/action/rotate_absolute.h
[36.008s] -- Installing: /home/manojbr/dev_ws/install/turtlesim/share/turtlesim/environment/library_path.sh
[36.008s] -- Installing: /home/manojbr/dev_ws/install/turtlesim/share/turtlesim/environment/library_path.dsv
[36.008s] -- Installing: /home/manojbr/dev_ws/install/turtlesim/lib/libturtlesim__rosidl_generator_c.so
[36.008s] -- Set runtime path of "/home/manojbr/dev_ws/install/turtlesim/lib/libturtlesim__rosidl_generator_c.so" to ""
[36.009s] -- Up-to-date: /home/manojbr/dev_ws/install/turtlesim/include/turtlesim
[36.009s] -- Up-to-date: /home/manojbr/dev_ws/install/turtlesim/include/turtlesim/srv
[36.009s] -- Installing: /home/manojbr/dev_ws/install/turtlesim/include/turtlesim/srv/teleport_relative__rosidl_typesupport_connext_c.h
[36.009s] -- Installing: /home/manojbr/dev_ws/install/turtlesim/include/turtlesim/srv/set_pen__rosidl_typesupport_connext_c.h
[36.009s] -- Installing: /home/manojbr/dev_ws/install/turtlesim/include/turtlesim/srv/kill__rosidl_typesupport_connext_c.h
[36.009s] -- Installing: /home/manojbr/dev_ws/install/turtlesim/include/turtlesim/srv/dds_connext
[36.056s] -- Installing: /home/manojbr/dev_ws/install/turtlesim/include/turtlesim/srv/spawn__rosidl_typesupport_connext_c.h
[36.056s] -- Installing: /home/manojbr/dev_ws/install/turtlesim/include/turtlesim/srv/teleport_absolute__rosidl_typesupport_connext_c.h
[36.056s] -- Up-to-date: /home/manojbr/dev_ws/install/turtlesim/include/turtlesim/msg
[36.056s] -- Installing: /home/manojbr/dev_ws/install/turtlesim/include/turtlesim/msg/pose__rosidl_typesupport_connext_c.h
[36.056s] -- Installing: /home/manojbr/dev_ws/install/turtlesim/include/turtlesim/msg/dds_connext
[36.057s] -- Installing: /home/manojbr/dev_ws/install/turtlesim/include/turtlesim/msg/rosidl_typesupport_connext_c__visibility_control.h
[36.057s] -- Installing: /home/manojbr/dev_ws/install/turtlesim/include/turtlesim/msg/color__rosidl_typesupport_connext_c.h
[36.057s] -- Up-to-date: /home/manojbr/dev_ws/install/turtlesim/include/turtlesim/action
[36.057s] -- Installing: /home/manojbr/dev_ws/install/turtlesim/include/turtlesim/action/rotate_absolute__rosidl_typesupport_connext_c.h
[36.057s] -- Installing: /home/manojbr/dev_ws/install/turtlesim/include/turtlesim/action/dds_connext
[36.057s] -- Installing: /home/manojbr/dev_ws/install/turtlesim/lib/libturtlesim__rosidl_typesupport_connext_c.so
[36.063s] -- Set runtime path of "/home/manojbr/dev_ws/install/turtlesim/lib/libturtlesim__rosidl_typesupport_connext_c.so" to ""
[36.064s] -- Installing: /home/manojbr/dev_ws/install/turtlesim/share/turtlesim/action/dds_connext
[36.064s] -- Installing: /home/manojbr/dev_ws/install/turtlesim/share/turtlesim/action/dds_connext/RotateAbsolute_.idl
[36.064s] -- Installing: /home/manojbr/dev_ws/install/turtlesim/share/turtlesim/msg/dds_connext
[36.065s] -- Installing: /home/manojbr/dev_ws/install/turtlesim/share/turtlesim/msg/dds_connext/Pose_.idl
[36.065s] -- Installing: /home/manojbr/dev_ws/install/turtlesim/share/turtlesim/msg/dds_connext/Color_.idl
[36.065s] -- Installing: /home/manojbr/dev_ws/install/turtlesim/share/turtlesim/srv/dds_connext
[36.066s] -- Installing: /home/manojbr/dev_ws/install/turtlesim/share/turtlesim/srv/dds_connext/TeleportAbsolute_.idl
[36.066s] -- Installing: /home/manojbr/dev_ws/install/turtlesim/share/turtlesim/srv/dds_connext/Kill_.idl
[36.066s] -- Installing: /home/manojbr/dev_ws/install/turtlesim/share/turtlesim/srv/dds_connext/TeleportRelative_.idl
[36.066s] -- Installing: /home/manojbr/dev_ws/install/turtlesim/share/turtlesim/srv/dds_connext/Spawn_.idl
[36.066s] -- Installing: /home/manojbr/dev_ws/install/turtlesim/share/turtlesim/srv/dds_connext/SetPen_.idl
[36.067s] -- Up-to-date: /home/manojbr/dev_ws/install/turtlesim/include/turtlesim
[36.067s] -- Up-to-date: /home/manojbr/dev_ws/install/turtlesim/include/turtlesim/srv
[36.067s] -- Installing: /home/manojbr/dev_ws/install/turtlesim/include/turtlesim/srv/teleport_relative__rosidl_typesupport_connext_cpp.hpp
[36.067s] -- Installing: /home/manojbr/dev_ws/install/turtlesim/include/turtlesim/srv/teleport_absolute__rosidl_typesupport_connext_cpp.hpp
[36.067s] -- Installing: /home/manojbr/dev_ws/install/turtlesim/include/turtlesim/srv/spawn__rosidl_typesupport_connext_cpp.hpp
[36.068s] -- Up-to-date: /home/manojbr/dev_ws/install/turtlesim/include/turtlesim/srv/dds_connext
[36.068s] -- Installing: /home/manojbr/dev_ws/install/turtlesim/include/turtlesim/srv/dds_connext/Spawn_Plugin.cxx
[36.068s] -- Installing: /home/manojbr/dev_ws/install/turtlesim/include/turtlesim/srv/dds_connext/TeleportAbsolute_Support.cxx
[36.068s] -- Installing: /home/manojbr/dev_ws/install/turtlesim/include/turtlesim/srv/dds_connext/Kill_Support.cxx
[36.068s] -- Installing: /home/manojbr/dev_ws/install/turtlesim/include/turtlesim/srv/dds_connext/Kill_Support.h
[36.069s] -- Installing: /home/manojbr/dev_ws/install/turtlesim/include/turtlesim/srv/dds_connext/Spawn_Plugin.h
[36.069s] -- Installing: /home/manojbr/dev_ws/install/turtlesim/include/turtlesim/srv/dds_connext/TeleportAbsolute_Plugin.h
[36.069s] -- Installing: /home/manojbr/dev_ws/install/turtlesim/include/turtlesim/srv/dds_connext/Spawn_.h
[36.069s] -- Installing: /home/manojbr/dev_ws/install/turtlesim/include/turtlesim/srv/dds_connext/TeleportAbsolute_Plugin.cxx
[36.069s] -- Installing: /home/manojbr/dev_ws/install/turtlesim/include/turtlesim/srv/dds_connext/Spawn_Support.h
[36.069s] -- Installing: /home/manojbr/dev_ws/install/turtlesim/include/turtlesim/srv/dds_connext/Spawn_Support.cxx
[36.070s] -- Installing: /home/manojbr/dev_ws/install/turtlesim/include/turtlesim/srv/dds_connext/TeleportRelative_Support.h
[36.070s] -- Installing: /home/manojbr/dev_ws/install/turtlesim/include/turtlesim/srv/dds_connext/Kill_Plugin.cxx
[36.070s] -- Installing: /home/manojbr/dev_ws/install/turtlesim/include/turtlesim/srv/dds_connext/Kill_.cxx
[36.070s] -- Installing: /home/manojbr/dev_ws/install/turtlesim/include/turtlesim/srv/dds_connext/TeleportRelative_Plugin.cxx
[36.071s] -- Installing: /home/manojbr/dev_ws/install/turtlesim/include/turtlesim/srv/dds_connext/SetPen_Support.h
[36.071s] -- Installing: /home/manojbr/dev_ws/install/turtlesim/include/turtlesim/srv/dds_connext/SetPen_.h
[36.071s] -- Installing: /home/manojbr/dev_ws/install/turtlesim/include/turtlesim/srv/dds_connext/TeleportRelative_.h
[36.071s] -- Installing: /home/manojbr/dev_ws/install/turtlesim/include/turtlesim/srv/dds_connext/TeleportRelative_.cxx
[36.071s] -- Installing: /home/manojbr/dev_ws/install/turtlesim/include/turtlesim/srv/dds_connext/TeleportRelative_Plugin.h
[36.072s] -- Installing: /home/manojbr/dev_ws/install/turtlesim/include/turtlesim/srv/dds_connext/Spawn_.cxx
[36.072s] -- Installing: /home/manojbr/dev_ws/install/turtlesim/include/turtlesim/srv/dds_connext/TeleportAbsolute_.cxx
[36.072s] -- Installing: /home/manojbr/dev_ws/install/turtlesim/include/turtlesim/srv/dds_connext/TeleportRelative_Support.cxx
[36.072s] -- Installing: /home/manojbr/dev_ws/install/turtlesim/include/turtlesim/srv/dds_connext/TeleportAbsolute_.h
[36.072s] -- Installing: /home/manojbr/dev_ws/install/turtlesim/include/turtlesim/srv/dds_connext/Kill_Plugin.h
[36.073s] -- Installing: /home/manojbr/dev_ws/install/turtlesim/include/turtlesim/srv/dds_connext/SetPen_Support.cxx
[36.073s] -- Installing: /home/manojbr/dev_ws/install/turtlesim/include/turtlesim/srv/dds_connext/SetPen_Plugin.cxx
[36.073s] -- Installing: /home/manojbr/dev_ws/install/turtlesim/include/turtlesim/srv/dds_connext/SetPen_Plugin.h
[36.073s] -- Installing: /home/manojbr/dev_ws/install/turtlesim/include/turtlesim/srv/dds_connext/Kill_.h
[36.073s] -- Installing: /home/manojbr/dev_ws/install/turtlesim/include/turtlesim/srv/dds_connext/TeleportAbsolute_Support.h
[36.073s] -- Installing: /home/manojbr/dev_ws/install/turtlesim/include/turtlesim/srv/dds_connext/SetPen_.cxx
[36.074s] -- Installing: /home/manojbr/dev_ws/install/turtlesim/include/turtlesim/srv/kill__rosidl_typesupport_connext_cpp.hpp
[36.074s] -- Installing: /home/manojbr/dev_ws/install/turtlesim/include/turtlesim/srv/set_pen__rosidl_typesupport_connext_cpp.hpp
[36.074s] -- Up-to-date: /home/manojbr/dev_ws/install/turtlesim/include/turtlesim/msg
[36.074s] -- Up-to-date: /home/manojbr/dev_ws/install/turtlesim/include/turtlesim/msg/dds_connext
[36.075s] -- Installing: /home/manojbr/dev_ws/install/turtlesim/include/turtlesim/msg/dds_connext/Color_Plugin.h
[36.075s] -- Installing: /home/manojbr/dev_ws/install/turtlesim/include/turtlesim/msg/dds_connext/Color_.cxx
[36.075s] -- Installing: /home/manojbr/dev_ws/install/turtlesim/include/turtlesim/msg/dds_connext/Pose_Plugin.h
[36.075s] -- Installing: /home/manojbr/dev_ws/install/turtlesim/include/turtlesim/msg/dds_connext/Color_Support.h
[36.075s] -- Installing: /home/manojbr/dev_ws/install/turtlesim/include/turtlesim/msg/dds_connext/Color_.h
[36.075s] -- Installing: /home/manojbr/dev_ws/install/turtlesim/include/turtlesim/msg/dds_connext/Pose_.cxx
[36.076s] -- Installing: /home/manojbr/dev_ws/install/turtlesim/include/turtlesim/msg/dds_connext/Color_Support.cxx
[36.076s] -- Installing: /home/manojbr/dev_ws/install/turtlesim/include/turtlesim/msg/dds_connext/Color_Plugin.cxx
[36.076s] -- Installing: /home/manojbr/dev_ws/install/turtlesim/include/turtlesim/msg/dds_connext/Pose_.h
[36.076s] -- Installing: /home/manojbr/dev_ws/install/turtlesim/include/turtlesim/msg/dds_connext/Pose_Support.h
[36.076s] -- Installing: /home/manojbr/dev_ws/install/turtlesim/include/turtlesim/msg/dds_connext/Pose_Plugin.cxx
[36.076s] -- Installing: /home/manojbr/dev_ws/install/turtlesim/include/turtlesim/msg/dds_connext/Pose_Support.cxx
[36.077s] -- Installing: /home/manojbr/dev_ws/install/turtlesim/include/turtlesim/msg/pose__rosidl_typesupport_connext_cpp.hpp
[36.077s] -- Installing: /home/manojbr/dev_ws/install/turtlesim/include/turtlesim/msg/color__rosidl_typesupport_connext_cpp.hpp
[36.077s] -- Installing: /home/manojbr/dev_ws/install/turtlesim/include/turtlesim/msg/rosidl_typesupport_connext_cpp__visibility_control.h
[36.077s] -- Up-to-date: /home/manojbr/dev_ws/install/turtlesim/include/turtlesim/action
[36.077s] -- Up-to-date: /home/manojbr/dev_ws/install/turtlesim/include/turtlesim/action/dds_connext
[36.077s] -- Installing: /home/manojbr/dev_ws/install/turtlesim/include/turtlesim/action/dds_connext/RotateAbsolute_.h
[36.078s] -- Installing: /home/manojbr/dev_ws/install/turtlesim/include/turtlesim/action/dds_connext/RotateAbsolute_Support.cxx
[36.078s] -- Installing: /home/manojbr/dev_ws/install/turtlesim/include/turtlesim/action/dds_connext/RotateAbsolute_Plugin.cxx
[36.078s] -- Installing: /home/manojbr/dev_ws/install/turtlesim/include/turtlesim/action/dds_connext/RotateAbsolute_Support.h
[36.078s] -- Installing: /home/manojbr/dev_ws/install/turtlesim/include/turtlesim/action/dds_connext/RotateAbsolute_Plugin.h
[36.078s] -- Installing: /home/manojbr/dev_ws/install/turtlesim/include/turtlesim/action/dds_connext/RotateAbsolute_.cxx
[36.078s] -- Installing: /home/manojbr/dev_ws/install/turtlesim/include/turtlesim/action/rotate_absolute__rosidl_typesupport_connext_cpp.hpp
[36.079s] -- Installing: /home/manojbr/dev_ws/install/turtlesim/lib/libturtlesim__rosidl_typesupport_connext_cpp.so
[36.085s] -- Set runtime path of "/home/manojbr/dev_ws/install/turtlesim/lib/libturtlesim__rosidl_typesupport_connext_cpp.so" to ""
[36.086s] -- Up-to-date: /home/manojbr/dev_ws/install/turtlesim/include/turtlesim
[36.086s] -- Up-to-date: /home/manojbr/dev_ws/install/turtlesim/include/turtlesim/srv
[36.086s] -- Up-to-date: /home/manojbr/dev_ws/install/turtlesim/include/turtlesim/srv/detail
[36.086s] -- Installing: /home/manojbr/dev_ws/install/turtlesim/include/turtlesim/srv/detail/teleport_relative__rosidl_typesupport_fastrtps_c.h
[36.086s] -- Installing: /home/manojbr/dev_ws/install/turtlesim/include/turtlesim/srv/detail/set_pen__rosidl_typesupport_fastrtps_c.h
[36.087s] -- Installing: /home/manojbr/dev_ws/install/turtlesim/include/turtlesim/srv/detail/teleport_absolute__rosidl_typesupport_fastrtps_c.h
[36.087s] -- Installing: /home/manojbr/dev_ws/install/turtlesim/include/turtlesim/srv/detail/spawn__rosidl_typesupport_fastrtps_c.h
[36.087s] -- Installing: /home/manojbr/dev_ws/install/turtlesim/include/turtlesim/srv/detail/kill__rosidl_typesupport_fastrtps_c.h
[36.087s] -- Up-to-date: /home/manojbr/dev_ws/install/turtlesim/include/turtlesim/msg
[36.087s] -- Up-to-date: /home/manojbr/dev_ws/install/turtlesim/include/turtlesim/msg/detail
[36.087s] -- Installing: /home/manojbr/dev_ws/install/turtlesim/include/turtlesim/msg/detail/pose__rosidl_typesupport_fastrtps_c.h
[36.087s] -- Installing: /home/manojbr/dev_ws/install/turtlesim/include/turtlesim/msg/detail/color__rosidl_typesupport_fastrtps_c.h
[36.087s] -- Installing: /home/manojbr/dev_ws/install/turtlesim/include/turtlesim/msg/rosidl_typesupport_fastrtps_c__visibility_control.h
[36.088s] -- Up-to-date: /home/manojbr/dev_ws/install/turtlesim/include/turtlesim/action
[36.088s] -- Up-to-date: /home/manojbr/dev_ws/install/turtlesim/include/turtlesim/action/detail
[36.088s] -- Installing: /home/manojbr/dev_ws/install/turtlesim/include/turtlesim/action/detail/rotate_absolute__rosidl_typesupport_fastrtps_c.h
[36.088s] -- Installing: /home/manojbr/dev_ws/install/turtlesim/lib/libturtlesim__rosidl_typesupport_fastrtps_c.so
[36.088s] -- Set runtime path of "/home/manojbr/dev_ws/install/turtlesim/lib/libturtlesim__rosidl_typesupport_fastrtps_c.so" to ""
[36.088s] -- Up-to-date: /home/manojbr/dev_ws/install/turtlesim/include/turtlesim
[36.089s] -- Up-to-date: /home/manojbr/dev_ws/install/turtlesim/include/turtlesim/srv
[36.089s] -- Up-to-date: /home/manojbr/dev_ws/install/turtlesim/include/turtlesim/srv/detail
[36.089s] -- Installing: /home/manojbr/dev_ws/install/turtlesim/include/turtlesim/srv/detail/spawn__rosidl_typesupport_fastrtps_cpp.hpp
[36.089s] -- Installing: /home/manojbr/dev_ws/install/turtlesim/include/turtlesim/srv/detail/dds_fastrtps
[36.089s] -- Installing: /home/manojbr/dev_ws/install/turtlesim/include/turtlesim/srv/detail/kill__rosidl_typesupport_fastrtps_cpp.hpp
[36.089s] -- Installing: /home/manojbr/dev_ws/install/turtlesim/include/turtlesim/srv/detail/teleport_relative__rosidl_typesupport_fastrtps_cpp.hpp
[36.089s] -- Installing: /home/manojbr/dev_ws/install/turtlesim/include/turtlesim/srv/detail/teleport_absolute__rosidl_typesupport_fastrtps_cpp.hpp
[36.090s] -- Installing: /home/manojbr/dev_ws/install/turtlesim/include/turtlesim/srv/detail/set_pen__rosidl_typesupport_fastrtps_cpp.hpp
[36.090s] -- Up-to-date: /home/manojbr/dev_ws/install/turtlesim/include/turtlesim/msg
[36.090s] -- Up-to-date: /home/manojbr/dev_ws/install/turtlesim/include/turtlesim/msg/detail
[36.090s] -- Installing: /home/manojbr/dev_ws/install/turtlesim/include/turtlesim/msg/detail/dds_fastrtps
[36.090s] -- Installing: /home/manojbr/dev_ws/install/turtlesim/include/turtlesim/msg/detail/pose__rosidl_typesupport_fastrtps_cpp.hpp
[36.090s] -- Installing: /home/manojbr/dev_ws/install/turtlesim/include/turtlesim/msg/detail/color__rosidl_typesupport_fastrtps_cpp.hpp
[36.090s] -- Installing: /home/manojbr/dev_ws/install/turtlesim/include/turtlesim/msg/rosidl_typesupport_fastrtps_cpp__visibility_control.h
[36.090s] -- Up-to-date: /home/manojbr/dev_ws/install/turtlesim/include/turtlesim/action
[36.090s] -- Up-to-date: /home/manojbr/dev_ws/install/turtlesim/include/turtlesim/action/detail
[36.091s] -- Installing: /home/manojbr/dev_ws/install/turtlesim/include/turtlesim/action/detail/dds_fastrtps
[36.091s] -- Installing: /home/manojbr/dev_ws/install/turtlesim/include/turtlesim/action/detail/rotate_absolute__rosidl_typesupport_fastrtps_cpp.hpp
[36.091s] -- Installing: /home/manojbr/dev_ws/install/turtlesim/lib/libturtlesim__rosidl_typesupport_fastrtps_cpp.so
[36.091s] -- Set runtime path of "/home/manojbr/dev_ws/install/turtlesim/lib/libturtlesim__rosidl_typesupport_fastrtps_cpp.so" to ""
[36.091s] -- Up-to-date: /home/manojbr/dev_ws/install/turtlesim/include/turtlesim
[36.091s] -- Up-to-date: /home/manojbr/dev_ws/install/turtlesim/include/turtlesim/srv
[36.091s] -- Up-to-date: /home/manojbr/dev_ws/install/turtlesim/include/turtlesim/srv/detail
[36.091s] -- Installing: /home/manojbr/dev_ws/install/turtlesim/include/turtlesim/srv/detail/spawn__rosidl_typesupport_introspection_c.h
[36.091s] -- Installing: /home/manojbr/dev_ws/install/turtlesim/include/turtlesim/srv/detail/teleport_absolute__type_support.c
[36.092s] -- Installing: /home/manojbr/dev_ws/install/turtlesim/include/turtlesim/srv/detail/set_pen__type_support.c
[36.092s] -- Installing: /home/manojbr/dev_ws/install/turtlesim/include/turtlesim/srv/detail/spawn__type_support.c
[36.092s] -- Installing: /home/manojbr/dev_ws/install/turtlesim/include/turtlesim/srv/detail/teleport_absolute__rosidl_typesupport_introspection_c.h
[36.092s] -- Installing: /home/manojbr/dev_ws/install/turtlesim/include/turtlesim/srv/detail/kill__type_support.c
[36.092s] -- Installing: /home/manojbr/dev_ws/install/turtlesim/include/turtlesim/srv/detail/set_pen__rosidl_typesupport_introspection_c.h
[36.092s] -- Installing: /home/manojbr/dev_ws/install/turtlesim/include/turtlesim/srv/detail/teleport_relative__type_support.c
[36.092s] -- Installing: /home/manojbr/dev_ws/install/turtlesim/include/turtlesim/srv/detail/teleport_relative__rosidl_typesupport_introspection_c.h
[36.093s] -- Installing: /home/manojbr/dev_ws/install/turtlesim/include/turtlesim/srv/detail/kill__rosidl_typesupport_introspection_c.h
[36.093s] -- Up-to-date: /home/manojbr/dev_ws/install/turtlesim/include/turtlesim/msg
[36.093s] -- Up-to-date: /home/manojbr/dev_ws/install/turtlesim/include/turtlesim/msg/detail
[36.093s] -- Installing: /home/manojbr/dev_ws/install/turtlesim/include/turtlesim/msg/detail/pose__type_support.c
[36.093s] -- Installing: /home/manojbr/dev_ws/install/turtlesim/include/turtlesim/msg/detail/pose__rosidl_typesupport_introspection_c.h
[36.093s] -- Installing: /home/manojbr/dev_ws/install/turtlesim/include/turtlesim/msg/detail/color__rosidl_typesupport_introspection_c.h
[36.093s] -- Installing: /home/manojbr/dev_ws/install/turtlesim/include/turtlesim/msg/detail/color__type_support.c
[36.093s] -- Installing: /home/manojbr/dev_ws/install/turtlesim/include/turtlesim/msg/rosidl_typesupport_introspection_c__visibility_control.h
[36.093s] -- Up-to-date: /home/manojbr/dev_ws/install/turtlesim/include/turtlesim/action
[36.093s] -- Up-to-date: /home/manojbr/dev_ws/install/turtlesim/include/turtlesim/action/detail
[36.094s] -- Installing: /home/manojbr/dev_ws/install/turtlesim/include/turtlesim/action/detail/rotate_absolute__type_support.c
[36.094s] -- Installing: /home/manojbr/dev_ws/install/turtlesim/include/turtlesim/action/detail/rotate_absolute__rosidl_typesupport_introspection_c.h
[36.094s] -- Installing: /home/manojbr/dev_ws/install/turtlesim/lib/libturtlesim__rosidl_typesupport_introspection_c.so
[36.094s] -- Set runtime path of "/home/manojbr/dev_ws/install/turtlesim/lib/libturtlesim__rosidl_typesupport_introspection_c.so" to ""
[36.094s] -- Installing: /home/manojbr/dev_ws/install/turtlesim/lib/libturtlesim__rosidl_typesupport_c.so
[36.095s] -- Set runtime path of "/home/manojbr/dev_ws/install/turtlesim/lib/libturtlesim__rosidl_typesupport_c.so" to ""
[36.095s] -- Up-to-date: /home/manojbr/dev_ws/install/turtlesim/include/turtlesim
[36.095s] -- Up-to-date: /home/manojbr/dev_ws/install/turtlesim/include/turtlesim/srv
[36.095s] -- Up-to-date: /home/manojbr/dev_ws/install/turtlesim/include/turtlesim/srv/detail
[36.095s] -- Installing: /home/manojbr/dev_ws/install/turtlesim/include/turtlesim/srv/detail/teleport_absolute__traits.hpp
[36.095s] -- Installing: /home/manojbr/dev_ws/install/turtlesim/include/turtlesim/srv/detail/set_pen__traits.hpp
[36.095s] -- Installing: /home/manojbr/dev_ws/install/turtlesim/include/turtlesim/srv/detail/spawn__traits.hpp
[36.095s] -- Installing: /home/manojbr/dev_ws/install/turtlesim/include/turtlesim/srv/detail/teleport_relative__traits.hpp
[36.096s] -- Installing: /home/manojbr/dev_ws/install/turtlesim/include/turtlesim/srv/detail/kill__traits.hpp
[36.096s] -- Installing: /home/manojbr/dev_ws/install/turtlesim/include/turtlesim/srv/detail/set_pen__struct.hpp
[36.096s] -- Installing: /home/manojbr/dev_ws/install/turtlesim/include/turtlesim/srv/detail/set_pen__builder.hpp
[36.096s] -- Installing: /home/manojbr/dev_ws/install/turtlesim/include/turtlesim/srv/detail/spawn__struct.hpp
[36.096s] -- Installing: /home/manojbr/dev_ws/install/turtlesim/include/turtlesim/srv/detail/teleport_absolute__builder.hpp
[36.096s] -- Installing: /home/manojbr/dev_ws/install/turtlesim/include/turtlesim/srv/detail/kill__builder.hpp
[36.096s] -- Installing: /home/manojbr/dev_ws/install/turtlesim/include/turtlesim/srv/detail/teleport_relative__builder.hpp
[36.096s] -- Installing: /home/manojbr/dev_ws/install/turtlesim/include/turtlesim/srv/detail/teleport_relative__struct.hpp
[36.096s] -- Installing: /home/manojbr/dev_ws/install/turtlesim/include/turtlesim/srv/detail/spawn__builder.hpp
[36.096s] -- Installing: /home/manojbr/dev_ws/install/turtlesim/include/turtlesim/srv/detail/kill__struct.hpp
[36.097s] -- Installing: /home/manojbr/dev_ws/install/turtlesim/include/turtlesim/srv/detail/teleport_absolute__struct.hpp
[36.097s] -- Installing: /home/manojbr/dev_ws/install/turtlesim/include/turtlesim/srv/kill.hpp
[36.097s] -- Installing: /home/manojbr/dev_ws/install/turtlesim/include/turtlesim/srv/set_pen.hpp
[36.097s] -- Installing: /home/manojbr/dev_ws/install/turtlesim/include/turtlesim/srv/teleport_relative.hpp
[36.097s] -- Installing: /home/manojbr/dev_ws/install/turtlesim/include/turtlesim/srv/spawn.hpp
[36.097s] -- Installing: /home/manojbr/dev_ws/install/turtlesim/include/turtlesim/srv/teleport_absolute.hpp
[36.097s] -- Up-to-date: /home/manojbr/dev_ws/install/turtlesim/include/turtlesim/msg
[36.097s] -- Up-to-date: /home/manojbr/dev_ws/install/turtlesim/include/turtlesim/msg/detail
[36.097s] -- Installing: /home/manojbr/dev_ws/install/turtlesim/include/turtlesim/msg/detail/color__builder.hpp
[36.097s] -- Installing: /home/manojbr/dev_ws/install/turtlesim/include/turtlesim/msg/detail/color__traits.hpp
[36.098s] -- Installing: /home/manojbr/dev_ws/install/turtlesim/include/turtlesim/msg/detail/color__struct.hpp
[36.098s] -- Installing: /home/manojbr/dev_ws/install/turtlesim/include/turtlesim/msg/detail/pose__traits.hpp
[36.098s] -- Installing: /home/manojbr/dev_ws/install/turtlesim/include/turtlesim/msg/detail/pose__builder.hpp
[36.098s] -- Installing: /home/manojbr/dev_ws/install/turtlesim/include/turtlesim/msg/detail/pose__struct.hpp
[36.098s] -- Installing: /home/manojbr/dev_ws/install/turtlesim/include/turtlesim/msg/pose.hpp
[36.098s] -- Installing: /home/manojbr/dev_ws/install/turtlesim/include/turtlesim/msg/color.hpp
[36.098s] -- Up-to-date: /home/manojbr/dev_ws/install/turtlesim/include/turtlesim/action
[36.098s] -- Up-to-date: /home/manojbr/dev_ws/install/turtlesim/include/turtlesim/action/detail
[36.098s] -- Installing: /home/manojbr/dev_ws/install/turtlesim/include/turtlesim/action/detail/rotate_absolute__builder.hpp
[36.098s] -- Installing: /home/manojbr/dev_ws/install/turtlesim/include/turtlesim/action/detail/rotate_absolute__struct.hpp
[36.099s] -- Installing: /home/manojbr/dev_ws/install/turtlesim/include/turtlesim/action/detail/rotate_absolute__traits.hpp
[36.099s] -- Installing: /home/manojbr/dev_ws/install/turtlesim/include/turtlesim/action/rotate_absolute.hpp
[36.099s] -- Up-to-date: /home/manojbr/dev_ws/install/turtlesim/include/turtlesim
[36.099s] -- Up-to-date: /home/manojbr/dev_ws/install/turtlesim/include/turtlesim/srv
[36.099s] -- Up-to-date: /home/manojbr/dev_ws/install/turtlesim/include/turtlesim/srv/detail
[36.099s] -- Installing: /home/manojbr/dev_ws/install/turtlesim/include/turtlesim/srv/detail/teleport_absolute__type_support.cpp
[36.099s] -- Installing: /home/manojbr/dev_ws/install/turtlesim/include/turtlesim/srv/detail/set_pen__type_support.cpp
[36.099s] -- Installing: /home/manojbr/dev_ws/install/turtlesim/include/turtlesim/srv/detail/set_pen__rosidl_typesupport_introspection_cpp.hpp
[36.099s] -- Installing: /home/manojbr/dev_ws/install/turtlesim/include/turtlesim/srv/detail/kill__rosidl_typesupport_introspection_cpp.hpp
[36.099s] -- Installing: /home/manojbr/dev_ws/install/turtlesim/include/turtlesim/srv/detail/teleport_absolute__rosidl_typesupport_introspection_cpp.hpp
[36.100s] -- Installing: /home/manojbr/dev_ws/install/turtlesim/include/turtlesim/srv/detail/kill__type_support.cpp
[36.100s] -- Installing: /home/manojbr/dev_ws/install/turtlesim/include/turtlesim/srv/detail/spawn__type_support.cpp
[36.100s] -- Installing: /home/manojbr/dev_ws/install/turtlesim/include/turtlesim/srv/detail/teleport_relative__rosidl_typesupport_introspection_cpp.hpp
[36.100s] -- Installing: /home/manojbr/dev_ws/install/turtlesim/include/turtlesim/srv/detail/teleport_relative__type_support.cpp
[36.100s] -- Installing: /home/manojbr/dev_ws/install/turtlesim/include/turtlesim/srv/detail/spawn__rosidl_typesupport_introspection_cpp.hpp
[36.100s] -- Up-to-date: /home/manojbr/dev_ws/install/turtlesim/include/turtlesim/msg
[36.100s] -- Up-to-date: /home/manojbr/dev_ws/install/turtlesim/include/turtlesim/msg/detail
[36.100s] -- Installing: /home/manojbr/dev_ws/install/turtlesim/include/turtlesim/msg/detail/color__type_support.cpp
[36.100s] -- Installing: /home/manojbr/dev_ws/install/turtlesim/include/turtlesim/msg/detail/pose__rosidl_typesupport_introspection_cpp.hpp
[36.100s] -- Installing: /home/manojbr/dev_ws/install/turtlesim/include/turtlesim/msg/detail/pose__type_support.cpp
[36.100s] -- Installing: /home/manojbr/dev_ws/install/turtlesim/include/turtlesim/msg/detail/color__rosidl_typesupport_introspection_cpp.hpp
[36.100s] -- Up-to-date: /home/manojbr/dev_ws/install/turtlesim/include/turtlesim/action
[36.100s] -- Up-to-date: /home/manojbr/dev_ws/install/turtlesim/include/turtlesim/action/detail
[36.101s] -- Installing: /home/manojbr/dev_ws/install/turtlesim/include/turtlesim/action/detail/rotate_absolute__rosidl_typesupport_introspection_cpp.hpp
[36.101s] -- Installing: /home/manojbr/dev_ws/install/turtlesim/include/turtlesim/action/detail/rotate_absolute__type_support.cpp
[36.101s] -- Installing: /home/manojbr/dev_ws/install/turtlesim/lib/libturtlesim__rosidl_typesupport_introspection_cpp.so
[36.101s] -- Set runtime path of "/home/manojbr/dev_ws/install/turtlesim/lib/libturtlesim__rosidl_typesupport_introspection_cpp.so" to ""
[36.101s] -- Installing: /home/manojbr/dev_ws/install/turtlesim/lib/libturtlesim__rosidl_typesupport_cpp.so
[36.101s] -- Set runtime path of "/home/manojbr/dev_ws/install/turtlesim/lib/libturtlesim__rosidl_typesupport_cpp.so" to ""
[36.101s] -- Installing: /home/manojbr/dev_ws/install/turtlesim/share/turtlesim/environment/pythonpath.sh
[36.101s] -- Installing: /home/manojbr/dev_ws/install/turtlesim/share/turtlesim/environment/pythonpath.dsv
[36.101s] -- Installing: /home/manojbr/dev_ws/install/turtlesim/lib/python3.8/site-packages/turtlesim/__init__.py
[36.130s] Compiling '/home/manojbr/dev_ws/install/turtlesim/lib/python3.8/site-packages/turtlesim/__init__.py'...
[36.133s] -- Installing: /home/manojbr/dev_ws/install/turtlesim/lib/python3.8/site-packages/turtlesim/action
[36.133s] -- Installing: /home/manojbr/dev_ws/install/turtlesim/lib/python3.8/site-packages/turtlesim/action/_rotate_absolute_s.c
[36.134s] -- Installing: /home/manojbr/dev_ws/install/turtlesim/lib/python3.8/site-packages/turtlesim/action/__init__.py
[36.134s] -- Installing: /home/manojbr/dev_ws/install/turtlesim/lib/python3.8/site-packages/turtlesim/action/_rotate_absolute.py
[36.134s] -- Installing: /home/manojbr/dev_ws/install/turtlesim/lib/python3.8/site-packages/turtlesim/msg
[36.134s] -- Installing: /home/manojbr/dev_ws/install/turtlesim/lib/python3.8/site-packages/turtlesim/msg/_color_s.c
[36.134s] -- Installing: /home/manojbr/dev_ws/install/turtlesim/lib/python3.8/site-packages/turtlesim/msg/__init__.py
[36.134s] -- Installing: /home/manojbr/dev_ws/install/turtlesim/lib/python3.8/site-packages/turtlesim/msg/_pose_s.c
[36.134s] -- Installing: /home/manojbr/dev_ws/install/turtlesim/lib/python3.8/site-packages/turtlesim/msg/_color.py
[36.134s] -- Installing: /home/manojbr/dev_ws/install/turtlesim/lib/python3.8/site-packages/turtlesim/msg/_pose.py
[36.134s] -- Installing: /home/manojbr/dev_ws/install/turtlesim/lib/python3.8/site-packages/turtlesim/srv
[36.134s] -- Installing: /home/manojbr/dev_ws/install/turtlesim/lib/python3.8/site-packages/turtlesim/srv/_teleport_relative_s.c
[36.134s] -- Installing: /home/manojbr/dev_ws/install/turtlesim/lib/python3.8/site-packages/turtlesim/srv/_teleport_relative.py
[36.134s] -- Installing: /home/manojbr/dev_ws/install/turtlesim/lib/python3.8/site-packages/turtlesim/srv/_kill.py
[36.134s] -- Installing: /home/manojbr/dev_ws/install/turtlesim/lib/python3.8/site-packages/turtlesim/srv/_teleport_absolute_s.c
[36.134s] -- Installing: /home/manojbr/dev_ws/install/turtlesim/lib/python3.8/site-packages/turtlesim/srv/_kill_s.c
[36.135s] -- Installing: /home/manojbr/dev_ws/install/turtlesim/lib/python3.8/site-packages/turtlesim/srv/__init__.py
[36.135s] -- Installing: /home/manojbr/dev_ws/install/turtlesim/lib/python3.8/site-packages/turtlesim/srv/_spawn.py
[36.135s] -- Installing: /home/manojbr/dev_ws/install/turtlesim/lib/python3.8/site-packages/turtlesim/srv/_teleport_absolute.py
[36.135s] -- Installing: /home/manojbr/dev_ws/install/turtlesim/lib/python3.8/site-packages/turtlesim/srv/_spawn_s.c
[36.135s] -- Installing: /home/manojbr/dev_ws/install/turtlesim/lib/python3.8/site-packages/turtlesim/srv/_set_pen_s.c
[36.135s] -- Installing: /home/manojbr/dev_ws/install/turtlesim/lib/python3.8/site-packages/turtlesim/srv/_set_pen.py
[36.135s] -- Installing: /home/manojbr/dev_ws/install/turtlesim/lib/python3.8/site-packages/turtlesim/turtlesim_s__rosidl_typesupport_connext_c.cpython-38-x86_64-linux-gnu.so
[36.135s] -- Set runtime path of "/home/manojbr/dev_ws/install/turtlesim/lib/python3.8/site-packages/turtlesim/turtlesim_s__rosidl_typesupport_connext_c.cpython-38-x86_64-linux-gnu.so" to ""
[36.136s] -- Installing: /home/manojbr/dev_ws/install/turtlesim/lib/python3.8/site-packages/turtlesim/turtlesim_s__rosidl_typesupport_fastrtps_c.cpython-38-x86_64-linux-gnu.so
[36.136s] -- Set runtime path of "/home/manojbr/dev_ws/install/turtlesim/lib/python3.8/site-packages/turtlesim/turtlesim_s__rosidl_typesupport_fastrtps_c.cpython-38-x86_64-linux-gnu.so" to ""
[36.137s] -- Installing: /home/manojbr/dev_ws/install/turtlesim/lib/python3.8/site-packages/turtlesim/turtlesim_s__rosidl_typesupport_introspection_c.cpython-38-x86_64-linux-gnu.so
[36.137s] -- Set runtime path of "/home/manojbr/dev_ws/install/turtlesim/lib/python3.8/site-packages/turtlesim/turtlesim_s__rosidl_typesupport_introspection_c.cpython-38-x86_64-linux-gnu.so" to ""
[36.137s] -- Installing: /home/manojbr/dev_ws/install/turtlesim/lib/python3.8/site-packages/turtlesim/turtlesim_s__rosidl_typesupport_c.cpython-38-x86_64-linux-gnu.so
[36.138s] -- Set runtime path of "/home/manojbr/dev_ws/install/turtlesim/lib/python3.8/site-packages/turtlesim/turtlesim_s__rosidl_typesupport_c.cpython-38-x86_64-linux-gnu.so" to ""
[36.138s] -- Installing: /home/manojbr/dev_ws/install/turtlesim/lib/libturtlesim__python.so
[36.138s] -- Set runtime path of "/home/manojbr/dev_ws/install/turtlesim/lib/libturtlesim__python.so" to ""
[36.138s] -- Installing: /home/manojbr/dev_ws/install/turtlesim/share/turtlesim/action/RotateAbsolute.idl
[36.138s] -- Installing: /home/manojbr/dev_ws/install/turtlesim/share/turtlesim/msg/Color.idl
[36.138s] -- Installing: /home/manojbr/dev_ws/install/turtlesim/share/turtlesim/msg/Pose.idl
[36.139s] -- Installing: /home/manojbr/dev_ws/install/turtlesim/share/turtlesim/srv/Kill.idl
[36.139s] -- Installing: /home/manojbr/dev_ws/install/turtlesim/share/turtlesim/srv/SetPen.idl
[36.139s] -- Installing: /home/manojbr/dev_ws/install/turtlesim/share/turtlesim/srv/Spawn.idl
[36.139s] -- Installing: /home/manojbr/dev_ws/install/turtlesim/share/turtlesim/srv/TeleportAbsolute.idl
[36.139s] -- Installing: /home/manojbr/dev_ws/install/turtlesim/share/turtlesim/srv/TeleportRelative.idl
[36.139s] -- Installing: /home/manojbr/dev_ws/install/turtlesim/share/turtlesim/action/RotateAbsolute.action
[36.139s] -- Installing: /home/manojbr/dev_ws/install/turtlesim/share/turtlesim/msg/Color.msg
[36.139s] -- Installing: /home/manojbr/dev_ws/install/turtlesim/share/turtlesim/msg/Pose.msg
[36.139s] -- Installing: /home/manojbr/dev_ws/install/turtlesim/share/turtlesim/srv/Kill.srv
[36.140s] -- Installing: /home/manojbr/dev_ws/install/turtlesim/share/turtlesim/srv/Kill_Request.msg
[36.140s] -- Installing: /home/manojbr/dev_ws/install/turtlesim/share/turtlesim/srv/Kill_Response.msg
[36.140s] -- Installing: /home/manojbr/dev_ws/install/turtlesim/share/turtlesim/srv/SetPen.srv
[36.140s] -- Installing: /home/manojbr/dev_ws/install/turtlesim/share/turtlesim/srv/SetPen_Request.msg
[36.140s] -- Installing: /home/manojbr/dev_ws/install/turtlesim/share/turtlesim/srv/SetPen_Response.msg
[36.140s] -- Installing: /home/manojbr/dev_ws/install/turtlesim/share/turtlesim/srv/Spawn.srv
[36.140s] -- Installing: /home/manojbr/dev_ws/install/turtlesim/share/turtlesim/srv/Spawn_Request.msg
[36.140s] -- Installing: /home/manojbr/dev_ws/install/turtlesim/share/turtlesim/srv/Spawn_Response.msg
[36.140s] -- Installing: /home/manojbr/dev_ws/install/turtlesim/share/turtlesim/srv/TeleportAbsolute.srv
[36.140s] -- Installing: /home/manojbr/dev_ws/install/turtlesim/share/turtlesim/srv/TeleportAbsolute_Request.msg
[36.141s] -- Installing: /home/manojbr/dev_ws/install/turtlesim/share/turtlesim/srv/TeleportAbsolute_Response.msg
[36.141s] -- Installing: /home/manojbr/dev_ws/install/turtlesim/share/turtlesim/srv/TeleportRelative.srv
[36.141s] -- Installing: /home/manojbr/dev_ws/install/turtlesim/share/turtlesim/srv/TeleportRelative_Request.msg
[36.141s] -- Installing: /home/manojbr/dev_ws/install/turtlesim/share/turtlesim/srv/TeleportRelative_Response.msg
[36.141s] -- Installing: /home/manojbr/dev_ws/install/turtlesim/lib/turtlesim/turtlesim_node
[36.144s] -- Set runtime path of "/home/manojbr/dev_ws/install/turtlesim/lib/turtlesim/turtlesim_node" to ""
[36.145s] -- Installing: /home/manojbr/dev_ws/install/turtlesim/lib/turtlesim/turtle_teleop_key
[36.146s] -- Set runtime path of "/home/manojbr/dev_ws/install/turtlesim/lib/turtlesim/turtle_teleop_key" to ""
[36.146s] -- Installing: /home/manojbr/dev_ws/install/turtlesim/lib/turtlesim/draw_square
[36.148s] -- Set runtime path of "/home/manojbr/dev_ws/install/turtlesim/lib/turtlesim/draw_square" to ""
[36.148s] -- Installing: /home/manojbr/dev_ws/install/turtlesim/lib/turtlesim/mimic
[36.149s] -- Set runtime path of "/home/manojbr/dev_ws/install/turtlesim/lib/turtlesim/mimic" to ""
[36.149s] -- Installing: /home/manojbr/dev_ws/install/turtlesim/share/turtlesim/images
[36.149s] -- Installing: /home/manojbr/dev_ws/install/turtlesim/share/turtlesim/images/bouncy.png
[36.150s] -- Installing: /home/manojbr/dev_ws/install/turtlesim/share/turtlesim/images/eloquent.png
[36.150s] -- Installing: /home/manojbr/dev_ws/install/turtlesim/share/turtlesim/images/foxy.png
[36.150s] -- Installing: /home/manojbr/dev_ws/install/turtlesim/share/turtlesim/images/ardent.png
[36.185s] -- Installing: /home/manojbr/dev_ws/install/turtlesim/share/turtlesim/images/dashing.png
[36.186s] -- Installing: /home/manojbr/dev_ws/install/turtlesim/share/turtlesim/images/crystal.png
[36.186s] -- Installing: /home/manojbr/dev_ws/install/turtlesim/share/turtlesim/launch
[36.187s] -- Installing: /home/manojbr/dev_ws/install/turtlesim/share/turtlesim/launch/multisim.launch.py
[36.191s] -- Installing: /home/manojbr/dev_ws/install/turtlesim/share/ament_index/resource_index/package_run_dependencies/turtlesim
[36.192s] -- Installing: /home/manojbr/dev_ws/install/turtlesim/share/ament_index/resource_index/parent_prefix_path/turtlesim
[36.192s] -- Installing: /home/manojbr/dev_ws/install/turtlesim/share/turtlesim/environment/ament_prefix_path.sh
[36.193s] -- Installing: /home/manojbr/dev_ws/install/turtlesim/share/turtlesim/environment/ament_prefix_path.dsv
[36.193s] -- Installing: /home/manojbr/dev_ws/install/turtlesim/share/turtlesim/environment/path.sh
[36.194s] -- Installing: /home/manojbr/dev_ws/install/turtlesim/share/turtlesim/environment/path.dsv
[36.194s] -- Installing: /home/manojbr/dev_ws/install/turtlesim/share/turtlesim/local_setup.bash
[36.195s] -- Installing: /home/manojbr/dev_ws/install/turtlesim/share/turtlesim/local_setup.sh
[36.195s] -- Installing: /home/manojbr/dev_ws/install/turtlesim/share/turtlesim/local_setup.zsh
[36.195s] -- Installing: /home/manojbr/dev_ws/install/turtlesim/share/turtlesim/local_setup.dsv
[36.196s] -- Installing: /home/manojbr/dev_ws/install/turtlesim/share/turtlesim/package.dsv
[36.196s] -- Installing: /home/manojbr/dev_ws/install/turtlesim/share/ament_index/resource_index/packages/turtlesim
[36.196s] -- Installing: /home/manojbr/dev_ws/install/turtlesim/share/turtlesim/cmake/turtlesim__rosidl_generator_cExport.cmake
[36.197s] -- Installing: /home/manojbr/dev_ws/install/turtlesim/share/turtlesim/cmake/turtlesim__rosidl_generator_cExport-noconfig.cmake
[36.198s] -- Installing: /home/manojbr/dev_ws/install/turtlesim/share/turtlesim/cmake/turtlesim__rosidl_typesupport_introspection_cExport.cmake
[36.198s] -- Installing: /home/manojbr/dev_ws/install/turtlesim/share/turtlesim/cmake/turtlesim__rosidl_typesupport_introspection_cExport-noconfig.cmake
[36.199s] -- Installing: /home/manojbr/dev_ws/install/turtlesim/share/turtlesim/cmake/turtlesim__rosidl_typesupport_cExport.cmake
[36.200s] -- Installing: /home/manojbr/dev_ws/install/turtlesim/share/turtlesim/cmake/turtlesim__rosidl_typesupport_cExport-noconfig.cmake
[36.200s] -- Installing: /home/manojbr/dev_ws/install/turtlesim/share/turtlesim/cmake/turtlesim__rosidl_generator_cppExport.cmake
[36.200s] -- Installing: /home/manojbr/dev_ws/install/turtlesim/share/turtlesim/cmake/turtlesim__rosidl_typesupport_introspection_cppExport.cmake
[36.201s] -- Installing: /home/manojbr/dev_ws/install/turtlesim/share/turtlesim/cmake/turtlesim__rosidl_typesupport_introspection_cppExport-noconfig.cmake
[36.202s] -- Installing: /home/manojbr/dev_ws/install/turtlesim/share/turtlesim/cmake/turtlesim__rosidl_typesupport_cppExport.cmake
[36.202s] -- Installing: /home/manojbr/dev_ws/install/turtlesim/share/turtlesim/cmake/turtlesim__rosidl_typesupport_cppExport-noconfig.cmake
[36.203s] -- Installing: /home/manojbr/dev_ws/install/turtlesim/share/turtlesim/cmake/rosidl_cmake-extras.cmake
[36.203s] -- Installing: /home/manojbr/dev_ws/install/turtlesim/share/turtlesim/cmake/ament_cmake_export_dependencies-extras.cmake
[36.203s] -- Installing: /home/manojbr/dev_ws/install/turtlesim/share/turtlesim/cmake/ament_cmake_export_libraries-extras.cmake
[36.204s] -- Installing: /home/manojbr/dev_ws/install/turtlesim/share/turtlesim/cmake/ament_cmake_export_targets-extras.cmake
[36.205s] -- Installing: /home/manojbr/dev_ws/install/turtlesim/share/turtlesim/cmake/ament_cmake_export_include_directories-extras.cmake
[36.205s] -- Installing: /home/manojbr/dev_ws/install/turtlesim/share/turtlesim/cmake/rosidl_cmake_export_typesupport_libraries-extras.cmake
[36.206s] -- Installing: /home/manojbr/dev_ws/install/turtlesim/share/turtlesim/cmake/rosidl_cmake_export_typesupport_targets-extras.cmake
[36.206s] -- Installing: /home/manojbr/dev_ws/install/turtlesim/share/turtlesim/cmake/turtlesimConfig.cmake
[36.206s] -- Installing: /home/manojbr/dev_ws/install/turtlesim/share/turtlesim/cmake/turtlesimConfig-version.cmake
[36.207s] -- Installing: /home/manojbr/dev_ws/install/turtlesim/share/turtlesim/package.xml
[36.213s] Invoked command in '/home/manojbr/dev_ws/build/turtlesim' returned '0': CMAKE_PREFIX_PATH=/opt/ros/foxy /usr/bin/cmake --install /home/manojbr/dev_ws/build/turtlesim
