[0.361s] Invoking command in '/home/manojbr/dev_ws/flipkart': PYTHONPATH=/home/manojbr/dev_ws/install/flipkart/lib/python3.8/site-packages:${PYTHONPATH} /usr/bin/python3 setup.py egg_info --egg-base ../build/flipkart build --build-base /home/manojbr/dev_ws/build/flipkart/build install --prefix /home/manojbr/dev_ws/install/flipkart --record /home/manojbr/dev_ws/build/flipkart/install.log --single-version-externally-managed
[0.668s] running egg_info
[0.668s] writing ../build/flipkart/flipkart.egg-info/PKG-INFO
[0.669s] writing dependency_links to ../build/flipkart/flipkart.egg-info/dependency_links.txt
[0.669s] writing entry points to ../build/flipkart/flipkart.egg-info/entry_points.txt
[0.669s] writing requirements to ../build/flipkart/flipkart.egg-info/requires.txt
[0.669s] writing top-level names to ../build/flipkart/flipkart.egg-info/top_level.txt
[0.709s] reading manifest file '../build/flipkart/flipkart.egg-info/SOURCES.txt'
[0.710s] writing manifest file '../build/flipkart/flipkart.egg-info/SOURCES.txt'
[0.711s] running build
[0.711s] running build_py
[0.711s] copying flipkart/viper.py -> /home/manojbr/dev_ws/build/flipkart/build/lib/flipkart
[0.711s] running install
[0.714s] running install_lib
[0.716s] copying /home/manojbr/dev_ws/build/flipkart/build/lib/flipkart/viper.py -> /home/manojbr/dev_ws/install/flipkart/lib/python3.8/site-packages/flipkart
[0.719s] byte-compiling /home/manojbr/dev_ws/install/flipkart/lib/python3.8/site-packages/flipkart/viper.py to viper.cpython-38.pyc
[0.722s] running install_data
[0.723s] running install_egg_info
[0.724s] removing '/home/manojbr/dev_ws/install/flipkart/lib/python3.8/site-packages/flipkart-0.0.0-py3.8.egg-info' (and everything under it)
[0.725s] Copying ../build/flipkart/flipkart.egg-info to /home/manojbr/dev_ws/install/flipkart/lib/python3.8/site-packages/flipkart-0.0.0-py3.8.egg-info
[0.725s] running install_scripts
[0.757s] Installing detector script to /home/manojbr/dev_ws/install/flipkart/lib/flipkart
[0.757s] Installing viper script to /home/manojbr/dev_ws/install/flipkart/lib/flipkart
[0.757s] writing list of installed files to '/home/manojbr/dev_ws/build/flipkart/install.log'
[0.807s] Invoked command in '/home/manojbr/dev_ws/flipkart' returned '0': PYTHONPATH=/home/manojbr/dev_ws/install/flipkart/lib/python3.8/site-packages:${PYTHONPATH} /usr/bin/python3 setup.py egg_info --egg-base ../build/flipkart build --build-base /home/manojbr/dev_ws/build/flipkart/build install --prefix /home/manojbr/dev_ws/install/flipkart --record /home/manojbr/dev_ws/build/flipkart/install.log --single-version-externally-managed
