running egg_info
creating ../build/flipkart/flipkart.egg-info
writing ../build/flipkart/flipkart.egg-info/PKG-INFO
writing dependency_links to ../build/flipkart/flipkart.egg-info/dependency_links.txt
writing entry points to ../build/flipkart/flipkart.egg-info/entry_points.txt
writing requirements to ../build/flipkart/flipkart.egg-info/requires.txt
writing top-level names to ../build/flipkart/flipkart.egg-info/top_level.txt
writing manifest file '../build/flipkart/flipkart.egg-info/SOURCES.txt'
reading manifest file '../build/flipkart/flipkart.egg-info/SOURCES.txt'
writing manifest file '../build/flipkart/flipkart.egg-info/SOURCES.txt'
running build
running build_py
creating /home/manojbr/dev_ws/build/flipkart/build
creating /home/manojbr/dev_ws/build/flipkart/build/lib
creating /home/manojbr/dev_ws/build/flipkart/build/lib/flipkart
copying flipkart/detector.py -> /home/manojbr/dev_ws/build/flipkart/build/lib/flipkart
copying flipkart/__init__.py -> /home/manojbr/dev_ws/build/flipkart/build/lib/flipkart
running install
running install_lib
creating /home/manojbr/dev_ws/install/flipkart/lib/python3.8/site-packages/flipkart
copying /home/manojbr/dev_ws/build/flipkart/build/lib/flipkart/detector.py -> /home/manojbr/dev_ws/install/flipkart/lib/python3.8/site-packages/flipkart
copying /home/manojbr/dev_ws/build/flipkart/build/lib/flipkart/__init__.py -> /home/manojbr/dev_ws/install/flipkart/lib/python3.8/site-packages/flipkart
byte-compiling /home/manojbr/dev_ws/install/flipkart/lib/python3.8/site-packages/flipkart/detector.py to detector.cpython-38.pyc
byte-compiling /home/manojbr/dev_ws/install/flipkart/lib/python3.8/site-packages/flipkart/__init__.py to __init__.cpython-38.pyc
running install_data
creating /home/manojbr/dev_ws/install/flipkart/share/ament_index
creating /home/manojbr/dev_ws/install/flipkart/share/ament_index/resource_index
creating /home/manojbr/dev_ws/install/flipkart/share/ament_index/resource_index/packages
copying resource/flipkart -> /home/manojbr/dev_ws/install/flipkart/share/ament_index/resource_index/packages
copying package.xml -> /home/manojbr/dev_ws/install/flipkart/share/flipkart
running install_egg_info
Copying ../build/flipkart/flipkart.egg-info to /home/manojbr/dev_ws/install/flipkart/lib/python3.8/site-packages/flipkart-0.0.0-py3.8.egg-info
running install_scripts
Installing detector script to /home/manojbr/dev_ws/install/flipkart/lib/flipkart
writing list of installed files to '/home/manojbr/dev_ws/build/flipkart/install.log'
