[3.664s] Invoking command in '/home/manojbr/dev_ws/flipkart': PYTHONPATH=/home/manojbr/dev_ws/install/flipkart/lib/python3.8/site-packages:${PYTHONPATH} /usr/bin/python3 setup.py egg_info --egg-base ../build/flipkart build --build-base /home/manojbr/dev_ws/build/flipkart/build install --prefix /home/manojbr/dev_ws/install/flipkart --record /home/manojbr/dev_ws/build/flipkart/install.log --single-version-externally-managed
[3.838s] running egg_info
[3.838s] writing ../build/flipkart/flipkart.egg-info/PKG-INFO
[3.838s] writing dependency_links to ../build/flipkart/flipkart.egg-info/dependency_links.txt
[3.838s] writing entry points to ../build/flipkart/flipkart.egg-info/entry_points.txt
[3.838s] writing requirements to ../build/flipkart/flipkart.egg-info/requires.txt
[3.838s] writing top-level names to ../build/flipkart/flipkart.egg-info/top_level.txt
[3.866s] reading manifest file '../build/flipkart/flipkart.egg-info/SOURCES.txt'
[3.867s] writing manifest file '../build/flipkart/flipkart.egg-info/SOURCES.txt'
[3.867s] running build
[3.867s] running build_py
[3.867s] copying flipkart/detector.py -> /home/manojbr/dev_ws/build/flipkart/build/lib/flipkart
[3.867s] running install
[3.867s] running install_lib
[3.868s] copying /home/manojbr/dev_ws/build/flipkart/build/lib/flipkart/detector.py -> /home/manojbr/dev_ws/install/flipkart/lib/python3.8/site-packages/flipkart
[3.869s] byte-compiling /home/manojbr/dev_ws/install/flipkart/lib/python3.8/site-packages/flipkart/detector.py to detector.cpython-38.pyc
[3.870s] running install_data
[3.871s] running install_egg_info
[3.872s] removing '/home/manojbr/dev_ws/install/flipkart/lib/python3.8/site-packages/flipkart-0.0.0-py3.8.egg-info' (and everything under it)
[3.872s] Copying ../build/flipkart/flipkart.egg-info to /home/manojbr/dev_ws/install/flipkart/lib/python3.8/site-packages/flipkart-0.0.0-py3.8.egg-info
[3.873s] running install_scripts
[3.886s] Installing detector script to /home/manojbr/dev_ws/install/flipkart/lib/flipkart
[3.886s] writing list of installed files to '/home/manojbr/dev_ws/build/flipkart/install.log'
[3.904s] Invoked command in '/home/manojbr/dev_ws/flipkart' returned '0': PYTHONPATH=/home/manojbr/dev_ws/install/flipkart/lib/python3.8/site-packages:${PYTHONPATH} /usr/bin/python3 setup.py egg_info --egg-base ../build/flipkart build --build-base /home/manojbr/dev_ws/build/flipkart/build install --prefix /home/manojbr/dev_ws/install/flipkart --record /home/manojbr/dev_ws/build/flipkart/install.log --single-version-externally-managed
