[0.263s] Invoking command in '/home/manojbr/dev_ws/build/turtlesim': CMAKE_PREFIX_PATH=${CMAKE_PREFIX_PATH}:/home/manojbr/dev_ws/install/radiants:/opt/ros/foxy /usr/bin/cmake --build /home/manojbr/dev_ws/build/turtlesim -- -j8 -l8
[0.708s] [  1%] Built target turtlesim__cpp
[0.717s] [  1%] Built target turtlesim__dds_connext_idl
[0.831s] [  7%] Built target turtlesim__rosidl_generator_c
[0.988s] [ 13%] Built target turtlesim__rosidl_typesupport_introspection_cpp
[0.989s] [ 19%] Built target turtlesim__rosidl_typesupport_cpp
[0.996s] [ 24%] Built target turtlesim__rosidl_typesupport_c
[0.997s] [ 24%] [32m[1mLinking CXX shared library libturtlesim__rosidl_typesupport_fastrtps_cpp.so[0m
[1.016s] [ 30%] Built target turtlesim__rosidl_typesupport_introspection_c
[1.314s] [ 50%] Built target turtlesim__rosidl_typesupport_connext_cpp
[1.572s] [ 70%] Built target turtlesim__rosidl_typesupport_connext_c
[1.602s] [ 75%] Built target turtlesim__rosidl_typesupport_fastrtps_cpp
[1.666s] [ 75%] [32m[1mLinking CXX shared library libturtlesim__rosidl_typesupport_fastrtps_c.so[0m
[1.832s] [ 80%] Built target turtlesim__rosidl_typesupport_fastrtps_c
[1.853s] [ 80%] Built target turtlesim
[1.952s] [ 81%] Built target turtlesim__py
[1.969s] [ 82%] Built target turtle_teleop_key
[1.970s] [ 83%] Built target draw_square
[1.973s] [ 84%] Built target mimic
[1.992s] [ 88%] Built target turtlesim_node
[2.017s] [ 93%] Built target turtlesim__python
[2.047s] [ 95%] Built target turtlesim__rosidl_typesupport_introspection_c__pyext
[2.047s] [ 96%] Built target turtlesim__rosidl_typesupport_c__pyext
[2.072s] [ 98%] [32m[1mLinking CXX shared library rosidl_generator_py/turtlesim/turtlesim_s__rosidl_typesupport_fastrtps_c.cpython-38-x86_64-linux-gnu.so[0m
[2.072s] [ 99%] Built target turtlesim__rosidl_typesupport_connext_c__pyext
[2.198s] [100%] Built target turtlesim__rosidl_typesupport_fastrtps_c__pyext
[2.208s] Invoked command in '/home/manojbr/dev_ws/build/turtlesim' returned '0': CMAKE_PREFIX_PATH=${CMAKE_PREFIX_PATH}:/home/manojbr/dev_ws/install/radiants:/opt/ros/foxy /usr/bin/cmake --build /home/manojbr/dev_ws/build/turtlesim -- -j8 -l8
[2.410s] Invoking command in '/home/manojbr/dev_ws/build/turtlesim': CMAKE_PREFIX_PATH=${CMAKE_PREFIX_PATH}:/home/manojbr/dev_ws/install/radiants:/opt/ros/foxy /usr/bin/cmake --install /home/manojbr/dev_ws/build/turtlesim
[2.456s] -- Install configuration: ""
[2.457s] -- Up-to-date: /home/manojbr/dev_ws/install/turtlesim/share/ament_index/resource_index/rosidl_interfaces/turtlesim
[2.458s] -- Up-to-date: /home/manojbr/dev_ws/install/turtlesim/include/turtlesim
[2.459s] -- Up-to-date: /home/manojbr/dev_ws/install/turtlesim/include/turtlesim/srv
[2.460s] -- Up-to-date: /home/manojbr/dev_ws/install/turtlesim/include/turtlesim/srv/detail
[2.461s] -- Up-to-date: /home/manojbr/dev_ws/install/turtlesim/include/turtlesim/srv/detail/teleport_relative__functions.c
[2.461s] -- Up-to-date: /home/manojbr/dev_ws/install/turtlesim/include/turtlesim/srv/detail/teleport_absolute__struct.h
[2.462s] -- Up-to-date: /home/manojbr/dev_ws/install/turtlesim/include/turtlesim/srv/detail/teleport_absolute__type_support.h
[2.462s] -- Up-to-date: /home/manojbr/dev_ws/install/turtlesim/include/turtlesim/srv/detail/spawn__struct.h
[2.463s] -- Up-to-date: /home/manojbr/dev_ws/install/turtlesim/include/turtlesim/srv/detail/set_pen__functions.h
[2.463s] -- Up-to-date: /home/manojbr/dev_ws/install/turtlesim/include/turtlesim/srv/detail/spawn__functions.h
[2.464s] -- Up-to-date: /home/manojbr/dev_ws/install/turtlesim/include/turtlesim/srv/detail/kill__struct.h
[2.464s] -- Up-to-date: /home/manojbr/dev_ws/install/turtlesim/include/turtlesim/srv/detail/kill__type_support.h
[2.464s] -- Up-to-date: /home/manojbr/dev_ws/install/turtlesim/include/turtlesim/srv/detail/kill__functions.c
[2.464s] -- Up-to-date: /home/manojbr/dev_ws/install/turtlesim/include/turtlesim/srv/detail/set_pen__functions.c
[2.465s] -- Up-to-date: /home/manojbr/dev_ws/install/turtlesim/include/turtlesim/srv/detail/teleport_relative__type_support.h
[2.465s] -- Up-to-date: /home/manojbr/dev_ws/install/turtlesim/include/turtlesim/srv/detail/set_pen__struct.h
[2.465s] -- Up-to-date: /home/manojbr/dev_ws/install/turtlesim/include/turtlesim/srv/detail/teleport_absolute__functions.h
[2.465s] -- Up-to-date: /home/manojbr/dev_ws/install/turtlesim/include/turtlesim/srv/detail/spawn__type_support.h
[2.466s] -- Up-to-date: /home/manojbr/dev_ws/install/turtlesim/include/turtlesim/srv/detail/teleport_relative__functions.h
[2.466s] -- Up-to-date: /home/manojbr/dev_ws/install/turtlesim/include/turtlesim/srv/detail/set_pen__type_support.h
[2.466s] -- Up-to-date: /home/manojbr/dev_ws/install/turtlesim/include/turtlesim/srv/detail/kill__functions.h
[2.466s] -- Up-to-date: /home/manojbr/dev_ws/install/turtlesim/include/turtlesim/srv/detail/teleport_absolute__functions.c
[2.467s] -- Up-to-date: /home/manojbr/dev_ws/install/turtlesim/include/turtlesim/srv/detail/spawn__functions.c
[2.467s] -- Up-to-date: /home/manojbr/dev_ws/install/turtlesim/include/turtlesim/srv/detail/teleport_relative__struct.h
[2.467s] -- Up-to-date: /home/manojbr/dev_ws/install/turtlesim/include/turtlesim/srv/spawn.h
[2.467s] -- Up-to-date: /home/manojbr/dev_ws/install/turtlesim/include/turtlesim/srv/teleport_relative.h
[2.468s] -- Up-to-date: /home/manojbr/dev_ws/install/turtlesim/include/turtlesim/srv/kill.h
[2.468s] -- Up-to-date: /home/manojbr/dev_ws/install/turtlesim/include/turtlesim/srv/set_pen.h
[2.468s] -- Up-to-date: /home/manojbr/dev_ws/install/turtlesim/include/turtlesim/srv/teleport_absolute.h
[2.468s] -- Up-to-date: /home/manojbr/dev_ws/install/turtlesim/include/turtlesim/msg
[2.468s] -- Up-to-date: /home/manojbr/dev_ws/install/turtlesim/include/turtlesim/msg/rosidl_generator_c__visibility_control.h
[2.469s] -- Up-to-date: /home/manojbr/dev_ws/install/turtlesim/include/turtlesim/msg/detail
[2.469s] -- Up-to-date: /home/manojbr/dev_ws/install/turtlesim/include/turtlesim/msg/detail/color__functions.c
[2.469s] -- Up-to-date: /home/manojbr/dev_ws/install/turtlesim/include/turtlesim/msg/detail/pose__functions.c
[2.469s] -- Up-to-date: /home/manojbr/dev_ws/install/turtlesim/include/turtlesim/msg/detail/pose__type_support.h
[2.470s] -- Up-to-date: /home/manojbr/dev_ws/install/turtlesim/include/turtlesim/msg/detail/color__functions.h
[2.470s] -- Up-to-date: /home/manojbr/dev_ws/install/turtlesim/include/turtlesim/msg/detail/color__struct.h
[2.470s] -- Up-to-date: /home/manojbr/dev_ws/install/turtlesim/include/turtlesim/msg/detail/color__type_support.h
[2.470s] -- Up-to-date: /home/manojbr/dev_ws/install/turtlesim/include/turtlesim/msg/detail/pose__functions.h
[2.471s] -- Up-to-date: /home/manojbr/dev_ws/install/turtlesim/include/turtlesim/msg/detail/pose__struct.h
[2.471s] -- Up-to-date: /home/manojbr/dev_ws/install/turtlesim/include/turtlesim/msg/color.h
[2.471s] -- Up-to-date: /home/manojbr/dev_ws/install/turtlesim/include/turtlesim/msg/pose.h
[2.471s] -- Up-to-date: /home/manojbr/dev_ws/install/turtlesim/include/turtlesim/action
[2.471s] -- Up-to-date: /home/manojbr/dev_ws/install/turtlesim/include/turtlesim/action/detail
[2.472s] -- Up-to-date: /home/manojbr/dev_ws/install/turtlesim/include/turtlesim/action/detail/rotate_absolute__functions.h
[2.472s] -- Up-to-date: /home/manojbr/dev_ws/install/turtlesim/include/turtlesim/action/detail/rotate_absolute__functions.c
[2.472s] -- Up-to-date: /home/manojbr/dev_ws/install/turtlesim/include/turtlesim/action/detail/rotate_absolute__struct.h
[2.472s] -- Up-to-date: /home/manojbr/dev_ws/install/turtlesim/include/turtlesim/action/detail/rotate_absolute__type_support.h
[2.473s] -- Up-to-date: /home/manojbr/dev_ws/install/turtlesim/include/turtlesim/action/rotate_absolute.h
[2.473s] -- Up-to-date: /home/manojbr/dev_ws/install/turtlesim/share/turtlesim/environment/library_path.sh
[2.473s] -- Up-to-date: /home/manojbr/dev_ws/install/turtlesim/share/turtlesim/environment/library_path.dsv
[2.476s] -- Up-to-date: /home/manojbr/dev_ws/install/turtlesim/lib/libturtlesim__rosidl_generator_c.so
[2.477s] -- Up-to-date: /home/manojbr/dev_ws/install/turtlesim/include/turtlesim
[2.478s] -- Up-to-date: /home/manojbr/dev_ws/install/turtlesim/include/turtlesim/srv
[2.478s] -- Up-to-date: /home/manojbr/dev_ws/install/turtlesim/include/turtlesim/srv/teleport_relative__rosidl_typesupport_connext_c.h
[2.479s] -- Up-to-date: /home/manojbr/dev_ws/install/turtlesim/include/turtlesim/srv/set_pen__rosidl_typesupport_connext_c.h
[2.479s] -- Up-to-date: /home/manojbr/dev_ws/install/turtlesim/include/turtlesim/srv/kill__rosidl_typesupport_connext_c.h
[2.479s] -- Up-to-date: /home/manojbr/dev_ws/install/turtlesim/include/turtlesim/srv/dds_connext
[2.479s] -- Up-to-date: /home/manojbr/dev_ws/install/turtlesim/include/turtlesim/srv/spawn__rosidl_typesupport_connext_c.h
[2.480s] -- Up-to-date: /home/manojbr/dev_ws/install/turtlesim/include/turtlesim/srv/teleport_absolute__rosidl_typesupport_connext_c.h
[2.480s] -- Up-to-date: /home/manojbr/dev_ws/install/turtlesim/include/turtlesim/msg
[2.480s] -- Up-to-date: /home/manojbr/dev_ws/install/turtlesim/include/turtlesim/msg/pose__rosidl_typesupport_connext_c.h
[2.480s] -- Up-to-date: /home/manojbr/dev_ws/install/turtlesim/include/turtlesim/msg/dds_connext
[2.481s] -- Up-to-date: /home/manojbr/dev_ws/install/turtlesim/include/turtlesim/msg/rosidl_typesupport_connext_c__visibility_control.h
[2.481s] -- Up-to-date: /home/manojbr/dev_ws/install/turtlesim/include/turtlesim/msg/color__rosidl_typesupport_connext_c.h
[2.481s] -- Up-to-date: /home/manojbr/dev_ws/install/turtlesim/include/turtlesim/action
[2.481s] -- Up-to-date: /home/manojbr/dev_ws/install/turtlesim/include/turtlesim/action/rotate_absolute__rosidl_typesupport_connext_c.h
[2.481s] -- Up-to-date: /home/manojbr/dev_ws/install/turtlesim/include/turtlesim/action/dds_connext
[2.503s] -- Up-to-date: /home/manojbr/dev_ws/install/turtlesim/lib/libturtlesim__rosidl_typesupport_connext_c.so
[2.504s] -- Up-to-date: /home/manojbr/dev_ws/install/turtlesim/share/turtlesim/action/dds_connext
[2.505s] -- Up-to-date: /home/manojbr/dev_ws/install/turtlesim/share/turtlesim/action/dds_connext/RotateAbsolute_.idl
[2.506s] -- Up-to-date: /home/manojbr/dev_ws/install/turtlesim/share/turtlesim/msg/dds_connext
[2.506s] -- Up-to-date: /home/manojbr/dev_ws/install/turtlesim/share/turtlesim/msg/dds_connext/Pose_.idl
[2.506s] -- Up-to-date: /home/manojbr/dev_ws/install/turtlesim/share/turtlesim/msg/dds_connext/Color_.idl
[2.507s] -- Up-to-date: /home/manojbr/dev_ws/install/turtlesim/share/turtlesim/srv/dds_connext
[2.508s] -- Up-to-date: /home/manojbr/dev_ws/install/turtlesim/share/turtlesim/srv/dds_connext/TeleportAbsolute_.idl
[2.508s] -- Up-to-date: /home/manojbr/dev_ws/install/turtlesim/share/turtlesim/srv/dds_connext/Kill_.idl
[2.509s] -- Up-to-date: /home/manojbr/dev_ws/install/turtlesim/share/turtlesim/srv/dds_connext/TeleportRelative_.idl
[2.510s] -- Up-to-date: /home/manojbr/dev_ws/install/turtlesim/share/turtlesim/srv/dds_connext/Spawn_.idl
[2.510s] -- Up-to-date: /home/manojbr/dev_ws/install/turtlesim/share/turtlesim/srv/dds_connext/SetPen_.idl
[2.511s] -- Up-to-date: /home/manojbr/dev_ws/install/turtlesim/include/turtlesim
[2.511s] -- Up-to-date: /home/manojbr/dev_ws/install/turtlesim/include/turtlesim/srv
[2.511s] -- Up-to-date: /home/manojbr/dev_ws/install/turtlesim/include/turtlesim/srv/teleport_relative__rosidl_typesupport_connext_cpp.hpp
[2.512s] -- Up-to-date: /home/manojbr/dev_ws/install/turtlesim/include/turtlesim/srv/teleport_absolute__rosidl_typesupport_connext_cpp.hpp
[2.512s] -- Up-to-date: /home/manojbr/dev_ws/install/turtlesim/include/turtlesim/srv/spawn__rosidl_typesupport_connext_cpp.hpp
[2.513s] -- Up-to-date: /home/manojbr/dev_ws/install/turtlesim/include/turtlesim/srv/dds_connext
[2.513s] -- Up-to-date: /home/manojbr/dev_ws/install/turtlesim/include/turtlesim/srv/dds_connext/Spawn_Plugin.cxx
[2.513s] -- Up-to-date: /home/manojbr/dev_ws/install/turtlesim/include/turtlesim/srv/dds_connext/TeleportAbsolute_Support.cxx
[2.514s] -- Up-to-date: /home/manojbr/dev_ws/install/turtlesim/include/turtlesim/srv/dds_connext/Kill_Support.cxx
[2.514s] -- Up-to-date: /home/manojbr/dev_ws/install/turtlesim/include/turtlesim/srv/dds_connext/Kill_Support.h
[2.514s] -- Up-to-date: /home/manojbr/dev_ws/install/turtlesim/include/turtlesim/srv/dds_connext/Spawn_Plugin.h
[2.514s] -- Up-to-date: /home/manojbr/dev_ws/install/turtlesim/include/turtlesim/srv/dds_connext/TeleportAbsolute_Plugin.h
[2.515s] -- Up-to-date: /home/manojbr/dev_ws/install/turtlesim/include/turtlesim/srv/dds_connext/Spawn_.h
[2.515s] -- Up-to-date: /home/manojbr/dev_ws/install/turtlesim/include/turtlesim/srv/dds_connext/TeleportAbsolute_Plugin.cxx
[2.515s] -- Up-to-date: /home/manojbr/dev_ws/install/turtlesim/include/turtlesim/srv/dds_connext/Spawn_Support.h
[2.515s] -- Up-to-date: /home/manojbr/dev_ws/install/turtlesim/include/turtlesim/srv/dds_connext/Spawn_Support.cxx
[2.516s] -- Up-to-date: /home/manojbr/dev_ws/install/turtlesim/include/turtlesim/srv/dds_connext/TeleportRelative_Support.h
[2.516s] -- Up-to-date: /home/manojbr/dev_ws/install/turtlesim/include/turtlesim/srv/dds_connext/Kill_Plugin.cxx
[2.516s] -- Up-to-date: /home/manojbr/dev_ws/install/turtlesim/include/turtlesim/srv/dds_connext/Kill_.cxx
[2.516s] -- Up-to-date: /home/manojbr/dev_ws/install/turtlesim/include/turtlesim/srv/dds_connext/TeleportRelative_Plugin.cxx
[2.516s] -- Up-to-date: /home/manojbr/dev_ws/install/turtlesim/include/turtlesim/srv/dds_connext/SetPen_Support.h
[2.517s] -- Up-to-date: /home/manojbr/dev_ws/install/turtlesim/include/turtlesim/srv/dds_connext/SetPen_.h
[2.517s] -- Up-to-date: /home/manojbr/dev_ws/install/turtlesim/include/turtlesim/srv/dds_connext/TeleportRelative_.h
[2.517s] -- Up-to-date: /home/manojbr/dev_ws/install/turtlesim/include/turtlesim/srv/dds_connext/TeleportRelative_.cxx
[2.517s] -- Up-to-date: /home/manojbr/dev_ws/install/turtlesim/include/turtlesim/srv/dds_connext/TeleportRelative_Plugin.h
[2.518s] -- Up-to-date: /home/manojbr/dev_ws/install/turtlesim/include/turtlesim/srv/dds_connext/Spawn_.cxx
[2.518s] -- Up-to-date: /home/manojbr/dev_ws/install/turtlesim/include/turtlesim/srv/dds_connext/TeleportAbsolute_.cxx
[2.518s] -- Up-to-date: /home/manojbr/dev_ws/install/turtlesim/include/turtlesim/srv/dds_connext/TeleportRelative_Support.cxx
[2.518s] -- Up-to-date: /home/manojbr/dev_ws/install/turtlesim/include/turtlesim/srv/dds_connext/TeleportAbsolute_.h
[2.519s] -- Up-to-date: /home/manojbr/dev_ws/install/turtlesim/include/turtlesim/srv/dds_connext/Kill_Plugin.h
[2.519s] -- Up-to-date: /home/manojbr/dev_ws/install/turtlesim/include/turtlesim/srv/dds_connext/SetPen_Support.cxx
[2.519s] -- Up-to-date: /home/manojbr/dev_ws/install/turtlesim/include/turtlesim/srv/dds_connext/SetPen_Plugin.cxx
[2.519s] -- Up-to-date: /home/manojbr/dev_ws/install/turtlesim/include/turtlesim/srv/dds_connext/SetPen_Plugin.h
[2.519s] -- Up-to-date: /home/manojbr/dev_ws/install/turtlesim/include/turtlesim/srv/dds_connext/Kill_.h
[2.520s] -- Up-to-date: /home/manojbr/dev_ws/install/turtlesim/include/turtlesim/srv/dds_connext/TeleportAbsolute_Support.h
[2.520s] -- Up-to-date: /home/manojbr/dev_ws/install/turtlesim/include/turtlesim/srv/dds_connext/SetPen_.cxx
[2.520s] -- Up-to-date: /home/manojbr/dev_ws/install/turtlesim/include/turtlesim/srv/kill__rosidl_typesupport_connext_cpp.hpp
[2.520s] -- Up-to-date: /home/manojbr/dev_ws/install/turtlesim/include/turtlesim/srv/set_pen__rosidl_typesupport_connext_cpp.hpp
[2.521s] -- Up-to-date: /home/manojbr/dev_ws/install/turtlesim/include/turtlesim/msg
[2.521s] -- Up-to-date: /home/manojbr/dev_ws/install/turtlesim/include/turtlesim/msg/dds_connext
[2.521s] -- Up-to-date: /home/manojbr/dev_ws/install/turtlesim/include/turtlesim/msg/dds_connext/Color_Plugin.h
[2.521s] -- Up-to-date: /home/manojbr/dev_ws/install/turtlesim/include/turtlesim/msg/dds_connext/Color_.cxx
[2.522s] -- Up-to-date: /home/manojbr/dev_ws/install/turtlesim/include/turtlesim/msg/dds_connext/Pose_Plugin.h
[2.522s] -- Up-to-date: /home/manojbr/dev_ws/install/turtlesim/include/turtlesim/msg/dds_connext/Color_Support.h
[2.522s] -- Up-to-date: /home/manojbr/dev_ws/install/turtlesim/include/turtlesim/msg/dds_connext/Color_.h
[2.522s] -- Up-to-date: /home/manojbr/dev_ws/install/turtlesim/include/turtlesim/msg/dds_connext/Pose_.cxx
[2.522s] -- Up-to-date: /home/manojbr/dev_ws/install/turtlesim/include/turtlesim/msg/dds_connext/Color_Support.cxx
[2.523s] -- Up-to-date: /home/manojbr/dev_ws/install/turtlesim/include/turtlesim/msg/dds_connext/Color_Plugin.cxx
[2.523s] -- Up-to-date: /home/manojbr/dev_ws/install/turtlesim/include/turtlesim/msg/dds_connext/Pose_.h
[2.523s] -- Up-to-date: /home/manojbr/dev_ws/install/turtlesim/include/turtlesim/msg/dds_connext/Pose_Support.h
[2.523s] -- Up-to-date: /home/manojbr/dev_ws/install/turtlesim/include/turtlesim/msg/dds_connext/Pose_Plugin.cxx
[2.524s] -- Up-to-date: /home/manojbr/dev_ws/install/turtlesim/include/turtlesim/msg/dds_connext/Pose_Support.cxx
[2.524s] -- Up-to-date: /home/manojbr/dev_ws/install/turtlesim/include/turtlesim/msg/pose__rosidl_typesupport_connext_cpp.hpp
[2.524s] -- Up-to-date: /home/manojbr/dev_ws/install/turtlesim/include/turtlesim/msg/color__rosidl_typesupport_connext_cpp.hpp
[2.524s] -- Up-to-date: /home/manojbr/dev_ws/install/turtlesim/include/turtlesim/msg/rosidl_typesupport_connext_cpp__visibility_control.h
[2.525s] -- Up-to-date: /home/manojbr/dev_ws/install/turtlesim/include/turtlesim/action
[2.525s] -- Up-to-date: /home/manojbr/dev_ws/install/turtlesim/include/turtlesim/action/dds_connext
[2.525s] -- Up-to-date: /home/manojbr/dev_ws/install/turtlesim/include/turtlesim/action/dds_connext/RotateAbsolute_.h
[2.525s] -- Up-to-date: /home/manojbr/dev_ws/install/turtlesim/include/turtlesim/action/dds_connext/RotateAbsolute_Support.cxx
[2.525s] -- Up-to-date: /home/manojbr/dev_ws/install/turtlesim/include/turtlesim/action/dds_connext/RotateAbsolute_Plugin.cxx
[2.526s] -- Up-to-date: /home/manojbr/dev_ws/install/turtlesim/include/turtlesim/action/dds_connext/RotateAbsolute_Support.h
[2.526s] -- Up-to-date: /home/manojbr/dev_ws/install/turtlesim/include/turtlesim/action/dds_connext/RotateAbsolute_Plugin.h
[2.526s] -- Up-to-date: /home/manojbr/dev_ws/install/turtlesim/include/turtlesim/action/dds_connext/RotateAbsolute_.cxx
[2.526s] -- Up-to-date: /home/manojbr/dev_ws/install/turtlesim/include/turtlesim/action/rotate_absolute__rosidl_typesupport_connext_cpp.hpp
[2.531s] -- Up-to-date: /home/manojbr/dev_ws/install/turtlesim/lib/libturtlesim__rosidl_typesupport_connext_cpp.so
[2.532s] -- Up-to-date: /home/manojbr/dev_ws/install/turtlesim/include/turtlesim
[2.533s] -- Up-to-date: /home/manojbr/dev_ws/install/turtlesim/include/turtlesim/srv
[2.533s] -- Up-to-date: /home/manojbr/dev_ws/install/turtlesim/include/turtlesim/srv/detail
[2.534s] -- Up-to-date: /home/manojbr/dev_ws/install/turtlesim/include/turtlesim/srv/detail/teleport_relative__rosidl_typesupport_fastrtps_c.h
[2.534s] -- Up-to-date: /home/manojbr/dev_ws/install/turtlesim/include/turtlesim/srv/detail/set_pen__rosidl_typesupport_fastrtps_c.h
[2.534s] -- Up-to-date: /home/manojbr/dev_ws/install/turtlesim/include/turtlesim/srv/detail/teleport_absolute__rosidl_typesupport_fastrtps_c.h
[2.534s] -- Up-to-date: /home/manojbr/dev_ws/install/turtlesim/include/turtlesim/srv/detail/spawn__rosidl_typesupport_fastrtps_c.h
[2.535s] -- Up-to-date: /home/manojbr/dev_ws/install/turtlesim/include/turtlesim/srv/detail/kill__rosidl_typesupport_fastrtps_c.h
[2.535s] -- Up-to-date: /home/manojbr/dev_ws/install/turtlesim/include/turtlesim/msg
[2.535s] -- Up-to-date: /home/manojbr/dev_ws/install/turtlesim/include/turtlesim/msg/detail
[2.535s] -- Up-to-date: /home/manojbr/dev_ws/install/turtlesim/include/turtlesim/msg/detail/pose__rosidl_typesupport_fastrtps_c.h
[2.536s] -- Up-to-date: /home/manojbr/dev_ws/install/turtlesim/include/turtlesim/msg/detail/color__rosidl_typesupport_fastrtps_c.h
[2.536s] -- Up-to-date: /home/manojbr/dev_ws/install/turtlesim/include/turtlesim/msg/rosidl_typesupport_fastrtps_c__visibility_control.h
[2.536s] -- Up-to-date: /home/manojbr/dev_ws/install/turtlesim/include/turtlesim/action
[2.536s] -- Up-to-date: /home/manojbr/dev_ws/install/turtlesim/include/turtlesim/action/detail
[2.537s] -- Up-to-date: /home/manojbr/dev_ws/install/turtlesim/include/turtlesim/action/detail/rotate_absolute__rosidl_typesupport_fastrtps_c.h
[2.543s] -- Installing: /home/manojbr/dev_ws/install/turtlesim/lib/libturtlesim__rosidl_typesupport_fastrtps_c.so
[2.564s] -- Set runtime path of "/home/manojbr/dev_ws/install/turtlesim/lib/libturtlesim__rosidl_typesupport_fastrtps_c.so" to ""
[2.565s] -- Up-to-date: /home/manojbr/dev_ws/install/turtlesim/include/turtlesim
[2.565s] -- Up-to-date: /home/manojbr/dev_ws/install/turtlesim/include/turtlesim/srv
[2.565s] -- Up-to-date: /home/manojbr/dev_ws/install/turtlesim/include/turtlesim/srv/detail
[2.566s] -- Up-to-date: /home/manojbr/dev_ws/install/turtlesim/include/turtlesim/srv/detail/spawn__rosidl_typesupport_fastrtps_cpp.hpp
[2.566s] -- Up-to-date: /home/manojbr/dev_ws/install/turtlesim/include/turtlesim/srv/detail/dds_fastrtps
[2.566s] -- Up-to-date: /home/manojbr/dev_ws/install/turtlesim/include/turtlesim/srv/detail/kill__rosidl_typesupport_fastrtps_cpp.hpp
[2.566s] -- Up-to-date: /home/manojbr/dev_ws/install/turtlesim/include/turtlesim/srv/detail/teleport_relative__rosidl_typesupport_fastrtps_cpp.hpp
[2.567s] -- Up-to-date: /home/manojbr/dev_ws/install/turtlesim/include/turtlesim/srv/detail/teleport_absolute__rosidl_typesupport_fastrtps_cpp.hpp
[2.567s] -- Up-to-date: /home/manojbr/dev_ws/install/turtlesim/include/turtlesim/srv/detail/set_pen__rosidl_typesupport_fastrtps_cpp.hpp
[2.567s] -- Up-to-date: /home/manojbr/dev_ws/install/turtlesim/include/turtlesim/msg
[2.567s] -- Up-to-date: /home/manojbr/dev_ws/install/turtlesim/include/turtlesim/msg/detail
[2.568s] -- Up-to-date: /home/manojbr/dev_ws/install/turtlesim/include/turtlesim/msg/detail/dds_fastrtps
[2.568s] -- Up-to-date: /home/manojbr/dev_ws/install/turtlesim/include/turtlesim/msg/detail/pose__rosidl_typesupport_fastrtps_cpp.hpp
[2.568s] -- Up-to-date: /home/manojbr/dev_ws/install/turtlesim/include/turtlesim/msg/detail/color__rosidl_typesupport_fastrtps_cpp.hpp
[2.568s] -- Up-to-date: /home/manojbr/dev_ws/install/turtlesim/include/turtlesim/msg/rosidl_typesupport_fastrtps_cpp__visibility_control.h
[2.569s] -- Up-to-date: /home/manojbr/dev_ws/install/turtlesim/include/turtlesim/action
[2.569s] -- Up-to-date: /home/manojbr/dev_ws/install/turtlesim/include/turtlesim/action/detail
[2.569s] -- Up-to-date: /home/manojbr/dev_ws/install/turtlesim/include/turtlesim/action/detail/dds_fastrtps
[2.569s] -- Up-to-date: /home/manojbr/dev_ws/install/turtlesim/include/turtlesim/action/detail/rotate_absolute__rosidl_typesupport_fastrtps_cpp.hpp
[2.569s] -- Installing: /home/manojbr/dev_ws/install/turtlesim/lib/libturtlesim__rosidl_typesupport_fastrtps_cpp.so
[2.571s] -- Set runtime path of "/home/manojbr/dev_ws/install/turtlesim/lib/libturtlesim__rosidl_typesupport_fastrtps_cpp.so" to ""
[2.571s] -- Up-to-date: /home/manojbr/dev_ws/install/turtlesim/include/turtlesim
[2.572s] -- Up-to-date: /home/manojbr/dev_ws/install/turtlesim/include/turtlesim/srv
[2.572s] -- Up-to-date: /home/manojbr/dev_ws/install/turtlesim/include/turtlesim/srv/detail
[2.572s] -- Up-to-date: /home/manojbr/dev_ws/install/turtlesim/include/turtlesim/srv/detail/spawn__rosidl_typesupport_introspection_c.h
[2.573s] -- Up-to-date: /home/manojbr/dev_ws/install/turtlesim/include/turtlesim/srv/detail/teleport_absolute__type_support.c
[2.573s] -- Up-to-date: /home/manojbr/dev_ws/install/turtlesim/include/turtlesim/srv/detail/set_pen__type_support.c
[2.573s] -- Up-to-date: /home/manojbr/dev_ws/install/turtlesim/include/turtlesim/srv/detail/spawn__type_support.c
[2.573s] -- Up-to-date: /home/manojbr/dev_ws/install/turtlesim/include/turtlesim/srv/detail/teleport_absolute__rosidl_typesupport_introspection_c.h
[2.574s] -- Up-to-date: /home/manojbr/dev_ws/install/turtlesim/include/turtlesim/srv/detail/kill__type_support.c
[2.574s] -- Up-to-date: /home/manojbr/dev_ws/install/turtlesim/include/turtlesim/srv/detail/set_pen__rosidl_typesupport_introspection_c.h
[2.574s] -- Up-to-date: /home/manojbr/dev_ws/install/turtlesim/include/turtlesim/srv/detail/teleport_relative__type_support.c
[2.574s] -- Up-to-date: /home/manojbr/dev_ws/install/turtlesim/include/turtlesim/srv/detail/teleport_relative__rosidl_typesupport_introspection_c.h
[2.575s] -- Up-to-date: /home/manojbr/dev_ws/install/turtlesim/include/turtlesim/srv/detail/kill__rosidl_typesupport_introspection_c.h
[2.575s] -- Up-to-date: /home/manojbr/dev_ws/install/turtlesim/include/turtlesim/msg
[2.575s] -- Up-to-date: /home/manojbr/dev_ws/install/turtlesim/include/turtlesim/msg/detail
[2.575s] -- Up-to-date: /home/manojbr/dev_ws/install/turtlesim/include/turtlesim/msg/detail/pose__type_support.c
[2.576s] -- Up-to-date: /home/manojbr/dev_ws/install/turtlesim/include/turtlesim/msg/detail/pose__rosidl_typesupport_introspection_c.h
[2.576s] -- Up-to-date: /home/manojbr/dev_ws/install/turtlesim/include/turtlesim/msg/detail/color__rosidl_typesupport_introspection_c.h
[2.576s] -- Up-to-date: /home/manojbr/dev_ws/install/turtlesim/include/turtlesim/msg/detail/color__type_support.c
[2.576s] -- Up-to-date: /home/manojbr/dev_ws/install/turtlesim/include/turtlesim/msg/rosidl_typesupport_introspection_c__visibility_control.h
[2.576s] -- Up-to-date: /home/manojbr/dev_ws/install/turtlesim/include/turtlesim/action
[2.577s] -- Up-to-date: /home/manojbr/dev_ws/install/turtlesim/include/turtlesim/action/detail
[2.577s] -- Up-to-date: /home/manojbr/dev_ws/install/turtlesim/include/turtlesim/action/detail/rotate_absolute__type_support.c
[2.577s] -- Up-to-date: /home/manojbr/dev_ws/install/turtlesim/include/turtlesim/action/detail/rotate_absolute__rosidl_typesupport_introspection_c.h
[2.577s] -- Up-to-date: /home/manojbr/dev_ws/install/turtlesim/lib/libturtlesim__rosidl_typesupport_introspection_c.so
[2.582s] -- Up-to-date: /home/manojbr/dev_ws/install/turtlesim/lib/libturtlesim__rosidl_typesupport_c.so
[2.584s] -- Up-to-date: /home/manojbr/dev_ws/install/turtlesim/include/turtlesim
[2.585s] -- Up-to-date: /home/manojbr/dev_ws/install/turtlesim/include/turtlesim/srv
[2.585s] -- Up-to-date: /home/manojbr/dev_ws/install/turtlesim/include/turtlesim/srv/detail
[2.586s] -- Up-to-date: /home/manojbr/dev_ws/install/turtlesim/include/turtlesim/srv/detail/teleport_absolute__traits.hpp
[2.586s] -- Up-to-date: /home/manojbr/dev_ws/install/turtlesim/include/turtlesim/srv/detail/set_pen__traits.hpp
[2.587s] -- Up-to-date: /home/manojbr/dev_ws/install/turtlesim/include/turtlesim/srv/detail/spawn__traits.hpp
[2.588s] -- Up-to-date: /home/manojbr/dev_ws/install/turtlesim/include/turtlesim/srv/detail/teleport_relative__traits.hpp
[2.588s] -- Up-to-date: /home/manojbr/dev_ws/install/turtlesim/include/turtlesim/srv/detail/kill__traits.hpp
[2.588s] -- Up-to-date: /home/manojbr/dev_ws/install/turtlesim/include/turtlesim/srv/detail/set_pen__struct.hpp
[2.588s] -- Up-to-date: /home/manojbr/dev_ws/install/turtlesim/include/turtlesim/srv/detail/set_pen__builder.hpp
[2.589s] -- Up-to-date: /home/manojbr/dev_ws/install/turtlesim/include/turtlesim/srv/detail/spawn__struct.hpp
[2.589s] -- Up-to-date: /home/manojbr/dev_ws/install/turtlesim/include/turtlesim/srv/detail/teleport_absolute__builder.hpp
[2.589s] -- Up-to-date: /home/manojbr/dev_ws/install/turtlesim/include/turtlesim/srv/detail/kill__builder.hpp
[2.589s] -- Up-to-date: /home/manojbr/dev_ws/install/turtlesim/include/turtlesim/srv/detail/teleport_relative__builder.hpp
[2.590s] -- Up-to-date: /home/manojbr/dev_ws/install/turtlesim/include/turtlesim/srv/detail/teleport_relative__struct.hpp
[2.590s] -- Up-to-date: /home/manojbr/dev_ws/install/turtlesim/include/turtlesim/srv/detail/spawn__builder.hpp
[2.590s] -- Up-to-date: /home/manojbr/dev_ws/install/turtlesim/include/turtlesim/srv/detail/kill__struct.hpp
[2.590s] -- Up-to-date: /home/manojbr/dev_ws/install/turtlesim/include/turtlesim/srv/detail/teleport_absolute__struct.hpp
[2.591s] -- Up-to-date: /home/manojbr/dev_ws/install/turtlesim/include/turtlesim/srv/kill.hpp
[2.591s] -- Up-to-date: /home/manojbr/dev_ws/install/turtlesim/include/turtlesim/srv/set_pen.hpp
[2.591s] -- Up-to-date: /home/manojbr/dev_ws/install/turtlesim/include/turtlesim/srv/teleport_relative.hpp
[2.591s] -- Up-to-date: /home/manojbr/dev_ws/install/turtlesim/include/turtlesim/srv/spawn.hpp
[2.591s] -- Up-to-date: /home/manojbr/dev_ws/install/turtlesim/include/turtlesim/srv/teleport_absolute.hpp
[2.592s] -- Up-to-date: /home/manojbr/dev_ws/install/turtlesim/include/turtlesim/msg
[2.592s] -- Up-to-date: /home/manojbr/dev_ws/install/turtlesim/include/turtlesim/msg/detail
[2.592s] -- Up-to-date: /home/manojbr/dev_ws/install/turtlesim/include/turtlesim/msg/detail/color__builder.hpp
[2.592s] -- Up-to-date: /home/manojbr/dev_ws/install/turtlesim/include/turtlesim/msg/detail/color__traits.hpp
[2.593s] -- Up-to-date: /home/manojbr/dev_ws/install/turtlesim/include/turtlesim/msg/detail/color__struct.hpp
[2.593s] -- Up-to-date: /home/manojbr/dev_ws/install/turtlesim/include/turtlesim/msg/detail/pose__traits.hpp
[2.593s] -- Up-to-date: /home/manojbr/dev_ws/install/turtlesim/include/turtlesim/msg/detail/pose__builder.hpp
[2.593s] -- Up-to-date: /home/manojbr/dev_ws/install/turtlesim/include/turtlesim/msg/detail/pose__struct.hpp
[2.594s] -- Up-to-date: /home/manojbr/dev_ws/install/turtlesim/include/turtlesim/msg/pose.hpp
[2.594s] -- Up-to-date: /home/manojbr/dev_ws/install/turtlesim/include/turtlesim/msg/color.hpp
[2.594s] -- Up-to-date: /home/manojbr/dev_ws/install/turtlesim/include/turtlesim/action
[2.595s] -- Up-to-date: /home/manojbr/dev_ws/install/turtlesim/include/turtlesim/action/detail
[2.595s] -- Up-to-date: /home/manojbr/dev_ws/install/turtlesim/include/turtlesim/action/detail/rotate_absolute__builder.hpp
[2.595s] -- Up-to-date: /home/manojbr/dev_ws/install/turtlesim/include/turtlesim/action/detail/rotate_absolute__struct.hpp
[2.595s] -- Up-to-date: /home/manojbr/dev_ws/install/turtlesim/include/turtlesim/action/detail/rotate_absolute__traits.hpp
[2.596s] -- Up-to-date: /home/manojbr/dev_ws/install/turtlesim/include/turtlesim/action/rotate_absolute.hpp
[2.596s] -- Up-to-date: /home/manojbr/dev_ws/install/turtlesim/include/turtlesim
[2.596s] -- Up-to-date: /home/manojbr/dev_ws/install/turtlesim/include/turtlesim/srv
[2.596s] -- Up-to-date: /home/manojbr/dev_ws/install/turtlesim/include/turtlesim/srv/detail
[2.597s] -- Up-to-date: /home/manojbr/dev_ws/install/turtlesim/include/turtlesim/srv/detail/teleport_absolute__type_support.cpp
[2.597s] -- Up-to-date: /home/manojbr/dev_ws/install/turtlesim/include/turtlesim/srv/detail/set_pen__type_support.cpp
[2.597s] -- Up-to-date: /home/manojbr/dev_ws/install/turtlesim/include/turtlesim/srv/detail/set_pen__rosidl_typesupport_introspection_cpp.hpp
[2.597s] -- Up-to-date: /home/manojbr/dev_ws/install/turtlesim/include/turtlesim/srv/detail/kill__rosidl_typesupport_introspection_cpp.hpp
[2.597s] -- Up-to-date: /home/manojbr/dev_ws/install/turtlesim/include/turtlesim/srv/detail/teleport_absolute__rosidl_typesupport_introspection_cpp.hpp
[2.598s] -- Up-to-date: /home/manojbr/dev_ws/install/turtlesim/include/turtlesim/srv/detail/kill__type_support.cpp
[2.598s] -- Up-to-date: /home/manojbr/dev_ws/install/turtlesim/include/turtlesim/srv/detail/spawn__type_support.cpp
[2.598s] -- Up-to-date: /home/manojbr/dev_ws/install/turtlesim/include/turtlesim/srv/detail/teleport_relative__rosidl_typesupport_introspection_cpp.hpp
[2.598s] -- Up-to-date: /home/manojbr/dev_ws/install/turtlesim/include/turtlesim/srv/detail/teleport_relative__type_support.cpp
[2.599s] -- Up-to-date: /home/manojbr/dev_ws/install/turtlesim/include/turtlesim/srv/detail/spawn__rosidl_typesupport_introspection_cpp.hpp
[2.599s] -- Up-to-date: /home/manojbr/dev_ws/install/turtlesim/include/turtlesim/msg
[2.599s] -- Up-to-date: /home/manojbr/dev_ws/install/turtlesim/include/turtlesim/msg/detail
[2.599s] -- Up-to-date: /home/manojbr/dev_ws/install/turtlesim/include/turtlesim/msg/detail/color__type_support.cpp
[2.600s] -- Up-to-date: /home/manojbr/dev_ws/install/turtlesim/include/turtlesim/msg/detail/pose__rosidl_typesupport_introspection_cpp.hpp
[2.600s] -- Up-to-date: /home/manojbr/dev_ws/install/turtlesim/include/turtlesim/msg/detail/pose__type_support.cpp
[2.600s] -- Up-to-date: /home/manojbr/dev_ws/install/turtlesim/include/turtlesim/msg/detail/color__rosidl_typesupport_introspection_cpp.hpp
[2.600s] -- Up-to-date: /home/manojbr/dev_ws/install/turtlesim/include/turtlesim/action
[2.601s] -- Up-to-date: /home/manojbr/dev_ws/install/turtlesim/include/turtlesim/action/detail
[2.601s] -- Up-to-date: /home/manojbr/dev_ws/install/turtlesim/include/turtlesim/action/detail/rotate_absolute__rosidl_typesupport_introspection_cpp.hpp
[2.601s] -- Up-to-date: /home/manojbr/dev_ws/install/turtlesim/include/turtlesim/action/detail/rotate_absolute__type_support.cpp
[2.602s] -- Up-to-date: /home/manojbr/dev_ws/install/turtlesim/lib/libturtlesim__rosidl_typesupport_introspection_cpp.so
[2.602s] -- Up-to-date: /home/manojbr/dev_ws/install/turtlesim/lib/libturtlesim__rosidl_typesupport_cpp.so
[2.602s] -- Up-to-date: /home/manojbr/dev_ws/install/turtlesim/share/turtlesim/environment/pythonpath.sh
[2.602s] -- Up-to-date: /home/manojbr/dev_ws/install/turtlesim/share/turtlesim/environment/pythonpath.dsv
[2.603s] -- Up-to-date: /home/manojbr/dev_ws/install/turtlesim/lib/python3.8/site-packages/turtlesim/__init__.py
[2.669s] -- Up-to-date: /home/manojbr/dev_ws/install/turtlesim/lib/python3.8/site-packages/turtlesim/action
[2.670s] -- Up-to-date: /home/manojbr/dev_ws/install/turtlesim/lib/python3.8/site-packages/turtlesim/action/_rotate_absolute_s.c
[2.670s] -- Up-to-date: /home/manojbr/dev_ws/install/turtlesim/lib/python3.8/site-packages/turtlesim/action/__init__.py
[2.670s] -- Up-to-date: /home/manojbr/dev_ws/install/turtlesim/lib/python3.8/site-packages/turtlesim/action/_rotate_absolute.py
[2.670s] -- Up-to-date: /home/manojbr/dev_ws/install/turtlesim/lib/python3.8/site-packages/turtlesim/msg
[2.670s] -- Up-to-date: /home/manojbr/dev_ws/install/turtlesim/lib/python3.8/site-packages/turtlesim/msg/_color_s.c
[2.670s] -- Up-to-date: /home/manojbr/dev_ws/install/turtlesim/lib/python3.8/site-packages/turtlesim/msg/__init__.py
[2.670s] -- Up-to-date: /home/manojbr/dev_ws/install/turtlesim/lib/python3.8/site-packages/turtlesim/msg/_pose_s.c
[2.670s] -- Up-to-date: /home/manojbr/dev_ws/install/turtlesim/lib/python3.8/site-packages/turtlesim/msg/_color.py
[2.671s] -- Up-to-date: /home/manojbr/dev_ws/install/turtlesim/lib/python3.8/site-packages/turtlesim/msg/_pose.py
[2.671s] -- Up-to-date: /home/manojbr/dev_ws/install/turtlesim/lib/python3.8/site-packages/turtlesim/srv
[2.671s] -- Up-to-date: /home/manojbr/dev_ws/install/turtlesim/lib/python3.8/site-packages/turtlesim/srv/_teleport_relative_s.c
[2.671s] -- Up-to-date: /home/manojbr/dev_ws/install/turtlesim/lib/python3.8/site-packages/turtlesim/srv/_teleport_relative.py
[2.671s] -- Up-to-date: /home/manojbr/dev_ws/install/turtlesim/lib/python3.8/site-packages/turtlesim/srv/_kill.py
[2.672s] -- Up-to-date: /home/manojbr/dev_ws/install/turtlesim/lib/python3.8/site-packages/turtlesim/srv/_teleport_absolute_s.c
[2.672s] -- Up-to-date: /home/manojbr/dev_ws/install/turtlesim/lib/python3.8/site-packages/turtlesim/srv/_kill_s.c
[2.672s] -- Up-to-date: /home/manojbr/dev_ws/install/turtlesim/lib/python3.8/site-packages/turtlesim/srv/__init__.py
[2.672s] -- Up-to-date: /home/manojbr/dev_ws/install/turtlesim/lib/python3.8/site-packages/turtlesim/srv/_spawn.py
[2.672s] -- Up-to-date: /home/manojbr/dev_ws/install/turtlesim/lib/python3.8/site-packages/turtlesim/srv/_teleport_absolute.py
[2.672s] -- Up-to-date: /home/manojbr/dev_ws/install/turtlesim/lib/python3.8/site-packages/turtlesim/srv/_spawn_s.c
[2.672s] -- Up-to-date: /home/manojbr/dev_ws/install/turtlesim/lib/python3.8/site-packages/turtlesim/srv/_set_pen_s.c
[2.672s] -- Up-to-date: /home/manojbr/dev_ws/install/turtlesim/lib/python3.8/site-packages/turtlesim/srv/_set_pen.py
[2.673s] -- Up-to-date: /home/manojbr/dev_ws/install/turtlesim/lib/python3.8/site-packages/turtlesim/turtlesim_s__rosidl_typesupport_connext_c.cpython-38-x86_64-linux-gnu.so
[2.676s] -- Installing: /home/manojbr/dev_ws/install/turtlesim/lib/python3.8/site-packages/turtlesim/turtlesim_s__rosidl_typesupport_fastrtps_c.cpython-38-x86_64-linux-gnu.so
[2.702s] -- Set runtime path of "/home/manojbr/dev_ws/install/turtlesim/lib/python3.8/site-packages/turtlesim/turtlesim_s__rosidl_typesupport_fastrtps_c.cpython-38-x86_64-linux-gnu.so" to ""
[2.705s] -- Up-to-date: /home/manojbr/dev_ws/install/turtlesim/lib/python3.8/site-packages/turtlesim/turtlesim_s__rosidl_typesupport_introspection_c.cpython-38-x86_64-linux-gnu.so
[2.708s] -- Up-to-date: /home/manojbr/dev_ws/install/turtlesim/lib/python3.8/site-packages/turtlesim/turtlesim_s__rosidl_typesupport_c.cpython-38-x86_64-linux-gnu.so
[2.711s] -- Up-to-date: /home/manojbr/dev_ws/install/turtlesim/lib/libturtlesim__python.so
[2.712s] -- Up-to-date: /home/manojbr/dev_ws/install/turtlesim/share/turtlesim/action/RotateAbsolute.idl
[2.712s] -- Up-to-date: /home/manojbr/dev_ws/install/turtlesim/share/turtlesim/msg/Color.idl
[2.713s] -- Up-to-date: /home/manojbr/dev_ws/install/turtlesim/share/turtlesim/msg/Pose.idl
[2.714s] -- Up-to-date: /home/manojbr/dev_ws/install/turtlesim/share/turtlesim/srv/Kill.idl
[2.714s] -- Up-to-date: /home/manojbr/dev_ws/install/turtlesim/share/turtlesim/srv/SetPen.idl
[2.715s] -- Up-to-date: /home/manojbr/dev_ws/install/turtlesim/share/turtlesim/srv/Spawn.idl
[2.715s] -- Up-to-date: /home/manojbr/dev_ws/install/turtlesim/share/turtlesim/srv/TeleportAbsolute.idl
[2.716s] -- Up-to-date: /home/manojbr/dev_ws/install/turtlesim/share/turtlesim/srv/TeleportRelative.idl
[2.716s] -- Up-to-date: /home/manojbr/dev_ws/install/turtlesim/share/turtlesim/action/RotateAbsolute.action
[2.717s] -- Up-to-date: /home/manojbr/dev_ws/install/turtlesim/share/turtlesim/msg/Color.msg
[2.717s] -- Up-to-date: /home/manojbr/dev_ws/install/turtlesim/share/turtlesim/msg/Pose.msg
[2.717s] -- Up-to-date: /home/manojbr/dev_ws/install/turtlesim/share/turtlesim/srv/Kill.srv
[2.717s] -- Up-to-date: /home/manojbr/dev_ws/install/turtlesim/share/turtlesim/srv/Kill_Request.msg
[2.717s] -- Up-to-date: /home/manojbr/dev_ws/install/turtlesim/share/turtlesim/srv/Kill_Response.msg
[2.718s] -- Up-to-date: /home/manojbr/dev_ws/install/turtlesim/share/turtlesim/srv/SetPen.srv
[2.718s] -- Up-to-date: /home/manojbr/dev_ws/install/turtlesim/share/turtlesim/srv/SetPen_Request.msg
[2.718s] -- Up-to-date: /home/manojbr/dev_ws/install/turtlesim/share/turtlesim/srv/SetPen_Response.msg
[2.718s] -- Up-to-date: /home/manojbr/dev_ws/install/turtlesim/share/turtlesim/srv/Spawn.srv
[2.719s] -- Up-to-date: /home/manojbr/dev_ws/install/turtlesim/share/turtlesim/srv/Spawn_Request.msg
[2.719s] -- Up-to-date: /home/manojbr/dev_ws/install/turtlesim/share/turtlesim/srv/Spawn_Response.msg
[2.719s] -- Up-to-date: /home/manojbr/dev_ws/install/turtlesim/share/turtlesim/srv/TeleportAbsolute.srv
[2.719s] -- Up-to-date: /home/manojbr/dev_ws/install/turtlesim/share/turtlesim/srv/TeleportAbsolute_Request.msg
[2.720s] -- Up-to-date: /home/manojbr/dev_ws/install/turtlesim/share/turtlesim/srv/TeleportAbsolute_Response.msg
[2.720s] -- Up-to-date: /home/manojbr/dev_ws/install/turtlesim/share/turtlesim/srv/TeleportRelative.srv
[2.720s] -- Up-to-date: /home/manojbr/dev_ws/install/turtlesim/share/turtlesim/srv/TeleportRelative_Request.msg
[2.720s] -- Up-to-date: /home/manojbr/dev_ws/install/turtlesim/share/turtlesim/srv/TeleportRelative_Response.msg
[2.728s] -- Up-to-date: /home/manojbr/dev_ws/install/turtlesim/lib/turtlesim/turtlesim_node
[2.739s] -- Up-to-date: /home/manojbr/dev_ws/install/turtlesim/lib/turtlesim/turtle_teleop_key
[2.766s] -- Up-to-date: /home/manojbr/dev_ws/install/turtlesim/lib/turtlesim/draw_square
[2.785s] -- Up-to-date: /home/manojbr/dev_ws/install/turtlesim/lib/turtlesim/mimic
[2.786s] -- Up-to-date: /home/manojbr/dev_ws/install/turtlesim/share/turtlesim/images
[2.788s] -- Up-to-date: /home/manojbr/dev_ws/install/turtlesim/share/turtlesim/images/bouncy.png
[2.789s] -- Up-to-date: /home/manojbr/dev_ws/install/turtlesim/share/turtlesim/images/eloquent.png
[2.789s] -- Up-to-date: /home/manojbr/dev_ws/install/turtlesim/share/turtlesim/images/foxy.png
[2.789s] -- Up-to-date: /home/manojbr/dev_ws/install/turtlesim/share/turtlesim/images/ardent.png
[2.790s] -- Up-to-date: /home/manojbr/dev_ws/install/turtlesim/share/turtlesim/images/dashing.png
[2.790s] -- Up-to-date: /home/manojbr/dev_ws/install/turtlesim/share/turtlesim/images/crystal.png
[2.791s] -- Up-to-date: /home/manojbr/dev_ws/install/turtlesim/share/turtlesim/launch
[2.791s] -- Up-to-date: /home/manojbr/dev_ws/install/turtlesim/share/turtlesim/launch/multisim.launch.py
[2.792s] -- Up-to-date: /home/manojbr/dev_ws/install/turtlesim/share/ament_index/resource_index/package_run_dependencies/turtlesim
[2.792s] -- Up-to-date: /home/manojbr/dev_ws/install/turtlesim/share/ament_index/resource_index/parent_prefix_path/turtlesim
[2.792s] -- Up-to-date: /home/manojbr/dev_ws/install/turtlesim/share/turtlesim/environment/ament_prefix_path.sh
[2.793s] -- Up-to-date: /home/manojbr/dev_ws/install/turtlesim/share/turtlesim/environment/ament_prefix_path.dsv
[2.793s] -- Up-to-date: /home/manojbr/dev_ws/install/turtlesim/share/turtlesim/environment/path.sh
[2.793s] -- Up-to-date: /home/manojbr/dev_ws/install/turtlesim/share/turtlesim/environment/path.dsv
[2.793s] -- Up-to-date: /home/manojbr/dev_ws/install/turtlesim/share/turtlesim/local_setup.bash
[2.794s] -- Up-to-date: /home/manojbr/dev_ws/install/turtlesim/share/turtlesim/local_setup.sh
[2.794s] -- Up-to-date: /home/manojbr/dev_ws/install/turtlesim/share/turtlesim/local_setup.zsh
[2.794s] -- Up-to-date: /home/manojbr/dev_ws/install/turtlesim/share/turtlesim/local_setup.dsv
[2.794s] -- Installing: /home/manojbr/dev_ws/install/turtlesim/share/turtlesim/package.dsv
[2.818s] -- Up-to-date: /home/manojbr/dev_ws/install/turtlesim/share/ament_index/resource_index/packages/turtlesim
[2.823s] -- Up-to-date: /home/manojbr/dev_ws/install/turtlesim/share/turtlesim/cmake/turtlesim__rosidl_generator_cExport.cmake
[2.823s] -- Up-to-date: /home/manojbr/dev_ws/install/turtlesim/share/turtlesim/cmake/turtlesim__rosidl_generator_cExport-noconfig.cmake
[2.824s] -- Up-to-date: /home/manojbr/dev_ws/install/turtlesim/share/turtlesim/cmake/turtlesim__rosidl_typesupport_introspection_cExport.cmake
[2.824s] -- Up-to-date: /home/manojbr/dev_ws/install/turtlesim/share/turtlesim/cmake/turtlesim__rosidl_typesupport_introspection_cExport-noconfig.cmake
[2.825s] -- Up-to-date: /home/manojbr/dev_ws/install/turtlesim/share/turtlesim/cmake/turtlesim__rosidl_typesupport_cExport.cmake
[2.826s] -- Up-to-date: /home/manojbr/dev_ws/install/turtlesim/share/turtlesim/cmake/turtlesim__rosidl_typesupport_cExport-noconfig.cmake
[2.827s] -- Up-to-date: /home/manojbr/dev_ws/install/turtlesim/share/turtlesim/cmake/turtlesim__rosidl_generator_cppExport.cmake
[2.828s] -- Up-to-date: /home/manojbr/dev_ws/install/turtlesim/share/turtlesim/cmake/turtlesim__rosidl_typesupport_introspection_cppExport.cmake
[2.828s] -- Up-to-date: /home/manojbr/dev_ws/install/turtlesim/share/turtlesim/cmake/turtlesim__rosidl_typesupport_introspection_cppExport-noconfig.cmake
[2.829s] -- Up-to-date: /home/manojbr/dev_ws/install/turtlesim/share/turtlesim/cmake/turtlesim__rosidl_typesupport_cppExport.cmake
[2.830s] -- Up-to-date: /home/manojbr/dev_ws/install/turtlesim/share/turtlesim/cmake/turtlesim__rosidl_typesupport_cppExport-noconfig.cmake
[2.830s] -- Up-to-date: /home/manojbr/dev_ws/install/turtlesim/share/turtlesim/cmake/rosidl_cmake-extras.cmake
[2.831s] -- Up-to-date: /home/manojbr/dev_ws/install/turtlesim/share/turtlesim/cmake/ament_cmake_export_dependencies-extras.cmake
[2.831s] -- Up-to-date: /home/manojbr/dev_ws/install/turtlesim/share/turtlesim/cmake/ament_cmake_export_libraries-extras.cmake
[2.832s] -- Up-to-date: /home/manojbr/dev_ws/install/turtlesim/share/turtlesim/cmake/ament_cmake_export_targets-extras.cmake
[2.832s] -- Up-to-date: /home/manojbr/dev_ws/install/turtlesim/share/turtlesim/cmake/ament_cmake_export_include_directories-extras.cmake
[2.832s] -- Up-to-date: /home/manojbr/dev_ws/install/turtlesim/share/turtlesim/cmake/rosidl_cmake_export_typesupport_libraries-extras.cmake
[2.832s] -- Up-to-date: /home/manojbr/dev_ws/install/turtlesim/share/turtlesim/cmake/rosidl_cmake_export_typesupport_targets-extras.cmake
[2.833s] -- Up-to-date: /home/manojbr/dev_ws/install/turtlesim/share/turtlesim/cmake/turtlesimConfig.cmake
[2.833s] -- Up-to-date: /home/manojbr/dev_ws/install/turtlesim/share/turtlesim/cmake/turtlesimConfig-version.cmake
[2.833s] -- Up-to-date: /home/manojbr/dev_ws/install/turtlesim/share/turtlesim/package.xml
[2.839s] Invoked command in '/home/manojbr/dev_ws/build/turtlesim' returned '0': CMAKE_PREFIX_PATH=${CMAKE_PREFIX_PATH}:/home/manojbr/dev_ws/install/radiants:/opt/ros/foxy /usr/bin/cmake --install /home/manojbr/dev_ws/build/turtlesim
