[0.337s] Invoking command in '/home/manojbr/dev_ws/src/flipkart': PYTHONPATH=/home/manojbr/dev_ws/install/flipkart/lib/python3.8/site-packages:${PYTHONPATH} /usr/bin/python3 setup.py egg_info --egg-base ../../build/flipkart build --build-base /home/manojbr/dev_ws/build/flipkart/build install --prefix /home/manojbr/dev_ws/install/flipkart --record /home/manojbr/dev_ws/build/flipkart/install.log --single-version-externally-managed
[0.601s] running egg_info
[0.602s] writing ../../build/flipkart/flipkart.egg-info/PKG-INFO
[0.602s] writing dependency_links to ../../build/flipkart/flipkart.egg-info/dependency_links.txt
[0.603s] writing entry points to ../../build/flipkart/flipkart.egg-info/entry_points.txt
[0.603s] writing requirements to ../../build/flipkart/flipkart.egg-info/requires.txt
[0.603s] writing top-level names to ../../build/flipkart/flipkart.egg-info/top_level.txt
[0.650s] reading manifest file '../../build/flipkart/flipkart.egg-info/SOURCES.txt'
[0.651s] writing manifest file '../../build/flipkart/flipkart.egg-info/SOURCES.txt'
[0.651s] running build
[0.651s] running build_py
[0.651s] copying flipkart/bigbrain.py -> /home/manojbr/dev_ws/build/flipkart/build/lib/flipkart
[0.651s] running install
[0.652s] running install_lib
[0.653s] copying /home/manojbr/dev_ws/build/flipkart/build/lib/flipkart/bigbrain.py -> /home/manojbr/dev_ws/install/flipkart/lib/python3.8/site-packages/flipkart
[0.654s] byte-compiling /home/manojbr/dev_ws/install/flipkart/lib/python3.8/site-packages/flipkart/bigbrain.py to bigbrain.cpython-38.pyc
[0.656s] running install_data
[0.657s] running install_egg_info
[0.658s] removing '/home/manojbr/dev_ws/install/flipkart/lib/python3.8/site-packages/flipkart-0.0.0-py3.8.egg-info' (and everything under it)
[0.659s] Copying ../../build/flipkart/flipkart.egg-info to /home/manojbr/dev_ws/install/flipkart/lib/python3.8/site-packages/flipkart-0.0.0-py3.8.egg-info
[0.660s] running install_scripts
[0.686s] Installing bigbrain script to /home/manojbr/dev_ws/install/flipkart/lib/flipkart
[0.686s] Installing detector script to /home/manojbr/dev_ws/install/flipkart/lib/flipkart
[0.686s] Installing viper script to /home/manojbr/dev_ws/install/flipkart/lib/flipkart
[0.686s] writing list of installed files to '/home/manojbr/dev_ws/build/flipkart/install.log'
[0.737s] Invoked command in '/home/manojbr/dev_ws/src/flipkart' returned '0': PYTHONPATH=/home/manojbr/dev_ws/install/flipkart/lib/python3.8/site-packages:${PYTHONPATH} /usr/bin/python3 setup.py egg_info --egg-base ../../build/flipkart build --build-base /home/manojbr/dev_ws/build/flipkart/build install --prefix /home/manojbr/dev_ws/install/flipkart --record /home/manojbr/dev_ws/build/flipkart/install.log --single-version-externally-managed
