[0.206s] Invoking command in '/home/manojbr/dev_ws/src/build/turtlesim': CMAKE_PREFIX_PATH=${CMAKE_PREFIX_PATH}:/home/manojbr/dev_ws/install/radiants:/opt/ros/foxy /usr/bin/cmake /home/manojbr/dev_ws/src/ros_tutorials/turtlesim -DCMAKE_INSTALL_PREFIX=/home/manojbr/dev_ws/src/install/turtlesim
[0.264s] -- The C compiler identification is GNU 9.3.0
[0.312s] -- The CXX compiler identification is GNU 9.3.0
[0.316s] -- Check for working C compiler: /usr/bin/cc
[0.375s] -- Check for working C compiler: /usr/bin/cc -- works
[0.375s] -- Detecting C compiler ABI info
[0.433s] -- Detecting C compiler ABI info - done
[0.451s] -- Detecting C compile features
[0.452s] -- Detecting C compile features - done
[0.455s] -- Check for working CXX compiler: /usr/bin/c++
[0.524s] -- Check for working CXX compiler: /usr/bin/c++ -- works
[0.525s] -- Detecting CXX compiler ABI info
[0.589s] -- Detecting CXX compiler ABI info - done
[0.608s] -- Detecting CXX compile features
[0.609s] -- Detecting CXX compile features - done
[0.611s] -- Found ament_cmake: 0.9.8 (/opt/ros/foxy/share/ament_cmake/cmake)
[0.634s] -- Found PythonInterp: /usr/bin/python3 (found suitable version "3.8.10", minimum required is "3") 
[0.634s] -- Using PYTHON_EXECUTABLE: /usr/bin/python3
[0.806s] -- Found ament_index_cpp: 1.1.0 (/opt/ros/foxy/share/ament_index_cpp/cmake)
[0.809s] -- Found geometry_msgs: 2.0.4 (/opt/ros/foxy/share/geometry_msgs/cmake)
[0.834s] -- Using all available rosidl_typesupport_c: rosidl_typesupport_connext_c;rosidl_typesupport_fastrtps_c;rosidl_typesupport_introspection_c
[0.839s] -- Found rosidl_adapter: 1.2.1 (/opt/ros/foxy/share/rosidl_adapter/cmake)
[0.844s] -- Found RTI Connext: /opt/rti.com/rti_connext_dds-5.3.1
[1.620s] -- Found OpenSSL: /usr/lib/x86_64-linux-gnu/libcrypto.so (found version "1.1.1f")  
[1.646s] -- Found FastRTPS: /opt/ros/foxy/include  
[1.707s] -- Using all available rosidl_typesupport_cpp: rosidl_typesupport_connext_cpp;rosidl_typesupport_fastrtps_cpp;rosidl_typesupport_introspection_cpp
[2.006s] -- Found rclcpp: 2.3.1 (/opt/ros/foxy/share/rclcpp/cmake)
[2.044s] -- Found rmw_implementation_cmake: 1.0.3 (/opt/ros/foxy/share/rmw_implementation_cmake/cmake)
[2.045s] -- Using RMW implementation 'rmw_fastrtps_cpp' as default
[2.046s] -- Looking for pthread.h
[2.105s] -- Looking for pthread.h - found
[2.105s] -- Performing Test CMAKE_HAVE_LIBC_PTHREAD
[2.164s] -- Performing Test CMAKE_HAVE_LIBC_PTHREAD - Failed
[2.164s] -- Looking for pthread_create in pthreads
[2.211s] -- Looking for pthread_create in pthreads - not found
[2.211s] -- Looking for pthread_create in pthread
[2.268s] -- Looking for pthread_create in pthread - found
[2.269s] -- Found Threads: TRUE  
[2.417s] -- Found rclcpp_action: 2.3.1 (/opt/ros/foxy/share/rclcpp_action/cmake)
[2.533s] -- Found rosidl_default_generators: 1.0.1 (/opt/ros/foxy/share/rosidl_default_generators/cmake)
[2.577s] -- Found std_srvs: 2.0.4 (/opt/ros/foxy/share/std_srvs/cmake)
[2.628s] -- Found PythonInterp: /usr/bin/python3 (found version "3.8.10") 
[2.923s] -- Found ament_cmake_ros: 0.9.2 (/opt/ros/foxy/share/ament_cmake_ros/cmake)
[3.073s] -- Using all available rosidl_typesupport_c: rosidl_typesupport_connext_c;rosidl_typesupport_fastrtps_c;rosidl_typesupport_introspection_c
[3.114s] -- Using all available rosidl_typesupport_cpp: rosidl_typesupport_connext_cpp;rosidl_typesupport_fastrtps_cpp;rosidl_typesupport_introspection_cpp
[3.139s] -- Found PythonInterp: /usr/bin/python3 (found suitable version "3.8.10", minimum required is "3.5") 
[3.141s] -- Found python_cmake_module: 0.8.1 (/opt/ros/foxy/share/python_cmake_module/cmake)
[3.182s] -- Found PythonLibs: /usr/lib/x86_64-linux-gnu/libpython3.8.so (found suitable version "3.8.10", minimum required is "3.5") 
[3.182s] -- Using PYTHON_EXECUTABLE: /usr/bin/python3
[3.182s] -- Using PYTHON_INCLUDE_DIRS: /usr/include/python3.8
[3.182s] -- Using PYTHON_LIBRARIES: /usr/lib/x86_64-linux-gnu/libpython3.8.so
[3.202s] -- Found PythonExtra: .so  
[3.276s] -- Configuring done
[3.626s] -- Generating done
[3.629s] -- Build files have been written to: /home/manojbr/dev_ws/src/build/turtlesim
[3.642s] Invoked command in '/home/manojbr/dev_ws/src/build/turtlesim' returned '0': CMAKE_PREFIX_PATH=${CMAKE_PREFIX_PATH}:/home/manojbr/dev_ws/install/radiants:/opt/ros/foxy /usr/bin/cmake /home/manojbr/dev_ws/src/ros_tutorials/turtlesim -DCMAKE_INSTALL_PREFIX=/home/manojbr/dev_ws/src/install/turtlesim
[3.645s] Invoking command in '/home/manojbr/dev_ws/src/build/turtlesim': CMAKE_PREFIX_PATH=${CMAKE_PREFIX_PATH}:/home/manojbr/dev_ws/install/radiants:/opt/ros/foxy /usr/bin/cmake --build /home/manojbr/dev_ws/src/build/turtlesim -- -j8 -l8
[3.686s] [35m[1mScanning dependencies of target turtlesim__dds_connext_idl[0m
[3.687s] [  0%] [34m[1mGenerating C code for ROS interfaces[0m
[3.690s] [35m[1mScanning dependencies of target turtlesim__cpp[0m
[3.697s] [  0%] [34m[1mGenerating DDS interfaces[0m
[3.705s] [  1%] [34m[1mGenerating C++ code for ROS interfaces[0m
[4.311s] [  1%] Built target turtlesim__dds_connext_idl
[4.907s] [35m[1mScanning dependencies of target turtlesim__rosidl_generator_c[0m
[4.974s] [  1%] Built target turtlesim__cpp
[4.987s] [  1%] [34m[1mGenerating C++ type support dispatch for ROS interfaces[0m
[4.988s] [  2%] [34m[1mGenerating C++ type support for eProsima Fast-RTPS[0m
[4.988s] [  2%] [34m[1mGenerating C++ introspection for ROS interfaces[0m
[4.991s] [  2%] [34m[1mGenerating C++ type support for RTI Connext (using '/opt/rti.com/rti_connext_dds-5.3.1/bin/rtiddsgen_server')[0m
[4.994s] [  3%] [32mBuilding C object CMakeFiles/turtlesim__rosidl_generator_c.dir/rosidl_generator_c/turtlesim/action/detail/rotate_absolute__functions.c.o[0m
[4.995s] [  3%] [32mBuilding C object CMakeFiles/turtlesim__rosidl_generator_c.dir/rosidl_generator_c/turtlesim/msg/detail/pose__functions.c.o[0m
[5.000s] [  4%] [32mBuilding C object CMakeFiles/turtlesim__rosidl_generator_c.dir/rosidl_generator_c/turtlesim/msg/detail/color__functions.c.o[0m
[5.027s] [  5%] [32mBuilding C object CMakeFiles/turtlesim__rosidl_generator_c.dir/rosidl_generator_c/turtlesim/srv/detail/kill__functions.c.o[0m
[5.161s] [  5%] [32mBuilding C object CMakeFiles/turtlesim__rosidl_generator_c.dir/rosidl_generator_c/turtlesim/srv/detail/set_pen__functions.c.o[0m
[5.187s] [  6%] [32mBuilding C object CMakeFiles/turtlesim__rosidl_generator_c.dir/rosidl_generator_c/turtlesim/srv/detail/teleport_absolute__functions.c.o[0m
[5.195s] [  7%] [32mBuilding C object CMakeFiles/turtlesim__rosidl_generator_c.dir/rosidl_generator_c/turtlesim/srv/detail/spawn__functions.c.o[0m
[5.231s] [  7%] [32mBuilding C object CMakeFiles/turtlesim__rosidl_generator_c.dir/rosidl_generator_c/turtlesim/srv/detail/teleport_relative__functions.c.o[0m
[5.297s] [  8%] [32m[1mLinking C shared library libturtlesim__rosidl_generator_c.so[0m
[5.350s] [  8%] Built target turtlesim__rosidl_generator_c
[5.366s] [  9%] [34m[1mGenerating C type support dispatch for ROS interfaces[0m
[5.367s] [  9%] [34m[1mGenerating C introspection for ROS interfaces[0m
[6.020s] [35m[1mScanning dependencies of target turtlesim__rosidl_typesupport_cpp[0m
[6.135s] [35m[1mScanning dependencies of target turtlesim__rosidl_typesupport_introspection_cpp[0m
[6.212s] [ 10%] [32mBuilding CXX object CMakeFiles/turtlesim__rosidl_typesupport_cpp.dir/rosidl_typesupport_cpp/turtlesim/action/rotate_absolute__type_support.cpp.o[0m
[6.225s] [ 11%] [32mBuilding CXX object CMakeFiles/turtlesim__rosidl_typesupport_cpp.dir/rosidl_typesupport_cpp/turtlesim/msg/color__type_support.cpp.o[0m
[6.230s] [ 11%] [32mBuilding CXX object CMakeFiles/turtlesim__rosidl_typesupport_cpp.dir/rosidl_typesupport_cpp/turtlesim/msg/pose__type_support.cpp.o[0m
[6.231s] [ 11%] [32mBuilding CXX object CMakeFiles/turtlesim__rosidl_typesupport_introspection_cpp.dir/rosidl_typesupport_introspection_cpp/turtlesim/action/detail/rotate_absolute__type_support.cpp.o[0m
[6.244s] [35m[1mScanning dependencies of target turtlesim__rosidl_typesupport_c[0m
[6.380s] [ 12%] [32mBuilding CXX object CMakeFiles/turtlesim__rosidl_typesupport_c.dir/rosidl_typesupport_c/turtlesim/action/rotate_absolute__type_support.cpp.o[0m
[6.537s] [ 12%] [32mBuilding CXX object CMakeFiles/turtlesim__rosidl_typesupport_c.dir/rosidl_typesupport_c/turtlesim/msg/color__type_support.cpp.o[0m
[6.601s] [35m[1mScanning dependencies of target turtlesim__rosidl_typesupport_fastrtps_cpp[0m
[6.626s] [ 13%] [32mBuilding CXX object CMakeFiles/turtlesim__rosidl_typesupport_c.dir/rosidl_typesupport_c/turtlesim/msg/pose__type_support.cpp.o[0m
[6.671s] [ 14%] [32mBuilding CXX object CMakeFiles/turtlesim__rosidl_typesupport_c.dir/rosidl_typesupport_c/turtlesim/srv/kill__type_support.cpp.o[0m
[6.692s] [ 15%] [32mBuilding CXX object CMakeFiles/turtlesim__rosidl_typesupport_cpp.dir/rosidl_typesupport_cpp/turtlesim/srv/kill__type_support.cpp.o[0m
[6.711s] [ 15%] [32mBuilding CXX object CMakeFiles/turtlesim__rosidl_typesupport_cpp.dir/rosidl_typesupport_cpp/turtlesim/srv/set_pen__type_support.cpp.o[0m
[6.720s] [ 15%] [32mBuilding CXX object CMakeFiles/turtlesim__rosidl_typesupport_c.dir/rosidl_typesupport_c/turtlesim/srv/set_pen__type_support.cpp.o[0m
[6.740s] [ 16%] [32mBuilding CXX object CMakeFiles/turtlesim__rosidl_typesupport_cpp.dir/rosidl_typesupport_cpp/turtlesim/srv/spawn__type_support.cpp.o[0m
[6.761s] [ 17%] [32mBuilding CXX object CMakeFiles/turtlesim__rosidl_typesupport_fastrtps_cpp.dir/rosidl_typesupport_fastrtps_cpp/turtlesim/action/detail/dds_fastrtps/rotate_absolute__type_support.cpp.o[0m
[6.770s] [ 18%] [32mBuilding CXX object CMakeFiles/turtlesim__rosidl_typesupport_c.dir/rosidl_typesupport_c/turtlesim/srv/spawn__type_support.cpp.o[0m
[6.803s] [ 19%] [32mBuilding CXX object CMakeFiles/turtlesim__rosidl_typesupport_introspection_cpp.dir/rosidl_typesupport_introspection_cpp/turtlesim/msg/detail/color__type_support.cpp.o[0m
[6.839s] [ 19%] [32mBuilding CXX object CMakeFiles/turtlesim__rosidl_typesupport_c.dir/rosidl_typesupport_c/turtlesim/srv/teleport_absolute__type_support.cpp.o[0m
[6.900s] [35m[1mScanning dependencies of target turtlesim__rosidl_typesupport_introspection_c[0m
[6.913s] [ 20%] [32mBuilding CXX object CMakeFiles/turtlesim__rosidl_typesupport_c.dir/rosidl_typesupport_c/turtlesim/srv/teleport_relative__type_support.cpp.o[0m
[6.971s] [ 20%] [32m[1mLinking CXX shared library libturtlesim__rosidl_typesupport_c.so[0m
[6.972s] [ 20%] [32mBuilding C object CMakeFiles/turtlesim__rosidl_typesupport_introspection_c.dir/rosidl_typesupport_introspection_c/turtlesim/action/detail/rotate_absolute__type_support.c.o[0m
[7.038s] [ 20%] Built target turtlesim__rosidl_typesupport_c
[7.052s] [ 20%] [32mBuilding CXX object CMakeFiles/turtlesim__rosidl_typesupport_cpp.dir/rosidl_typesupport_cpp/turtlesim/srv/teleport_absolute__type_support.cpp.o[0m
[7.168s] [ 21%] [32mBuilding C object CMakeFiles/turtlesim__rosidl_typesupport_introspection_c.dir/rosidl_typesupport_introspection_c/turtlesim/msg/detail/color__type_support.c.o[0m
[7.200s] [ 22%] [32mBuilding CXX object CMakeFiles/turtlesim__rosidl_typesupport_cpp.dir/rosidl_typesupport_cpp/turtlesim/srv/teleport_relative__type_support.cpp.o[0m
[7.226s] [ 23%] [32mBuilding C object CMakeFiles/turtlesim__rosidl_typesupport_introspection_c.dir/rosidl_typesupport_introspection_c/turtlesim/msg/detail/pose__type_support.c.o[0m
[7.244s] [ 23%] [32mBuilding CXX object CMakeFiles/turtlesim__rosidl_typesupport_fastrtps_cpp.dir/rosidl_typesupport_fastrtps_cpp/turtlesim/msg/detail/dds_fastrtps/color__type_support.cpp.o[0m
[7.245s] [ 23%] [32mBuilding C object CMakeFiles/turtlesim__rosidl_typesupport_introspection_c.dir/rosidl_typesupport_introspection_c/turtlesim/srv/detail/kill__type_support.c.o[0m
[7.266s] [ 24%] [32mBuilding CXX object CMakeFiles/turtlesim__rosidl_typesupport_introspection_cpp.dir/rosidl_typesupport_introspection_cpp/turtlesim/msg/detail/pose__type_support.cpp.o[0m
[7.276s] [ 25%] [32mBuilding C object CMakeFiles/turtlesim__rosidl_typesupport_introspection_c.dir/rosidl_typesupport_introspection_c/turtlesim/srv/detail/set_pen__type_support.c.o[0m
[7.300s] [ 25%] [32mBuilding C object CMakeFiles/turtlesim__rosidl_typesupport_introspection_c.dir/rosidl_typesupport_introspection_c/turtlesim/srv/detail/spawn__type_support.c.o[0m
[7.330s] [ 26%] [32mBuilding C object CMakeFiles/turtlesim__rosidl_typesupport_introspection_c.dir/rosidl_typesupport_introspection_c/turtlesim/srv/detail/teleport_absolute__type_support.c.o[0m
[7.356s] [ 27%] [32mBuilding C object CMakeFiles/turtlesim__rosidl_typesupport_introspection_c.dir/rosidl_typesupport_introspection_c/turtlesim/srv/detail/teleport_relative__type_support.c.o[0m
[7.385s] [ 27%] [32mBuilding CXX object CMakeFiles/turtlesim__rosidl_typesupport_introspection_cpp.dir/rosidl_typesupport_introspection_cpp/turtlesim/srv/detail/kill__type_support.cpp.o[0m
[7.409s] [ 27%] [32m[1mLinking C shared library libturtlesim__rosidl_typesupport_introspection_c.so[0m
[7.546s] [ 27%] Built target turtlesim__rosidl_typesupport_introspection_c
[7.561s] [ 28%] [32mBuilding CXX object CMakeFiles/turtlesim__rosidl_typesupport_introspection_cpp.dir/rosidl_typesupport_introspection_cpp/turtlesim/srv/detail/set_pen__type_support.cpp.o[0m
[7.591s] [ 28%] [32mBuilding CXX object CMakeFiles/turtlesim__rosidl_typesupport_introspection_cpp.dir/rosidl_typesupport_introspection_cpp/turtlesim/srv/detail/spawn__type_support.cpp.o[0m
[7.608s] [ 29%] [32mBuilding CXX object CMakeFiles/turtlesim__rosidl_typesupport_fastrtps_cpp.dir/rosidl_typesupport_fastrtps_cpp/turtlesim/msg/detail/dds_fastrtps/pose__type_support.cpp.o[0m
[7.710s] [ 30%] [32m[1mLinking CXX shared library libturtlesim__rosidl_typesupport_cpp.so[0m
[7.779s] [ 31%] [32mBuilding CXX object CMakeFiles/turtlesim__rosidl_typesupport_introspection_cpp.dir/rosidl_typesupport_introspection_cpp/turtlesim/srv/detail/teleport_absolute__type_support.cpp.o[0m
[7.842s] [ 31%] [32mBuilding CXX object CMakeFiles/turtlesim__rosidl_typesupport_introspection_cpp.dir/rosidl_typesupport_introspection_cpp/turtlesim/srv/detail/teleport_relative__type_support.cpp.o[0m
[7.857s] [ 31%] Built target turtlesim__rosidl_typesupport_cpp
[7.871s] [ 31%] [32mBuilding CXX object CMakeFiles/turtlesim__rosidl_typesupport_fastrtps_cpp.dir/rosidl_typesupport_fastrtps_cpp/turtlesim/srv/detail/dds_fastrtps/kill__type_support.cpp.o[0m
[8.012s] [ 32%] [32mBuilding CXX object CMakeFiles/turtlesim__rosidl_typesupport_fastrtps_cpp.dir/rosidl_typesupport_fastrtps_cpp/turtlesim/srv/detail/dds_fastrtps/set_pen__type_support.cpp.o[0m
[8.098s] [ 33%] [32mBuilding CXX object CMakeFiles/turtlesim__rosidl_typesupport_fastrtps_cpp.dir/rosidl_typesupport_fastrtps_cpp/turtlesim/srv/detail/dds_fastrtps/spawn__type_support.cpp.o[0m
[8.228s] [ 33%] [32mBuilding CXX object CMakeFiles/turtlesim__rosidl_typesupport_fastrtps_cpp.dir/rosidl_typesupport_fastrtps_cpp/turtlesim/srv/detail/dds_fastrtps/teleport_absolute__type_support.cpp.o[0m
[8.396s] [ 34%] [32mBuilding CXX object CMakeFiles/turtlesim__rosidl_typesupport_fastrtps_cpp.dir/rosidl_typesupport_fastrtps_cpp/turtlesim/srv/detail/dds_fastrtps/teleport_relative__type_support.cpp.o[0m
[8.551s] [ 35%] [32m[1mLinking CXX shared library libturtlesim__rosidl_typesupport_introspection_cpp.so[0m
[8.732s] [ 35%] Built target turtlesim__rosidl_typesupport_introspection_cpp
[9.106s] [ 35%] [32m[1mLinking CXX shared library libturtlesim__rosidl_typesupport_fastrtps_cpp.so[0m
[9.423s] [ 35%] Built target turtlesim__rosidl_typesupport_fastrtps_cpp
[9.433s] [ 35%] [34m[1mGenerating C type support for eProsima Fast-RTPS[0m
[9.659s] INFO com.rti.ndds.nddsgen.Main Running rtiddsgen version 2.5.2, please wait ...
[9.659s] INFO com.rti.ndds.nddsgen.Main Done
[9.851s] INFO com.rti.ndds.nddsgen.Main Running rtiddsgen version 2.5.2, please wait ...
[9.851s] INFO com.rti.ndds.nddsgen.Main Done
[10.083s] INFO com.rti.ndds.nddsgen.Main Running rtiddsgen version 2.5.2, please wait ...
[10.083s] INFO com.rti.ndds.nddsgen.Main Done
[10.282s] INFO com.rti.ndds.nddsgen.Main Running rtiddsgen version 2.5.2, please wait ...
[10.282s] INFO com.rti.ndds.nddsgen.Main Done
[10.463s] INFO com.rti.ndds.nddsgen.Main Running rtiddsgen version 2.5.2, please wait ...
[10.463s] INFO com.rti.ndds.nddsgen.Main Done
[10.532s] [35m[1mScanning dependencies of target turtlesim__rosidl_typesupport_fastrtps_c[0m
[10.606s] [ 35%] [32mBuilding CXX object CMakeFiles/turtlesim__rosidl_typesupport_fastrtps_c.dir/rosidl_typesupport_fastrtps_c/turtlesim/msg/detail/color__type_support_c.cpp.o[0m
[10.609s] [ 36%] [32mBuilding CXX object CMakeFiles/turtlesim__rosidl_typesupport_fastrtps_c.dir/rosidl_typesupport_fastrtps_c/turtlesim/srv/detail/set_pen__type_support_c.cpp.o[0m
[10.612s] INFO com.rti.ndds.nddsgen.Main Running rtiddsgen version 2.5.2, please wait ...
[10.612s] INFO com.rti.ndds.nddsgen.Main Done
[10.615s] [ 37%] [32mBuilding CXX object CMakeFiles/turtlesim__rosidl_typesupport_fastrtps_c.dir/rosidl_typesupport_fastrtps_c/turtlesim/action/detail/rotate_absolute__type_support_c.cpp.o[0m
[10.615s] [ 38%] [32mBuilding CXX object CMakeFiles/turtlesim__rosidl_typesupport_fastrtps_c.dir/rosidl_typesupport_fastrtps_c/turtlesim/msg/detail/pose__type_support_c.cpp.o[0m
[10.617s] [ 38%] [32mBuilding CXX object CMakeFiles/turtlesim__rosidl_typesupport_fastrtps_c.dir/rosidl_typesupport_fastrtps_c/turtlesim/srv/detail/kill__type_support_c.cpp.o[0m
[10.628s] [ 39%] [32mBuilding CXX object CMakeFiles/turtlesim__rosidl_typesupport_fastrtps_c.dir/rosidl_typesupport_fastrtps_c/turtlesim/srv/detail/spawn__type_support_c.cpp.o[0m
[10.636s] [ 39%] [32mBuilding CXX object CMakeFiles/turtlesim__rosidl_typesupport_fastrtps_c.dir/rosidl_typesupport_fastrtps_c/turtlesim/srv/detail/teleport_absolute__type_support_c.cpp.o[0m
[11.238s] [ 40%] [32mBuilding CXX object CMakeFiles/turtlesim__rosidl_typesupport_fastrtps_c.dir/rosidl_typesupport_fastrtps_c/turtlesim/srv/detail/teleport_relative__type_support_c.cpp.o[0m
[11.306s] INFO com.rti.ndds.nddsgen.Main Running rtiddsgen version 2.5.2, please wait ...
[11.306s] INFO com.rti.ndds.nddsgen.Main Done
[11.408s] INFO com.rti.ndds.nddsgen.Main Running rtiddsgen version 2.5.2, please wait ...
[11.408s] INFO com.rti.ndds.nddsgen.Main Done
[11.584s] [35m[1mScanning dependencies of target turtlesim__rosidl_typesupport_connext_cpp[0m
[11.677s] [ 40%] [32m[1mLinking CXX shared library libturtlesim__rosidl_typesupport_fastrtps_c.so[0m
[11.753s] [ 40%] Built target turtlesim__rosidl_typesupport_fastrtps_c
[11.812s] [ 41%] [32mBuilding CXX object CMakeFiles/turtlesim__rosidl_typesupport_connext_cpp.dir/rosidl_typesupport_connext_cpp/turtlesim/action/dds_connext/rotate_absolute__type_support.cpp.o[0m
[11.812s] [ 41%] [32mBuilding CXX object CMakeFiles/turtlesim__rosidl_typesupport_connext_cpp.dir/rosidl_typesupport_connext_cpp/turtlesim/msg/dds_connext/pose__type_support.cpp.o[0m
[11.812s] [ 41%] [32mBuilding CXX object CMakeFiles/turtlesim__rosidl_typesupport_connext_cpp.dir/rosidl_typesupport_connext_cpp/turtlesim/srv/dds_connext/spawn__type_support.cpp.o[0m
[11.812s] [ 42%] [32mBuilding CXX object CMakeFiles/turtlesim__rosidl_typesupport_connext_cpp.dir/rosidl_typesupport_connext_cpp/turtlesim/srv/dds_connext/kill__type_support.cpp.o[0m
[11.813s] [ 41%] [32mBuilding CXX object CMakeFiles/turtlesim__rosidl_typesupport_connext_cpp.dir/rosidl_typesupport_connext_cpp/turtlesim/msg/dds_connext/color__type_support.cpp.o[0m
[11.813s] [ 43%] [32mBuilding CXX object CMakeFiles/turtlesim__rosidl_typesupport_connext_cpp.dir/rosidl_typesupport_connext_cpp/turtlesim/srv/dds_connext/set_pen__type_support.cpp.o[0m
[11.813s] [ 44%] [32mBuilding CXX object CMakeFiles/turtlesim__rosidl_typesupport_connext_cpp.dir/rosidl_typesupport_connext_cpp/turtlesim/srv/dds_connext/teleport_absolute__type_support.cpp.o[0m
[11.819s] [ 44%] [32mBuilding CXX object CMakeFiles/turtlesim__rosidl_typesupport_connext_cpp.dir/rosidl_typesupport_connext_cpp/turtlesim/srv/dds_connext/teleport_relative__type_support.cpp.o[0m
[12.707s] [ 45%] [32mBuilding CXX object CMakeFiles/turtlesim__rosidl_typesupport_connext_cpp.dir/rosidl_typesupport_connext_cpp/turtlesim/action/dds_connext/RotateAbsolute_.cxx.o[0m
[12.714s] [ 46%] [32mBuilding CXX object CMakeFiles/turtlesim__rosidl_typesupport_connext_cpp.dir/rosidl_typesupport_connext_cpp/turtlesim/action/dds_connext/RotateAbsolute_Plugin.cxx.o[0m
[13.182s] [ 47%] [32mBuilding CXX object CMakeFiles/turtlesim__rosidl_typesupport_connext_cpp.dir/rosidl_typesupport_connext_cpp/turtlesim/action/dds_connext/RotateAbsolute_Support.cxx.o[0m
[13.182s] [ 47%] [32mBuilding CXX object CMakeFiles/turtlesim__rosidl_typesupport_connext_cpp.dir/rosidl_typesupport_connext_cpp/turtlesim/msg/dds_connext/Color_.cxx.o[0m
[13.185s] [ 47%] [32mBuilding CXX object CMakeFiles/turtlesim__rosidl_typesupport_connext_cpp.dir/rosidl_typesupport_connext_cpp/turtlesim/msg/dds_connext/Color_Plugin.cxx.o[0m
[13.199s] [ 48%] [32mBuilding CXX object CMakeFiles/turtlesim__rosidl_typesupport_connext_cpp.dir/rosidl_typesupport_connext_cpp/turtlesim/msg/dds_connext/Color_Support.cxx.o[0m
[13.225s] [ 48%] [32mBuilding CXX object CMakeFiles/turtlesim__rosidl_typesupport_connext_cpp.dir/rosidl_typesupport_connext_cpp/turtlesim/msg/dds_connext/Pose_.cxx.o[0m
[13.620s] [ 49%] [32mBuilding CXX object CMakeFiles/turtlesim__rosidl_typesupport_connext_cpp.dir/rosidl_typesupport_connext_cpp/turtlesim/msg/dds_connext/Pose_Plugin.cxx.o[0m
[13.983s] [ 50%] [32mBuilding CXX object CMakeFiles/turtlesim__rosidl_typesupport_connext_cpp.dir/rosidl_typesupport_connext_cpp/turtlesim/msg/dds_connext/Pose_Support.cxx.o[0m
[14.039s] [ 50%] [32mBuilding CXX object CMakeFiles/turtlesim__rosidl_typesupport_connext_cpp.dir/rosidl_typesupport_connext_cpp/turtlesim/srv/dds_connext/Kill_.cxx.o[0m
[14.099s] [ 51%] [32mBuilding CXX object CMakeFiles/turtlesim__rosidl_typesupport_connext_cpp.dir/rosidl_typesupport_connext_cpp/turtlesim/srv/dds_connext/Kill_Plugin.cxx.o[0m
[14.124s] [ 51%] [32mBuilding CXX object CMakeFiles/turtlesim__rosidl_typesupport_connext_cpp.dir/rosidl_typesupport_connext_cpp/turtlesim/srv/dds_connext/Kill_Support.cxx.o[0m
[14.176s] [ 52%] [32mBuilding CXX object CMakeFiles/turtlesim__rosidl_typesupport_connext_cpp.dir/rosidl_typesupport_connext_cpp/turtlesim/srv/dds_connext/SetPen_.cxx.o[0m
[14.422s] [ 52%] [32mBuilding CXX object CMakeFiles/turtlesim__rosidl_typesupport_connext_cpp.dir/rosidl_typesupport_connext_cpp/turtlesim/srv/dds_connext/SetPen_Plugin.cxx.o[0m
[14.720s] [ 53%] [32mBuilding CXX object CMakeFiles/turtlesim__rosidl_typesupport_connext_cpp.dir/rosidl_typesupport_connext_cpp/turtlesim/srv/dds_connext/SetPen_Support.cxx.o[0m
[14.888s] [ 54%] [32mBuilding CXX object CMakeFiles/turtlesim__rosidl_typesupport_connext_cpp.dir/rosidl_typesupport_connext_cpp/turtlesim/srv/dds_connext/Spawn_.cxx.o[0m
[14.996s] [ 54%] [32mBuilding CXX object CMakeFiles/turtlesim__rosidl_typesupport_connext_cpp.dir/rosidl_typesupport_connext_cpp/turtlesim/srv/dds_connext/Spawn_Plugin.cxx.o[0m
[15.031s] [ 55%] [32mBuilding CXX object CMakeFiles/turtlesim__rosidl_typesupport_connext_cpp.dir/rosidl_typesupport_connext_cpp/turtlesim/srv/dds_connext/Spawn_Support.cxx.o[0m
[15.073s] [ 55%] [32mBuilding CXX object CMakeFiles/turtlesim__rosidl_typesupport_connext_cpp.dir/rosidl_typesupport_connext_cpp/turtlesim/srv/dds_connext/TeleportAbsolute_.cxx.o[0m
[15.185s] [ 56%] [32mBuilding CXX object CMakeFiles/turtlesim__rosidl_typesupport_connext_cpp.dir/rosidl_typesupport_connext_cpp/turtlesim/srv/dds_connext/TeleportAbsolute_Plugin.cxx.o[0m
[15.203s] [ 57%] [32mBuilding CXX object CMakeFiles/turtlesim__rosidl_typesupport_connext_cpp.dir/rosidl_typesupport_connext_cpp/turtlesim/srv/dds_connext/TeleportAbsolute_Support.cxx.o[0m
[15.316s] [ 57%] [32mBuilding CXX object CMakeFiles/turtlesim__rosidl_typesupport_connext_cpp.dir/rosidl_typesupport_connext_cpp/turtlesim/srv/dds_connext/TeleportRelative_.cxx.o[0m
[15.792s] [ 58%] [32mBuilding CXX object CMakeFiles/turtlesim__rosidl_typesupport_connext_cpp.dir/rosidl_typesupport_connext_cpp/turtlesim/srv/dds_connext/TeleportRelative_Plugin.cxx.o[0m
[15.893s] [ 58%] [32mBuilding CXX object CMakeFiles/turtlesim__rosidl_typesupport_connext_cpp.dir/rosidl_typesupport_connext_cpp/turtlesim/srv/dds_connext/TeleportRelative_Support.cxx.o[0m
[16.473s] [ 59%] [32m[1mLinking CXX shared library libturtlesim__rosidl_typesupport_connext_cpp.so[0m
[16.820s] [ 60%] Built target turtlesim__rosidl_typesupport_connext_cpp
[16.830s] [ 60%] [34m[1mGenerating C type support for RTI Connext[0m
[17.444s] [35m[1mScanning dependencies of target turtlesim__rosidl_typesupport_connext_c[0m
[17.680s] [ 62%] [32mBuilding CXX object CMakeFiles/turtlesim__rosidl_typesupport_connext_c.dir/rosidl_typesupport_connext_c/turtlesim/msg/dds_connext/pose__type_support_c.cpp.o[0m
[17.681s] [ 63%] [32mBuilding CXX object CMakeFiles/turtlesim__rosidl_typesupport_connext_c.dir/rosidl_typesupport_connext_c/turtlesim/action/dds_connext/rotate_absolute__type_support_c.cpp.o[0m
[17.681s] [ 63%] [32mBuilding CXX object CMakeFiles/turtlesim__rosidl_typesupport_connext_c.dir/rosidl_typesupport_connext_c/turtlesim/msg/dds_connext/color__type_support_c.cpp.o[0m
[17.681s] [ 63%] [32mBuilding CXX object CMakeFiles/turtlesim__rosidl_typesupport_connext_c.dir/rosidl_typesupport_connext_c/turtlesim/srv/dds_connext/spawn__type_support_c.cpp.o[0m
[17.681s] [ 64%] [32mBuilding CXX object CMakeFiles/turtlesim__rosidl_typesupport_connext_c.dir/rosidl_typesupport_connext_c/turtlesim/srv/dds_connext/kill__type_support_c.cpp.o[0m
[17.681s] [ 64%] [32mBuilding CXX object CMakeFiles/turtlesim__rosidl_typesupport_connext_c.dir/rosidl_typesupport_connext_c/turtlesim/srv/dds_connext/set_pen__type_support_c.cpp.o[0m
[17.682s] [ 64%] [32mBuilding CXX object CMakeFiles/turtlesim__rosidl_typesupport_connext_c.dir/rosidl_typesupport_connext_c/turtlesim/srv/dds_connext/teleport_absolute__type_support_c.cpp.o[0m
[17.688s] [ 65%] [32mBuilding CXX object CMakeFiles/turtlesim__rosidl_typesupport_connext_c.dir/rosidl_typesupport_connext_c/turtlesim/srv/dds_connext/teleport_relative__type_support_c.cpp.o[0m
[18.413s] [ 66%] [32mBuilding CXX object CMakeFiles/turtlesim__rosidl_typesupport_connext_c.dir/rosidl_typesupport_connext_cpp/turtlesim/action/dds_connext/RotateAbsolute_.cxx.o[0m
[18.420s] [ 66%] [32mBuilding CXX object CMakeFiles/turtlesim__rosidl_typesupport_connext_c.dir/rosidl_typesupport_connext_cpp/turtlesim/action/dds_connext/RotateAbsolute_Plugin.cxx.o[0m
[18.992s] [ 67%] [32mBuilding CXX object CMakeFiles/turtlesim__rosidl_typesupport_connext_c.dir/rosidl_typesupport_connext_cpp/turtlesim/action/dds_connext/RotateAbsolute_Support.cxx.o[0m
[19.007s] [ 67%] [32mBuilding CXX object CMakeFiles/turtlesim__rosidl_typesupport_connext_c.dir/rosidl_typesupport_connext_cpp/turtlesim/msg/dds_connext/Color_.cxx.o[0m
[19.016s] [ 68%] [32mBuilding CXX object CMakeFiles/turtlesim__rosidl_typesupport_connext_c.dir/rosidl_typesupport_connext_cpp/turtlesim/msg/dds_connext/Color_Plugin.cxx.o[0m
[19.016s] [ 68%] [32mBuilding CXX object CMakeFiles/turtlesim__rosidl_typesupport_connext_c.dir/rosidl_typesupport_connext_cpp/turtlesim/msg/dds_connext/Color_Support.cxx.o[0m
[19.025s] [ 69%] [32mBuilding CXX object CMakeFiles/turtlesim__rosidl_typesupport_connext_c.dir/rosidl_typesupport_connext_cpp/turtlesim/msg/dds_connext/Pose_.cxx.o[0m
[19.335s] [ 70%] [32mBuilding CXX object CMakeFiles/turtlesim__rosidl_typesupport_connext_c.dir/rosidl_typesupport_connext_cpp/turtlesim/msg/dds_connext/Pose_Plugin.cxx.o[0m
[19.812s] [ 70%] [32mBuilding CXX object CMakeFiles/turtlesim__rosidl_typesupport_connext_c.dir/rosidl_typesupport_connext_cpp/turtlesim/msg/dds_connext/Pose_Support.cxx.o[0m
[19.871s] [ 71%] [32mBuilding CXX object CMakeFiles/turtlesim__rosidl_typesupport_connext_c.dir/rosidl_typesupport_connext_cpp/turtlesim/srv/dds_connext/Kill_.cxx.o[0m
[19.901s] [ 71%] [32mBuilding CXX object CMakeFiles/turtlesim__rosidl_typesupport_connext_c.dir/rosidl_typesupport_connext_cpp/turtlesim/srv/dds_connext/Kill_Plugin.cxx.o[0m
[19.919s] [ 72%] [32mBuilding CXX object CMakeFiles/turtlesim__rosidl_typesupport_connext_c.dir/rosidl_typesupport_connext_cpp/turtlesim/srv/dds_connext/Kill_Support.cxx.o[0m
[19.924s] [ 72%] [32mBuilding CXX object CMakeFiles/turtlesim__rosidl_typesupport_connext_c.dir/rosidl_typesupport_connext_cpp/turtlesim/srv/dds_connext/SetPen_.cxx.o[0m
[20.138s] [ 73%] [32mBuilding CXX object CMakeFiles/turtlesim__rosidl_typesupport_connext_c.dir/rosidl_typesupport_connext_cpp/turtlesim/srv/dds_connext/SetPen_Plugin.cxx.o[0m
[20.434s] [ 74%] [32mBuilding CXX object CMakeFiles/turtlesim__rosidl_typesupport_connext_c.dir/rosidl_typesupport_connext_cpp/turtlesim/srv/dds_connext/SetPen_Support.cxx.o[0m
[20.784s] [ 74%] [32mBuilding CXX object CMakeFiles/turtlesim__rosidl_typesupport_connext_c.dir/rosidl_typesupport_connext_cpp/turtlesim/srv/dds_connext/Spawn_.cxx.o[0m
[20.901s] [ 75%] [32mBuilding CXX object CMakeFiles/turtlesim__rosidl_typesupport_connext_c.dir/rosidl_typesupport_connext_cpp/turtlesim/srv/dds_connext/Spawn_Plugin.cxx.o[0m
[20.929s] [ 75%] [32mBuilding CXX object CMakeFiles/turtlesim__rosidl_typesupport_connext_c.dir/rosidl_typesupport_connext_cpp/turtlesim/srv/dds_connext/Spawn_Support.cxx.o[0m
[20.938s] [ 76%] [32mBuilding CXX object CMakeFiles/turtlesim__rosidl_typesupport_connext_c.dir/rosidl_typesupport_connext_cpp/turtlesim/srv/dds_connext/TeleportAbsolute_.cxx.o[0m
[21.006s] [ 77%] [32mBuilding CXX object CMakeFiles/turtlesim__rosidl_typesupport_connext_c.dir/rosidl_typesupport_connext_cpp/turtlesim/srv/dds_connext/TeleportAbsolute_Plugin.cxx.o[0m
[21.032s] [ 77%] [32mBuilding CXX object CMakeFiles/turtlesim__rosidl_typesupport_connext_c.dir/rosidl_typesupport_connext_cpp/turtlesim/srv/dds_connext/TeleportAbsolute_Support.cxx.o[0m
[21.063s] [ 78%] [32mBuilding CXX object CMakeFiles/turtlesim__rosidl_typesupport_connext_c.dir/rosidl_typesupport_connext_cpp/turtlesim/srv/dds_connext/TeleportRelative_.cxx.o[0m
[21.603s] [ 78%] [32mBuilding CXX object CMakeFiles/turtlesim__rosidl_typesupport_connext_c.dir/rosidl_typesupport_connext_cpp/turtlesim/srv/dds_connext/TeleportRelative_Plugin.cxx.o[0m
[21.813s] [ 79%] [32mBuilding CXX object CMakeFiles/turtlesim__rosidl_typesupport_connext_c.dir/rosidl_typesupport_connext_cpp/turtlesim/srv/dds_connext/TeleportRelative_Support.cxx.o[0m
[22.444s] [ 79%] [32m[1mLinking CXX shared library libturtlesim__rosidl_typesupport_connext_c.so[0m
[22.862s] [ 80%] Built target turtlesim__rosidl_typesupport_connext_c
[22.895s] [35m[1mScanning dependencies of target turtlesim[0m
[22.917s] [ 80%] Built target turtlesim
[22.928s] [ 81%] [34m[1mGenerating include/turtlesim/moc_turtle_frame.cpp[0m
[22.929s] [35m[1mScanning dependencies of target draw_square[0m
[22.929s] [35m[1mScanning dependencies of target turtlesim__py[0m
[22.931s] [35m[1mScanning dependencies of target turtle_teleop_key[0m
[22.932s] [35m[1mScanning dependencies of target mimic[0m
[22.938s] [ 82%] [34m[1mGenerating Python code for ROS interfaces[0m
[23.064s] [ 82%] [32mBuilding CXX object CMakeFiles/mimic.dir/tutorials/mimic.cpp.o[0m
[23.075s] [ 82%] [32mBuilding CXX object CMakeFiles/draw_square.dir/tutorials/draw_square.cpp.o[0m
[23.119s] [35m[1mScanning dependencies of target turtlesim_node[0m
[23.131s] [ 82%] [32mBuilding CXX object CMakeFiles/turtle_teleop_key.dir/tutorials/teleop_turtle_key.cpp.o[0m
[23.257s] [ 83%] [32mBuilding CXX object CMakeFiles/turtlesim_node.dir/src/turtle.cpp.o[0m
[23.257s] [ 83%] [32mBuilding CXX object CMakeFiles/turtlesim_node.dir/src/turtle_frame.cpp.o[0m
[23.257s] [ 83%] [32mBuilding CXX object CMakeFiles/turtlesim_node.dir/src/turtlesim.cpp.o[0m
[23.265s] [ 84%] [32mBuilding CXX object CMakeFiles/turtlesim_node.dir/include/turtlesim/moc_turtle_frame.cpp.o[0m
[27.202s] [ 84%] Built target turtlesim__py
[27.218s] [35m[1mScanning dependencies of target turtlesim__python[0m
[27.344s] [ 84%] [32mBuilding C object CMakeFiles/turtlesim__python.dir/rosidl_generator_py/turtlesim/action/_rotate_absolute_s.c.o[0m
[27.567s] [ 85%] [32mBuilding C object CMakeFiles/turtlesim__python.dir/rosidl_generator_py/turtlesim/msg/_color_s.c.o[0m
[27.577s] [ 85%] [32mBuilding C object CMakeFiles/turtlesim__python.dir/rosidl_generator_py/turtlesim/msg/_pose_s.c.o[0m
[27.717s] [ 86%] [32mBuilding C object CMakeFiles/turtlesim__python.dir/rosidl_generator_py/turtlesim/srv/_kill_s.c.o[0m
[27.726s] [ 87%] [32mBuilding C object CMakeFiles/turtlesim__python.dir/rosidl_generator_py/turtlesim/srv/_set_pen_s.c.o[0m
[27.778s] [ 87%] [32mBuilding C object CMakeFiles/turtlesim__python.dir/rosidl_generator_py/turtlesim/srv/_spawn_s.c.o[0m
[27.874s] [ 88%] [32mBuilding C object CMakeFiles/turtlesim__python.dir/rosidl_generator_py/turtlesim/srv/_teleport_absolute_s.c.o[0m
[27.889s] [ 88%] [32mBuilding C object CMakeFiles/turtlesim__python.dir/rosidl_generator_py/turtlesim/srv/_teleport_relative_s.c.o[0m
[28.035s] [ 89%] [32m[1mLinking C shared library rosidl_generator_py/turtlesim/libturtlesim__python.so[0m
[28.120s] [ 89%] Built target turtlesim__python
[28.136s] [35m[1mScanning dependencies of target turtlesim__rosidl_typesupport_fastrtps_c__pyext[0m
[28.137s] [35m[1mScanning dependencies of target turtlesim__rosidl_typesupport_connext_c__pyext[0m
[28.137s] [35m[1mScanning dependencies of target turtlesim__rosidl_typesupport_c__pyext[0m
[28.175s] [ 90%] [32mBuilding C object CMakeFiles/turtlesim__rosidl_typesupport_c__pyext.dir/rosidl_generator_py/turtlesim/_turtlesim_s.ep.rosidl_typesupport_c.c.o[0m
[28.179s] [ 92%] [32mBuilding C object CMakeFiles/turtlesim__rosidl_typesupport_fastrtps_c__pyext.dir/rosidl_generator_py/turtlesim/_turtlesim_s.ep.rosidl_typesupport_fastrtps_c.c.o[0m
[28.179s] [ 92%] [32mBuilding C object CMakeFiles/turtlesim__rosidl_typesupport_connext_c__pyext.dir/rosidl_generator_py/turtlesim/_turtlesim_s.ep.rosidl_typesupport_connext_c.c.o[0m
[28.412s] [ 93%] [32m[1mLinking C shared library rosidl_generator_py/turtlesim/turtlesim_s__rosidl_typesupport_c.cpython-38-x86_64-linux-gnu.so[0m
[28.420s] [ 94%] [32m[1mLinking C shared library rosidl_generator_py/turtlesim/turtlesim_s__rosidl_typesupport_connext_c.cpython-38-x86_64-linux-gnu.so[0m
[28.426s] [ 95%] [32m[1mLinking CXX shared library rosidl_generator_py/turtlesim/turtlesim_s__rosidl_typesupport_fastrtps_c.cpython-38-x86_64-linux-gnu.so[0m
[28.476s] [ 95%] Built target turtlesim__rosidl_typesupport_c__pyext
[28.492s] [35m[1mScanning dependencies of target turtlesim__rosidl_typesupport_introspection_c__pyext[0m
[28.533s] [ 96%] [32mBuilding C object CMakeFiles/turtlesim__rosidl_typesupport_introspection_c__pyext.dir/rosidl_generator_py/turtlesim/_turtlesim_s.ep.rosidl_typesupport_introspection_c.c.o[0m
[28.545s] [ 96%] Built target turtlesim__rosidl_typesupport_fastrtps_c__pyext
[28.614s] [ 96%] Built target turtlesim__rosidl_typesupport_connext_c__pyext
[28.703s] [ 96%] [32m[1mLinking C shared library rosidl_generator_py/turtlesim/turtlesim_s__rosidl_typesupport_introspection_c.cpython-38-x86_64-linux-gnu.so[0m
[28.744s] [ 96%] Built target turtlesim__rosidl_typesupport_introspection_c__pyext
[29.281s] [ 97%] [32m[1mLinking CXX executable turtle_teleop_key[0m
[29.671s] [ 97%] Built target turtle_teleop_key
[30.200s] [ 98%] [32m[1mLinking CXX executable mimic[0m
[30.477s] [ 98%] Built target mimic
[30.838s] [ 99%] [32m[1mLinking CXX executable draw_square[0m
[31.108s] [ 99%] Built target draw_square
[33.643s] [100%] [32m[1mLinking CXX executable turtlesim_node[0m
[35.130s] [100%] Built target turtlesim_node
[35.140s] Invoked command in '/home/manojbr/dev_ws/src/build/turtlesim' returned '0': CMAKE_PREFIX_PATH=${CMAKE_PREFIX_PATH}:/home/manojbr/dev_ws/install/radiants:/opt/ros/foxy /usr/bin/cmake --build /home/manojbr/dev_ws/src/build/turtlesim -- -j8 -l8
[35.324s] Invoking command in '/home/manojbr/dev_ws/src/build/turtlesim': CMAKE_PREFIX_PATH=${CMAKE_PREFIX_PATH}:/home/manojbr/dev_ws/install/radiants:/opt/ros/foxy /usr/bin/cmake --install /home/manojbr/dev_ws/src/build/turtlesim
[35.332s] -- Install configuration: ""
[35.332s] -- Installing: /home/manojbr/dev_ws/src/install/turtlesim/share/ament_index/resource_index/rosidl_interfaces/turtlesim
[35.332s] -- Installing: /home/manojbr/dev_ws/src/install/turtlesim/include/turtlesim
[35.332s] -- Installing: /home/manojbr/dev_ws/src/install/turtlesim/include/turtlesim/srv
[35.332s] -- Installing: /home/manojbr/dev_ws/src/install/turtlesim/include/turtlesim/srv/detail
[35.332s] -- Installing: /home/manojbr/dev_ws/src/install/turtlesim/include/turtlesim/srv/detail/teleport_relative__functions.c
[35.332s] -- Installing: /home/manojbr/dev_ws/src/install/turtlesim/include/turtlesim/srv/detail/teleport_absolute__struct.h
[35.333s] -- Installing: /home/manojbr/dev_ws/src/install/turtlesim/include/turtlesim/srv/detail/teleport_absolute__type_support.h
[35.333s] -- Installing: /home/manojbr/dev_ws/src/install/turtlesim/include/turtlesim/srv/detail/spawn__struct.h
[35.333s] -- Installing: /home/manojbr/dev_ws/src/install/turtlesim/include/turtlesim/srv/detail/set_pen__functions.h
[35.333s] -- Installing: /home/manojbr/dev_ws/src/install/turtlesim/include/turtlesim/srv/detail/spawn__functions.h
[35.333s] -- Installing: /home/manojbr/dev_ws/src/install/turtlesim/include/turtlesim/srv/detail/kill__struct.h
[35.333s] -- Installing: /home/manojbr/dev_ws/src/install/turtlesim/include/turtlesim/srv/detail/kill__type_support.h
[35.333s] -- Installing: /home/manojbr/dev_ws/src/install/turtlesim/include/turtlesim/srv/detail/kill__functions.c
[35.333s] -- Installing: /home/manojbr/dev_ws/src/install/turtlesim/include/turtlesim/srv/detail/set_pen__functions.c
[35.333s] -- Installing: /home/manojbr/dev_ws/src/install/turtlesim/include/turtlesim/srv/detail/teleport_relative__type_support.h
[35.333s] -- Installing: /home/manojbr/dev_ws/src/install/turtlesim/include/turtlesim/srv/detail/set_pen__struct.h
[35.333s] -- Installing: /home/manojbr/dev_ws/src/install/turtlesim/include/turtlesim/srv/detail/teleport_absolute__functions.h
[35.333s] -- Installing: /home/manojbr/dev_ws/src/install/turtlesim/include/turtlesim/srv/detail/spawn__type_support.h
[35.333s] -- Installing: /home/manojbr/dev_ws/src/install/turtlesim/include/turtlesim/srv/detail/teleport_relative__functions.h
[35.333s] -- Installing: /home/manojbr/dev_ws/src/install/turtlesim/include/turtlesim/srv/detail/set_pen__type_support.h
[35.333s] -- Installing: /home/manojbr/dev_ws/src/install/turtlesim/include/turtlesim/srv/detail/kill__functions.h
[35.333s] -- Installing: /home/manojbr/dev_ws/src/install/turtlesim/include/turtlesim/srv/detail/teleport_absolute__functions.c
[35.334s] -- Installing: /home/manojbr/dev_ws/src/install/turtlesim/include/turtlesim/srv/detail/spawn__functions.c
[35.334s] -- Installing: /home/manojbr/dev_ws/src/install/turtlesim/include/turtlesim/srv/detail/teleport_relative__struct.h
[35.334s] -- Installing: /home/manojbr/dev_ws/src/install/turtlesim/include/turtlesim/srv/spawn.h
[35.334s] -- Installing: /home/manojbr/dev_ws/src/install/turtlesim/include/turtlesim/srv/teleport_relative.h
[35.334s] -- Installing: /home/manojbr/dev_ws/src/install/turtlesim/include/turtlesim/srv/kill.h
[35.334s] -- Installing: /home/manojbr/dev_ws/src/install/turtlesim/include/turtlesim/srv/set_pen.h
[35.334s] -- Installing: /home/manojbr/dev_ws/src/install/turtlesim/include/turtlesim/srv/teleport_absolute.h
[35.334s] -- Installing: /home/manojbr/dev_ws/src/install/turtlesim/include/turtlesim/msg
[35.334s] -- Installing: /home/manojbr/dev_ws/src/install/turtlesim/include/turtlesim/msg/rosidl_generator_c__visibility_control.h
[35.334s] -- Installing: /home/manojbr/dev_ws/src/install/turtlesim/include/turtlesim/msg/detail
[35.334s] -- Installing: /home/manojbr/dev_ws/src/install/turtlesim/include/turtlesim/msg/detail/color__functions.c
[35.334s] -- Installing: /home/manojbr/dev_ws/src/install/turtlesim/include/turtlesim/msg/detail/pose__functions.c
[35.334s] -- Installing: /home/manojbr/dev_ws/src/install/turtlesim/include/turtlesim/msg/detail/pose__type_support.h
[35.334s] -- Installing: /home/manojbr/dev_ws/src/install/turtlesim/include/turtlesim/msg/detail/color__functions.h
[35.335s] -- Installing: /home/manojbr/dev_ws/src/install/turtlesim/include/turtlesim/msg/detail/color__struct.h
[35.335s] -- Installing: /home/manojbr/dev_ws/src/install/turtlesim/include/turtlesim/msg/detail/color__type_support.h
[35.335s] -- Installing: /home/manojbr/dev_ws/src/install/turtlesim/include/turtlesim/msg/detail/pose__functions.h
[35.335s] -- Installing: /home/manojbr/dev_ws/src/install/turtlesim/include/turtlesim/msg/detail/pose__struct.h
[35.335s] -- Installing: /home/manojbr/dev_ws/src/install/turtlesim/include/turtlesim/msg/color.h
[35.335s] -- Installing: /home/manojbr/dev_ws/src/install/turtlesim/include/turtlesim/msg/pose.h
[35.335s] -- Installing: /home/manojbr/dev_ws/src/install/turtlesim/include/turtlesim/action
[35.335s] -- Installing: /home/manojbr/dev_ws/src/install/turtlesim/include/turtlesim/action/detail
[35.335s] -- Installing: /home/manojbr/dev_ws/src/install/turtlesim/include/turtlesim/action/detail/rotate_absolute__functions.h
[35.335s] -- Installing: /home/manojbr/dev_ws/src/install/turtlesim/include/turtlesim/action/detail/rotate_absolute__functions.c
[35.335s] -- Installing: /home/manojbr/dev_ws/src/install/turtlesim/include/turtlesim/action/detail/rotate_absolute__struct.h
[35.335s] -- Installing: /home/manojbr/dev_ws/src/install/turtlesim/include/turtlesim/action/detail/rotate_absolute__type_support.h
[35.335s] -- Installing: /home/manojbr/dev_ws/src/install/turtlesim/include/turtlesim/action/rotate_absolute.h
[35.335s] -- Installing: /home/manojbr/dev_ws/src/install/turtlesim/share/turtlesim/environment/library_path.sh
[35.335s] -- Installing: /home/manojbr/dev_ws/src/install/turtlesim/share/turtlesim/environment/library_path.dsv
[35.336s] -- Installing: /home/manojbr/dev_ws/src/install/turtlesim/lib/libturtlesim__rosidl_generator_c.so
[35.336s] -- Set runtime path of "/home/manojbr/dev_ws/src/install/turtlesim/lib/libturtlesim__rosidl_generator_c.so" to ""
[35.336s] -- Up-to-date: /home/manojbr/dev_ws/src/install/turtlesim/include/turtlesim
[35.336s] -- Up-to-date: /home/manojbr/dev_ws/src/install/turtlesim/include/turtlesim/srv
[35.336s] -- Installing: /home/manojbr/dev_ws/src/install/turtlesim/include/turtlesim/srv/teleport_relative__rosidl_typesupport_connext_c.h
[35.336s] -- Installing: /home/manojbr/dev_ws/src/install/turtlesim/include/turtlesim/srv/set_pen__rosidl_typesupport_connext_c.h
[35.336s] -- Installing: /home/manojbr/dev_ws/src/install/turtlesim/include/turtlesim/srv/kill__rosidl_typesupport_connext_c.h
[35.336s] -- Installing: /home/manojbr/dev_ws/src/install/turtlesim/include/turtlesim/srv/dds_connext
[35.337s] -- Installing: /home/manojbr/dev_ws/src/install/turtlesim/include/turtlesim/srv/spawn__rosidl_typesupport_connext_c.h
[35.337s] -- Installing: /home/manojbr/dev_ws/src/install/turtlesim/include/turtlesim/srv/teleport_absolute__rosidl_typesupport_connext_c.h
[35.337s] -- Up-to-date: /home/manojbr/dev_ws/src/install/turtlesim/include/turtlesim/msg
[35.337s] -- Installing: /home/manojbr/dev_ws/src/install/turtlesim/include/turtlesim/msg/pose__rosidl_typesupport_connext_c.h
[35.337s] -- Installing: /home/manojbr/dev_ws/src/install/turtlesim/include/turtlesim/msg/dds_connext
[35.337s] -- Installing: /home/manojbr/dev_ws/src/install/turtlesim/include/turtlesim/msg/rosidl_typesupport_connext_c__visibility_control.h
[35.337s] -- Installing: /home/manojbr/dev_ws/src/install/turtlesim/include/turtlesim/msg/color__rosidl_typesupport_connext_c.h
[35.337s] -- Up-to-date: /home/manojbr/dev_ws/src/install/turtlesim/include/turtlesim/action
[35.337s] -- Installing: /home/manojbr/dev_ws/src/install/turtlesim/include/turtlesim/action/rotate_absolute__rosidl_typesupport_connext_c.h
[35.337s] -- Installing: /home/manojbr/dev_ws/src/install/turtlesim/include/turtlesim/action/dds_connext
[35.337s] -- Installing: /home/manojbr/dev_ws/src/install/turtlesim/lib/libturtlesim__rosidl_typesupport_connext_c.so
[35.340s] -- Set runtime path of "/home/manojbr/dev_ws/src/install/turtlesim/lib/libturtlesim__rosidl_typesupport_connext_c.so" to ""
[35.340s] -- Installing: /home/manojbr/dev_ws/src/install/turtlesim/share/turtlesim/action/dds_connext
[35.340s] -- Installing: /home/manojbr/dev_ws/src/install/turtlesim/share/turtlesim/action/dds_connext/RotateAbsolute_.idl
[35.340s] -- Installing: /home/manojbr/dev_ws/src/install/turtlesim/share/turtlesim/msg/dds_connext
[35.340s] -- Installing: /home/manojbr/dev_ws/src/install/turtlesim/share/turtlesim/msg/dds_connext/Pose_.idl
[35.341s] -- Installing: /home/manojbr/dev_ws/src/install/turtlesim/share/turtlesim/msg/dds_connext/Color_.idl
[35.341s] -- Installing: /home/manojbr/dev_ws/src/install/turtlesim/share/turtlesim/srv/dds_connext
[35.341s] -- Installing: /home/manojbr/dev_ws/src/install/turtlesim/share/turtlesim/srv/dds_connext/TeleportAbsolute_.idl
[35.341s] -- Installing: /home/manojbr/dev_ws/src/install/turtlesim/share/turtlesim/srv/dds_connext/Kill_.idl
[35.341s] -- Installing: /home/manojbr/dev_ws/src/install/turtlesim/share/turtlesim/srv/dds_connext/TeleportRelative_.idl
[35.341s] -- Installing: /home/manojbr/dev_ws/src/install/turtlesim/share/turtlesim/srv/dds_connext/Spawn_.idl
[35.341s] -- Installing: /home/manojbr/dev_ws/src/install/turtlesim/share/turtlesim/srv/dds_connext/SetPen_.idl
[35.341s] -- Up-to-date: /home/manojbr/dev_ws/src/install/turtlesim/include/turtlesim
[35.341s] -- Up-to-date: /home/manojbr/dev_ws/src/install/turtlesim/include/turtlesim/srv
[35.341s] -- Installing: /home/manojbr/dev_ws/src/install/turtlesim/include/turtlesim/srv/teleport_relative__rosidl_typesupport_connext_cpp.hpp
[35.341s] -- Installing: /home/manojbr/dev_ws/src/install/turtlesim/include/turtlesim/srv/teleport_absolute__rosidl_typesupport_connext_cpp.hpp
[35.341s] -- Installing: /home/manojbr/dev_ws/src/install/turtlesim/include/turtlesim/srv/spawn__rosidl_typesupport_connext_cpp.hpp
[35.341s] -- Up-to-date: /home/manojbr/dev_ws/src/install/turtlesim/include/turtlesim/srv/dds_connext
[35.341s] -- Installing: /home/manojbr/dev_ws/src/install/turtlesim/include/turtlesim/srv/dds_connext/Spawn_Plugin.cxx
[35.341s] -- Installing: /home/manojbr/dev_ws/src/install/turtlesim/include/turtlesim/srv/dds_connext/TeleportAbsolute_Support.cxx
[35.341s] -- Installing: /home/manojbr/dev_ws/src/install/turtlesim/include/turtlesim/srv/dds_connext/Kill_Support.cxx
[35.342s] -- Installing: /home/manojbr/dev_ws/src/install/turtlesim/include/turtlesim/srv/dds_connext/Kill_Support.h
[35.342s] -- Installing: /home/manojbr/dev_ws/src/install/turtlesim/include/turtlesim/srv/dds_connext/Spawn_Plugin.h
[35.342s] -- Installing: /home/manojbr/dev_ws/src/install/turtlesim/include/turtlesim/srv/dds_connext/TeleportAbsolute_Plugin.h
[35.342s] -- Installing: /home/manojbr/dev_ws/src/install/turtlesim/include/turtlesim/srv/dds_connext/Spawn_.h
[35.342s] -- Installing: /home/manojbr/dev_ws/src/install/turtlesim/include/turtlesim/srv/dds_connext/TeleportAbsolute_Plugin.cxx
[35.342s] -- Installing: /home/manojbr/dev_ws/src/install/turtlesim/include/turtlesim/srv/dds_connext/Spawn_Support.h
[35.342s] -- Installing: /home/manojbr/dev_ws/src/install/turtlesim/include/turtlesim/srv/dds_connext/Spawn_Support.cxx
[35.342s] -- Installing: /home/manojbr/dev_ws/src/install/turtlesim/include/turtlesim/srv/dds_connext/TeleportRelative_Support.h
[35.342s] -- Installing: /home/manojbr/dev_ws/src/install/turtlesim/include/turtlesim/srv/dds_connext/Kill_Plugin.cxx
[35.342s] -- Installing: /home/manojbr/dev_ws/src/install/turtlesim/include/turtlesim/srv/dds_connext/Kill_.cxx
[35.342s] -- Installing: /home/manojbr/dev_ws/src/install/turtlesim/include/turtlesim/srv/dds_connext/TeleportRelative_Plugin.cxx
[35.342s] -- Installing: /home/manojbr/dev_ws/src/install/turtlesim/include/turtlesim/srv/dds_connext/SetPen_Support.h
[35.342s] -- Installing: /home/manojbr/dev_ws/src/install/turtlesim/include/turtlesim/srv/dds_connext/SetPen_.h
[35.343s] -- Installing: /home/manojbr/dev_ws/src/install/turtlesim/include/turtlesim/srv/dds_connext/TeleportRelative_.h
[35.343s] -- Installing: /home/manojbr/dev_ws/src/install/turtlesim/include/turtlesim/srv/dds_connext/TeleportRelative_.cxx
[35.343s] -- Installing: /home/manojbr/dev_ws/src/install/turtlesim/include/turtlesim/srv/dds_connext/TeleportRelative_Plugin.h
[35.343s] -- Installing: /home/manojbr/dev_ws/src/install/turtlesim/include/turtlesim/srv/dds_connext/Spawn_.cxx
[35.343s] -- Installing: /home/manojbr/dev_ws/src/install/turtlesim/include/turtlesim/srv/dds_connext/TeleportAbsolute_.cxx
[35.343s] -- Installing: /home/manojbr/dev_ws/src/install/turtlesim/include/turtlesim/srv/dds_connext/TeleportRelative_Support.cxx
[35.343s] -- Installing: /home/manojbr/dev_ws/src/install/turtlesim/include/turtlesim/srv/dds_connext/TeleportAbsolute_.h
[35.343s] -- Installing: /home/manojbr/dev_ws/src/install/turtlesim/include/turtlesim/srv/dds_connext/Kill_Plugin.h
[35.343s] -- Installing: /home/manojbr/dev_ws/src/install/turtlesim/include/turtlesim/srv/dds_connext/SetPen_Support.cxx
[35.343s] -- Installing: /home/manojbr/dev_ws/src/install/turtlesim/include/turtlesim/srv/dds_connext/SetPen_Plugin.cxx
[35.343s] -- Installing: /home/manojbr/dev_ws/src/install/turtlesim/include/turtlesim/srv/dds_connext/SetPen_Plugin.h
[35.343s] -- Installing: /home/manojbr/dev_ws/src/install/turtlesim/include/turtlesim/srv/dds_connext/Kill_.h
[35.344s] -- Installing: /home/manojbr/dev_ws/src/install/turtlesim/include/turtlesim/srv/dds_connext/TeleportAbsolute_Support.h
[35.344s] -- Installing: /home/manojbr/dev_ws/src/install/turtlesim/include/turtlesim/srv/dds_connext/SetPen_.cxx
[35.344s] -- Installing: /home/manojbr/dev_ws/src/install/turtlesim/include/turtlesim/srv/kill__rosidl_typesupport_connext_cpp.hpp
[35.344s] -- Installing: /home/manojbr/dev_ws/src/install/turtlesim/include/turtlesim/srv/set_pen__rosidl_typesupport_connext_cpp.hpp
[35.344s] -- Up-to-date: /home/manojbr/dev_ws/src/install/turtlesim/include/turtlesim/msg
[35.344s] -- Up-to-date: /home/manojbr/dev_ws/src/install/turtlesim/include/turtlesim/msg/dds_connext
[35.344s] -- Installing: /home/manojbr/dev_ws/src/install/turtlesim/include/turtlesim/msg/dds_connext/Color_Plugin.h
[35.344s] -- Installing: /home/manojbr/dev_ws/src/install/turtlesim/include/turtlesim/msg/dds_connext/Color_.cxx
[35.344s] -- Installing: /home/manojbr/dev_ws/src/install/turtlesim/include/turtlesim/msg/dds_connext/Pose_Plugin.h
[35.344s] -- Installing: /home/manojbr/dev_ws/src/install/turtlesim/include/turtlesim/msg/dds_connext/Color_Support.h
[35.344s] -- Installing: /home/manojbr/dev_ws/src/install/turtlesim/include/turtlesim/msg/dds_connext/Color_.h
[35.344s] -- Installing: /home/manojbr/dev_ws/src/install/turtlesim/include/turtlesim/msg/dds_connext/Pose_.cxx
[35.344s] -- Installing: /home/manojbr/dev_ws/src/install/turtlesim/include/turtlesim/msg/dds_connext/Color_Support.cxx
[35.344s] -- Installing: /home/manojbr/dev_ws/src/install/turtlesim/include/turtlesim/msg/dds_connext/Color_Plugin.cxx
[35.345s] -- Installing: /home/manojbr/dev_ws/src/install/turtlesim/include/turtlesim/msg/dds_connext/Pose_.h
[35.345s] -- Installing: /home/manojbr/dev_ws/src/install/turtlesim/include/turtlesim/msg/dds_connext/Pose_Support.h
[35.345s] -- Installing: /home/manojbr/dev_ws/src/install/turtlesim/include/turtlesim/msg/dds_connext/Pose_Plugin.cxx
[35.345s] -- Installing: /home/manojbr/dev_ws/src/install/turtlesim/include/turtlesim/msg/dds_connext/Pose_Support.cxx
[35.345s] -- Installing: /home/manojbr/dev_ws/src/install/turtlesim/include/turtlesim/msg/pose__rosidl_typesupport_connext_cpp.hpp
[35.345s] -- Installing: /home/manojbr/dev_ws/src/install/turtlesim/include/turtlesim/msg/color__rosidl_typesupport_connext_cpp.hpp
[35.345s] -- Installing: /home/manojbr/dev_ws/src/install/turtlesim/include/turtlesim/msg/rosidl_typesupport_connext_cpp__visibility_control.h
[35.345s] -- Up-to-date: /home/manojbr/dev_ws/src/install/turtlesim/include/turtlesim/action
[35.345s] -- Up-to-date: /home/manojbr/dev_ws/src/install/turtlesim/include/turtlesim/action/dds_connext
[35.345s] -- Installing: /home/manojbr/dev_ws/src/install/turtlesim/include/turtlesim/action/dds_connext/RotateAbsolute_.h
[35.345s] -- Installing: /home/manojbr/dev_ws/src/install/turtlesim/include/turtlesim/action/dds_connext/RotateAbsolute_Support.cxx
[35.345s] -- Installing: /home/manojbr/dev_ws/src/install/turtlesim/include/turtlesim/action/dds_connext/RotateAbsolute_Plugin.cxx
[35.346s] -- Installing: /home/manojbr/dev_ws/src/install/turtlesim/include/turtlesim/action/dds_connext/RotateAbsolute_Support.h
[35.346s] -- Installing: /home/manojbr/dev_ws/src/install/turtlesim/include/turtlesim/action/dds_connext/RotateAbsolute_Plugin.h
[35.346s] -- Installing: /home/manojbr/dev_ws/src/install/turtlesim/include/turtlesim/action/dds_connext/RotateAbsolute_.cxx
[35.346s] -- Installing: /home/manojbr/dev_ws/src/install/turtlesim/include/turtlesim/action/rotate_absolute__rosidl_typesupport_connext_cpp.hpp
[35.346s] -- Installing: /home/manojbr/dev_ws/src/install/turtlesim/lib/libturtlesim__rosidl_typesupport_connext_cpp.so
[35.349s] -- Set runtime path of "/home/manojbr/dev_ws/src/install/turtlesim/lib/libturtlesim__rosidl_typesupport_connext_cpp.so" to ""
[35.349s] -- Up-to-date: /home/manojbr/dev_ws/src/install/turtlesim/include/turtlesim
[35.350s] -- Up-to-date: /home/manojbr/dev_ws/src/install/turtlesim/include/turtlesim/srv
[35.350s] -- Up-to-date: /home/manojbr/dev_ws/src/install/turtlesim/include/turtlesim/srv/detail
[35.350s] -- Installing: /home/manojbr/dev_ws/src/install/turtlesim/include/turtlesim/srv/detail/teleport_relative__rosidl_typesupport_fastrtps_c.h
[35.350s] -- Installing: /home/manojbr/dev_ws/src/install/turtlesim/include/turtlesim/srv/detail/set_pen__rosidl_typesupport_fastrtps_c.h
[35.350s] -- Installing: /home/manojbr/dev_ws/src/install/turtlesim/include/turtlesim/srv/detail/teleport_absolute__rosidl_typesupport_fastrtps_c.h
[35.350s] -- Installing: /home/manojbr/dev_ws/src/install/turtlesim/include/turtlesim/srv/detail/spawn__rosidl_typesupport_fastrtps_c.h
[35.350s] -- Installing: /home/manojbr/dev_ws/src/install/turtlesim/include/turtlesim/srv/detail/kill__rosidl_typesupport_fastrtps_c.h
[35.350s] -- Up-to-date: /home/manojbr/dev_ws/src/install/turtlesim/include/turtlesim/msg
[35.350s] -- Up-to-date: /home/manojbr/dev_ws/src/install/turtlesim/include/turtlesim/msg/detail
[35.350s] -- Installing: /home/manojbr/dev_ws/src/install/turtlesim/include/turtlesim/msg/detail/pose__rosidl_typesupport_fastrtps_c.h
[35.350s] -- Installing: /home/manojbr/dev_ws/src/install/turtlesim/include/turtlesim/msg/detail/color__rosidl_typesupport_fastrtps_c.h
[35.350s] -- Installing: /home/manojbr/dev_ws/src/install/turtlesim/include/turtlesim/msg/rosidl_typesupport_fastrtps_c__visibility_control.h
[35.350s] -- Up-to-date: /home/manojbr/dev_ws/src/install/turtlesim/include/turtlesim/action
[35.350s] -- Up-to-date: /home/manojbr/dev_ws/src/install/turtlesim/include/turtlesim/action/detail
[35.350s] -- Installing: /home/manojbr/dev_ws/src/install/turtlesim/include/turtlesim/action/detail/rotate_absolute__rosidl_typesupport_fastrtps_c.h
[35.351s] -- Installing: /home/manojbr/dev_ws/src/install/turtlesim/lib/libturtlesim__rosidl_typesupport_fastrtps_c.so
[35.351s] -- Set runtime path of "/home/manojbr/dev_ws/src/install/turtlesim/lib/libturtlesim__rosidl_typesupport_fastrtps_c.so" to ""
[35.351s] -- Up-to-date: /home/manojbr/dev_ws/src/install/turtlesim/include/turtlesim
[35.351s] -- Up-to-date: /home/manojbr/dev_ws/src/install/turtlesim/include/turtlesim/srv
[35.351s] -- Up-to-date: /home/manojbr/dev_ws/src/install/turtlesim/include/turtlesim/srv/detail
[35.351s] -- Installing: /home/manojbr/dev_ws/src/install/turtlesim/include/turtlesim/srv/detail/spawn__rosidl_typesupport_fastrtps_cpp.hpp
[35.351s] -- Installing: /home/manojbr/dev_ws/src/install/turtlesim/include/turtlesim/srv/detail/dds_fastrtps
[35.351s] -- Installing: /home/manojbr/dev_ws/src/install/turtlesim/include/turtlesim/srv/detail/kill__rosidl_typesupport_fastrtps_cpp.hpp
[35.351s] -- Installing: /home/manojbr/dev_ws/src/install/turtlesim/include/turtlesim/srv/detail/teleport_relative__rosidl_typesupport_fastrtps_cpp.hpp
[35.351s] -- Installing: /home/manojbr/dev_ws/src/install/turtlesim/include/turtlesim/srv/detail/teleport_absolute__rosidl_typesupport_fastrtps_cpp.hpp
[35.351s] -- Installing: /home/manojbr/dev_ws/src/install/turtlesim/include/turtlesim/srv/detail/set_pen__rosidl_typesupport_fastrtps_cpp.hpp
[35.351s] -- Up-to-date: /home/manojbr/dev_ws/src/install/turtlesim/include/turtlesim/msg
[35.351s] -- Up-to-date: /home/manojbr/dev_ws/src/install/turtlesim/include/turtlesim/msg/detail
[35.351s] -- Installing: /home/manojbr/dev_ws/src/install/turtlesim/include/turtlesim/msg/detail/dds_fastrtps
[35.351s] -- Installing: /home/manojbr/dev_ws/src/install/turtlesim/include/turtlesim/msg/detail/pose__rosidl_typesupport_fastrtps_cpp.hpp
[35.352s] -- Installing: /home/manojbr/dev_ws/src/install/turtlesim/include/turtlesim/msg/detail/color__rosidl_typesupport_fastrtps_cpp.hpp
[35.352s] -- Installing: /home/manojbr/dev_ws/src/install/turtlesim/include/turtlesim/msg/rosidl_typesupport_fastrtps_cpp__visibility_control.h
[35.352s] -- Up-to-date: /home/manojbr/dev_ws/src/install/turtlesim/include/turtlesim/action
[35.352s] -- Up-to-date: /home/manojbr/dev_ws/src/install/turtlesim/include/turtlesim/action/detail
[35.352s] -- Installing: /home/manojbr/dev_ws/src/install/turtlesim/include/turtlesim/action/detail/dds_fastrtps
[35.352s] -- Installing: /home/manojbr/dev_ws/src/install/turtlesim/include/turtlesim/action/detail/rotate_absolute__rosidl_typesupport_fastrtps_cpp.hpp
[35.352s] -- Installing: /home/manojbr/dev_ws/src/install/turtlesim/lib/libturtlesim__rosidl_typesupport_fastrtps_cpp.so
[35.352s] -- Set runtime path of "/home/manojbr/dev_ws/src/install/turtlesim/lib/libturtlesim__rosidl_typesupport_fastrtps_cpp.so" to ""
[35.352s] -- Up-to-date: /home/manojbr/dev_ws/src/install/turtlesim/include/turtlesim
[35.352s] -- Up-to-date: /home/manojbr/dev_ws/src/install/turtlesim/include/turtlesim/srv
[35.352s] -- Up-to-date: /home/manojbr/dev_ws/src/install/turtlesim/include/turtlesim/srv/detail
[35.352s] -- Installing: /home/manojbr/dev_ws/src/install/turtlesim/include/turtlesim/srv/detail/spawn__rosidl_typesupport_introspection_c.h
[35.352s] -- Installing: /home/manojbr/dev_ws/src/install/turtlesim/include/turtlesim/srv/detail/teleport_absolute__type_support.c
[35.353s] -- Installing: /home/manojbr/dev_ws/src/install/turtlesim/include/turtlesim/srv/detail/set_pen__type_support.c
[35.353s] -- Installing: /home/manojbr/dev_ws/src/install/turtlesim/include/turtlesim/srv/detail/spawn__type_support.c
[35.353s] -- Installing: /home/manojbr/dev_ws/src/install/turtlesim/include/turtlesim/srv/detail/teleport_absolute__rosidl_typesupport_introspection_c.h
[35.353s] -- Installing: /home/manojbr/dev_ws/src/install/turtlesim/include/turtlesim/srv/detail/kill__type_support.c
[35.353s] -- Installing: /home/manojbr/dev_ws/src/install/turtlesim/include/turtlesim/srv/detail/set_pen__rosidl_typesupport_introspection_c.h
[35.353s] -- Installing: /home/manojbr/dev_ws/src/install/turtlesim/include/turtlesim/srv/detail/teleport_relative__type_support.c
[35.353s] -- Installing: /home/manojbr/dev_ws/src/install/turtlesim/include/turtlesim/srv/detail/teleport_relative__rosidl_typesupport_introspection_c.h
[35.353s] -- Installing: /home/manojbr/dev_ws/src/install/turtlesim/include/turtlesim/srv/detail/kill__rosidl_typesupport_introspection_c.h
[35.353s] -- Up-to-date: /home/manojbr/dev_ws/src/install/turtlesim/include/turtlesim/msg
[35.353s] -- Up-to-date: /home/manojbr/dev_ws/src/install/turtlesim/include/turtlesim/msg/detail
[35.353s] -- Installing: /home/manojbr/dev_ws/src/install/turtlesim/include/turtlesim/msg/detail/pose__type_support.c
[35.353s] -- Installing: /home/manojbr/dev_ws/src/install/turtlesim/include/turtlesim/msg/detail/pose__rosidl_typesupport_introspection_c.h
[35.353s] -- Installing: /home/manojbr/dev_ws/src/install/turtlesim/include/turtlesim/msg/detail/color__rosidl_typesupport_introspection_c.h
[35.353s] -- Installing: /home/manojbr/dev_ws/src/install/turtlesim/include/turtlesim/msg/detail/color__type_support.c
[35.353s] -- Installing: /home/manojbr/dev_ws/src/install/turtlesim/include/turtlesim/msg/rosidl_typesupport_introspection_c__visibility_control.h
[35.353s] -- Up-to-date: /home/manojbr/dev_ws/src/install/turtlesim/include/turtlesim/action
[35.354s] -- Up-to-date: /home/manojbr/dev_ws/src/install/turtlesim/include/turtlesim/action/detail
[35.354s] -- Installing: /home/manojbr/dev_ws/src/install/turtlesim/include/turtlesim/action/detail/rotate_absolute__type_support.c
[35.354s] -- Installing: /home/manojbr/dev_ws/src/install/turtlesim/include/turtlesim/action/detail/rotate_absolute__rosidl_typesupport_introspection_c.h
[35.354s] -- Installing: /home/manojbr/dev_ws/src/install/turtlesim/lib/libturtlesim__rosidl_typesupport_introspection_c.so
[35.354s] -- Set runtime path of "/home/manojbr/dev_ws/src/install/turtlesim/lib/libturtlesim__rosidl_typesupport_introspection_c.so" to ""
[35.354s] -- Installing: /home/manojbr/dev_ws/src/install/turtlesim/lib/libturtlesim__rosidl_typesupport_c.so
[35.354s] -- Set runtime path of "/home/manojbr/dev_ws/src/install/turtlesim/lib/libturtlesim__rosidl_typesupport_c.so" to ""
[35.355s] -- Up-to-date: /home/manojbr/dev_ws/src/install/turtlesim/include/turtlesim
[35.355s] -- Up-to-date: /home/manojbr/dev_ws/src/install/turtlesim/include/turtlesim/srv
[35.355s] -- Up-to-date: /home/manojbr/dev_ws/src/install/turtlesim/include/turtlesim/srv/detail
[35.355s] -- Installing: /home/manojbr/dev_ws/src/install/turtlesim/include/turtlesim/srv/detail/teleport_absolute__traits.hpp
[35.355s] -- Installing: /home/manojbr/dev_ws/src/install/turtlesim/include/turtlesim/srv/detail/set_pen__traits.hpp
[35.355s] -- Installing: /home/manojbr/dev_ws/src/install/turtlesim/include/turtlesim/srv/detail/spawn__traits.hpp
[35.355s] -- Installing: /home/manojbr/dev_ws/src/install/turtlesim/include/turtlesim/srv/detail/teleport_relative__traits.hpp
[35.355s] -- Installing: /home/manojbr/dev_ws/src/install/turtlesim/include/turtlesim/srv/detail/kill__traits.hpp
[35.355s] -- Installing: /home/manojbr/dev_ws/src/install/turtlesim/include/turtlesim/srv/detail/set_pen__struct.hpp
[35.355s] -- Installing: /home/manojbr/dev_ws/src/install/turtlesim/include/turtlesim/srv/detail/set_pen__builder.hpp
[35.355s] -- Installing: /home/manojbr/dev_ws/src/install/turtlesim/include/turtlesim/srv/detail/spawn__struct.hpp
[35.355s] -- Installing: /home/manojbr/dev_ws/src/install/turtlesim/include/turtlesim/srv/detail/teleport_absolute__builder.hpp
[35.355s] -- Installing: /home/manojbr/dev_ws/src/install/turtlesim/include/turtlesim/srv/detail/kill__builder.hpp
[35.355s] -- Installing: /home/manojbr/dev_ws/src/install/turtlesim/include/turtlesim/srv/detail/teleport_relative__builder.hpp
[35.355s] -- Installing: /home/manojbr/dev_ws/src/install/turtlesim/include/turtlesim/srv/detail/teleport_relative__struct.hpp
[35.356s] -- Installing: /home/manojbr/dev_ws/src/install/turtlesim/include/turtlesim/srv/detail/spawn__builder.hpp
[35.356s] -- Installing: /home/manojbr/dev_ws/src/install/turtlesim/include/turtlesim/srv/detail/kill__struct.hpp
[35.356s] -- Installing: /home/manojbr/dev_ws/src/install/turtlesim/include/turtlesim/srv/detail/teleport_absolute__struct.hpp
[35.356s] -- Installing: /home/manojbr/dev_ws/src/install/turtlesim/include/turtlesim/srv/kill.hpp
[35.356s] -- Installing: /home/manojbr/dev_ws/src/install/turtlesim/include/turtlesim/srv/set_pen.hpp
[35.356s] -- Installing: /home/manojbr/dev_ws/src/install/turtlesim/include/turtlesim/srv/teleport_relative.hpp
[35.356s] -- Installing: /home/manojbr/dev_ws/src/install/turtlesim/include/turtlesim/srv/spawn.hpp
[35.356s] -- Installing: /home/manojbr/dev_ws/src/install/turtlesim/include/turtlesim/srv/teleport_absolute.hpp
[35.356s] -- Up-to-date: /home/manojbr/dev_ws/src/install/turtlesim/include/turtlesim/msg
[35.356s] -- Up-to-date: /home/manojbr/dev_ws/src/install/turtlesim/include/turtlesim/msg/detail
[35.356s] -- Installing: /home/manojbr/dev_ws/src/install/turtlesim/include/turtlesim/msg/detail/color__builder.hpp
[35.356s] -- Installing: /home/manojbr/dev_ws/src/install/turtlesim/include/turtlesim/msg/detail/color__traits.hpp
[35.356s] -- Installing: /home/manojbr/dev_ws/src/install/turtlesim/include/turtlesim/msg/detail/color__struct.hpp
[35.357s] -- Installing: /home/manojbr/dev_ws/src/install/turtlesim/include/turtlesim/msg/detail/pose__traits.hpp
[35.357s] -- Installing: /home/manojbr/dev_ws/src/install/turtlesim/include/turtlesim/msg/detail/pose__builder.hpp
[35.357s] -- Installing: /home/manojbr/dev_ws/src/install/turtlesim/include/turtlesim/msg/detail/pose__struct.hpp
[35.357s] -- Installing: /home/manojbr/dev_ws/src/install/turtlesim/include/turtlesim/msg/pose.hpp
[35.357s] -- Installing: /home/manojbr/dev_ws/src/install/turtlesim/include/turtlesim/msg/color.hpp
[35.357s] -- Up-to-date: /home/manojbr/dev_ws/src/install/turtlesim/include/turtlesim/action
[35.357s] -- Up-to-date: /home/manojbr/dev_ws/src/install/turtlesim/include/turtlesim/action/detail
[35.357s] -- Installing: /home/manojbr/dev_ws/src/install/turtlesim/include/turtlesim/action/detail/rotate_absolute__builder.hpp
[35.357s] -- Installing: /home/manojbr/dev_ws/src/install/turtlesim/include/turtlesim/action/detail/rotate_absolute__struct.hpp
[35.357s] -- Installing: /home/manojbr/dev_ws/src/install/turtlesim/include/turtlesim/action/detail/rotate_absolute__traits.hpp
[35.357s] -- Installing: /home/manojbr/dev_ws/src/install/turtlesim/include/turtlesim/action/rotate_absolute.hpp
[35.357s] -- Up-to-date: /home/manojbr/dev_ws/src/install/turtlesim/include/turtlesim
[35.357s] -- Up-to-date: /home/manojbr/dev_ws/src/install/turtlesim/include/turtlesim/srv
[35.357s] -- Up-to-date: /home/manojbr/dev_ws/src/install/turtlesim/include/turtlesim/srv/detail
[35.357s] -- Installing: /home/manojbr/dev_ws/src/install/turtlesim/include/turtlesim/srv/detail/teleport_absolute__type_support.cpp
[35.358s] -- Installing: /home/manojbr/dev_ws/src/install/turtlesim/include/turtlesim/srv/detail/set_pen__type_support.cpp
[35.358s] -- Installing: /home/manojbr/dev_ws/src/install/turtlesim/include/turtlesim/srv/detail/set_pen__rosidl_typesupport_introspection_cpp.hpp
[35.358s] -- Installing: /home/manojbr/dev_ws/src/install/turtlesim/include/turtlesim/srv/detail/kill__rosidl_typesupport_introspection_cpp.hpp
[35.358s] -- Installing: /home/manojbr/dev_ws/src/install/turtlesim/include/turtlesim/srv/detail/teleport_absolute__rosidl_typesupport_introspection_cpp.hpp
[35.358s] -- Installing: /home/manojbr/dev_ws/src/install/turtlesim/include/turtlesim/srv/detail/kill__type_support.cpp
[35.358s] -- Installing: /home/manojbr/dev_ws/src/install/turtlesim/include/turtlesim/srv/detail/spawn__type_support.cpp
[35.358s] -- Installing: /home/manojbr/dev_ws/src/install/turtlesim/include/turtlesim/srv/detail/teleport_relative__rosidl_typesupport_introspection_cpp.hpp
[35.358s] -- Installing: /home/manojbr/dev_ws/src/install/turtlesim/include/turtlesim/srv/detail/teleport_relative__type_support.cpp
[35.358s] -- Installing: /home/manojbr/dev_ws/src/install/turtlesim/include/turtlesim/srv/detail/spawn__rosidl_typesupport_introspection_cpp.hpp
[35.358s] -- Up-to-date: /home/manojbr/dev_ws/src/install/turtlesim/include/turtlesim/msg
[35.358s] -- Up-to-date: /home/manojbr/dev_ws/src/install/turtlesim/include/turtlesim/msg/detail
[35.358s] -- Installing: /home/manojbr/dev_ws/src/install/turtlesim/include/turtlesim/msg/detail/color__type_support.cpp
[35.358s] -- Installing: /home/manojbr/dev_ws/src/install/turtlesim/include/turtlesim/msg/detail/pose__rosidl_typesupport_introspection_cpp.hpp
[35.358s] -- Installing: /home/manojbr/dev_ws/src/install/turtlesim/include/turtlesim/msg/detail/pose__type_support.cpp
[35.358s] -- Installing: /home/manojbr/dev_ws/src/install/turtlesim/include/turtlesim/msg/detail/color__rosidl_typesupport_introspection_cpp.hpp
[35.358s] -- Up-to-date: /home/manojbr/dev_ws/src/install/turtlesim/include/turtlesim/action
[35.359s] -- Up-to-date: /home/manojbr/dev_ws/src/install/turtlesim/include/turtlesim/action/detail
[35.359s] -- Installing: /home/manojbr/dev_ws/src/install/turtlesim/include/turtlesim/action/detail/rotate_absolute__rosidl_typesupport_introspection_cpp.hpp
[35.359s] -- Installing: /home/manojbr/dev_ws/src/install/turtlesim/include/turtlesim/action/detail/rotate_absolute__type_support.cpp
[35.359s] -- Installing: /home/manojbr/dev_ws/src/install/turtlesim/lib/libturtlesim__rosidl_typesupport_introspection_cpp.so
[35.359s] -- Set runtime path of "/home/manojbr/dev_ws/src/install/turtlesim/lib/libturtlesim__rosidl_typesupport_introspection_cpp.so" to ""
[35.359s] -- Installing: /home/manojbr/dev_ws/src/install/turtlesim/lib/libturtlesim__rosidl_typesupport_cpp.so
[35.360s] -- Set runtime path of "/home/manojbr/dev_ws/src/install/turtlesim/lib/libturtlesim__rosidl_typesupport_cpp.so" to ""
[35.360s] -- Installing: /home/manojbr/dev_ws/src/install/turtlesim/share/turtlesim/environment/pythonpath.sh
[35.360s] -- Installing: /home/manojbr/dev_ws/src/install/turtlesim/share/turtlesim/environment/pythonpath.dsv
[35.360s] -- Installing: /home/manojbr/dev_ws/src/install/turtlesim/lib/python3.8/site-packages/turtlesim/__init__.py
[35.385s] Compiling '/home/manojbr/dev_ws/src/install/turtlesim/lib/python3.8/site-packages/turtlesim/__init__.py'...
[35.388s] -- Installing: /home/manojbr/dev_ws/src/install/turtlesim/lib/python3.8/site-packages/turtlesim/action
[35.388s] -- Installing: /home/manojbr/dev_ws/src/install/turtlesim/lib/python3.8/site-packages/turtlesim/action/_rotate_absolute_s.c
[35.388s] -- Installing: /home/manojbr/dev_ws/src/install/turtlesim/lib/python3.8/site-packages/turtlesim/action/__init__.py
[35.388s] -- Installing: /home/manojbr/dev_ws/src/install/turtlesim/lib/python3.8/site-packages/turtlesim/action/_rotate_absolute.py
[35.388s] -- Installing: /home/manojbr/dev_ws/src/install/turtlesim/lib/python3.8/site-packages/turtlesim/msg
[35.389s] -- Installing: /home/manojbr/dev_ws/src/install/turtlesim/lib/python3.8/site-packages/turtlesim/msg/_color_s.c
[35.389s] -- Installing: /home/manojbr/dev_ws/src/install/turtlesim/lib/python3.8/site-packages/turtlesim/msg/__init__.py
[35.389s] -- Installing: /home/manojbr/dev_ws/src/install/turtlesim/lib/python3.8/site-packages/turtlesim/msg/_pose_s.c
[35.389s] -- Installing: /home/manojbr/dev_ws/src/install/turtlesim/lib/python3.8/site-packages/turtlesim/msg/_color.py
[35.389s] -- Installing: /home/manojbr/dev_ws/src/install/turtlesim/lib/python3.8/site-packages/turtlesim/msg/_pose.py
[35.389s] -- Installing: /home/manojbr/dev_ws/src/install/turtlesim/lib/python3.8/site-packages/turtlesim/srv
[35.389s] -- Installing: /home/manojbr/dev_ws/src/install/turtlesim/lib/python3.8/site-packages/turtlesim/srv/_teleport_relative_s.c
[35.389s] -- Installing: /home/manojbr/dev_ws/src/install/turtlesim/lib/python3.8/site-packages/turtlesim/srv/_teleport_relative.py
[35.389s] -- Installing: /home/manojbr/dev_ws/src/install/turtlesim/lib/python3.8/site-packages/turtlesim/srv/_kill.py
[35.389s] -- Installing: /home/manojbr/dev_ws/src/install/turtlesim/lib/python3.8/site-packages/turtlesim/srv/_teleport_absolute_s.c
[35.390s] -- Installing: /home/manojbr/dev_ws/src/install/turtlesim/lib/python3.8/site-packages/turtlesim/srv/_kill_s.c
[35.390s] -- Installing: /home/manojbr/dev_ws/src/install/turtlesim/lib/python3.8/site-packages/turtlesim/srv/__init__.py
[35.390s] -- Installing: /home/manojbr/dev_ws/src/install/turtlesim/lib/python3.8/site-packages/turtlesim/srv/_spawn.py
[35.390s] -- Installing: /home/manojbr/dev_ws/src/install/turtlesim/lib/python3.8/site-packages/turtlesim/srv/_teleport_absolute.py
[35.390s] -- Installing: /home/manojbr/dev_ws/src/install/turtlesim/lib/python3.8/site-packages/turtlesim/srv/_spawn_s.c
[35.390s] -- Installing: /home/manojbr/dev_ws/src/install/turtlesim/lib/python3.8/site-packages/turtlesim/srv/_set_pen_s.c
[35.390s] -- Installing: /home/manojbr/dev_ws/src/install/turtlesim/lib/python3.8/site-packages/turtlesim/srv/_set_pen.py
[35.390s] -- Installing: /home/manojbr/dev_ws/src/install/turtlesim/lib/python3.8/site-packages/turtlesim/turtlesim_s__rosidl_typesupport_connext_c.cpython-38-x86_64-linux-gnu.so
[35.390s] -- Set runtime path of "/home/manojbr/dev_ws/src/install/turtlesim/lib/python3.8/site-packages/turtlesim/turtlesim_s__rosidl_typesupport_connext_c.cpython-38-x86_64-linux-gnu.so" to ""
[35.391s] -- Installing: /home/manojbr/dev_ws/src/install/turtlesim/lib/python3.8/site-packages/turtlesim/turtlesim_s__rosidl_typesupport_fastrtps_c.cpython-38-x86_64-linux-gnu.so
[35.391s] -- Set runtime path of "/home/manojbr/dev_ws/src/install/turtlesim/lib/python3.8/site-packages/turtlesim/turtlesim_s__rosidl_typesupport_fastrtps_c.cpython-38-x86_64-linux-gnu.so" to ""
[35.391s] -- Installing: /home/manojbr/dev_ws/src/install/turtlesim/lib/python3.8/site-packages/turtlesim/turtlesim_s__rosidl_typesupport_introspection_c.cpython-38-x86_64-linux-gnu.so
[35.392s] -- Set runtime path of "/home/manojbr/dev_ws/src/install/turtlesim/lib/python3.8/site-packages/turtlesim/turtlesim_s__rosidl_typesupport_introspection_c.cpython-38-x86_64-linux-gnu.so" to ""
[35.392s] -- Installing: /home/manojbr/dev_ws/src/install/turtlesim/lib/python3.8/site-packages/turtlesim/turtlesim_s__rosidl_typesupport_c.cpython-38-x86_64-linux-gnu.so
[35.392s] -- Set runtime path of "/home/manojbr/dev_ws/src/install/turtlesim/lib/python3.8/site-packages/turtlesim/turtlesim_s__rosidl_typesupport_c.cpython-38-x86_64-linux-gnu.so" to ""
[35.393s] -- Installing: /home/manojbr/dev_ws/src/install/turtlesim/lib/libturtlesim__python.so
[35.393s] -- Set runtime path of "/home/manojbr/dev_ws/src/install/turtlesim/lib/libturtlesim__python.so" to ""
[35.393s] -- Installing: /home/manojbr/dev_ws/src/install/turtlesim/share/turtlesim/action/RotateAbsolute.idl
[35.393s] -- Installing: /home/manojbr/dev_ws/src/install/turtlesim/share/turtlesim/msg/Color.idl
[35.393s] -- Installing: /home/manojbr/dev_ws/src/install/turtlesim/share/turtlesim/msg/Pose.idl
[35.393s] -- Installing: /home/manojbr/dev_ws/src/install/turtlesim/share/turtlesim/srv/Kill.idl
[35.393s] -- Installing: /home/manojbr/dev_ws/src/install/turtlesim/share/turtlesim/srv/SetPen.idl
[35.394s] -- Installing: /home/manojbr/dev_ws/src/install/turtlesim/share/turtlesim/srv/Spawn.idl
[35.394s] -- Installing: /home/manojbr/dev_ws/src/install/turtlesim/share/turtlesim/srv/TeleportAbsolute.idl
[35.394s] -- Installing: /home/manojbr/dev_ws/src/install/turtlesim/share/turtlesim/srv/TeleportRelative.idl
[35.394s] -- Installing: /home/manojbr/dev_ws/src/install/turtlesim/share/turtlesim/action/RotateAbsolute.action
[35.394s] -- Installing: /home/manojbr/dev_ws/src/install/turtlesim/share/turtlesim/msg/Color.msg
[35.394s] -- Installing: /home/manojbr/dev_ws/src/install/turtlesim/share/turtlesim/msg/Pose.msg
[35.394s] -- Installing: /home/manojbr/dev_ws/src/install/turtlesim/share/turtlesim/srv/Kill.srv
[35.394s] -- Installing: /home/manojbr/dev_ws/src/install/turtlesim/share/turtlesim/srv/Kill_Request.msg
[35.394s] -- Installing: /home/manojbr/dev_ws/src/install/turtlesim/share/turtlesim/srv/Kill_Response.msg
[35.394s] -- Installing: /home/manojbr/dev_ws/src/install/turtlesim/share/turtlesim/srv/SetPen.srv
[35.394s] -- Installing: /home/manojbr/dev_ws/src/install/turtlesim/share/turtlesim/srv/SetPen_Request.msg
[35.395s] -- Installing: /home/manojbr/dev_ws/src/install/turtlesim/share/turtlesim/srv/SetPen_Response.msg
[35.395s] -- Installing: /home/manojbr/dev_ws/src/install/turtlesim/share/turtlesim/srv/Spawn.srv
[35.395s] -- Installing: /home/manojbr/dev_ws/src/install/turtlesim/share/turtlesim/srv/Spawn_Request.msg
[35.395s] -- Installing: /home/manojbr/dev_ws/src/install/turtlesim/share/turtlesim/srv/Spawn_Response.msg
[35.395s] -- Installing: /home/manojbr/dev_ws/src/install/turtlesim/share/turtlesim/srv/TeleportAbsolute.srv
[35.395s] -- Installing: /home/manojbr/dev_ws/src/install/turtlesim/share/turtlesim/srv/TeleportAbsolute_Request.msg
[35.395s] -- Installing: /home/manojbr/dev_ws/src/install/turtlesim/share/turtlesim/srv/TeleportAbsolute_Response.msg
[35.395s] -- Installing: /home/manojbr/dev_ws/src/install/turtlesim/share/turtlesim/srv/TeleportRelative.srv
[35.395s] -- Installing: /home/manojbr/dev_ws/src/install/turtlesim/share/turtlesim/srv/TeleportRelative_Request.msg
[35.396s] -- Installing: /home/manojbr/dev_ws/src/install/turtlesim/share/turtlesim/srv/TeleportRelative_Response.msg
[35.396s] -- Installing: /home/manojbr/dev_ws/src/install/turtlesim/lib/turtlesim/turtlesim_node
[35.399s] -- Set runtime path of "/home/manojbr/dev_ws/src/install/turtlesim/lib/turtlesim/turtlesim_node" to ""
[35.399s] -- Installing: /home/manojbr/dev_ws/src/install/turtlesim/lib/turtlesim/turtle_teleop_key
[35.400s] -- Set runtime path of "/home/manojbr/dev_ws/src/install/turtlesim/lib/turtlesim/turtle_teleop_key" to ""
[35.401s] -- Installing: /home/manojbr/dev_ws/src/install/turtlesim/lib/turtlesim/draw_square
[35.402s] -- Set runtime path of "/home/manojbr/dev_ws/src/install/turtlesim/lib/turtlesim/draw_square" to ""
[35.402s] -- Installing: /home/manojbr/dev_ws/src/install/turtlesim/lib/turtlesim/mimic
[35.404s] -- Set runtime path of "/home/manojbr/dev_ws/src/install/turtlesim/lib/turtlesim/mimic" to ""
[35.404s] -- Installing: /home/manojbr/dev_ws/src/install/turtlesim/share/turtlesim/images
[35.404s] -- Installing: /home/manojbr/dev_ws/src/install/turtlesim/share/turtlesim/images/bouncy.png
[35.405s] -- Installing: /home/manojbr/dev_ws/src/install/turtlesim/share/turtlesim/images/eloquent.png
[35.405s] -- Installing: /home/manojbr/dev_ws/src/install/turtlesim/share/turtlesim/images/foxy.png
[35.405s] -- Installing: /home/manojbr/dev_ws/src/install/turtlesim/share/turtlesim/images/ardent.png
[35.406s] -- Installing: /home/manojbr/dev_ws/src/install/turtlesim/share/turtlesim/images/dashing.png
[35.440s] -- Installing: /home/manojbr/dev_ws/src/install/turtlesim/share/turtlesim/images/crystal.png
[35.441s] -- Installing: /home/manojbr/dev_ws/src/install/turtlesim/share/turtlesim/launch
[35.441s] -- Installing: /home/manojbr/dev_ws/src/install/turtlesim/share/turtlesim/launch/multisim.launch.py
[35.442s] -- Installing: /home/manojbr/dev_ws/src/install/turtlesim/share/ament_index/resource_index/package_run_dependencies/turtlesim
[35.442s] -- Installing: /home/manojbr/dev_ws/src/install/turtlesim/share/ament_index/resource_index/parent_prefix_path/turtlesim
[35.442s] -- Installing: /home/manojbr/dev_ws/src/install/turtlesim/share/turtlesim/environment/ament_prefix_path.sh
[35.442s] -- Installing: /home/manojbr/dev_ws/src/install/turtlesim/share/turtlesim/environment/ament_prefix_path.dsv
[35.443s] -- Installing: /home/manojbr/dev_ws/src/install/turtlesim/share/turtlesim/environment/path.sh
[35.443s] -- Installing: /home/manojbr/dev_ws/src/install/turtlesim/share/turtlesim/environment/path.dsv
[35.443s] -- Installing: /home/manojbr/dev_ws/src/install/turtlesim/share/turtlesim/local_setup.bash
[35.443s] -- Installing: /home/manojbr/dev_ws/src/install/turtlesim/share/turtlesim/local_setup.sh
[35.443s] -- Installing: /home/manojbr/dev_ws/src/install/turtlesim/share/turtlesim/local_setup.zsh
[35.443s] -- Installing: /home/manojbr/dev_ws/src/install/turtlesim/share/turtlesim/local_setup.dsv
[35.443s] -- Installing: /home/manojbr/dev_ws/src/install/turtlesim/share/turtlesim/package.dsv
[35.443s] -- Installing: /home/manojbr/dev_ws/src/install/turtlesim/share/ament_index/resource_index/packages/turtlesim
[35.444s] -- Installing: /home/manojbr/dev_ws/src/install/turtlesim/share/turtlesim/cmake/turtlesim__rosidl_generator_cExport.cmake
[35.444s] -- Installing: /home/manojbr/dev_ws/src/install/turtlesim/share/turtlesim/cmake/turtlesim__rosidl_generator_cExport-noconfig.cmake
[35.444s] -- Installing: /home/manojbr/dev_ws/src/install/turtlesim/share/turtlesim/cmake/turtlesim__rosidl_typesupport_introspection_cExport.cmake
[35.444s] -- Installing: /home/manojbr/dev_ws/src/install/turtlesim/share/turtlesim/cmake/turtlesim__rosidl_typesupport_introspection_cExport-noconfig.cmake
[35.444s] -- Installing: /home/manojbr/dev_ws/src/install/turtlesim/share/turtlesim/cmake/turtlesim__rosidl_typesupport_cExport.cmake
[35.445s] -- Installing: /home/manojbr/dev_ws/src/install/turtlesim/share/turtlesim/cmake/turtlesim__rosidl_typesupport_cExport-noconfig.cmake
[35.445s] -- Installing: /home/manojbr/dev_ws/src/install/turtlesim/share/turtlesim/cmake/turtlesim__rosidl_generator_cppExport.cmake
[35.445s] -- Installing: /home/manojbr/dev_ws/src/install/turtlesim/share/turtlesim/cmake/turtlesim__rosidl_typesupport_introspection_cppExport.cmake
[35.445s] -- Installing: /home/manojbr/dev_ws/src/install/turtlesim/share/turtlesim/cmake/turtlesim__rosidl_typesupport_introspection_cppExport-noconfig.cmake
[35.445s] -- Installing: /home/manojbr/dev_ws/src/install/turtlesim/share/turtlesim/cmake/turtlesim__rosidl_typesupport_cppExport.cmake
[35.446s] -- Installing: /home/manojbr/dev_ws/src/install/turtlesim/share/turtlesim/cmake/turtlesim__rosidl_typesupport_cppExport-noconfig.cmake
[35.446s] -- Installing: /home/manojbr/dev_ws/src/install/turtlesim/share/turtlesim/cmake/rosidl_cmake-extras.cmake
[35.446s] -- Installing: /home/manojbr/dev_ws/src/install/turtlesim/share/turtlesim/cmake/ament_cmake_export_dependencies-extras.cmake
[35.446s] -- Installing: /home/manojbr/dev_ws/src/install/turtlesim/share/turtlesim/cmake/ament_cmake_export_libraries-extras.cmake
[35.446s] -- Installing: /home/manojbr/dev_ws/src/install/turtlesim/share/turtlesim/cmake/ament_cmake_export_targets-extras.cmake
[35.447s] -- Installing: /home/manojbr/dev_ws/src/install/turtlesim/share/turtlesim/cmake/ament_cmake_export_include_directories-extras.cmake
[35.447s] -- Installing: /home/manojbr/dev_ws/src/install/turtlesim/share/turtlesim/cmake/rosidl_cmake_export_typesupport_libraries-extras.cmake
[35.447s] -- Installing: /home/manojbr/dev_ws/src/install/turtlesim/share/turtlesim/cmake/rosidl_cmake_export_typesupport_targets-extras.cmake
[35.447s] -- Installing: /home/manojbr/dev_ws/src/install/turtlesim/share/turtlesim/cmake/turtlesimConfig.cmake
[35.447s] -- Installing: /home/manojbr/dev_ws/src/install/turtlesim/share/turtlesim/cmake/turtlesimConfig-version.cmake
[35.447s] -- Installing: /home/manojbr/dev_ws/src/install/turtlesim/share/turtlesim/package.xml
[35.452s] Invoked command in '/home/manojbr/dev_ws/src/build/turtlesim' returned '0': CMAKE_PREFIX_PATH=${CMAKE_PREFIX_PATH}:/home/manojbr/dev_ws/install/radiants:/opt/ros/foxy /usr/bin/cmake --install /home/manojbr/dev_ws/src/build/turtlesim
