[0.399s] Invoking command in '/home/manojbr/dev_ws/flipkart': PYTHONPATH=/home/manojbr/dev_ws/install/flipkart/lib/python3.8/site-packages:${PYTHONPATH} /usr/bin/python3 setup.py egg_info --egg-base ../build/flipkart build --build-base /home/manojbr/dev_ws/build/flipkart/build install --prefix /home/manojbr/dev_ws/install/flipkart --record /home/manojbr/dev_ws/build/flipkart/install.log --single-version-externally-managed
[0.709s] running egg_info
[0.709s] writing ../build/flipkart/flipkart.egg-info/PKG-INFO
[0.709s] writing dependency_links to ../build/flipkart/flipkart.egg-info/dependency_links.txt
[0.709s] writing entry points to ../build/flipkart/flipkart.egg-info/entry_points.txt
[0.709s] writing requirements to ../build/flipkart/flipkart.egg-info/requires.txt
[0.710s] writing top-level names to ../build/flipkart/flipkart.egg-info/top_level.txt
[0.754s] reading manifest file '../build/flipkart/flipkart.egg-info/SOURCES.txt'
[0.754s] writing manifest file '../build/flipkart/flipkart.egg-info/SOURCES.txt'
[0.754s] running build
[0.754s] running build_py
[0.755s] copying flipkart/viper.py -> /home/manojbr/dev_ws/build/flipkart/build/lib/flipkart
[0.755s] running install
[0.758s] running install_lib
[0.760s] copying /home/manojbr/dev_ws/build/flipkart/build/lib/flipkart/viper.py -> /home/manojbr/dev_ws/install/flipkart/lib/python3.8/site-packages/flipkart
[0.761s] byte-compiling /home/manojbr/dev_ws/install/flipkart/lib/python3.8/site-packages/flipkart/viper.py to viper.cpython-38.pyc
[0.765s] running install_data
[0.765s] running install_egg_info
[0.768s] removing '/home/manojbr/dev_ws/install/flipkart/lib/python3.8/site-packages/flipkart-0.0.0-py3.8.egg-info' (and everything under it)
[0.769s] Copying ../build/flipkart/flipkart.egg-info to /home/manojbr/dev_ws/install/flipkart/lib/python3.8/site-packages/flipkart-0.0.0-py3.8.egg-info
[0.770s] running install_scripts
[0.798s] Installing detector script to /home/manojbr/dev_ws/install/flipkart/lib/flipkart
[0.798s] Installing viper script to /home/manojbr/dev_ws/install/flipkart/lib/flipkart
[0.799s] writing list of installed files to '/home/manojbr/dev_ws/build/flipkart/install.log'
[0.837s] Invoked command in '/home/manojbr/dev_ws/flipkart' returned '0': PYTHONPATH=/home/manojbr/dev_ws/install/flipkart/lib/python3.8/site-packages:${PYTHONPATH} /usr/bin/python3 setup.py egg_info --egg-base ../build/flipkart build --build-base /home/manojbr/dev_ws/build/flipkart/build install --prefix /home/manojbr/dev_ws/install/flipkart --record /home/manojbr/dev_ws/build/flipkart/install.log --single-version-externally-managed
