[0.200s] Invoking command in '/home/manojbr/dev_ws/build/turtlesim': CMAKE_PREFIX_PATH=${CMAKE_PREFIX_PATH}:/home/manojbr/dev_ws/install/radiants:/opt/ros/foxy /usr/bin/cmake --build /home/manojbr/dev_ws/build/turtlesim -- -j8 -l8
[0.256s] [  1%] Built target turtlesim__cpp
[0.261s] [  1%] Built target turtlesim__dds_connext_idl
[0.265s] [  7%] Built target turtlesim__rosidl_generator_c
[0.292s] [ 15%] Built target turtlesim__rosidl_typesupport_cpp
[0.292s] [ 19%] Built target turtlesim__rosidl_typesupport_introspection_cpp
[0.297s] [ 24%] Built target turtlesim__rosidl_typesupport_fastrtps_cpp
[0.300s] [ 29%] Built target turtlesim__rosidl_typesupport_c
[0.301s] [ 35%] Built target turtlesim__rosidl_typesupport_introspection_c
[0.326s] [ 40%] Built target turtlesim__rosidl_typesupport_fastrtps_c
[0.372s] [ 60%] Built target turtlesim__rosidl_typesupport_connext_cpp
[0.455s] [ 80%] Built target turtlesim__rosidl_typesupport_connext_c
[0.474s] [ 80%] Built target turtlesim
[0.507s] [ 81%] Built target turtlesim__py
[0.522s] [ 83%] Built target turtle_teleop_key
[0.522s] [ 83%] Built target mimic
[0.522s] [ 84%] Built target draw_square
[0.535s] [ 88%] Built target turtlesim_node
[0.538s] [ 93%] Built target turtlesim__python
[0.564s] [ 95%] Built target turtlesim__rosidl_typesupport_fastrtps_c__pyext
[0.565s] [ 96%] Built target turtlesim__rosidl_typesupport_introspection_c__pyext
[0.570s] [100%] Built target turtlesim__rosidl_typesupport_c__pyext
[0.571s] [100%] Built target turtlesim__rosidl_typesupport_connext_c__pyext
[0.581s] Invoked command in '/home/manojbr/dev_ws/build/turtlesim' returned '0': CMAKE_PREFIX_PATH=${CMAKE_PREFIX_PATH}:/home/manojbr/dev_ws/install/radiants:/opt/ros/foxy /usr/bin/cmake --build /home/manojbr/dev_ws/build/turtlesim -- -j8 -l8
[0.776s] Invoking command in '/home/manojbr/dev_ws/build/turtlesim': CMAKE_PREFIX_PATH=${CMAKE_PREFIX_PATH}:/home/manojbr/dev_ws/install/radiants:/opt/ros/foxy /usr/bin/cmake --install /home/manojbr/dev_ws/build/turtlesim
[0.784s] -- Install configuration: ""
[0.784s] -- Up-to-date: /home/manojbr/dev_ws/install/turtlesim/share/ament_index/resource_index/rosidl_interfaces/turtlesim
[0.784s] -- Up-to-date: /home/manojbr/dev_ws/install/turtlesim/include/turtlesim
[0.785s] -- Up-to-date: /home/manojbr/dev_ws/install/turtlesim/include/turtlesim/srv
[0.785s] -- Up-to-date: /home/manojbr/dev_ws/install/turtlesim/include/turtlesim/srv/detail
[0.785s] -- Up-to-date: /home/manojbr/dev_ws/install/turtlesim/include/turtlesim/srv/detail/teleport_relative__functions.c
[0.785s] -- Up-to-date: /home/manojbr/dev_ws/install/turtlesim/include/turtlesim/srv/detail/teleport_absolute__struct.h
[0.785s] -- Up-to-date: /home/manojbr/dev_ws/install/turtlesim/include/turtlesim/srv/detail/teleport_absolute__type_support.h
[0.785s] -- Up-to-date: /home/manojbr/dev_ws/install/turtlesim/include/turtlesim/srv/detail/spawn__struct.h
[0.785s] -- Up-to-date: /home/manojbr/dev_ws/install/turtlesim/include/turtlesim/srv/detail/set_pen__functions.h
[0.785s] -- Up-to-date: /home/manojbr/dev_ws/install/turtlesim/include/turtlesim/srv/detail/spawn__functions.h
[0.785s] -- Up-to-date: /home/manojbr/dev_ws/install/turtlesim/include/turtlesim/srv/detail/kill__struct.h
[0.785s] -- Up-to-date: /home/manojbr/dev_ws/install/turtlesim/include/turtlesim/srv/detail/kill__type_support.h
[0.785s] -- Up-to-date: /home/manojbr/dev_ws/install/turtlesim/include/turtlesim/srv/detail/kill__functions.c
[0.785s] -- Up-to-date: /home/manojbr/dev_ws/install/turtlesim/include/turtlesim/srv/detail/set_pen__functions.c
[0.785s] -- Up-to-date: /home/manojbr/dev_ws/install/turtlesim/include/turtlesim/srv/detail/teleport_relative__type_support.h
[0.785s] -- Up-to-date: /home/manojbr/dev_ws/install/turtlesim/include/turtlesim/srv/detail/set_pen__struct.h
[0.785s] -- Up-to-date: /home/manojbr/dev_ws/install/turtlesim/include/turtlesim/srv/detail/teleport_absolute__functions.h
[0.786s] -- Up-to-date: /home/manojbr/dev_ws/install/turtlesim/include/turtlesim/srv/detail/spawn__type_support.h
[0.786s] -- Up-to-date: /home/manojbr/dev_ws/install/turtlesim/include/turtlesim/srv/detail/teleport_relative__functions.h
[0.786s] -- Up-to-date: /home/manojbr/dev_ws/install/turtlesim/include/turtlesim/srv/detail/set_pen__type_support.h
[0.786s] -- Up-to-date: /home/manojbr/dev_ws/install/turtlesim/include/turtlesim/srv/detail/kill__functions.h
[0.786s] -- Up-to-date: /home/manojbr/dev_ws/install/turtlesim/include/turtlesim/srv/detail/teleport_absolute__functions.c
[0.786s] -- Up-to-date: /home/manojbr/dev_ws/install/turtlesim/include/turtlesim/srv/detail/spawn__functions.c
[0.786s] -- Up-to-date: /home/manojbr/dev_ws/install/turtlesim/include/turtlesim/srv/detail/teleport_relative__struct.h
[0.786s] -- Up-to-date: /home/manojbr/dev_ws/install/turtlesim/include/turtlesim/srv/spawn.h
[0.786s] -- Up-to-date: /home/manojbr/dev_ws/install/turtlesim/include/turtlesim/srv/teleport_relative.h
[0.786s] -- Up-to-date: /home/manojbr/dev_ws/install/turtlesim/include/turtlesim/srv/kill.h
[0.786s] -- Up-to-date: /home/manojbr/dev_ws/install/turtlesim/include/turtlesim/srv/set_pen.h
[0.786s] -- Up-to-date: /home/manojbr/dev_ws/install/turtlesim/include/turtlesim/srv/teleport_absolute.h
[0.787s] -- Up-to-date: /home/manojbr/dev_ws/install/turtlesim/include/turtlesim/msg
[0.787s] -- Up-to-date: /home/manojbr/dev_ws/install/turtlesim/include/turtlesim/msg/rosidl_generator_c__visibility_control.h
[0.787s] -- Up-to-date: /home/manojbr/dev_ws/install/turtlesim/include/turtlesim/msg/detail
[0.787s] -- Up-to-date: /home/manojbr/dev_ws/install/turtlesim/include/turtlesim/msg/detail/color__functions.c
[0.787s] -- Up-to-date: /home/manojbr/dev_ws/install/turtlesim/include/turtlesim/msg/detail/pose__functions.c
[0.787s] -- Up-to-date: /home/manojbr/dev_ws/install/turtlesim/include/turtlesim/msg/detail/pose__type_support.h
[0.787s] -- Up-to-date: /home/manojbr/dev_ws/install/turtlesim/include/turtlesim/msg/detail/color__functions.h
[0.787s] -- Up-to-date: /home/manojbr/dev_ws/install/turtlesim/include/turtlesim/msg/detail/color__struct.h
[0.787s] -- Up-to-date: /home/manojbr/dev_ws/install/turtlesim/include/turtlesim/msg/detail/color__type_support.h
[0.787s] -- Up-to-date: /home/manojbr/dev_ws/install/turtlesim/include/turtlesim/msg/detail/pose__functions.h
[0.787s] -- Up-to-date: /home/manojbr/dev_ws/install/turtlesim/include/turtlesim/msg/detail/pose__struct.h
[0.787s] -- Up-to-date: /home/manojbr/dev_ws/install/turtlesim/include/turtlesim/msg/color.h
[0.787s] -- Up-to-date: /home/manojbr/dev_ws/install/turtlesim/include/turtlesim/msg/pose.h
[0.788s] -- Up-to-date: /home/manojbr/dev_ws/install/turtlesim/include/turtlesim/action
[0.788s] -- Up-to-date: /home/manojbr/dev_ws/install/turtlesim/include/turtlesim/action/detail
[0.788s] -- Up-to-date: /home/manojbr/dev_ws/install/turtlesim/include/turtlesim/action/detail/rotate_absolute__functions.h
[0.788s] -- Up-to-date: /home/manojbr/dev_ws/install/turtlesim/include/turtlesim/action/detail/rotate_absolute__functions.c
[0.788s] -- Up-to-date: /home/manojbr/dev_ws/install/turtlesim/include/turtlesim/action/detail/rotate_absolute__struct.h
[0.788s] -- Up-to-date: /home/manojbr/dev_ws/install/turtlesim/include/turtlesim/action/detail/rotate_absolute__type_support.h
[0.788s] -- Up-to-date: /home/manojbr/dev_ws/install/turtlesim/include/turtlesim/action/rotate_absolute.h
[0.788s] -- Up-to-date: /home/manojbr/dev_ws/install/turtlesim/share/turtlesim/environment/library_path.sh
[0.788s] -- Up-to-date: /home/manojbr/dev_ws/install/turtlesim/share/turtlesim/environment/library_path.dsv
[0.788s] -- Up-to-date: /home/manojbr/dev_ws/install/turtlesim/lib/libturtlesim__rosidl_generator_c.so
[0.788s] -- Up-to-date: /home/manojbr/dev_ws/install/turtlesim/include/turtlesim
[0.788s] -- Up-to-date: /home/manojbr/dev_ws/install/turtlesim/include/turtlesim/srv
[0.788s] -- Up-to-date: /home/manojbr/dev_ws/install/turtlesim/include/turtlesim/srv/teleport_relative__rosidl_typesupport_connext_c.h
[0.788s] -- Up-to-date: /home/manojbr/dev_ws/install/turtlesim/include/turtlesim/srv/set_pen__rosidl_typesupport_connext_c.h
[0.788s] -- Up-to-date: /home/manojbr/dev_ws/install/turtlesim/include/turtlesim/srv/kill__rosidl_typesupport_connext_c.h
[0.789s] -- Up-to-date: /home/manojbr/dev_ws/install/turtlesim/include/turtlesim/srv/dds_connext
[0.789s] -- Up-to-date: /home/manojbr/dev_ws/install/turtlesim/include/turtlesim/srv/spawn__rosidl_typesupport_connext_c.h
[0.789s] -- Up-to-date: /home/manojbr/dev_ws/install/turtlesim/include/turtlesim/srv/teleport_absolute__rosidl_typesupport_connext_c.h
[0.789s] -- Up-to-date: /home/manojbr/dev_ws/install/turtlesim/include/turtlesim/msg
[0.789s] -- Up-to-date: /home/manojbr/dev_ws/install/turtlesim/include/turtlesim/msg/pose__rosidl_typesupport_connext_c.h
[0.789s] -- Up-to-date: /home/manojbr/dev_ws/install/turtlesim/include/turtlesim/msg/dds_connext
[0.789s] -- Up-to-date: /home/manojbr/dev_ws/install/turtlesim/include/turtlesim/msg/rosidl_typesupport_connext_c__visibility_control.h
[0.789s] -- Up-to-date: /home/manojbr/dev_ws/install/turtlesim/include/turtlesim/msg/color__rosidl_typesupport_connext_c.h
[0.789s] -- Up-to-date: /home/manojbr/dev_ws/install/turtlesim/include/turtlesim/action
[0.790s] -- Up-to-date: /home/manojbr/dev_ws/install/turtlesim/include/turtlesim/action/rotate_absolute__rosidl_typesupport_connext_c.h
[0.790s] -- Up-to-date: /home/manojbr/dev_ws/install/turtlesim/include/turtlesim/action/dds_connext
[0.790s] -- Up-to-date: /home/manojbr/dev_ws/install/turtlesim/lib/libturtlesim__rosidl_typesupport_connext_c.so
[0.790s] -- Up-to-date: /home/manojbr/dev_ws/install/turtlesim/share/turtlesim/action/dds_connext
[0.790s] -- Up-to-date: /home/manojbr/dev_ws/install/turtlesim/share/turtlesim/action/dds_connext/RotateAbsolute_.idl
[0.790s] -- Up-to-date: /home/manojbr/dev_ws/install/turtlesim/share/turtlesim/msg/dds_connext
[0.790s] -- Up-to-date: /home/manojbr/dev_ws/install/turtlesim/share/turtlesim/msg/dds_connext/Pose_.idl
[0.790s] -- Up-to-date: /home/manojbr/dev_ws/install/turtlesim/share/turtlesim/msg/dds_connext/Color_.idl
[0.790s] -- Up-to-date: /home/manojbr/dev_ws/install/turtlesim/share/turtlesim/srv/dds_connext
[0.790s] -- Up-to-date: /home/manojbr/dev_ws/install/turtlesim/share/turtlesim/srv/dds_connext/TeleportAbsolute_.idl
[0.791s] -- Up-to-date: /home/manojbr/dev_ws/install/turtlesim/share/turtlesim/srv/dds_connext/Kill_.idl
[0.791s] -- Up-to-date: /home/manojbr/dev_ws/install/turtlesim/share/turtlesim/srv/dds_connext/TeleportRelative_.idl
[0.791s] -- Up-to-date: /home/manojbr/dev_ws/install/turtlesim/share/turtlesim/srv/dds_connext/Spawn_.idl
[0.791s] -- Up-to-date: /home/manojbr/dev_ws/install/turtlesim/share/turtlesim/srv/dds_connext/SetPen_.idl
[0.791s] -- Up-to-date: /home/manojbr/dev_ws/install/turtlesim/include/turtlesim
[0.791s] -- Up-to-date: /home/manojbr/dev_ws/install/turtlesim/include/turtlesim/srv
[0.791s] -- Up-to-date: /home/manojbr/dev_ws/install/turtlesim/include/turtlesim/srv/teleport_relative__rosidl_typesupport_connext_cpp.hpp
[0.791s] -- Up-to-date: /home/manojbr/dev_ws/install/turtlesim/include/turtlesim/srv/teleport_absolute__rosidl_typesupport_connext_cpp.hpp
[0.791s] -- Up-to-date: /home/manojbr/dev_ws/install/turtlesim/include/turtlesim/srv/spawn__rosidl_typesupport_connext_cpp.hpp
[0.791s] -- Up-to-date: /home/manojbr/dev_ws/install/turtlesim/include/turtlesim/srv/dds_connext
[0.791s] -- Up-to-date: /home/manojbr/dev_ws/install/turtlesim/include/turtlesim/srv/dds_connext/Spawn_Plugin.cxx
[0.791s] -- Up-to-date: /home/manojbr/dev_ws/install/turtlesim/include/turtlesim/srv/dds_connext/TeleportAbsolute_Support.cxx
[0.791s] -- Up-to-date: /home/manojbr/dev_ws/install/turtlesim/include/turtlesim/srv/dds_connext/Kill_Support.cxx
[0.791s] -- Up-to-date: /home/manojbr/dev_ws/install/turtlesim/include/turtlesim/srv/dds_connext/Kill_Support.h
[0.792s] -- Up-to-date: /home/manojbr/dev_ws/install/turtlesim/include/turtlesim/srv/dds_connext/Spawn_Plugin.h
[0.792s] -- Up-to-date: /home/manojbr/dev_ws/install/turtlesim/include/turtlesim/srv/dds_connext/TeleportAbsolute_Plugin.h
[0.792s] -- Up-to-date: /home/manojbr/dev_ws/install/turtlesim/include/turtlesim/srv/dds_connext/Spawn_.h
[0.792s] -- Up-to-date: /home/manojbr/dev_ws/install/turtlesim/include/turtlesim/srv/dds_connext/TeleportAbsolute_Plugin.cxx
[0.792s] -- Up-to-date: /home/manojbr/dev_ws/install/turtlesim/include/turtlesim/srv/dds_connext/Spawn_Support.h
[0.792s] -- Up-to-date: /home/manojbr/dev_ws/install/turtlesim/include/turtlesim/srv/dds_connext/Spawn_Support.cxx
[0.792s] -- Up-to-date: /home/manojbr/dev_ws/install/turtlesim/include/turtlesim/srv/dds_connext/TeleportRelative_Support.h
[0.792s] -- Up-to-date: /home/manojbr/dev_ws/install/turtlesim/include/turtlesim/srv/dds_connext/Kill_Plugin.cxx
[0.792s] -- Up-to-date: /home/manojbr/dev_ws/install/turtlesim/include/turtlesim/srv/dds_connext/Kill_.cxx
[0.792s] -- Up-to-date: /home/manojbr/dev_ws/install/turtlesim/include/turtlesim/srv/dds_connext/TeleportRelative_Plugin.cxx
[0.792s] -- Up-to-date: /home/manojbr/dev_ws/install/turtlesim/include/turtlesim/srv/dds_connext/SetPen_Support.h
[0.792s] -- Up-to-date: /home/manojbr/dev_ws/install/turtlesim/include/turtlesim/srv/dds_connext/SetPen_.h
[0.792s] -- Up-to-date: /home/manojbr/dev_ws/install/turtlesim/include/turtlesim/srv/dds_connext/TeleportRelative_.h
[0.792s] -- Up-to-date: /home/manojbr/dev_ws/install/turtlesim/include/turtlesim/srv/dds_connext/TeleportRelative_.cxx
[0.792s] -- Up-to-date: /home/manojbr/dev_ws/install/turtlesim/include/turtlesim/srv/dds_connext/TeleportRelative_Plugin.h
[0.792s] -- Up-to-date: /home/manojbr/dev_ws/install/turtlesim/include/turtlesim/srv/dds_connext/Spawn_.cxx
[0.792s] -- Up-to-date: /home/manojbr/dev_ws/install/turtlesim/include/turtlesim/srv/dds_connext/TeleportAbsolute_.cxx
[0.793s] -- Up-to-date: /home/manojbr/dev_ws/install/turtlesim/include/turtlesim/srv/dds_connext/TeleportRelative_Support.cxx
[0.793s] -- Up-to-date: /home/manojbr/dev_ws/install/turtlesim/include/turtlesim/srv/dds_connext/TeleportAbsolute_.h
[0.793s] -- Up-to-date: /home/manojbr/dev_ws/install/turtlesim/include/turtlesim/srv/dds_connext/Kill_Plugin.h
[0.793s] -- Up-to-date: /home/manojbr/dev_ws/install/turtlesim/include/turtlesim/srv/dds_connext/SetPen_Support.cxx
[0.793s] -- Up-to-date: /home/manojbr/dev_ws/install/turtlesim/include/turtlesim/srv/dds_connext/SetPen_Plugin.cxx
[0.793s] -- Up-to-date: /home/manojbr/dev_ws/install/turtlesim/include/turtlesim/srv/dds_connext/SetPen_Plugin.h
[0.793s] -- Up-to-date: /home/manojbr/dev_ws/install/turtlesim/include/turtlesim/srv/dds_connext/Kill_.h
[0.793s] -- Up-to-date: /home/manojbr/dev_ws/install/turtlesim/include/turtlesim/srv/dds_connext/TeleportAbsolute_Support.h
[0.793s] -- Up-to-date: /home/manojbr/dev_ws/install/turtlesim/include/turtlesim/srv/dds_connext/SetPen_.cxx
[0.793s] -- Up-to-date: /home/manojbr/dev_ws/install/turtlesim/include/turtlesim/srv/kill__rosidl_typesupport_connext_cpp.hpp
[0.793s] -- Up-to-date: /home/manojbr/dev_ws/install/turtlesim/include/turtlesim/srv/set_pen__rosidl_typesupport_connext_cpp.hpp
[0.793s] -- Up-to-date: /home/manojbr/dev_ws/install/turtlesim/include/turtlesim/msg
[0.793s] -- Up-to-date: /home/manojbr/dev_ws/install/turtlesim/include/turtlesim/msg/dds_connext
[0.793s] -- Up-to-date: /home/manojbr/dev_ws/install/turtlesim/include/turtlesim/msg/dds_connext/Color_Plugin.h
[0.793s] -- Up-to-date: /home/manojbr/dev_ws/install/turtlesim/include/turtlesim/msg/dds_connext/Color_.cxx
[0.793s] -- Up-to-date: /home/manojbr/dev_ws/install/turtlesim/include/turtlesim/msg/dds_connext/Pose_Plugin.h
[0.793s] -- Up-to-date: /home/manojbr/dev_ws/install/turtlesim/include/turtlesim/msg/dds_connext/Color_Support.h
[0.793s] -- Up-to-date: /home/manojbr/dev_ws/install/turtlesim/include/turtlesim/msg/dds_connext/Color_.h
[0.793s] -- Up-to-date: /home/manojbr/dev_ws/install/turtlesim/include/turtlesim/msg/dds_connext/Pose_.cxx
[0.793s] -- Up-to-date: /home/manojbr/dev_ws/install/turtlesim/include/turtlesim/msg/dds_connext/Color_Support.cxx
[0.794s] -- Up-to-date: /home/manojbr/dev_ws/install/turtlesim/include/turtlesim/msg/dds_connext/Color_Plugin.cxx
[0.794s] -- Up-to-date: /home/manojbr/dev_ws/install/turtlesim/include/turtlesim/msg/dds_connext/Pose_.h
[0.794s] -- Up-to-date: /home/manojbr/dev_ws/install/turtlesim/include/turtlesim/msg/dds_connext/Pose_Support.h
[0.794s] -- Up-to-date: /home/manojbr/dev_ws/install/turtlesim/include/turtlesim/msg/dds_connext/Pose_Plugin.cxx
[0.794s] -- Up-to-date: /home/manojbr/dev_ws/install/turtlesim/include/turtlesim/msg/dds_connext/Pose_Support.cxx
[0.794s] -- Up-to-date: /home/manojbr/dev_ws/install/turtlesim/include/turtlesim/msg/pose__rosidl_typesupport_connext_cpp.hpp
[0.794s] -- Up-to-date: /home/manojbr/dev_ws/install/turtlesim/include/turtlesim/msg/color__rosidl_typesupport_connext_cpp.hpp
[0.794s] -- Up-to-date: /home/manojbr/dev_ws/install/turtlesim/include/turtlesim/msg/rosidl_typesupport_connext_cpp__visibility_control.h
[0.794s] -- Up-to-date: /home/manojbr/dev_ws/install/turtlesim/include/turtlesim/action
[0.794s] -- Up-to-date: /home/manojbr/dev_ws/install/turtlesim/include/turtlesim/action/dds_connext
[0.794s] -- Up-to-date: /home/manojbr/dev_ws/install/turtlesim/include/turtlesim/action/dds_connext/RotateAbsolute_.h
[0.794s] -- Up-to-date: /home/manojbr/dev_ws/install/turtlesim/include/turtlesim/action/dds_connext/RotateAbsolute_Support.cxx
[0.794s] -- Up-to-date: /home/manojbr/dev_ws/install/turtlesim/include/turtlesim/action/dds_connext/RotateAbsolute_Plugin.cxx
[0.794s] -- Up-to-date: /home/manojbr/dev_ws/install/turtlesim/include/turtlesim/action/dds_connext/RotateAbsolute_Support.h
[0.794s] -- Up-to-date: /home/manojbr/dev_ws/install/turtlesim/include/turtlesim/action/dds_connext/RotateAbsolute_Plugin.h
[0.794s] -- Up-to-date: /home/manojbr/dev_ws/install/turtlesim/include/turtlesim/action/dds_connext/RotateAbsolute_.cxx
[0.794s] -- Up-to-date: /home/manojbr/dev_ws/install/turtlesim/include/turtlesim/action/rotate_absolute__rosidl_typesupport_connext_cpp.hpp
[0.794s] -- Up-to-date: /home/manojbr/dev_ws/install/turtlesim/lib/libturtlesim__rosidl_typesupport_connext_cpp.so
[0.794s] -- Up-to-date: /home/manojbr/dev_ws/install/turtlesim/include/turtlesim
[0.795s] -- Up-to-date: /home/manojbr/dev_ws/install/turtlesim/include/turtlesim/srv
[0.795s] -- Up-to-date: /home/manojbr/dev_ws/install/turtlesim/include/turtlesim/srv/detail
[0.795s] -- Up-to-date: /home/manojbr/dev_ws/install/turtlesim/include/turtlesim/srv/detail/teleport_relative__rosidl_typesupport_fastrtps_c.h
[0.795s] -- Up-to-date: /home/manojbr/dev_ws/install/turtlesim/include/turtlesim/srv/detail/set_pen__rosidl_typesupport_fastrtps_c.h
[0.795s] -- Up-to-date: /home/manojbr/dev_ws/install/turtlesim/include/turtlesim/srv/detail/teleport_absolute__rosidl_typesupport_fastrtps_c.h
[0.795s] -- Up-to-date: /home/manojbr/dev_ws/install/turtlesim/include/turtlesim/srv/detail/spawn__rosidl_typesupport_fastrtps_c.h
[0.795s] -- Up-to-date: /home/manojbr/dev_ws/install/turtlesim/include/turtlesim/srv/detail/kill__rosidl_typesupport_fastrtps_c.h
[0.795s] -- Up-to-date: /home/manojbr/dev_ws/install/turtlesim/include/turtlesim/msg
[0.795s] -- Up-to-date: /home/manojbr/dev_ws/install/turtlesim/include/turtlesim/msg/detail
[0.795s] -- Up-to-date: /home/manojbr/dev_ws/install/turtlesim/include/turtlesim/msg/detail/pose__rosidl_typesupport_fastrtps_c.h
[0.795s] -- Up-to-date: /home/manojbr/dev_ws/install/turtlesim/include/turtlesim/msg/detail/color__rosidl_typesupport_fastrtps_c.h
[0.795s] -- Up-to-date: /home/manojbr/dev_ws/install/turtlesim/include/turtlesim/msg/rosidl_typesupport_fastrtps_c__visibility_control.h
[0.795s] -- Up-to-date: /home/manojbr/dev_ws/install/turtlesim/include/turtlesim/action
[0.795s] -- Up-to-date: /home/manojbr/dev_ws/install/turtlesim/include/turtlesim/action/detail
[0.795s] -- Up-to-date: /home/manojbr/dev_ws/install/turtlesim/include/turtlesim/action/detail/rotate_absolute__rosidl_typesupport_fastrtps_c.h
[0.795s] -- Up-to-date: /home/manojbr/dev_ws/install/turtlesim/lib/libturtlesim__rosidl_typesupport_fastrtps_c.so
[0.795s] -- Up-to-date: /home/manojbr/dev_ws/install/turtlesim/include/turtlesim
[0.795s] -- Up-to-date: /home/manojbr/dev_ws/install/turtlesim/include/turtlesim/srv
[0.795s] -- Up-to-date: /home/manojbr/dev_ws/install/turtlesim/include/turtlesim/srv/detail
[0.795s] -- Up-to-date: /home/manojbr/dev_ws/install/turtlesim/include/turtlesim/srv/detail/spawn__rosidl_typesupport_fastrtps_cpp.hpp
[0.796s] -- Up-to-date: /home/manojbr/dev_ws/install/turtlesim/include/turtlesim/srv/detail/dds_fastrtps
[0.796s] -- Up-to-date: /home/manojbr/dev_ws/install/turtlesim/include/turtlesim/srv/detail/kill__rosidl_typesupport_fastrtps_cpp.hpp
[0.796s] -- Up-to-date: /home/manojbr/dev_ws/install/turtlesim/include/turtlesim/srv/detail/teleport_relative__rosidl_typesupport_fastrtps_cpp.hpp
[0.796s] -- Up-to-date: /home/manojbr/dev_ws/install/turtlesim/include/turtlesim/srv/detail/teleport_absolute__rosidl_typesupport_fastrtps_cpp.hpp
[0.796s] -- Up-to-date: /home/manojbr/dev_ws/install/turtlesim/include/turtlesim/srv/detail/set_pen__rosidl_typesupport_fastrtps_cpp.hpp
[0.796s] -- Up-to-date: /home/manojbr/dev_ws/install/turtlesim/include/turtlesim/msg
[0.796s] -- Up-to-date: /home/manojbr/dev_ws/install/turtlesim/include/turtlesim/msg/detail
[0.796s] -- Up-to-date: /home/manojbr/dev_ws/install/turtlesim/include/turtlesim/msg/detail/dds_fastrtps
[0.796s] -- Up-to-date: /home/manojbr/dev_ws/install/turtlesim/include/turtlesim/msg/detail/pose__rosidl_typesupport_fastrtps_cpp.hpp
[0.796s] -- Up-to-date: /home/manojbr/dev_ws/install/turtlesim/include/turtlesim/msg/detail/color__rosidl_typesupport_fastrtps_cpp.hpp
[0.796s] -- Up-to-date: /home/manojbr/dev_ws/install/turtlesim/include/turtlesim/msg/rosidl_typesupport_fastrtps_cpp__visibility_control.h
[0.796s] -- Up-to-date: /home/manojbr/dev_ws/install/turtlesim/include/turtlesim/action
[0.796s] -- Up-to-date: /home/manojbr/dev_ws/install/turtlesim/include/turtlesim/action/detail
[0.796s] -- Up-to-date: /home/manojbr/dev_ws/install/turtlesim/include/turtlesim/action/detail/dds_fastrtps
[0.796s] -- Up-to-date: /home/manojbr/dev_ws/install/turtlesim/include/turtlesim/action/detail/rotate_absolute__rosidl_typesupport_fastrtps_cpp.hpp
[0.796s] -- Up-to-date: /home/manojbr/dev_ws/install/turtlesim/lib/libturtlesim__rosidl_typesupport_fastrtps_cpp.so
[0.796s] -- Up-to-date: /home/manojbr/dev_ws/install/turtlesim/include/turtlesim
[0.796s] -- Up-to-date: /home/manojbr/dev_ws/install/turtlesim/include/turtlesim/srv
[0.796s] -- Up-to-date: /home/manojbr/dev_ws/install/turtlesim/include/turtlesim/srv/detail
[0.797s] -- Up-to-date: /home/manojbr/dev_ws/install/turtlesim/include/turtlesim/srv/detail/spawn__rosidl_typesupport_introspection_c.h
[0.797s] -- Up-to-date: /home/manojbr/dev_ws/install/turtlesim/include/turtlesim/srv/detail/teleport_absolute__type_support.c
[0.797s] -- Up-to-date: /home/manojbr/dev_ws/install/turtlesim/include/turtlesim/srv/detail/set_pen__type_support.c
[0.797s] -- Up-to-date: /home/manojbr/dev_ws/install/turtlesim/include/turtlesim/srv/detail/spawn__type_support.c
[0.797s] -- Up-to-date: /home/manojbr/dev_ws/install/turtlesim/include/turtlesim/srv/detail/teleport_absolute__rosidl_typesupport_introspection_c.h
[0.797s] -- Up-to-date: /home/manojbr/dev_ws/install/turtlesim/include/turtlesim/srv/detail/kill__type_support.c
[0.797s] -- Up-to-date: /home/manojbr/dev_ws/install/turtlesim/include/turtlesim/srv/detail/set_pen__rosidl_typesupport_introspection_c.h
[0.797s] -- Up-to-date: /home/manojbr/dev_ws/install/turtlesim/include/turtlesim/srv/detail/teleport_relative__type_support.c
[0.797s] -- Up-to-date: /home/manojbr/dev_ws/install/turtlesim/include/turtlesim/srv/detail/teleport_relative__rosidl_typesupport_introspection_c.h
[0.797s] -- Up-to-date: /home/manojbr/dev_ws/install/turtlesim/include/turtlesim/srv/detail/kill__rosidl_typesupport_introspection_c.h
[0.797s] -- Up-to-date: /home/manojbr/dev_ws/install/turtlesim/include/turtlesim/msg
[0.797s] -- Up-to-date: /home/manojbr/dev_ws/install/turtlesim/include/turtlesim/msg/detail
[0.797s] -- Up-to-date: /home/manojbr/dev_ws/install/turtlesim/include/turtlesim/msg/detail/pose__type_support.c
[0.797s] -- Up-to-date: /home/manojbr/dev_ws/install/turtlesim/include/turtlesim/msg/detail/pose__rosidl_typesupport_introspection_c.h
[0.797s] -- Up-to-date: /home/manojbr/dev_ws/install/turtlesim/include/turtlesim/msg/detail/color__rosidl_typesupport_introspection_c.h
[0.797s] -- Up-to-date: /home/manojbr/dev_ws/install/turtlesim/include/turtlesim/msg/detail/color__type_support.c
[0.797s] -- Up-to-date: /home/manojbr/dev_ws/install/turtlesim/include/turtlesim/msg/rosidl_typesupport_introspection_c__visibility_control.h
[0.797s] -- Up-to-date: /home/manojbr/dev_ws/install/turtlesim/include/turtlesim/action
[0.797s] -- Up-to-date: /home/manojbr/dev_ws/install/turtlesim/include/turtlesim/action/detail
[0.798s] -- Up-to-date: /home/manojbr/dev_ws/install/turtlesim/include/turtlesim/action/detail/rotate_absolute__type_support.c
[0.798s] -- Up-to-date: /home/manojbr/dev_ws/install/turtlesim/include/turtlesim/action/detail/rotate_absolute__rosidl_typesupport_introspection_c.h
[0.798s] -- Up-to-date: /home/manojbr/dev_ws/install/turtlesim/lib/libturtlesim__rosidl_typesupport_introspection_c.so
[0.798s] -- Up-to-date: /home/manojbr/dev_ws/install/turtlesim/lib/libturtlesim__rosidl_typesupport_c.so
[0.798s] -- Up-to-date: /home/manojbr/dev_ws/install/turtlesim/include/turtlesim
[0.798s] -- Up-to-date: /home/manojbr/dev_ws/install/turtlesim/include/turtlesim/srv
[0.798s] -- Up-to-date: /home/manojbr/dev_ws/install/turtlesim/include/turtlesim/srv/detail
[0.798s] -- Up-to-date: /home/manojbr/dev_ws/install/turtlesim/include/turtlesim/srv/detail/teleport_absolute__traits.hpp
[0.798s] -- Up-to-date: /home/manojbr/dev_ws/install/turtlesim/include/turtlesim/srv/detail/set_pen__traits.hpp
[0.798s] -- Up-to-date: /home/manojbr/dev_ws/install/turtlesim/include/turtlesim/srv/detail/spawn__traits.hpp
[0.798s] -- Up-to-date: /home/manojbr/dev_ws/install/turtlesim/include/turtlesim/srv/detail/teleport_relative__traits.hpp
[0.798s] -- Up-to-date: /home/manojbr/dev_ws/install/turtlesim/include/turtlesim/srv/detail/kill__traits.hpp
[0.798s] -- Up-to-date: /home/manojbr/dev_ws/install/turtlesim/include/turtlesim/srv/detail/set_pen__struct.hpp
[0.798s] -- Up-to-date: /home/manojbr/dev_ws/install/turtlesim/include/turtlesim/srv/detail/set_pen__builder.hpp
[0.798s] -- Up-to-date: /home/manojbr/dev_ws/install/turtlesim/include/turtlesim/srv/detail/spawn__struct.hpp
[0.798s] -- Up-to-date: /home/manojbr/dev_ws/install/turtlesim/include/turtlesim/srv/detail/teleport_absolute__builder.hpp
[0.798s] -- Up-to-date: /home/manojbr/dev_ws/install/turtlesim/include/turtlesim/srv/detail/kill__builder.hpp
[0.798s] -- Up-to-date: /home/manojbr/dev_ws/install/turtlesim/include/turtlesim/srv/detail/teleport_relative__builder.hpp
[0.798s] -- Up-to-date: /home/manojbr/dev_ws/install/turtlesim/include/turtlesim/srv/detail/teleport_relative__struct.hpp
[0.798s] -- Up-to-date: /home/manojbr/dev_ws/install/turtlesim/include/turtlesim/srv/detail/spawn__builder.hpp
[0.799s] -- Up-to-date: /home/manojbr/dev_ws/install/turtlesim/include/turtlesim/srv/detail/kill__struct.hpp
[0.799s] -- Up-to-date: /home/manojbr/dev_ws/install/turtlesim/include/turtlesim/srv/detail/teleport_absolute__struct.hpp
[0.799s] -- Up-to-date: /home/manojbr/dev_ws/install/turtlesim/include/turtlesim/srv/kill.hpp
[0.799s] -- Up-to-date: /home/manojbr/dev_ws/install/turtlesim/include/turtlesim/srv/set_pen.hpp
[0.799s] -- Up-to-date: /home/manojbr/dev_ws/install/turtlesim/include/turtlesim/srv/teleport_relative.hpp
[0.799s] -- Up-to-date: /home/manojbr/dev_ws/install/turtlesim/include/turtlesim/srv/spawn.hpp
[0.799s] -- Up-to-date: /home/manojbr/dev_ws/install/turtlesim/include/turtlesim/srv/teleport_absolute.hpp
[0.799s] -- Up-to-date: /home/manojbr/dev_ws/install/turtlesim/include/turtlesim/msg
[0.799s] -- Up-to-date: /home/manojbr/dev_ws/install/turtlesim/include/turtlesim/msg/detail
[0.799s] -- Up-to-date: /home/manojbr/dev_ws/install/turtlesim/include/turtlesim/msg/detail/color__builder.hpp
[0.799s] -- Up-to-date: /home/manojbr/dev_ws/install/turtlesim/include/turtlesim/msg/detail/color__traits.hpp
[0.799s] -- Up-to-date: /home/manojbr/dev_ws/install/turtlesim/include/turtlesim/msg/detail/color__struct.hpp
[0.799s] -- Up-to-date: /home/manojbr/dev_ws/install/turtlesim/include/turtlesim/msg/detail/pose__traits.hpp
[0.799s] -- Up-to-date: /home/manojbr/dev_ws/install/turtlesim/include/turtlesim/msg/detail/pose__builder.hpp
[0.799s] -- Up-to-date: /home/manojbr/dev_ws/install/turtlesim/include/turtlesim/msg/detail/pose__struct.hpp
[0.799s] -- Up-to-date: /home/manojbr/dev_ws/install/turtlesim/include/turtlesim/msg/pose.hpp
[0.799s] -- Up-to-date: /home/manojbr/dev_ws/install/turtlesim/include/turtlesim/msg/color.hpp
[0.799s] -- Up-to-date: /home/manojbr/dev_ws/install/turtlesim/include/turtlesim/action
[0.799s] -- Up-to-date: /home/manojbr/dev_ws/install/turtlesim/include/turtlesim/action/detail
[0.800s] -- Up-to-date: /home/manojbr/dev_ws/install/turtlesim/include/turtlesim/action/detail/rotate_absolute__builder.hpp
[0.800s] -- Up-to-date: /home/manojbr/dev_ws/install/turtlesim/include/turtlesim/action/detail/rotate_absolute__struct.hpp
[0.800s] -- Up-to-date: /home/manojbr/dev_ws/install/turtlesim/include/turtlesim/action/detail/rotate_absolute__traits.hpp
[0.800s] -- Up-to-date: /home/manojbr/dev_ws/install/turtlesim/include/turtlesim/action/rotate_absolute.hpp
[0.800s] -- Up-to-date: /home/manojbr/dev_ws/install/turtlesim/include/turtlesim
[0.800s] -- Up-to-date: /home/manojbr/dev_ws/install/turtlesim/include/turtlesim/srv
[0.800s] -- Up-to-date: /home/manojbr/dev_ws/install/turtlesim/include/turtlesim/srv/detail
[0.800s] -- Up-to-date: /home/manojbr/dev_ws/install/turtlesim/include/turtlesim/srv/detail/teleport_absolute__type_support.cpp
[0.800s] -- Up-to-date: /home/manojbr/dev_ws/install/turtlesim/include/turtlesim/srv/detail/set_pen__type_support.cpp
[0.800s] -- Up-to-date: /home/manojbr/dev_ws/install/turtlesim/include/turtlesim/srv/detail/set_pen__rosidl_typesupport_introspection_cpp.hpp
[0.800s] -- Up-to-date: /home/manojbr/dev_ws/install/turtlesim/include/turtlesim/srv/detail/kill__rosidl_typesupport_introspection_cpp.hpp
[0.800s] -- Up-to-date: /home/manojbr/dev_ws/install/turtlesim/include/turtlesim/srv/detail/teleport_absolute__rosidl_typesupport_introspection_cpp.hpp
[0.800s] -- Up-to-date: /home/manojbr/dev_ws/install/turtlesim/include/turtlesim/srv/detail/kill__type_support.cpp
[0.800s] -- Up-to-date: /home/manojbr/dev_ws/install/turtlesim/include/turtlesim/srv/detail/spawn__type_support.cpp
[0.800s] -- Up-to-date: /home/manojbr/dev_ws/install/turtlesim/include/turtlesim/srv/detail/teleport_relative__rosidl_typesupport_introspection_cpp.hpp
[0.800s] -- Up-to-date: /home/manojbr/dev_ws/install/turtlesim/include/turtlesim/srv/detail/teleport_relative__type_support.cpp
[0.800s] -- Up-to-date: /home/manojbr/dev_ws/install/turtlesim/include/turtlesim/srv/detail/spawn__rosidl_typesupport_introspection_cpp.hpp
[0.800s] -- Up-to-date: /home/manojbr/dev_ws/install/turtlesim/include/turtlesim/msg
[0.800s] -- Up-to-date: /home/manojbr/dev_ws/install/turtlesim/include/turtlesim/msg/detail
[0.800s] -- Up-to-date: /home/manojbr/dev_ws/install/turtlesim/include/turtlesim/msg/detail/color__type_support.cpp
[0.801s] -- Up-to-date: /home/manojbr/dev_ws/install/turtlesim/include/turtlesim/msg/detail/pose__rosidl_typesupport_introspection_cpp.hpp
[0.801s] -- Up-to-date: /home/manojbr/dev_ws/install/turtlesim/include/turtlesim/msg/detail/pose__type_support.cpp
[0.801s] -- Up-to-date: /home/manojbr/dev_ws/install/turtlesim/include/turtlesim/msg/detail/color__rosidl_typesupport_introspection_cpp.hpp
[0.801s] -- Up-to-date: /home/manojbr/dev_ws/install/turtlesim/include/turtlesim/action
[0.801s] -- Up-to-date: /home/manojbr/dev_ws/install/turtlesim/include/turtlesim/action/detail
[0.801s] -- Up-to-date: /home/manojbr/dev_ws/install/turtlesim/include/turtlesim/action/detail/rotate_absolute__rosidl_typesupport_introspection_cpp.hpp
[0.801s] -- Up-to-date: /home/manojbr/dev_ws/install/turtlesim/include/turtlesim/action/detail/rotate_absolute__type_support.cpp
[0.801s] -- Up-to-date: /home/manojbr/dev_ws/install/turtlesim/lib/libturtlesim__rosidl_typesupport_introspection_cpp.so
[0.801s] -- Up-to-date: /home/manojbr/dev_ws/install/turtlesim/lib/libturtlesim__rosidl_typesupport_cpp.so
[0.801s] -- Up-to-date: /home/manojbr/dev_ws/install/turtlesim/share/turtlesim/environment/pythonpath.sh
[0.801s] -- Up-to-date: /home/manojbr/dev_ws/install/turtlesim/share/turtlesim/environment/pythonpath.dsv
[0.801s] -- Up-to-date: /home/manojbr/dev_ws/install/turtlesim/lib/python3.8/site-packages/turtlesim/__init__.py
[0.820s] -- Up-to-date: /home/manojbr/dev_ws/install/turtlesim/lib/python3.8/site-packages/turtlesim/action
[0.820s] -- Up-to-date: /home/manojbr/dev_ws/install/turtlesim/lib/python3.8/site-packages/turtlesim/action/_rotate_absolute_s.c
[0.820s] -- Up-to-date: /home/manojbr/dev_ws/install/turtlesim/lib/python3.8/site-packages/turtlesim/action/__init__.py
[0.820s] -- Up-to-date: /home/manojbr/dev_ws/install/turtlesim/lib/python3.8/site-packages/turtlesim/action/_rotate_absolute.py
[0.820s] -- Up-to-date: /home/manojbr/dev_ws/install/turtlesim/lib/python3.8/site-packages/turtlesim/msg
[0.820s] -- Up-to-date: /home/manojbr/dev_ws/install/turtlesim/lib/python3.8/site-packages/turtlesim/msg/_color_s.c
[0.820s] -- Up-to-date: /home/manojbr/dev_ws/install/turtlesim/lib/python3.8/site-packages/turtlesim/msg/__init__.py
[0.820s] -- Up-to-date: /home/manojbr/dev_ws/install/turtlesim/lib/python3.8/site-packages/turtlesim/msg/_pose_s.c
[0.821s] -- Up-to-date: /home/manojbr/dev_ws/install/turtlesim/lib/python3.8/site-packages/turtlesim/msg/_color.py
[0.821s] -- Up-to-date: /home/manojbr/dev_ws/install/turtlesim/lib/python3.8/site-packages/turtlesim/msg/_pose.py
[0.821s] -- Up-to-date: /home/manojbr/dev_ws/install/turtlesim/lib/python3.8/site-packages/turtlesim/srv
[0.821s] -- Up-to-date: /home/manojbr/dev_ws/install/turtlesim/lib/python3.8/site-packages/turtlesim/srv/_teleport_relative_s.c
[0.821s] -- Up-to-date: /home/manojbr/dev_ws/install/turtlesim/lib/python3.8/site-packages/turtlesim/srv/_teleport_relative.py
[0.821s] -- Up-to-date: /home/manojbr/dev_ws/install/turtlesim/lib/python3.8/site-packages/turtlesim/srv/_kill.py
[0.821s] -- Up-to-date: /home/manojbr/dev_ws/install/turtlesim/lib/python3.8/site-packages/turtlesim/srv/_teleport_absolute_s.c
[0.821s] -- Up-to-date: /home/manojbr/dev_ws/install/turtlesim/lib/python3.8/site-packages/turtlesim/srv/_kill_s.c
[0.821s] -- Up-to-date: /home/manojbr/dev_ws/install/turtlesim/lib/python3.8/site-packages/turtlesim/srv/__init__.py
[0.821s] -- Up-to-date: /home/manojbr/dev_ws/install/turtlesim/lib/python3.8/site-packages/turtlesim/srv/_spawn.py
[0.821s] -- Up-to-date: /home/manojbr/dev_ws/install/turtlesim/lib/python3.8/site-packages/turtlesim/srv/_teleport_absolute.py
[0.821s] -- Up-to-date: /home/manojbr/dev_ws/install/turtlesim/lib/python3.8/site-packages/turtlesim/srv/_spawn_s.c
[0.821s] -- Up-to-date: /home/manojbr/dev_ws/install/turtlesim/lib/python3.8/site-packages/turtlesim/srv/_set_pen_s.c
[0.821s] -- Up-to-date: /home/manojbr/dev_ws/install/turtlesim/lib/python3.8/site-packages/turtlesim/srv/_set_pen.py
[0.821s] -- Up-to-date: /home/manojbr/dev_ws/install/turtlesim/lib/python3.8/site-packages/turtlesim/turtlesim_s__rosidl_typesupport_connext_c.cpython-38-x86_64-linux-gnu.so
[0.821s] -- Up-to-date: /home/manojbr/dev_ws/install/turtlesim/lib/python3.8/site-packages/turtlesim/turtlesim_s__rosidl_typesupport_fastrtps_c.cpython-38-x86_64-linux-gnu.so
[0.822s] -- Up-to-date: /home/manojbr/dev_ws/install/turtlesim/lib/python3.8/site-packages/turtlesim/turtlesim_s__rosidl_typesupport_introspection_c.cpython-38-x86_64-linux-gnu.so
[0.822s] -- Up-to-date: /home/manojbr/dev_ws/install/turtlesim/lib/python3.8/site-packages/turtlesim/turtlesim_s__rosidl_typesupport_c.cpython-38-x86_64-linux-gnu.so
[0.823s] -- Up-to-date: /home/manojbr/dev_ws/install/turtlesim/lib/libturtlesim__python.so
[0.823s] -- Up-to-date: /home/manojbr/dev_ws/install/turtlesim/share/turtlesim/action/RotateAbsolute.idl
[0.823s] -- Up-to-date: /home/manojbr/dev_ws/install/turtlesim/share/turtlesim/msg/Color.idl
[0.823s] -- Up-to-date: /home/manojbr/dev_ws/install/turtlesim/share/turtlesim/msg/Pose.idl
[0.823s] -- Up-to-date: /home/manojbr/dev_ws/install/turtlesim/share/turtlesim/srv/Kill.idl
[0.823s] -- Up-to-date: /home/manojbr/dev_ws/install/turtlesim/share/turtlesim/srv/SetPen.idl
[0.824s] -- Up-to-date: /home/manojbr/dev_ws/install/turtlesim/share/turtlesim/srv/Spawn.idl
[0.824s] -- Up-to-date: /home/manojbr/dev_ws/install/turtlesim/share/turtlesim/srv/TeleportAbsolute.idl
[0.824s] -- Up-to-date: /home/manojbr/dev_ws/install/turtlesim/share/turtlesim/srv/TeleportRelative.idl
[0.824s] -- Up-to-date: /home/manojbr/dev_ws/install/turtlesim/share/turtlesim/action/RotateAbsolute.action
[0.824s] -- Up-to-date: /home/manojbr/dev_ws/install/turtlesim/share/turtlesim/msg/Color.msg
[0.824s] -- Up-to-date: /home/manojbr/dev_ws/install/turtlesim/share/turtlesim/msg/Pose.msg
[0.824s] -- Up-to-date: /home/manojbr/dev_ws/install/turtlesim/share/turtlesim/srv/Kill.srv
[0.824s] -- Up-to-date: /home/manojbr/dev_ws/install/turtlesim/share/turtlesim/srv/Kill_Request.msg
[0.824s] -- Up-to-date: /home/manojbr/dev_ws/install/turtlesim/share/turtlesim/srv/Kill_Response.msg
[0.824s] -- Up-to-date: /home/manojbr/dev_ws/install/turtlesim/share/turtlesim/srv/SetPen.srv
[0.824s] -- Up-to-date: /home/manojbr/dev_ws/install/turtlesim/share/turtlesim/srv/SetPen_Request.msg
[0.824s] -- Up-to-date: /home/manojbr/dev_ws/install/turtlesim/share/turtlesim/srv/SetPen_Response.msg
[0.824s] -- Up-to-date: /home/manojbr/dev_ws/install/turtlesim/share/turtlesim/srv/Spawn.srv
[0.824s] -- Up-to-date: /home/manojbr/dev_ws/install/turtlesim/share/turtlesim/srv/Spawn_Request.msg
[0.824s] -- Up-to-date: /home/manojbr/dev_ws/install/turtlesim/share/turtlesim/srv/Spawn_Response.msg
[0.824s] -- Up-to-date: /home/manojbr/dev_ws/install/turtlesim/share/turtlesim/srv/TeleportAbsolute.srv
[0.825s] -- Up-to-date: /home/manojbr/dev_ws/install/turtlesim/share/turtlesim/srv/TeleportAbsolute_Request.msg
[0.825s] -- Up-to-date: /home/manojbr/dev_ws/install/turtlesim/share/turtlesim/srv/TeleportAbsolute_Response.msg
[0.825s] -- Up-to-date: /home/manojbr/dev_ws/install/turtlesim/share/turtlesim/srv/TeleportRelative.srv
[0.825s] -- Up-to-date: /home/manojbr/dev_ws/install/turtlesim/share/turtlesim/srv/TeleportRelative_Request.msg
[0.825s] -- Up-to-date: /home/manojbr/dev_ws/install/turtlesim/share/turtlesim/srv/TeleportRelative_Response.msg
[0.825s] -- Up-to-date: /home/manojbr/dev_ws/install/turtlesim/lib/turtlesim/turtlesim_node
[0.825s] -- Up-to-date: /home/manojbr/dev_ws/install/turtlesim/lib/turtlesim/turtle_teleop_key
[0.825s] -- Up-to-date: /home/manojbr/dev_ws/install/turtlesim/lib/turtlesim/draw_square
[0.825s] -- Up-to-date: /home/manojbr/dev_ws/install/turtlesim/lib/turtlesim/mimic
[0.826s] -- Up-to-date: /home/manojbr/dev_ws/install/turtlesim/share/turtlesim/images
[0.826s] -- Up-to-date: /home/manojbr/dev_ws/install/turtlesim/share/turtlesim/images/bouncy.png
[0.826s] -- Up-to-date: /home/manojbr/dev_ws/install/turtlesim/share/turtlesim/images/eloquent.png
[0.826s] -- Up-to-date: /home/manojbr/dev_ws/install/turtlesim/share/turtlesim/images/foxy.png
[0.826s] -- Up-to-date: /home/manojbr/dev_ws/install/turtlesim/share/turtlesim/images/ardent.png
[0.826s] -- Up-to-date: /home/manojbr/dev_ws/install/turtlesim/share/turtlesim/images/dashing.png
[0.826s] -- Up-to-date: /home/manojbr/dev_ws/install/turtlesim/share/turtlesim/images/crystal.png
[0.826s] -- Up-to-date: /home/manojbr/dev_ws/install/turtlesim/share/turtlesim/launch
[0.826s] -- Up-to-date: /home/manojbr/dev_ws/install/turtlesim/share/turtlesim/launch/multisim.launch.py
[0.826s] -- Up-to-date: /home/manojbr/dev_ws/install/turtlesim/share/ament_index/resource_index/package_run_dependencies/turtlesim
[0.826s] -- Up-to-date: /home/manojbr/dev_ws/install/turtlesim/share/ament_index/resource_index/parent_prefix_path/turtlesim
[0.826s] -- Up-to-date: /home/manojbr/dev_ws/install/turtlesim/share/turtlesim/environment/ament_prefix_path.sh
[0.826s] -- Up-to-date: /home/manojbr/dev_ws/install/turtlesim/share/turtlesim/environment/ament_prefix_path.dsv
[0.826s] -- Up-to-date: /home/manojbr/dev_ws/install/turtlesim/share/turtlesim/environment/path.sh
[0.827s] -- Up-to-date: /home/manojbr/dev_ws/install/turtlesim/share/turtlesim/environment/path.dsv
[0.827s] -- Up-to-date: /home/manojbr/dev_ws/install/turtlesim/share/turtlesim/local_setup.bash
[0.827s] -- Up-to-date: /home/manojbr/dev_ws/install/turtlesim/share/turtlesim/local_setup.sh
[0.827s] -- Up-to-date: /home/manojbr/dev_ws/install/turtlesim/share/turtlesim/local_setup.zsh
[0.827s] -- Up-to-date: /home/manojbr/dev_ws/install/turtlesim/share/turtlesim/local_setup.dsv
[0.827s] -- Installing: /home/manojbr/dev_ws/install/turtlesim/share/turtlesim/package.dsv
[0.827s] -- Up-to-date: /home/manojbr/dev_ws/install/turtlesim/share/ament_index/resource_index/packages/turtlesim
[0.827s] -- Up-to-date: /home/manojbr/dev_ws/install/turtlesim/share/turtlesim/cmake/turtlesim__rosidl_generator_cExport.cmake
[0.827s] -- Up-to-date: /home/manojbr/dev_ws/install/turtlesim/share/turtlesim/cmake/turtlesim__rosidl_generator_cExport-noconfig.cmake
[0.827s] -- Up-to-date: /home/manojbr/dev_ws/install/turtlesim/share/turtlesim/cmake/turtlesim__rosidl_typesupport_introspection_cExport.cmake
[0.827s] -- Up-to-date: /home/manojbr/dev_ws/install/turtlesim/share/turtlesim/cmake/turtlesim__rosidl_typesupport_introspection_cExport-noconfig.cmake
[0.827s] -- Up-to-date: /home/manojbr/dev_ws/install/turtlesim/share/turtlesim/cmake/turtlesim__rosidl_typesupport_cExport.cmake
[0.827s] -- Up-to-date: /home/manojbr/dev_ws/install/turtlesim/share/turtlesim/cmake/turtlesim__rosidl_typesupport_cExport-noconfig.cmake
[0.827s] -- Up-to-date: /home/manojbr/dev_ws/install/turtlesim/share/turtlesim/cmake/turtlesim__rosidl_generator_cppExport.cmake
[0.827s] -- Up-to-date: /home/manojbr/dev_ws/install/turtlesim/share/turtlesim/cmake/turtlesim__rosidl_typesupport_introspection_cppExport.cmake
[0.827s] -- Up-to-date: /home/manojbr/dev_ws/install/turtlesim/share/turtlesim/cmake/turtlesim__rosidl_typesupport_introspection_cppExport-noconfig.cmake
[0.828s] -- Up-to-date: /home/manojbr/dev_ws/install/turtlesim/share/turtlesim/cmake/turtlesim__rosidl_typesupport_cppExport.cmake
[0.828s] -- Up-to-date: /home/manojbr/dev_ws/install/turtlesim/share/turtlesim/cmake/turtlesim__rosidl_typesupport_cppExport-noconfig.cmake
[0.828s] -- Up-to-date: /home/manojbr/dev_ws/install/turtlesim/share/turtlesim/cmake/rosidl_cmake-extras.cmake
[0.828s] -- Up-to-date: /home/manojbr/dev_ws/install/turtlesim/share/turtlesim/cmake/ament_cmake_export_dependencies-extras.cmake
[0.828s] -- Up-to-date: /home/manojbr/dev_ws/install/turtlesim/share/turtlesim/cmake/ament_cmake_export_libraries-extras.cmake
[0.828s] -- Up-to-date: /home/manojbr/dev_ws/install/turtlesim/share/turtlesim/cmake/ament_cmake_export_targets-extras.cmake
[0.828s] -- Up-to-date: /home/manojbr/dev_ws/install/turtlesim/share/turtlesim/cmake/ament_cmake_export_include_directories-extras.cmake
[0.828s] -- Up-to-date: /home/manojbr/dev_ws/install/turtlesim/share/turtlesim/cmake/rosidl_cmake_export_typesupport_libraries-extras.cmake
[0.828s] -- Up-to-date: /home/manojbr/dev_ws/install/turtlesim/share/turtlesim/cmake/rosidl_cmake_export_typesupport_targets-extras.cmake
[0.828s] -- Up-to-date: /home/manojbr/dev_ws/install/turtlesim/share/turtlesim/cmake/turtlesimConfig.cmake
[0.828s] -- Up-to-date: /home/manojbr/dev_ws/install/turtlesim/share/turtlesim/cmake/turtlesimConfig-version.cmake
[0.828s] -- Up-to-date: /home/manojbr/dev_ws/install/turtlesim/share/turtlesim/package.xml
[0.831s] Invoked command in '/home/manojbr/dev_ws/build/turtlesim' returned '0': CMAKE_PREFIX_PATH=${CMAKE_PREFIX_PATH}:/home/manojbr/dev_ws/install/radiants:/opt/ros/foxy /usr/bin/cmake --install /home/manojbr/dev_ws/build/turtlesim
