[0.360s] Invoking command in '/home/manojbr/dev_ws/src/flipkart': PYTHONPATH=/home/manojbr/dev_ws/install/flipkart/lib/python3.8/site-packages:${PYTHONPATH} /usr/bin/python3 setup.py egg_info --egg-base ../../build/flipkart build --build-base /home/manojbr/dev_ws/build/flipkart/build install --prefix /home/manojbr/dev_ws/install/flipkart --record /home/manojbr/dev_ws/build/flipkart/install.log --single-version-externally-managed
[0.649s] running egg_info
[0.649s] writing ../../build/flipkart/flipkart.egg-info/PKG-INFO
[0.665s] writing dependency_links to ../../build/flipkart/flipkart.egg-info/dependency_links.txt
[0.677s] writing entry points to ../../build/flipkart/flipkart.egg-info/entry_points.txt
[0.703s] writing requirements to ../../build/flipkart/flipkart.egg-info/requires.txt
[0.704s] writing top-level names to ../../build/flipkart/flipkart.egg-info/top_level.txt
[0.754s] reading manifest file '../../build/flipkart/flipkart.egg-info/SOURCES.txt'
[0.754s] writing manifest file '../../build/flipkart/flipkart.egg-info/SOURCES.txt'
[0.754s] running build
[0.754s] running build_py
[0.755s] running install
[0.755s] running install_lib
[0.757s] running install_data
[0.757s] running install_egg_info
[0.761s] removing '/home/manojbr/dev_ws/install/flipkart/lib/python3.8/site-packages/flipkart-0.0.0-py3.8.egg-info' (and everything under it)
[0.762s] Copying ../../build/flipkart/flipkart.egg-info to /home/manojbr/dev_ws/install/flipkart/lib/python3.8/site-packages/flipkart-0.0.0-py3.8.egg-info
[0.762s] running install_scripts
[0.793s] Installing bigbrain script to /home/manojbr/dev_ws/install/flipkart/lib/flipkart
[0.793s] Installing detector script to /home/manojbr/dev_ws/install/flipkart/lib/flipkart
[0.793s] Installing viper script to /home/manojbr/dev_ws/install/flipkart/lib/flipkart
[0.793s] writing list of installed files to '/home/manojbr/dev_ws/build/flipkart/install.log'
[0.826s] Invoked command in '/home/manojbr/dev_ws/src/flipkart' returned '0': PYTHONPATH=/home/manojbr/dev_ws/install/flipkart/lib/python3.8/site-packages:${PYTHONPATH} /usr/bin/python3 setup.py egg_info --egg-base ../../build/flipkart build --build-base /home/manojbr/dev_ws/build/flipkart/build install --prefix /home/manojbr/dev_ws/install/flipkart --record /home/manojbr/dev_ws/build/flipkart/install.log --single-version-externally-managed
