[0.234s] Invoking command in '/home/manojbr/dev_ws/radiants': PYTHONPATH=/home/manojbr/dev_ws/install/radiants/lib/python3.8/site-packages:${PYTHONPATH} /usr/bin/python3 setup.py egg_info --egg-base ../build/radiants build --build-base /home/manojbr/dev_ws/build/radiants/build install --prefix /home/manojbr/dev_ws/install/radiants --record /home/manojbr/dev_ws/build/radiants/install.log --single-version-externally-managed
[0.433s] running egg_info
[0.434s] creating ../build/radiants/radiants.egg-info
[0.434s] writing ../build/radiants/radiants.egg-info/PKG-INFO
[0.434s] writing dependency_links to ../build/radiants/radiants.egg-info/dependency_links.txt
[0.434s] writing entry points to ../build/radiants/radiants.egg-info/entry_points.txt
[0.434s] writing requirements to ../build/radiants/radiants.egg-info/requires.txt
[0.434s] writing top-level names to ../build/radiants/radiants.egg-info/top_level.txt
[0.437s] writing manifest file '../build/radiants/radiants.egg-info/SOURCES.txt'
[0.468s] reading manifest file '../build/radiants/radiants.egg-info/SOURCES.txt'
[0.469s] writing manifest file '../build/radiants/radiants.egg-info/SOURCES.txt'
[0.469s] running build
[0.469s] running build_py
[0.469s] creating /home/manojbr/dev_ws/build/radiants/build
[0.469s] creating /home/manojbr/dev_ws/build/radiants/build/lib
[0.469s] creating /home/manojbr/dev_ws/build/radiants/build/lib/radiants
[0.469s] copying radiants/controller.py -> /home/manojbr/dev_ws/build/radiants/build/lib/radiants
[0.469s] copying radiants/__init__.py -> /home/manojbr/dev_ws/build/radiants/build/lib/radiants
[0.469s] running install
[0.470s] running install_lib
[0.471s] creating /home/manojbr/dev_ws/install/radiants/lib/python3.8/site-packages/radiants
[0.471s] copying /home/manojbr/dev_ws/build/radiants/build/lib/radiants/controller.py -> /home/manojbr/dev_ws/install/radiants/lib/python3.8/site-packages/radiants
[0.471s] copying /home/manojbr/dev_ws/build/radiants/build/lib/radiants/__init__.py -> /home/manojbr/dev_ws/install/radiants/lib/python3.8/site-packages/radiants
[0.472s] byte-compiling /home/manojbr/dev_ws/install/radiants/lib/python3.8/site-packages/radiants/controller.py to controller.cpython-38.pyc
[0.473s] byte-compiling /home/manojbr/dev_ws/install/radiants/lib/python3.8/site-packages/radiants/__init__.py to __init__.cpython-38.pyc
[0.473s] running install_data
[0.474s] creating /home/manojbr/dev_ws/install/radiants/share/ament_index
[0.474s] creating /home/manojbr/dev_ws/install/radiants/share/ament_index/resource_index
[0.474s] creating /home/manojbr/dev_ws/install/radiants/share/ament_index/resource_index/packages
[0.474s] copying resource/radiants -> /home/manojbr/dev_ws/install/radiants/share/ament_index/resource_index/packages
[0.475s] copying package.xml -> /home/manojbr/dev_ws/install/radiants/share/radiants
[0.475s] running install_egg_info
[0.477s] Copying ../build/radiants/radiants.egg-info to /home/manojbr/dev_ws/install/radiants/lib/python3.8/site-packages/radiants-0.0.0-py3.8.egg-info
[0.478s] running install_scripts
[0.505s] Installing controller script to /home/manojbr/dev_ws/install/radiants/lib/radiants
[0.505s] writing list of installed files to '/home/manojbr/dev_ws/build/radiants/install.log'
[0.528s] Invoked command in '/home/manojbr/dev_ws/radiants' returned '0': PYTHONPATH=/home/manojbr/dev_ws/install/radiants/lib/python3.8/site-packages:${PYTHONPATH} /usr/bin/python3 setup.py egg_info --egg-base ../build/radiants build --build-base /home/manojbr/dev_ws/build/radiants/build install --prefix /home/manojbr/dev_ws/install/radiants --record /home/manojbr/dev_ws/build/radiants/install.log --single-version-externally-managed
