[0.332s] Invoking command in '/home/manojbr/dev_ws/flipkart': PYTHONPATH=/home/manojbr/dev_ws/install/flipkart/lib/python3.8/site-packages:${PYTHONPATH} /usr/bin/python3 setup.py egg_info --egg-base ../build/flipkart build --build-base /home/manojbr/dev_ws/build/flipkart/build install --prefix /home/manojbr/dev_ws/install/flipkart --record /home/manojbr/dev_ws/build/flipkart/install.log --single-version-externally-managed
[0.636s] running egg_info
[0.638s] writing ../build/flipkart/flipkart.egg-info/PKG-INFO
[0.638s] writing dependency_links to ../build/flipkart/flipkart.egg-info/dependency_links.txt
[0.638s] writing entry points to ../build/flipkart/flipkart.egg-info/entry_points.txt
[0.638s] writing requirements to ../build/flipkart/flipkart.egg-info/requires.txt
[0.638s] writing top-level names to ../build/flipkart/flipkart.egg-info/top_level.txt
[0.688s] reading manifest file '../build/flipkart/flipkart.egg-info/SOURCES.txt'
[0.689s] writing manifest file '../build/flipkart/flipkart.egg-info/SOURCES.txt'
[0.689s] running build
[0.689s] running build_py
[0.689s] copying flipkart/viper.py -> /home/manojbr/dev_ws/build/flipkart/build/lib/flipkart
[0.689s] running install
[0.691s] running install_lib
[0.693s] copying /home/manojbr/dev_ws/build/flipkart/build/lib/flipkart/viper.py -> /home/manojbr/dev_ws/install/flipkart/lib/python3.8/site-packages/flipkart
[0.693s] byte-compiling /home/manojbr/dev_ws/install/flipkart/lib/python3.8/site-packages/flipkart/viper.py to viper.cpython-38.pyc
[0.696s] running install_data
[0.697s] running install_egg_info
[0.700s] removing '/home/manojbr/dev_ws/install/flipkart/lib/python3.8/site-packages/flipkart-0.0.0-py3.8.egg-info' (and everything under it)
[0.700s] Copying ../build/flipkart/flipkart.egg-info to /home/manojbr/dev_ws/install/flipkart/lib/python3.8/site-packages/flipkart-0.0.0-py3.8.egg-info
[0.701s] running install_scripts
[0.726s] Installing detector script to /home/manojbr/dev_ws/install/flipkart/lib/flipkart
[0.727s] Installing viper script to /home/manojbr/dev_ws/install/flipkart/lib/flipkart
[0.727s] writing list of installed files to '/home/manojbr/dev_ws/build/flipkart/install.log'
[0.775s] Invoked command in '/home/manojbr/dev_ws/flipkart' returned '0': PYTHONPATH=/home/manojbr/dev_ws/install/flipkart/lib/python3.8/site-packages:${PYTHONPATH} /usr/bin/python3 setup.py egg_info --egg-base ../build/flipkart build --build-base /home/manojbr/dev_ws/build/flipkart/build install --prefix /home/manojbr/dev_ws/install/flipkart --record /home/manojbr/dev_ws/build/flipkart/install.log --single-version-externally-managed
