[1.664s] Invoking command in '/home/manojbr/dev_ws/flipkart': PYTHONPATH=/home/manojbr/dev_ws/install/flipkart/lib/python3.8/site-packages:${PYTHONPATH} /usr/bin/python3 setup.py egg_info --egg-base ../build/flipkart build --build-base /home/manojbr/dev_ws/build/flipkart/build install --prefix /home/manojbr/dev_ws/install/flipkart --record /home/manojbr/dev_ws/build/flipkart/install.log --single-version-externally-managed
[1.966s] running egg_info
[1.967s] writing ../build/flipkart/flipkart.egg-info/PKG-INFO
[1.984s] writing dependency_links to ../build/flipkart/flipkart.egg-info/dependency_links.txt
[2.008s] writing entry points to ../build/flipkart/flipkart.egg-info/entry_points.txt
[2.030s] writing requirements to ../build/flipkart/flipkart.egg-info/requires.txt
[2.053s] writing top-level names to ../build/flipkart/flipkart.egg-info/top_level.txt
[2.096s] reading manifest file '../build/flipkart/flipkart.egg-info/SOURCES.txt'
[2.097s] writing manifest file '../build/flipkart/flipkart.egg-info/SOURCES.txt'
[2.097s] running build
[2.097s] running build_py
[2.097s] copying flipkart/viper.py -> /home/manojbr/dev_ws/build/flipkart/build/lib/flipkart
[2.097s] running install
[2.099s] running install_lib
[2.100s] copying /home/manojbr/dev_ws/build/flipkart/build/lib/flipkart/viper.py -> /home/manojbr/dev_ws/install/flipkart/lib/python3.8/site-packages/flipkart
[2.101s] byte-compiling /home/manojbr/dev_ws/install/flipkart/lib/python3.8/site-packages/flipkart/viper.py to viper.cpython-38.pyc
[2.104s] running install_data
[2.105s] running install_egg_info
[2.108s] removing '/home/manojbr/dev_ws/install/flipkart/lib/python3.8/site-packages/flipkart-0.0.0-py3.8.egg-info' (and everything under it)
[2.108s] Copying ../build/flipkart/flipkart.egg-info to /home/manojbr/dev_ws/install/flipkart/lib/python3.8/site-packages/flipkart-0.0.0-py3.8.egg-info
[2.109s] running install_scripts
[2.131s] Installing detector script to /home/manojbr/dev_ws/install/flipkart/lib/flipkart
[2.132s] Installing viper script to /home/manojbr/dev_ws/install/flipkart/lib/flipkart
[2.132s] writing list of installed files to '/home/manojbr/dev_ws/build/flipkart/install.log'
[2.173s] Invoked command in '/home/manojbr/dev_ws/flipkart' returned '0': PYTHONPATH=/home/manojbr/dev_ws/install/flipkart/lib/python3.8/site-packages:${PYTHONPATH} /usr/bin/python3 setup.py egg_info --egg-base ../build/flipkart build --build-base /home/manojbr/dev_ws/build/flipkart/build install --prefix /home/manojbr/dev_ws/install/flipkart --record /home/manojbr/dev_ws/build/flipkart/install.log --single-version-externally-managed
