[0.324s] Invoking command in '/home/manojbr/dev_ws/flipkart': PYTHONPATH=/home/manojbr/dev_ws/install/flipkart/lib/python3.8/site-packages:${PYTHONPATH} /usr/bin/python3 setup.py egg_info --egg-base ../build/flipkart build --build-base /home/manojbr/dev_ws/build/flipkart/build install --prefix /home/manojbr/dev_ws/install/flipkart --record /home/manojbr/dev_ws/build/flipkart/install.log --single-version-externally-managed
[0.593s] running egg_info
[0.594s] writing ../build/flipkart/flipkart.egg-info/PKG-INFO
[0.595s] writing dependency_links to ../build/flipkart/flipkart.egg-info/dependency_links.txt
[0.595s] writing entry points to ../build/flipkart/flipkart.egg-info/entry_points.txt
[0.595s] writing requirements to ../build/flipkart/flipkart.egg-info/requires.txt
[0.595s] writing top-level names to ../build/flipkart/flipkart.egg-info/top_level.txt
[0.635s] reading manifest file '../build/flipkart/flipkart.egg-info/SOURCES.txt'
[0.636s] writing manifest file '../build/flipkart/flipkart.egg-info/SOURCES.txt'
[0.636s] running build
[0.636s] running build_py
[0.637s] copying flipkart/viper.py -> /home/manojbr/dev_ws/build/flipkart/build/lib/flipkart
[0.637s] running install
[0.637s] running install_lib
[0.638s] copying /home/manojbr/dev_ws/build/flipkart/build/lib/flipkart/viper.py -> /home/manojbr/dev_ws/install/flipkart/lib/python3.8/site-packages/flipkart
[0.639s] byte-compiling /home/manojbr/dev_ws/install/flipkart/lib/python3.8/site-packages/flipkart/viper.py to viper.cpython-38.pyc
[0.641s] running install_data
[0.642s] running install_egg_info
[0.644s] removing '/home/manojbr/dev_ws/install/flipkart/lib/python3.8/site-packages/flipkart-0.0.0-py3.8.egg-info' (and everything under it)
[0.645s] Copying ../build/flipkart/flipkart.egg-info to /home/manojbr/dev_ws/install/flipkart/lib/python3.8/site-packages/flipkart-0.0.0-py3.8.egg-info
[0.646s] running install_scripts
[0.670s] Installing detector script to /home/manojbr/dev_ws/install/flipkart/lib/flipkart
[0.670s] Installing viper script to /home/manojbr/dev_ws/install/flipkart/lib/flipkart
[0.671s] writing list of installed files to '/home/manojbr/dev_ws/build/flipkart/install.log'
[0.721s] Invoked command in '/home/manojbr/dev_ws/flipkart' returned '0': PYTHONPATH=/home/manojbr/dev_ws/install/flipkart/lib/python3.8/site-packages:${PYTHONPATH} /usr/bin/python3 setup.py egg_info --egg-base ../build/flipkart build --build-base /home/manojbr/dev_ws/build/flipkart/build install --prefix /home/manojbr/dev_ws/install/flipkart --record /home/manojbr/dev_ws/build/flipkart/install.log --single-version-externally-managed
