[0.360s] Invoking command in '/home/manojbr/dev_ws/flipkart': PYTHONPATH=/home/manojbr/dev_ws/install/flipkart/lib/python3.8/site-packages:${PYTHONPATH} /usr/bin/python3 setup.py egg_info --egg-base ../build/flipkart build --build-base /home/manojbr/dev_ws/build/flipkart/build install --prefix /home/manojbr/dev_ws/install/flipkart --record /home/manojbr/dev_ws/build/flipkart/install.log --single-version-externally-managed
[0.673s] running egg_info
[0.674s] writing ../build/flipkart/flipkart.egg-info/PKG-INFO
[0.675s] writing dependency_links to ../build/flipkart/flipkart.egg-info/dependency_links.txt
[0.675s] writing entry points to ../build/flipkart/flipkart.egg-info/entry_points.txt
[0.676s] writing requirements to ../build/flipkart/flipkart.egg-info/requires.txt
[0.677s] writing top-level names to ../build/flipkart/flipkart.egg-info/top_level.txt
[0.725s] reading manifest file '../build/flipkart/flipkart.egg-info/SOURCES.txt'
[0.725s] writing manifest file '../build/flipkart/flipkart.egg-info/SOURCES.txt'
[0.726s] running build
[0.726s] running build_py
[0.726s] copying flipkart/viper.py -> /home/manojbr/dev_ws/build/flipkart/build/lib/flipkart
[0.726s] running install
[0.727s] running install_lib
[0.728s] copying /home/manojbr/dev_ws/build/flipkart/build/lib/flipkart/viper.py -> /home/manojbr/dev_ws/install/flipkart/lib/python3.8/site-packages/flipkart
[0.728s] byte-compiling /home/manojbr/dev_ws/install/flipkart/lib/python3.8/site-packages/flipkart/viper.py to viper.cpython-38.pyc
[0.730s] running install_data
[0.731s] running install_egg_info
[0.732s] removing '/home/manojbr/dev_ws/install/flipkart/lib/python3.8/site-packages/flipkart-0.0.0-py3.8.egg-info' (and everything under it)
[0.733s] Copying ../build/flipkart/flipkart.egg-info to /home/manojbr/dev_ws/install/flipkart/lib/python3.8/site-packages/flipkart-0.0.0-py3.8.egg-info
[0.734s] running install_scripts
[0.766s] Installing detector script to /home/manojbr/dev_ws/install/flipkart/lib/flipkart
[0.767s] Installing viper script to /home/manojbr/dev_ws/install/flipkart/lib/flipkart
[0.767s] writing list of installed files to '/home/manojbr/dev_ws/build/flipkart/install.log'
[0.814s] Invoked command in '/home/manojbr/dev_ws/flipkart' returned '0': PYTHONPATH=/home/manojbr/dev_ws/install/flipkart/lib/python3.8/site-packages:${PYTHONPATH} /usr/bin/python3 setup.py egg_info --egg-base ../build/flipkart build --build-base /home/manojbr/dev_ws/build/flipkart/build install --prefix /home/manojbr/dev_ws/install/flipkart --record /home/manojbr/dev_ws/build/flipkart/install.log --single-version-externally-managed
