[0.522s] Invoking command in '/home/manojbr/dev_ws/flipkart': PYTHONPATH=/home/manojbr/dev_ws/install/flipkart/lib/python3.8/site-packages:${PYTHONPATH} /usr/bin/python3 setup.py egg_info --egg-base ../build/flipkart build --build-base /home/manojbr/dev_ws/build/flipkart/build install --prefix /home/manojbr/dev_ws/install/flipkart --record /home/manojbr/dev_ws/build/flipkart/install.log --single-version-externally-managed
[0.939s] running egg_info
[0.940s] writing ../build/flipkart/flipkart.egg-info/PKG-INFO
[0.940s] writing dependency_links to ../build/flipkart/flipkart.egg-info/dependency_links.txt
[0.941s] writing entry points to ../build/flipkart/flipkart.egg-info/entry_points.txt
[0.941s] writing requirements to ../build/flipkart/flipkart.egg-info/requires.txt
[0.941s] writing top-level names to ../build/flipkart/flipkart.egg-info/top_level.txt
[1.004s] reading manifest file '../build/flipkart/flipkart.egg-info/SOURCES.txt'
[1.006s] writing manifest file '../build/flipkart/flipkart.egg-info/SOURCES.txt'
[1.006s] running build
[1.006s] running build_py
[1.006s] copying flipkart/viper.py -> /home/manojbr/dev_ws/build/flipkart/build/lib/flipkart
[1.007s] running install
[1.008s] running install_lib
[1.010s] copying /home/manojbr/dev_ws/build/flipkart/build/lib/flipkart/viper.py -> /home/manojbr/dev_ws/install/flipkart/lib/python3.8/site-packages/flipkart
[1.011s] byte-compiling /home/manojbr/dev_ws/install/flipkart/lib/python3.8/site-packages/flipkart/viper.py to viper.cpython-38.pyc
[1.017s] running install_data
[1.018s] running install_egg_info
[1.024s] removing '/home/manojbr/dev_ws/install/flipkart/lib/python3.8/site-packages/flipkart-0.0.0-py3.8.egg-info' (and everything under it)
[1.024s] Copying ../build/flipkart/flipkart.egg-info to /home/manojbr/dev_ws/install/flipkart/lib/python3.8/site-packages/flipkart-0.0.0-py3.8.egg-info
[1.025s] running install_scripts
[1.060s] Installing detector script to /home/manojbr/dev_ws/install/flipkart/lib/flipkart
[1.061s] Installing viper script to /home/manojbr/dev_ws/install/flipkart/lib/flipkart
[1.061s] writing list of installed files to '/home/manojbr/dev_ws/build/flipkart/install.log'
[1.134s] Invoked command in '/home/manojbr/dev_ws/flipkart' returned '0': PYTHONPATH=/home/manojbr/dev_ws/install/flipkart/lib/python3.8/site-packages:${PYTHONPATH} /usr/bin/python3 setup.py egg_info --egg-base ../build/flipkart build --build-base /home/manojbr/dev_ws/build/flipkart/build install --prefix /home/manojbr/dev_ws/install/flipkart --record /home/manojbr/dev_ws/build/flipkart/install.log --single-version-externally-managed
