/home/manojbr/dev_ws/install/flipkart/lib/python3.8/site-packages/flipkart/detector.py
/home/manojbr/dev_ws/install/flipkart/lib/python3.8/site-packages/flipkart/bigbrain.py
/home/manojbr/dev_ws/install/flipkart/lib/python3.8/site-packages/flipkart/viper.py
/home/manojbr/dev_ws/install/flipkart/lib/python3.8/site-packages/flipkart/__init__.py
/home/manojbr/dev_ws/install/flipkart/lib/python3.8/site-packages/flipkart/__pycache__/detector.cpython-38.pyc
/home/manojbr/dev_ws/install/flipkart/lib/python3.8/site-packages/flipkart/__pycache__/bigbrain.cpython-38.pyc
/home/manojbr/dev_ws/install/flipkart/lib/python3.8/site-packages/flipkart/__pycache__/viper.cpython-38.pyc
/home/manojbr/dev_ws/install/flipkart/lib/python3.8/site-packages/flipkart/__pycache__/__init__.cpython-38.pyc
/home/manojbr/dev_ws/install/flipkart/share/ament_index/resource_index/packages/flipkart
/home/manojbr/dev_ws/install/flipkart/share/flipkart/package.xml
/home/manojbr/dev_ws/install/flipkart/lib/python3.8/site-packages/flipkart-0.0.0-py3.8.egg-info/top_level.txt
/home/manojbr/dev_ws/install/flipkart/lib/python3.8/site-packages/flipkart-0.0.0-py3.8.egg-info/entry_points.txt
/home/manojbr/dev_ws/install/flipkart/lib/python3.8/site-packages/flipkart-0.0.0-py3.8.egg-info/zip-safe
/home/manojbr/dev_ws/install/flipkart/lib/python3.8/site-packages/flipkart-0.0.0-py3.8.egg-info/dependency_links.txt
/home/manojbr/dev_ws/install/flipkart/lib/python3.8/site-packages/flipkart-0.0.0-py3.8.egg-info/requires.txt
/home/manojbr/dev_ws/install/flipkart/lib/python3.8/site-packages/flipkart-0.0.0-py3.8.egg-info/SOURCES.txt
/home/manojbr/dev_ws/install/flipkart/lib/python3.8/site-packages/flipkart-0.0.0-py3.8.egg-info/PKG-INFO
/home/manojbr/dev_ws/install/flipkart/lib/flipkart/bigbrain
/home/manojbr/dev_ws/install/flipkart/lib/flipkart/detector
/home/manojbr/dev_ws/install/flipkart/lib/flipkart/viper
