[0.405s] Invoking command in '/home/manojbr/dev_ws/src/flipkart': PYTHONPATH=/home/manojbr/dev_ws/install/flipkart/lib/python3.8/site-packages:${PYTHONPATH} /usr/bin/python3 setup.py egg_info --egg-base ../../build/flipkart build --build-base /home/manojbr/dev_ws/build/flipkart/build install --prefix /home/manojbr/dev_ws/install/flipkart --record /home/manojbr/dev_ws/build/flipkart/install.log --single-version-externally-managed
[0.636s] running egg_info
[0.636s] writing ../../build/flipkart/flipkart.egg-info/PKG-INFO
[0.636s] writing dependency_links to ../../build/flipkart/flipkart.egg-info/dependency_links.txt
[0.637s] writing entry points to ../../build/flipkart/flipkart.egg-info/entry_points.txt
[0.637s] writing requirements to ../../build/flipkart/flipkart.egg-info/requires.txt
[0.637s] writing top-level names to ../../build/flipkart/flipkart.egg-info/top_level.txt
[0.667s] reading manifest file '../../build/flipkart/flipkart.egg-info/SOURCES.txt'
[0.668s] writing manifest file '../../build/flipkart/flipkart.egg-info/SOURCES.txt'
[0.668s] running build
[0.668s] running build_py
[0.668s] copying flipkart/detector.py -> /home/manojbr/dev_ws/build/flipkart/build/lib/flipkart
[0.668s] running install
[0.669s] running install_lib
[0.670s] copying /home/manojbr/dev_ws/build/flipkart/build/lib/flipkart/detector.py -> /home/manojbr/dev_ws/install/flipkart/lib/python3.8/site-packages/flipkart
[0.670s] byte-compiling /home/manojbr/dev_ws/install/flipkart/lib/python3.8/site-packages/flipkart/detector.py to detector.cpython-38.pyc
[0.673s] running install_data
[0.673s] running install_egg_info
[0.674s] removing '/home/manojbr/dev_ws/install/flipkart/lib/python3.8/site-packages/flipkart-0.0.0-py3.8.egg-info' (and everything under it)
[0.675s] Copying ../../build/flipkart/flipkart.egg-info to /home/manojbr/dev_ws/install/flipkart/lib/python3.8/site-packages/flipkart-0.0.0-py3.8.egg-info
[0.675s] running install_scripts
[0.691s] Installing bigbrain script to /home/manojbr/dev_ws/install/flipkart/lib/flipkart
[0.692s] Installing detector script to /home/manojbr/dev_ws/install/flipkart/lib/flipkart
[0.692s] Installing viper script to /home/manojbr/dev_ws/install/flipkart/lib/flipkart
[0.692s] writing list of installed files to '/home/manojbr/dev_ws/build/flipkart/install.log'
[0.711s] Invoked command in '/home/manojbr/dev_ws/src/flipkart' returned '0': PYTHONPATH=/home/manojbr/dev_ws/install/flipkart/lib/python3.8/site-packages:${PYTHONPATH} /usr/bin/python3 setup.py egg_info --egg-base ../../build/flipkart build --build-base /home/manojbr/dev_ws/build/flipkart/build install --prefix /home/manojbr/dev_ws/install/flipkart --record /home/manojbr/dev_ws/build/flipkart/install.log --single-version-externally-managed
