[0.510s] DEBUG:colcon:Command line arguments: ['/usr/bin/colcon', 'build', '--packages-select', 'flipkart']
[0.510s] DEBUG:colcon:Parsed command line arguments: Namespace(ament_cmake_args=None, base_paths=['.'], build_base='build', catkin_cmake_args=None, catkin_skip_building_tests=False, cmake_args=None, cmake_clean_cache=False, cmake_clean_first=False, cmake_force_configure=False, cmake_target=None, cmake_target_skip_unavailable=False, continue_on_error=False, event_handlers=None, executor='parallel', ignore_user_meta=False, install_base='install', log_base=None, log_level=None, main=<bound method BuildVerb.main of <colcon_core.verb.build.BuildVerb object at 0x7f681d7bab50>>, merge_install=False, metas=['./colcon.meta'], packages_above=None, packages_above_and_dependencies=None, packages_above_depth=None, packages_end=None, packages_ignore=None, packages_ignore_regex=None, packages_select=['flipkart'], packages_select_build_failed=False, packages_select_by_dep=None, packages_select_regex=None, packages_select_test_failures=False, packages_skip=None, packages_skip_build_finished=False, packages_skip_by_dep=None, packages_skip_regex=None, packages_skip_test_passed=False, packages_skip_up_to=None, packages_start=None, packages_up_to=None, packages_up_to_regex=None, parallel_workers=8, paths=None, symlink_install=False, test_result_base=None, verb_extension=<colcon_core.verb.build.BuildVerb object at 0x7f681d7bab50>, verb_name='build', verb_parser=<colcon_defaults.argument_parser.defaults.DefaultArgumentsDecorator object at 0x7f681d7c9100>)
[0.568s] Level 1:colcon.colcon_core.package_discovery:discover_packages(colcon_meta) check parameters
[0.568s] Level 1:colcon.colcon_core.package_discovery:discover_packages(recursive) check parameters
[0.569s] Level 1:colcon.colcon_core.package_discovery:discover_packages(ignore) check parameters
[0.569s] Level 1:colcon.colcon_core.package_discovery:discover_packages(path) check parameters
[0.569s] Level 1:colcon.colcon_core.package_discovery:discover_packages(colcon_meta) discover
[0.569s] Level 1:colcon.colcon_core.package_discovery:discover_packages(recursive) discover
[0.570s] INFO:colcon.colcon_core.package_discovery:Crawling recursively for packages in '/home/manojbr/dev_ws'
[0.570s] Level 1:colcon.colcon_core.package_identification:_identify(.) by extensions ['ignore', 'ignore_ament_install']
[0.571s] Level 1:colcon.colcon_core.package_identification:_identify(.) by extension 'ignore'
[0.571s] Level 1:colcon.colcon_core.package_identification:_identify(.) by extension 'ignore_ament_install'
[0.571s] Level 1:colcon.colcon_core.package_identification:_identify(.) by extensions ['colcon_pkg']
[0.571s] Level 1:colcon.colcon_core.package_identification:_identify(.) by extension 'colcon_pkg'
[0.571s] Level 1:colcon.colcon_core.package_identification:_identify(.) by extensions ['colcon_meta']
[0.571s] Level 1:colcon.colcon_core.package_identification:_identify(.) by extension 'colcon_meta'
[0.571s] Level 1:colcon.colcon_core.package_identification:_identify(.) by extensions ['ros']
[0.571s] Level 1:colcon.colcon_core.package_identification:_identify(.) by extension 'ros'
[0.594s] Level 1:colcon.colcon_core.package_identification:_identify(.) by extensions ['cmake', 'python']
[0.595s] Level 1:colcon.colcon_core.package_identification:_identify(.) by extension 'cmake'
[0.595s] Level 1:colcon.colcon_core.package_identification:_identify(.) by extension 'python'
[0.595s] Level 1:colcon.colcon_core.package_identification:_identify(.) by extensions ['python_setup_py']
[0.595s] Level 1:colcon.colcon_core.package_identification:_identify(.) by extension 'python_setup_py'
[0.595s] Level 1:colcon.colcon_core.package_identification:_identify(build) by extensions ['ignore', 'ignore_ament_install']
[0.595s] Level 1:colcon.colcon_core.package_identification:_identify(build) by extension 'ignore'
[0.595s] Level 1:colcon.colcon_core.package_identification:_identify(build) ignored
[0.595s] Level 1:colcon.colcon_core.package_identification:_identify(install) by extensions ['ignore', 'ignore_ament_install']
[0.595s] Level 1:colcon.colcon_core.package_identification:_identify(install) by extension 'ignore'
[0.595s] Level 1:colcon.colcon_core.package_identification:_identify(install) ignored
[0.596s] Level 1:colcon.colcon_core.package_identification:_identify(log) by extensions ['ignore', 'ignore_ament_install']
[0.596s] Level 1:colcon.colcon_core.package_identification:_identify(log) by extension 'ignore'
[0.596s] Level 1:colcon.colcon_core.package_identification:_identify(log) ignored
[0.596s] Level 1:colcon.colcon_core.package_identification:_identify(src) by extensions ['ignore', 'ignore_ament_install']
[0.596s] Level 1:colcon.colcon_core.package_identification:_identify(src) by extension 'ignore'
[0.596s] Level 1:colcon.colcon_core.package_identification:_identify(src) by extension 'ignore_ament_install'
[0.596s] Level 1:colcon.colcon_core.package_identification:_identify(src) by extensions ['colcon_pkg']
[0.596s] Level 1:colcon.colcon_core.package_identification:_identify(src) by extension 'colcon_pkg'
[0.596s] Level 1:colcon.colcon_core.package_identification:_identify(src) by extensions ['colcon_meta']
[0.596s] Level 1:colcon.colcon_core.package_identification:_identify(src) by extension 'colcon_meta'
[0.596s] Level 1:colcon.colcon_core.package_identification:_identify(src) by extensions ['ros']
[0.596s] Level 1:colcon.colcon_core.package_identification:_identify(src) by extension 'ros'
[0.597s] Level 1:colcon.colcon_core.package_identification:_identify(src) by extensions ['cmake', 'python']
[0.597s] Level 1:colcon.colcon_core.package_identification:_identify(src) by extension 'cmake'
[0.597s] Level 1:colcon.colcon_core.package_identification:_identify(src) by extension 'python'
[0.597s] Level 1:colcon.colcon_core.package_identification:_identify(src) by extensions ['python_setup_py']
[0.597s] Level 1:colcon.colcon_core.package_identification:_identify(src) by extension 'python_setup_py'
[0.597s] Level 1:colcon.colcon_core.package_identification:_identify(src/build) by extensions ['ignore', 'ignore_ament_install']
[0.597s] Level 1:colcon.colcon_core.package_identification:_identify(src/build) by extension 'ignore'
[0.597s] Level 1:colcon.colcon_core.package_identification:_identify(src/build) ignored
[0.597s] Level 1:colcon.colcon_core.package_identification:_identify(src/flipkart) by extensions ['ignore', 'ignore_ament_install']
[0.597s] Level 1:colcon.colcon_core.package_identification:_identify(src/flipkart) by extension 'ignore'
[0.597s] Level 1:colcon.colcon_core.package_identification:_identify(src/flipkart) by extension 'ignore_ament_install'
[0.598s] Level 1:colcon.colcon_core.package_identification:_identify(src/flipkart) by extensions ['colcon_pkg']
[0.598s] Level 1:colcon.colcon_core.package_identification:_identify(src/flipkart) by extension 'colcon_pkg'
[0.598s] Level 1:colcon.colcon_core.package_identification:_identify(src/flipkart) by extensions ['colcon_meta']
[0.598s] Level 1:colcon.colcon_core.package_identification:_identify(src/flipkart) by extension 'colcon_meta'
[0.598s] Level 1:colcon.colcon_core.package_identification:_identify(src/flipkart) by extensions ['ros']
[0.598s] Level 1:colcon.colcon_core.package_identification:_identify(src/flipkart) by extension 'ros'
[0.602s] DEBUG:colcon.colcon_core.package_identification:Package 'src/flipkart' with type 'ros.ament_python' and name 'flipkart'
[0.602s] Level 1:colcon.colcon_core.package_identification:_identify(src/flipkart_msgs) by extensions ['ignore', 'ignore_ament_install']
[0.602s] Level 1:colcon.colcon_core.package_identification:_identify(src/flipkart_msgs) by extension 'ignore'
[0.602s] Level 1:colcon.colcon_core.package_identification:_identify(src/flipkart_msgs) by extension 'ignore_ament_install'
[0.603s] Level 1:colcon.colcon_core.package_identification:_identify(src/flipkart_msgs) by extensions ['colcon_pkg']
[0.603s] Level 1:colcon.colcon_core.package_identification:_identify(src/flipkart_msgs) by extension 'colcon_pkg'
[0.603s] Level 1:colcon.colcon_core.package_identification:_identify(src/flipkart_msgs) by extensions ['colcon_meta']
[0.603s] Level 1:colcon.colcon_core.package_identification:_identify(src/flipkart_msgs) by extension 'colcon_meta'
[0.603s] Level 1:colcon.colcon_core.package_identification:_identify(src/flipkart_msgs) by extensions ['ros']
[0.603s] Level 1:colcon.colcon_core.package_identification:_identify(src/flipkart_msgs) by extension 'ros'
[0.603s] DEBUG:colcon.colcon_core.package_identification:Package 'src/flipkart_msgs' with type 'ros.ament_cmake' and name 'flipkart_msgs'
[0.604s] Level 1:colcon.colcon_core.package_identification:_identify(src/install) by extensions ['ignore', 'ignore_ament_install']
[0.604s] Level 1:colcon.colcon_core.package_identification:_identify(src/install) by extension 'ignore'
[0.604s] Level 1:colcon.colcon_core.package_identification:_identify(src/install) ignored
[0.605s] Level 1:colcon.colcon_core.package_identification:_identify(src/log) by extensions ['ignore', 'ignore_ament_install']
[0.605s] Level 1:colcon.colcon_core.package_identification:_identify(src/log) by extension 'ignore'
[0.605s] Level 1:colcon.colcon_core.package_identification:_identify(src/log) ignored
[0.605s] Level 1:colcon.colcon_core.package_discovery:discover_packages(recursive) using defaults
[0.605s] Level 1:colcon.colcon_core.package_discovery:discover_packages(ignore) discover
[0.605s] Level 1:colcon.colcon_core.package_discovery:discover_packages(ignore) using defaults
[0.605s] Level 1:colcon.colcon_core.package_discovery:discover_packages(path) discover
[0.605s] Level 1:colcon.colcon_core.package_discovery:discover_packages(path) using defaults
[0.625s] INFO:colcon.colcon_core.package_selection:Skipping not selected package 'flipkart_msgs' in 'src/flipkart_msgs'
[0.628s] Level 5:colcon.colcon_core.verb:set package 'flipkart' build argument 'cmake_args' from command line to 'None'
[0.628s] Level 5:colcon.colcon_core.verb:set package 'flipkart' build argument 'cmake_target' from command line to 'None'
[0.628s] Level 5:colcon.colcon_core.verb:set package 'flipkart' build argument 'cmake_target_skip_unavailable' from command line to 'False'
[0.628s] Level 5:colcon.colcon_core.verb:set package 'flipkart' build argument 'cmake_clean_cache' from command line to 'False'
[0.628s] Level 5:colcon.colcon_core.verb:set package 'flipkart' build argument 'cmake_clean_first' from command line to 'False'
[0.628s] Level 5:colcon.colcon_core.verb:set package 'flipkart' build argument 'cmake_force_configure' from command line to 'False'
[0.628s] Level 5:colcon.colcon_core.verb:set package 'flipkart' build argument 'ament_cmake_args' from command line to 'None'
[0.628s] Level 5:colcon.colcon_core.verb:set package 'flipkart' build argument 'catkin_cmake_args' from command line to 'None'
[0.628s] Level 5:colcon.colcon_core.verb:set package 'flipkart' build argument 'catkin_skip_building_tests' from command line to 'False'
[0.628s] DEBUG:colcon.colcon_core.verb:Building package 'flipkart' with the following arguments: {'ament_cmake_args': None, 'build_base': '/home/manojbr/dev_ws/build/flipkart', 'catkin_cmake_args': None, 'catkin_skip_building_tests': False, 'cmake_args': None, 'cmake_clean_cache': False, 'cmake_clean_first': False, 'cmake_force_configure': False, 'cmake_target': None, 'cmake_target_skip_unavailable': False, 'install_base': '/home/manojbr/dev_ws/install/flipkart', 'merge_install': False, 'path': '/home/manojbr/dev_ws/src/flipkart', 'symlink_install': False, 'test_result_base': None}
[0.629s] INFO:colcon.colcon_core.executor:Executing jobs using 'parallel' executor
[0.631s] DEBUG:colcon.colcon_parallel_executor.executor.parallel:run_until_complete
[0.631s] INFO:colcon.colcon_ros.task.ament_python.build:Building ROS package in '/home/manojbr/dev_ws/src/flipkart' with build type 'ament_python'
[0.631s] Level 1:colcon.colcon_core.shell:create_environment_hook('flipkart', 'ament_prefix_path')
[0.640s] INFO:colcon.colcon_core.plugin_system:Skipping extension 'colcon_core.shell.bat': Not used on non-Windows systems
[0.640s] INFO:colcon.colcon_core.shell:Creating environment hook '/home/manojbr/dev_ws/install/flipkart/share/flipkart/hook/ament_prefix_path.ps1'
[0.642s] INFO:colcon.colcon_core.shell:Creating environment descriptor '/home/manojbr/dev_ws/install/flipkart/share/flipkart/hook/ament_prefix_path.dsv'
[0.643s] INFO:colcon.colcon_core.shell:Creating environment hook '/home/manojbr/dev_ws/install/flipkart/share/flipkart/hook/ament_prefix_path.sh'
[0.645s] INFO:colcon.colcon_core.shell:Skip shell extension 'powershell' for command environment: Not usable outside of PowerShell
[0.646s] DEBUG:colcon.colcon_core.shell:Skip shell extension 'dsv' for command environment
[0.650s] DEBUG:colcon.colcon_core.shell:Ignoring prefix path '/opt/ros/foxy'
[0.865s] INFO:colcon.colcon_core.task.python.build:Building Python package in '/home/manojbr/dev_ws/src/flipkart'
[0.866s] INFO:colcon.colcon_core.shell:Skip shell extension 'powershell' for command environment: Not usable outside of PowerShell
[0.866s] DEBUG:colcon.colcon_core.shell:Skip shell extension 'dsv' for command environment
[0.867s] DEBUG:colcon.colcon_core.shell:Ignoring prefix path '/opt/ros/foxy'
[0.872s] DEBUG:colcon.colcon_core.event_handler.log_command:Invoking command in '/home/manojbr/dev_ws/src/flipkart': PYTHONPATH=/home/manojbr/dev_ws/install/flipkart/lib/python3.8/site-packages:${PYTHONPATH} /usr/bin/python3 setup.py egg_info --egg-base ../../build/flipkart build --build-base /home/manojbr/dev_ws/build/flipkart/build install --prefix /home/manojbr/dev_ws/install/flipkart --record /home/manojbr/dev_ws/build/flipkart/install.log --single-version-externally-managed
[1.311s] DEBUG:colcon.colcon_core.event_handler.log_command:Invoked command in '/home/manojbr/dev_ws/src/flipkart' returned '0': PYTHONPATH=/home/manojbr/dev_ws/install/flipkart/lib/python3.8/site-packages:${PYTHONPATH} /usr/bin/python3 setup.py egg_info --egg-base ../../build/flipkart build --build-base /home/manojbr/dev_ws/build/flipkart/build install --prefix /home/manojbr/dev_ws/install/flipkart --record /home/manojbr/dev_ws/build/flipkart/install.log --single-version-externally-managed
[1.319s] Level 1:colcon.colcon_core.environment:checking '/home/manojbr/dev_ws/install/flipkart' for CMake module files
[1.319s] Level 1:colcon.colcon_core.environment:checking '/home/manojbr/dev_ws/install/flipkart' for CMake config files
[1.319s] Level 1:colcon.colcon_core.environment:checking '/home/manojbr/dev_ws/install/flipkart/lib'
[1.320s] Level 1:colcon.colcon_core.environment:checking '/home/manojbr/dev_ws/install/flipkart/bin'
[1.320s] Level 1:colcon.colcon_core.environment:checking '/home/manojbr/dev_ws/install/flipkart/lib/pkgconfig/flipkart.pc'
[1.320s] Level 1:colcon.colcon_core.environment:checking '/home/manojbr/dev_ws/install/flipkart/lib/python3.8/site-packages'
[1.320s] Level 1:colcon.colcon_core.shell:create_environment_hook('flipkart', 'pythonpath')
[1.320s] INFO:colcon.colcon_core.shell:Creating environment hook '/home/manojbr/dev_ws/install/flipkart/share/flipkart/hook/pythonpath.ps1'
[1.321s] INFO:colcon.colcon_core.shell:Creating environment descriptor '/home/manojbr/dev_ws/install/flipkart/share/flipkart/hook/pythonpath.dsv'
[1.321s] INFO:colcon.colcon_core.shell:Creating environment hook '/home/manojbr/dev_ws/install/flipkart/share/flipkart/hook/pythonpath.sh'
[1.321s] Level 1:colcon.colcon_core.environment:create_environment_scripts_only(flipkart)
[1.322s] INFO:colcon.colcon_core.shell:Creating package script '/home/manojbr/dev_ws/install/flipkart/share/flipkart/package.ps1'
[1.323s] INFO:colcon.colcon_core.shell:Creating package descriptor '/home/manojbr/dev_ws/install/flipkart/share/flipkart/package.dsv'
[1.324s] INFO:colcon.colcon_core.shell:Creating package script '/home/manojbr/dev_ws/install/flipkart/share/flipkart/package.sh'
[1.326s] INFO:colcon.colcon_core.shell:Creating package script '/home/manojbr/dev_ws/install/flipkart/share/flipkart/package.bash'
[1.328s] INFO:colcon.colcon_core.shell:Creating package script '/home/manojbr/dev_ws/install/flipkart/share/flipkart/package.zsh'
[1.329s] Level 1:colcon.colcon_core.environment:create_file_with_runtime_dependencies(/home/manojbr/dev_ws/install/flipkart/share/colcon-core/packages/flipkart)
[1.329s] DEBUG:colcon.colcon_parallel_executor.executor.parallel:closing loop
[1.330s] DEBUG:colcon.colcon_parallel_executor.executor.parallel:loop closed
[1.330s] DEBUG:colcon.colcon_parallel_executor.executor.parallel:run_until_complete finished with '0'
[1.330s] DEBUG:colcon.colcon_core.event_reactor:joining thread
[1.336s] INFO:colcon.colcon_core.plugin_system:Skipping extension 'colcon_notification.desktop_notification.terminal_notifier': Not used on non-Darwin systems
[1.336s] INFO:colcon.colcon_core.plugin_system:Skipping extension 'colcon_notification.desktop_notification.win32': Not used on non-Windows systems
[1.336s] INFO:colcon.colcon_notification.desktop_notification:Sending desktop notification using 'notify2'
[1.354s] DEBUG:colcon.colcon_core.event_reactor:joined thread
[1.355s] INFO:colcon.colcon_core.shell:Creating prefix script '/home/manojbr/dev_ws/install/local_setup.ps1'
[1.356s] INFO:colcon.colcon_core.shell:Creating prefix util module '/home/manojbr/dev_ws/install/_local_setup_util_ps1.py'
[1.358s] INFO:colcon.colcon_core.shell:Creating prefix chain script '/home/manojbr/dev_ws/install/setup.ps1'
[1.360s] INFO:colcon.colcon_core.shell:Creating prefix script '/home/manojbr/dev_ws/install/local_setup.sh'
[1.362s] INFO:colcon.colcon_core.shell:Creating prefix util module '/home/manojbr/dev_ws/install/_local_setup_util_sh.py'
[1.363s] INFO:colcon.colcon_core.shell:Creating prefix chain script '/home/manojbr/dev_ws/install/setup.sh'
[1.373s] INFO:colcon.colcon_core.shell:Creating prefix script '/home/manojbr/dev_ws/install/local_setup.bash'
[1.375s] INFO:colcon.colcon_core.shell:Creating prefix chain script '/home/manojbr/dev_ws/install/setup.bash'
[1.378s] INFO:colcon.colcon_core.shell:Creating prefix script '/home/manojbr/dev_ws/install/local_setup.zsh'
[1.379s] INFO:colcon.colcon_core.shell:Creating prefix chain script '/home/manojbr/dev_ws/install/setup.zsh'
