[0.279s] Invoking command in '/home/manojbr/dev_ws/build/turtlesim': CMAKE_PREFIX_PATH=/opt/ros/foxy /usr/bin/cmake --build /home/manojbr/dev_ws/build/turtlesim -- -j8 -l8
[0.805s] [  0%] Built target turtlesim__dds_connext_idl
[0.809s] [  1%] Built target turtlesim__cpp
[0.841s] [  7%] Built target turtlesim__rosidl_generator_c
[0.949s] [ 12%] Built target turtlesim__rosidl_typesupport_fastrtps_cpp
[1.028s] [ 18%] Built target turtlesim__rosidl_typesupport_introspection_cpp
[1.034s] [ 24%] Built target turtlesim__rosidl_typesupport_cpp
[1.118s] [ 30%] Built target turtlesim__rosidl_typesupport_introspection_c
[1.135s] [ 35%] Built target turtlesim__rosidl_typesupport_fastrtps_c
[1.146s] [ 40%] Built target turtlesim__rosidl_typesupport_c
[1.310s] [ 60%] Built target turtlesim__rosidl_typesupport_connext_cpp
[1.491s] [ 80%] Built target turtlesim__rosidl_typesupport_connext_c
[1.509s] [ 80%] Built target turtlesim
[1.584s] [ 81%] Built target turtlesim__py
[1.652s] [ 86%] Built target turtlesim__python
[1.663s] [ 89%] Built target draw_square
[1.663s] [ 89%] Built target mimic
[1.663s] [ 89%] Built target turtle_teleop_key
[1.699s] [ 91%] Built target turtlesim__rosidl_typesupport_c__pyext
[1.714s] [ 93%] Built target turtlesim__rosidl_typesupport_connext_c__pyext
[1.715s] [ 97%] Built target turtlesim_node
[1.724s] [ 99%] Built target turtlesim__rosidl_typesupport_fastrtps_c__pyext
[1.726s] [100%] Built target turtlesim__rosidl_typesupport_introspection_c__pyext
[1.736s] Invoked command in '/home/manojbr/dev_ws/build/turtlesim' returned '0': CMAKE_PREFIX_PATH=/opt/ros/foxy /usr/bin/cmake --build /home/manojbr/dev_ws/build/turtlesim -- -j8 -l8
[1.912s] Invoking command in '/home/manojbr/dev_ws/build/turtlesim': CMAKE_PREFIX_PATH=/opt/ros/foxy /usr/bin/cmake --install /home/manojbr/dev_ws/build/turtlesim
[1.920s] -- Install configuration: ""
[1.921s] -- Up-to-date: /home/manojbr/dev_ws/install/turtlesim/share/ament_index/resource_index/rosidl_interfaces/turtlesim
[1.921s] -- Up-to-date: /home/manojbr/dev_ws/install/turtlesim/include/turtlesim
[1.921s] -- Up-to-date: /home/manojbr/dev_ws/install/turtlesim/include/turtlesim/srv
[1.950s] -- Up-to-date: /home/manojbr/dev_ws/install/turtlesim/include/turtlesim/srv/detail
[1.951s] -- Up-to-date: /home/manojbr/dev_ws/install/turtlesim/include/turtlesim/srv/detail/teleport_relative__functions.c
[1.952s] -- Up-to-date: /home/manojbr/dev_ws/install/turtlesim/include/turtlesim/srv/detail/teleport_absolute__struct.h
[1.952s] -- Up-to-date: /home/manojbr/dev_ws/install/turtlesim/include/turtlesim/srv/detail/teleport_absolute__type_support.h
[1.953s] -- Up-to-date: /home/manojbr/dev_ws/install/turtlesim/include/turtlesim/srv/detail/spawn__struct.h
[1.953s] -- Up-to-date: /home/manojbr/dev_ws/install/turtlesim/include/turtlesim/srv/detail/set_pen__functions.h
[1.953s] -- Up-to-date: /home/manojbr/dev_ws/install/turtlesim/include/turtlesim/srv/detail/spawn__functions.h
[1.953s] -- Up-to-date: /home/manojbr/dev_ws/install/turtlesim/include/turtlesim/srv/detail/kill__struct.h
[1.954s] -- Up-to-date: /home/manojbr/dev_ws/install/turtlesim/include/turtlesim/srv/detail/kill__type_support.h
[1.954s] -- Up-to-date: /home/manojbr/dev_ws/install/turtlesim/include/turtlesim/srv/detail/kill__functions.c
[1.955s] -- Up-to-date: /home/manojbr/dev_ws/install/turtlesim/include/turtlesim/srv/detail/set_pen__functions.c
[1.955s] -- Up-to-date: /home/manojbr/dev_ws/install/turtlesim/include/turtlesim/srv/detail/teleport_relative__type_support.h
[1.955s] -- Up-to-date: /home/manojbr/dev_ws/install/turtlesim/include/turtlesim/srv/detail/set_pen__struct.h
[1.956s] -- Up-to-date: /home/manojbr/dev_ws/install/turtlesim/include/turtlesim/srv/detail/teleport_absolute__functions.h
[1.956s] -- Up-to-date: /home/manojbr/dev_ws/install/turtlesim/include/turtlesim/srv/detail/spawn__type_support.h
[1.956s] -- Up-to-date: /home/manojbr/dev_ws/install/turtlesim/include/turtlesim/srv/detail/teleport_relative__functions.h
[1.956s] -- Up-to-date: /home/manojbr/dev_ws/install/turtlesim/include/turtlesim/srv/detail/set_pen__type_support.h
[1.957s] -- Up-to-date: /home/manojbr/dev_ws/install/turtlesim/include/turtlesim/srv/detail/kill__functions.h
[1.957s] -- Up-to-date: /home/manojbr/dev_ws/install/turtlesim/include/turtlesim/srv/detail/teleport_absolute__functions.c
[1.957s] -- Up-to-date: /home/manojbr/dev_ws/install/turtlesim/include/turtlesim/srv/detail/spawn__functions.c
[1.957s] -- Up-to-date: /home/manojbr/dev_ws/install/turtlesim/include/turtlesim/srv/detail/teleport_relative__struct.h
[1.958s] -- Up-to-date: /home/manojbr/dev_ws/install/turtlesim/include/turtlesim/srv/spawn.h
[1.958s] -- Up-to-date: /home/manojbr/dev_ws/install/turtlesim/include/turtlesim/srv/teleport_relative.h
[1.958s] -- Up-to-date: /home/manojbr/dev_ws/install/turtlesim/include/turtlesim/srv/kill.h
[1.958s] -- Up-to-date: /home/manojbr/dev_ws/install/turtlesim/include/turtlesim/srv/set_pen.h
[1.958s] -- Up-to-date: /home/manojbr/dev_ws/install/turtlesim/include/turtlesim/srv/teleport_absolute.h
[1.959s] -- Up-to-date: /home/manojbr/dev_ws/install/turtlesim/include/turtlesim/msg
[1.959s] -- Up-to-date: /home/manojbr/dev_ws/install/turtlesim/include/turtlesim/msg/rosidl_generator_c__visibility_control.h
[1.959s] -- Up-to-date: /home/manojbr/dev_ws/install/turtlesim/include/turtlesim/msg/detail
[1.959s] -- Up-to-date: /home/manojbr/dev_ws/install/turtlesim/include/turtlesim/msg/detail/color__functions.c
[1.960s] -- Up-to-date: /home/manojbr/dev_ws/install/turtlesim/include/turtlesim/msg/detail/pose__functions.c
[1.960s] -- Up-to-date: /home/manojbr/dev_ws/install/turtlesim/include/turtlesim/msg/detail/pose__type_support.h
[1.960s] -- Up-to-date: /home/manojbr/dev_ws/install/turtlesim/include/turtlesim/msg/detail/color__functions.h
[1.960s] -- Up-to-date: /home/manojbr/dev_ws/install/turtlesim/include/turtlesim/msg/detail/color__struct.h
[1.961s] -- Up-to-date: /home/manojbr/dev_ws/install/turtlesim/include/turtlesim/msg/detail/color__type_support.h
[1.961s] -- Up-to-date: /home/manojbr/dev_ws/install/turtlesim/include/turtlesim/msg/detail/pose__functions.h
[1.961s] -- Up-to-date: /home/manojbr/dev_ws/install/turtlesim/include/turtlesim/msg/detail/pose__struct.h
[1.961s] -- Up-to-date: /home/manojbr/dev_ws/install/turtlesim/include/turtlesim/msg/color.h
[1.962s] -- Up-to-date: /home/manojbr/dev_ws/install/turtlesim/include/turtlesim/msg/pose.h
[1.962s] -- Up-to-date: /home/manojbr/dev_ws/install/turtlesim/include/turtlesim/action
[1.962s] -- Up-to-date: /home/manojbr/dev_ws/install/turtlesim/include/turtlesim/action/detail
[1.962s] -- Up-to-date: /home/manojbr/dev_ws/install/turtlesim/include/turtlesim/action/detail/rotate_absolute__functions.h
[1.962s] -- Up-to-date: /home/manojbr/dev_ws/install/turtlesim/include/turtlesim/action/detail/rotate_absolute__functions.c
[1.963s] -- Up-to-date: /home/manojbr/dev_ws/install/turtlesim/include/turtlesim/action/detail/rotate_absolute__struct.h
[1.963s] -- Up-to-date: /home/manojbr/dev_ws/install/turtlesim/include/turtlesim/action/detail/rotate_absolute__type_support.h
[1.963s] -- Up-to-date: /home/manojbr/dev_ws/install/turtlesim/include/turtlesim/action/rotate_absolute.h
[1.963s] -- Up-to-date: /home/manojbr/dev_ws/install/turtlesim/share/turtlesim/environment/library_path.sh
[1.964s] -- Up-to-date: /home/manojbr/dev_ws/install/turtlesim/share/turtlesim/environment/library_path.dsv
[1.984s] -- Up-to-date: /home/manojbr/dev_ws/install/turtlesim/lib/libturtlesim__rosidl_generator_c.so
[1.985s] -- Up-to-date: /home/manojbr/dev_ws/install/turtlesim/include/turtlesim
[1.985s] -- Up-to-date: /home/manojbr/dev_ws/install/turtlesim/include/turtlesim/srv
[1.985s] -- Up-to-date: /home/manojbr/dev_ws/install/turtlesim/include/turtlesim/srv/teleport_relative__rosidl_typesupport_connext_c.h
[1.986s] -- Up-to-date: /home/manojbr/dev_ws/install/turtlesim/include/turtlesim/srv/set_pen__rosidl_typesupport_connext_c.h
[1.986s] -- Up-to-date: /home/manojbr/dev_ws/install/turtlesim/include/turtlesim/srv/kill__rosidl_typesupport_connext_c.h
[2.002s] -- Up-to-date: /home/manojbr/dev_ws/install/turtlesim/include/turtlesim/srv/dds_connext
[2.002s] -- Up-to-date: /home/manojbr/dev_ws/install/turtlesim/include/turtlesim/srv/spawn__rosidl_typesupport_connext_c.h
[2.002s] -- Up-to-date: /home/manojbr/dev_ws/install/turtlesim/include/turtlesim/srv/teleport_absolute__rosidl_typesupport_connext_c.h
[2.002s] -- Up-to-date: /home/manojbr/dev_ws/install/turtlesim/include/turtlesim/msg
[2.003s] -- Up-to-date: /home/manojbr/dev_ws/install/turtlesim/include/turtlesim/msg/pose__rosidl_typesupport_connext_c.h
[2.003s] -- Up-to-date: /home/manojbr/dev_ws/install/turtlesim/include/turtlesim/msg/dds_connext
[2.003s] -- Up-to-date: /home/manojbr/dev_ws/install/turtlesim/include/turtlesim/msg/rosidl_typesupport_connext_c__visibility_control.h
[2.003s] -- Up-to-date: /home/manojbr/dev_ws/install/turtlesim/include/turtlesim/msg/color__rosidl_typesupport_connext_c.h
[2.004s] -- Up-to-date: /home/manojbr/dev_ws/install/turtlesim/include/turtlesim/action
[2.004s] -- Up-to-date: /home/manojbr/dev_ws/install/turtlesim/include/turtlesim/action/rotate_absolute__rosidl_typesupport_connext_c.h
[2.004s] -- Up-to-date: /home/manojbr/dev_ws/install/turtlesim/include/turtlesim/action/dds_connext
[2.021s] -- Up-to-date: /home/manojbr/dev_ws/install/turtlesim/lib/libturtlesim__rosidl_typesupport_connext_c.so
[2.033s] -- Up-to-date: /home/manojbr/dev_ws/install/turtlesim/share/turtlesim/action/dds_connext
[2.034s] -- Up-to-date: /home/manojbr/dev_ws/install/turtlesim/share/turtlesim/action/dds_connext/RotateAbsolute_.idl
[2.034s] -- Up-to-date: /home/manojbr/dev_ws/install/turtlesim/share/turtlesim/msg/dds_connext
[2.035s] -- Up-to-date: /home/manojbr/dev_ws/install/turtlesim/share/turtlesim/msg/dds_connext/Pose_.idl
[2.035s] -- Up-to-date: /home/manojbr/dev_ws/install/turtlesim/share/turtlesim/msg/dds_connext/Color_.idl
[2.036s] -- Up-to-date: /home/manojbr/dev_ws/install/turtlesim/share/turtlesim/srv/dds_connext
[2.037s] -- Up-to-date: /home/manojbr/dev_ws/install/turtlesim/share/turtlesim/srv/dds_connext/TeleportAbsolute_.idl
[2.037s] -- Up-to-date: /home/manojbr/dev_ws/install/turtlesim/share/turtlesim/srv/dds_connext/Kill_.idl
[2.037s] -- Up-to-date: /home/manojbr/dev_ws/install/turtlesim/share/turtlesim/srv/dds_connext/TeleportRelative_.idl
[2.037s] -- Up-to-date: /home/manojbr/dev_ws/install/turtlesim/share/turtlesim/srv/dds_connext/Spawn_.idl
[2.038s] -- Up-to-date: /home/manojbr/dev_ws/install/turtlesim/share/turtlesim/srv/dds_connext/SetPen_.idl
[2.038s] -- Up-to-date: /home/manojbr/dev_ws/install/turtlesim/include/turtlesim
[2.038s] -- Up-to-date: /home/manojbr/dev_ws/install/turtlesim/include/turtlesim/srv
[2.038s] -- Up-to-date: /home/manojbr/dev_ws/install/turtlesim/include/turtlesim/srv/teleport_relative__rosidl_typesupport_connext_cpp.hpp
[2.039s] -- Up-to-date: /home/manojbr/dev_ws/install/turtlesim/include/turtlesim/srv/teleport_absolute__rosidl_typesupport_connext_cpp.hpp
[2.039s] -- Up-to-date: /home/manojbr/dev_ws/install/turtlesim/include/turtlesim/srv/spawn__rosidl_typesupport_connext_cpp.hpp
[2.039s] -- Up-to-date: /home/manojbr/dev_ws/install/turtlesim/include/turtlesim/srv/dds_connext
[2.044s] -- Up-to-date: /home/manojbr/dev_ws/install/turtlesim/include/turtlesim/srv/dds_connext/Spawn_Plugin.cxx
[2.045s] -- Up-to-date: /home/manojbr/dev_ws/install/turtlesim/include/turtlesim/srv/dds_connext/TeleportAbsolute_Support.cxx
[2.046s] -- Up-to-date: /home/manojbr/dev_ws/install/turtlesim/include/turtlesim/srv/dds_connext/Kill_Support.cxx
[2.046s] -- Up-to-date: /home/manojbr/dev_ws/install/turtlesim/include/turtlesim/srv/dds_connext/Kill_Support.h
[2.046s] -- Up-to-date: /home/manojbr/dev_ws/install/turtlesim/include/turtlesim/srv/dds_connext/Spawn_Plugin.h
[2.047s] -- Up-to-date: /home/manojbr/dev_ws/install/turtlesim/include/turtlesim/srv/dds_connext/TeleportAbsolute_Plugin.h
[2.047s] -- Up-to-date: /home/manojbr/dev_ws/install/turtlesim/include/turtlesim/srv/dds_connext/Spawn_.h
[2.048s] -- Up-to-date: /home/manojbr/dev_ws/install/turtlesim/include/turtlesim/srv/dds_connext/TeleportAbsolute_Plugin.cxx
[2.048s] -- Up-to-date: /home/manojbr/dev_ws/install/turtlesim/include/turtlesim/srv/dds_connext/Spawn_Support.h
[2.049s] -- Up-to-date: /home/manojbr/dev_ws/install/turtlesim/include/turtlesim/srv/dds_connext/Spawn_Support.cxx
[2.049s] -- Up-to-date: /home/manojbr/dev_ws/install/turtlesim/include/turtlesim/srv/dds_connext/TeleportRelative_Support.h
[2.049s] -- Up-to-date: /home/manojbr/dev_ws/install/turtlesim/include/turtlesim/srv/dds_connext/Kill_Plugin.cxx
[2.050s] -- Up-to-date: /home/manojbr/dev_ws/install/turtlesim/include/turtlesim/srv/dds_connext/Kill_.cxx
[2.050s] -- Up-to-date: /home/manojbr/dev_ws/install/turtlesim/include/turtlesim/srv/dds_connext/TeleportRelative_Plugin.cxx
[2.050s] -- Up-to-date: /home/manojbr/dev_ws/install/turtlesim/include/turtlesim/srv/dds_connext/SetPen_Support.h
[2.050s] -- Up-to-date: /home/manojbr/dev_ws/install/turtlesim/include/turtlesim/srv/dds_connext/SetPen_.h
[2.051s] -- Up-to-date: /home/manojbr/dev_ws/install/turtlesim/include/turtlesim/srv/dds_connext/TeleportRelative_.h
[2.051s] -- Up-to-date: /home/manojbr/dev_ws/install/turtlesim/include/turtlesim/srv/dds_connext/TeleportRelative_.cxx
[2.051s] -- Up-to-date: /home/manojbr/dev_ws/install/turtlesim/include/turtlesim/srv/dds_connext/TeleportRelative_Plugin.h
[2.051s] -- Up-to-date: /home/manojbr/dev_ws/install/turtlesim/include/turtlesim/srv/dds_connext/Spawn_.cxx
[2.052s] -- Up-to-date: /home/manojbr/dev_ws/install/turtlesim/include/turtlesim/srv/dds_connext/TeleportAbsolute_.cxx
[2.052s] -- Up-to-date: /home/manojbr/dev_ws/install/turtlesim/include/turtlesim/srv/dds_connext/TeleportRelative_Support.cxx
[2.052s] -- Up-to-date: /home/manojbr/dev_ws/install/turtlesim/include/turtlesim/srv/dds_connext/TeleportAbsolute_.h
[2.052s] -- Up-to-date: /home/manojbr/dev_ws/install/turtlesim/include/turtlesim/srv/dds_connext/Kill_Plugin.h
[2.053s] -- Up-to-date: /home/manojbr/dev_ws/install/turtlesim/include/turtlesim/srv/dds_connext/SetPen_Support.cxx
[2.053s] -- Up-to-date: /home/manojbr/dev_ws/install/turtlesim/include/turtlesim/srv/dds_connext/SetPen_Plugin.cxx
[2.053s] -- Up-to-date: /home/manojbr/dev_ws/install/turtlesim/include/turtlesim/srv/dds_connext/SetPen_Plugin.h
[2.053s] -- Up-to-date: /home/manojbr/dev_ws/install/turtlesim/include/turtlesim/srv/dds_connext/Kill_.h
[2.054s] -- Up-to-date: /home/manojbr/dev_ws/install/turtlesim/include/turtlesim/srv/dds_connext/TeleportAbsolute_Support.h
[2.054s] -- Up-to-date: /home/manojbr/dev_ws/install/turtlesim/include/turtlesim/srv/dds_connext/SetPen_.cxx
[2.054s] -- Up-to-date: /home/manojbr/dev_ws/install/turtlesim/include/turtlesim/srv/kill__rosidl_typesupport_connext_cpp.hpp
[2.054s] -- Up-to-date: /home/manojbr/dev_ws/install/turtlesim/include/turtlesim/srv/set_pen__rosidl_typesupport_connext_cpp.hpp
[2.055s] -- Up-to-date: /home/manojbr/dev_ws/install/turtlesim/include/turtlesim/msg
[2.055s] -- Up-to-date: /home/manojbr/dev_ws/install/turtlesim/include/turtlesim/msg/dds_connext
[2.055s] -- Up-to-date: /home/manojbr/dev_ws/install/turtlesim/include/turtlesim/msg/dds_connext/Color_Plugin.h
[2.055s] -- Up-to-date: /home/manojbr/dev_ws/install/turtlesim/include/turtlesim/msg/dds_connext/Color_.cxx
[2.056s] -- Up-to-date: /home/manojbr/dev_ws/install/turtlesim/include/turtlesim/msg/dds_connext/Pose_Plugin.h
[2.056s] -- Up-to-date: /home/manojbr/dev_ws/install/turtlesim/include/turtlesim/msg/dds_connext/Color_Support.h
[2.056s] -- Up-to-date: /home/manojbr/dev_ws/install/turtlesim/include/turtlesim/msg/dds_connext/Color_.h
[2.056s] -- Up-to-date: /home/manojbr/dev_ws/install/turtlesim/include/turtlesim/msg/dds_connext/Pose_.cxx
[2.056s] -- Up-to-date: /home/manojbr/dev_ws/install/turtlesim/include/turtlesim/msg/dds_connext/Color_Support.cxx
[2.057s] -- Up-to-date: /home/manojbr/dev_ws/install/turtlesim/include/turtlesim/msg/dds_connext/Color_Plugin.cxx
[2.057s] -- Up-to-date: /home/manojbr/dev_ws/install/turtlesim/include/turtlesim/msg/dds_connext/Pose_.h
[2.057s] -- Up-to-date: /home/manojbr/dev_ws/install/turtlesim/include/turtlesim/msg/dds_connext/Pose_Support.h
[2.057s] -- Up-to-date: /home/manojbr/dev_ws/install/turtlesim/include/turtlesim/msg/dds_connext/Pose_Plugin.cxx
[2.058s] -- Up-to-date: /home/manojbr/dev_ws/install/turtlesim/include/turtlesim/msg/dds_connext/Pose_Support.cxx
[2.058s] -- Up-to-date: /home/manojbr/dev_ws/install/turtlesim/include/turtlesim/msg/pose__rosidl_typesupport_connext_cpp.hpp
[2.058s] -- Up-to-date: /home/manojbr/dev_ws/install/turtlesim/include/turtlesim/msg/color__rosidl_typesupport_connext_cpp.hpp
[2.058s] -- Up-to-date: /home/manojbr/dev_ws/install/turtlesim/include/turtlesim/msg/rosidl_typesupport_connext_cpp__visibility_control.h
[2.058s] -- Up-to-date: /home/manojbr/dev_ws/install/turtlesim/include/turtlesim/action
[2.059s] -- Up-to-date: /home/manojbr/dev_ws/install/turtlesim/include/turtlesim/action/dds_connext
[2.059s] -- Up-to-date: /home/manojbr/dev_ws/install/turtlesim/include/turtlesim/action/dds_connext/RotateAbsolute_.h
[2.059s] -- Up-to-date: /home/manojbr/dev_ws/install/turtlesim/include/turtlesim/action/dds_connext/RotateAbsolute_Support.cxx
[2.059s] -- Up-to-date: /home/manojbr/dev_ws/install/turtlesim/include/turtlesim/action/dds_connext/RotateAbsolute_Plugin.cxx
[2.060s] -- Up-to-date: /home/manojbr/dev_ws/install/turtlesim/include/turtlesim/action/dds_connext/RotateAbsolute_Support.h
[2.060s] -- Up-to-date: /home/manojbr/dev_ws/install/turtlesim/include/turtlesim/action/dds_connext/RotateAbsolute_Plugin.h
[2.060s] -- Up-to-date: /home/manojbr/dev_ws/install/turtlesim/include/turtlesim/action/dds_connext/RotateAbsolute_.cxx
[2.060s] -- Up-to-date: /home/manojbr/dev_ws/install/turtlesim/include/turtlesim/action/rotate_absolute__rosidl_typesupport_connext_cpp.hpp
[2.082s] -- Up-to-date: /home/manojbr/dev_ws/install/turtlesim/lib/libturtlesim__rosidl_typesupport_connext_cpp.so
[2.083s] -- Up-to-date: /home/manojbr/dev_ws/install/turtlesim/include/turtlesim
[2.084s] -- Up-to-date: /home/manojbr/dev_ws/install/turtlesim/include/turtlesim/srv
[2.084s] -- Up-to-date: /home/manojbr/dev_ws/install/turtlesim/include/turtlesim/srv/detail
[2.084s] -- Up-to-date: /home/manojbr/dev_ws/install/turtlesim/include/turtlesim/srv/detail/teleport_relative__rosidl_typesupport_fastrtps_c.h
[2.085s] -- Up-to-date: /home/manojbr/dev_ws/install/turtlesim/include/turtlesim/srv/detail/set_pen__rosidl_typesupport_fastrtps_c.h
[2.085s] -- Up-to-date: /home/manojbr/dev_ws/install/turtlesim/include/turtlesim/srv/detail/teleport_absolute__rosidl_typesupport_fastrtps_c.h
[2.085s] -- Up-to-date: /home/manojbr/dev_ws/install/turtlesim/include/turtlesim/srv/detail/spawn__rosidl_typesupport_fastrtps_c.h
[2.085s] -- Up-to-date: /home/manojbr/dev_ws/install/turtlesim/include/turtlesim/srv/detail/kill__rosidl_typesupport_fastrtps_c.h
[2.086s] -- Up-to-date: /home/manojbr/dev_ws/install/turtlesim/include/turtlesim/msg
[2.086s] -- Up-to-date: /home/manojbr/dev_ws/install/turtlesim/include/turtlesim/msg/detail
[2.086s] -- Up-to-date: /home/manojbr/dev_ws/install/turtlesim/include/turtlesim/msg/detail/pose__rosidl_typesupport_fastrtps_c.h
[2.087s] -- Up-to-date: /home/manojbr/dev_ws/install/turtlesim/include/turtlesim/msg/detail/color__rosidl_typesupport_fastrtps_c.h
[2.087s] -- Up-to-date: /home/manojbr/dev_ws/install/turtlesim/include/turtlesim/msg/rosidl_typesupport_fastrtps_c__visibility_control.h
[2.087s] -- Up-to-date: /home/manojbr/dev_ws/install/turtlesim/include/turtlesim/action
[2.087s] -- Up-to-date: /home/manojbr/dev_ws/install/turtlesim/include/turtlesim/action/detail
[2.088s] -- Up-to-date: /home/manojbr/dev_ws/install/turtlesim/include/turtlesim/action/detail/rotate_absolute__rosidl_typesupport_fastrtps_c.h
[2.094s] -- Up-to-date: /home/manojbr/dev_ws/install/turtlesim/lib/libturtlesim__rosidl_typesupport_fastrtps_c.so
[2.095s] -- Up-to-date: /home/manojbr/dev_ws/install/turtlesim/include/turtlesim
[2.096s] -- Up-to-date: /home/manojbr/dev_ws/install/turtlesim/include/turtlesim/srv
[2.096s] -- Up-to-date: /home/manojbr/dev_ws/install/turtlesim/include/turtlesim/srv/detail
[2.096s] -- Up-to-date: /home/manojbr/dev_ws/install/turtlesim/include/turtlesim/srv/detail/spawn__rosidl_typesupport_fastrtps_cpp.hpp
[2.097s] -- Up-to-date: /home/manojbr/dev_ws/install/turtlesim/include/turtlesim/srv/detail/dds_fastrtps
[2.097s] -- Up-to-date: /home/manojbr/dev_ws/install/turtlesim/include/turtlesim/srv/detail/kill__rosidl_typesupport_fastrtps_cpp.hpp
[2.097s] -- Up-to-date: /home/manojbr/dev_ws/install/turtlesim/include/turtlesim/srv/detail/teleport_relative__rosidl_typesupport_fastrtps_cpp.hpp
[2.097s] -- Up-to-date: /home/manojbr/dev_ws/install/turtlesim/include/turtlesim/srv/detail/teleport_absolute__rosidl_typesupport_fastrtps_cpp.hpp
[2.098s] -- Up-to-date: /home/manojbr/dev_ws/install/turtlesim/include/turtlesim/srv/detail/set_pen__rosidl_typesupport_fastrtps_cpp.hpp
[2.098s] -- Up-to-date: /home/manojbr/dev_ws/install/turtlesim/include/turtlesim/msg
[2.098s] -- Up-to-date: /home/manojbr/dev_ws/install/turtlesim/include/turtlesim/msg/detail
[2.098s] -- Up-to-date: /home/manojbr/dev_ws/install/turtlesim/include/turtlesim/msg/detail/dds_fastrtps
[2.099s] -- Up-to-date: /home/manojbr/dev_ws/install/turtlesim/include/turtlesim/msg/detail/pose__rosidl_typesupport_fastrtps_cpp.hpp
[2.099s] -- Up-to-date: /home/manojbr/dev_ws/install/turtlesim/include/turtlesim/msg/detail/color__rosidl_typesupport_fastrtps_cpp.hpp
[2.099s] -- Up-to-date: /home/manojbr/dev_ws/install/turtlesim/include/turtlesim/msg/rosidl_typesupport_fastrtps_cpp__visibility_control.h
[2.099s] -- Up-to-date: /home/manojbr/dev_ws/install/turtlesim/include/turtlesim/action
[2.100s] -- Up-to-date: /home/manojbr/dev_ws/install/turtlesim/include/turtlesim/action/detail
[2.100s] -- Up-to-date: /home/manojbr/dev_ws/install/turtlesim/include/turtlesim/action/detail/dds_fastrtps
[2.101s] -- Up-to-date: /home/manojbr/dev_ws/install/turtlesim/include/turtlesim/action/detail/rotate_absolute__rosidl_typesupport_fastrtps_cpp.hpp
[2.101s] -- Up-to-date: /home/manojbr/dev_ws/install/turtlesim/lib/libturtlesim__rosidl_typesupport_fastrtps_cpp.so
[2.102s] -- Up-to-date: /home/manojbr/dev_ws/install/turtlesim/include/turtlesim
[2.102s] -- Up-to-date: /home/manojbr/dev_ws/install/turtlesim/include/turtlesim/srv
[2.102s] -- Up-to-date: /home/manojbr/dev_ws/install/turtlesim/include/turtlesim/srv/detail
[2.102s] -- Up-to-date: /home/manojbr/dev_ws/install/turtlesim/include/turtlesim/srv/detail/spawn__rosidl_typesupport_introspection_c.h
[2.102s] -- Up-to-date: /home/manojbr/dev_ws/install/turtlesim/include/turtlesim/srv/detail/teleport_absolute__type_support.c
[2.103s] -- Up-to-date: /home/manojbr/dev_ws/install/turtlesim/include/turtlesim/srv/detail/set_pen__type_support.c
[2.103s] -- Up-to-date: /home/manojbr/dev_ws/install/turtlesim/include/turtlesim/srv/detail/spawn__type_support.c
[2.103s] -- Up-to-date: /home/manojbr/dev_ws/install/turtlesim/include/turtlesim/srv/detail/teleport_absolute__rosidl_typesupport_introspection_c.h
[2.103s] -- Up-to-date: /home/manojbr/dev_ws/install/turtlesim/include/turtlesim/srv/detail/kill__type_support.c
[2.104s] -- Up-to-date: /home/manojbr/dev_ws/install/turtlesim/include/turtlesim/srv/detail/set_pen__rosidl_typesupport_introspection_c.h
[2.104s] -- Up-to-date: /home/manojbr/dev_ws/install/turtlesim/include/turtlesim/srv/detail/teleport_relative__type_support.c
[2.104s] -- Up-to-date: /home/manojbr/dev_ws/install/turtlesim/include/turtlesim/srv/detail/teleport_relative__rosidl_typesupport_introspection_c.h
[2.104s] -- Up-to-date: /home/manojbr/dev_ws/install/turtlesim/include/turtlesim/srv/detail/kill__rosidl_typesupport_introspection_c.h
[2.105s] -- Up-to-date: /home/manojbr/dev_ws/install/turtlesim/include/turtlesim/msg
[2.105s] -- Up-to-date: /home/manojbr/dev_ws/install/turtlesim/include/turtlesim/msg/detail
[2.105s] -- Up-to-date: /home/manojbr/dev_ws/install/turtlesim/include/turtlesim/msg/detail/pose__type_support.c
[2.105s] -- Up-to-date: /home/manojbr/dev_ws/install/turtlesim/include/turtlesim/msg/detail/pose__rosidl_typesupport_introspection_c.h
[2.106s] -- Up-to-date: /home/manojbr/dev_ws/install/turtlesim/include/turtlesim/msg/detail/color__rosidl_typesupport_introspection_c.h
[2.106s] -- Up-to-date: /home/manojbr/dev_ws/install/turtlesim/include/turtlesim/msg/detail/color__type_support.c
[2.106s] -- Up-to-date: /home/manojbr/dev_ws/install/turtlesim/include/turtlesim/msg/rosidl_typesupport_introspection_c__visibility_control.h
[2.106s] -- Up-to-date: /home/manojbr/dev_ws/install/turtlesim/include/turtlesim/action
[2.106s] -- Up-to-date: /home/manojbr/dev_ws/install/turtlesim/include/turtlesim/action/detail
[2.107s] -- Up-to-date: /home/manojbr/dev_ws/install/turtlesim/include/turtlesim/action/detail/rotate_absolute__type_support.c
[2.107s] -- Up-to-date: /home/manojbr/dev_ws/install/turtlesim/include/turtlesim/action/detail/rotate_absolute__rosidl_typesupport_introspection_c.h
[2.107s] -- Up-to-date: /home/manojbr/dev_ws/install/turtlesim/lib/libturtlesim__rosidl_typesupport_introspection_c.so
[2.108s] -- Up-to-date: /home/manojbr/dev_ws/install/turtlesim/lib/libturtlesim__rosidl_typesupport_c.so
[2.108s] -- Up-to-date: /home/manojbr/dev_ws/install/turtlesim/include/turtlesim
[2.109s] -- Up-to-date: /home/manojbr/dev_ws/install/turtlesim/include/turtlesim/srv
[2.110s] -- Up-to-date: /home/manojbr/dev_ws/install/turtlesim/include/turtlesim/srv/detail
[2.110s] -- Up-to-date: /home/manojbr/dev_ws/install/turtlesim/include/turtlesim/srv/detail/teleport_absolute__traits.hpp
[2.111s] -- Up-to-date: /home/manojbr/dev_ws/install/turtlesim/include/turtlesim/srv/detail/set_pen__traits.hpp
[2.111s] -- Up-to-date: /home/manojbr/dev_ws/install/turtlesim/include/turtlesim/srv/detail/spawn__traits.hpp
[2.112s] -- Up-to-date: /home/manojbr/dev_ws/install/turtlesim/include/turtlesim/srv/detail/teleport_relative__traits.hpp
[2.112s] -- Up-to-date: /home/manojbr/dev_ws/install/turtlesim/include/turtlesim/srv/detail/kill__traits.hpp
[2.113s] -- Up-to-date: /home/manojbr/dev_ws/install/turtlesim/include/turtlesim/srv/detail/set_pen__struct.hpp
[2.113s] -- Up-to-date: /home/manojbr/dev_ws/install/turtlesim/include/turtlesim/srv/detail/set_pen__builder.hpp
[2.113s] -- Up-to-date: /home/manojbr/dev_ws/install/turtlesim/include/turtlesim/srv/detail/spawn__struct.hpp
[2.113s] -- Up-to-date: /home/manojbr/dev_ws/install/turtlesim/include/turtlesim/srv/detail/teleport_absolute__builder.hpp
[2.114s] -- Up-to-date: /home/manojbr/dev_ws/install/turtlesim/include/turtlesim/srv/detail/kill__builder.hpp
[2.114s] -- Up-to-date: /home/manojbr/dev_ws/install/turtlesim/include/turtlesim/srv/detail/teleport_relative__builder.hpp
[2.114s] -- Up-to-date: /home/manojbr/dev_ws/install/turtlesim/include/turtlesim/srv/detail/teleport_relative__struct.hpp
[2.115s] -- Up-to-date: /home/manojbr/dev_ws/install/turtlesim/include/turtlesim/srv/detail/spawn__builder.hpp
[2.115s] -- Up-to-date: /home/manojbr/dev_ws/install/turtlesim/include/turtlesim/srv/detail/kill__struct.hpp
[2.115s] -- Up-to-date: /home/manojbr/dev_ws/install/turtlesim/include/turtlesim/srv/detail/teleport_absolute__struct.hpp
[2.116s] -- Up-to-date: /home/manojbr/dev_ws/install/turtlesim/include/turtlesim/srv/kill.hpp
[2.116s] -- Up-to-date: /home/manojbr/dev_ws/install/turtlesim/include/turtlesim/srv/set_pen.hpp
[2.116s] -- Up-to-date: /home/manojbr/dev_ws/install/turtlesim/include/turtlesim/srv/teleport_relative.hpp
[2.117s] -- Up-to-date: /home/manojbr/dev_ws/install/turtlesim/include/turtlesim/srv/spawn.hpp
[2.117s] -- Up-to-date: /home/manojbr/dev_ws/install/turtlesim/include/turtlesim/srv/teleport_absolute.hpp
[2.117s] -- Up-to-date: /home/manojbr/dev_ws/install/turtlesim/include/turtlesim/msg
[2.117s] -- Up-to-date: /home/manojbr/dev_ws/install/turtlesim/include/turtlesim/msg/detail
[2.118s] -- Up-to-date: /home/manojbr/dev_ws/install/turtlesim/include/turtlesim/msg/detail/color__builder.hpp
[2.118s] -- Up-to-date: /home/manojbr/dev_ws/install/turtlesim/include/turtlesim/msg/detail/color__traits.hpp
[2.118s] -- Up-to-date: /home/manojbr/dev_ws/install/turtlesim/include/turtlesim/msg/detail/color__struct.hpp
[2.118s] -- Up-to-date: /home/manojbr/dev_ws/install/turtlesim/include/turtlesim/msg/detail/pose__traits.hpp
[2.119s] -- Up-to-date: /home/manojbr/dev_ws/install/turtlesim/include/turtlesim/msg/detail/pose__builder.hpp
[2.119s] -- Up-to-date: /home/manojbr/dev_ws/install/turtlesim/include/turtlesim/msg/detail/pose__struct.hpp
[2.119s] -- Up-to-date: /home/manojbr/dev_ws/install/turtlesim/include/turtlesim/msg/pose.hpp
[2.120s] -- Up-to-date: /home/manojbr/dev_ws/install/turtlesim/include/turtlesim/msg/color.hpp
[2.120s] -- Up-to-date: /home/manojbr/dev_ws/install/turtlesim/include/turtlesim/action
[2.120s] -- Up-to-date: /home/manojbr/dev_ws/install/turtlesim/include/turtlesim/action/detail
[2.120s] -- Up-to-date: /home/manojbr/dev_ws/install/turtlesim/include/turtlesim/action/detail/rotate_absolute__builder.hpp
[2.121s] -- Up-to-date: /home/manojbr/dev_ws/install/turtlesim/include/turtlesim/action/detail/rotate_absolute__struct.hpp
[2.121s] -- Up-to-date: /home/manojbr/dev_ws/install/turtlesim/include/turtlesim/action/detail/rotate_absolute__traits.hpp
[2.121s] -- Up-to-date: /home/manojbr/dev_ws/install/turtlesim/include/turtlesim/action/rotate_absolute.hpp
[2.121s] -- Up-to-date: /home/manojbr/dev_ws/install/turtlesim/include/turtlesim
[2.121s] -- Up-to-date: /home/manojbr/dev_ws/install/turtlesim/include/turtlesim/srv
[2.121s] -- Up-to-date: /home/manojbr/dev_ws/install/turtlesim/include/turtlesim/srv/detail
[2.122s] -- Up-to-date: /home/manojbr/dev_ws/install/turtlesim/include/turtlesim/srv/detail/teleport_absolute__type_support.cpp
[2.122s] -- Up-to-date: /home/manojbr/dev_ws/install/turtlesim/include/turtlesim/srv/detail/set_pen__type_support.cpp
[2.122s] -- Up-to-date: /home/manojbr/dev_ws/install/turtlesim/include/turtlesim/srv/detail/set_pen__rosidl_typesupport_introspection_cpp.hpp
[2.122s] -- Up-to-date: /home/manojbr/dev_ws/install/turtlesim/include/turtlesim/srv/detail/kill__rosidl_typesupport_introspection_cpp.hpp
[2.122s] -- Up-to-date: /home/manojbr/dev_ws/install/turtlesim/include/turtlesim/srv/detail/teleport_absolute__rosidl_typesupport_introspection_cpp.hpp
[2.122s] -- Up-to-date: /home/manojbr/dev_ws/install/turtlesim/include/turtlesim/srv/detail/kill__type_support.cpp
[2.123s] -- Up-to-date: /home/manojbr/dev_ws/install/turtlesim/include/turtlesim/srv/detail/spawn__type_support.cpp
[2.123s] -- Up-to-date: /home/manojbr/dev_ws/install/turtlesim/include/turtlesim/srv/detail/teleport_relative__rosidl_typesupport_introspection_cpp.hpp
[2.123s] -- Up-to-date: /home/manojbr/dev_ws/install/turtlesim/include/turtlesim/srv/detail/teleport_relative__type_support.cpp
[2.123s] -- Up-to-date: /home/manojbr/dev_ws/install/turtlesim/include/turtlesim/srv/detail/spawn__rosidl_typesupport_introspection_cpp.hpp
[2.123s] -- Up-to-date: /home/manojbr/dev_ws/install/turtlesim/include/turtlesim/msg
[2.124s] -- Up-to-date: /home/manojbr/dev_ws/install/turtlesim/include/turtlesim/msg/detail
[2.124s] -- Up-to-date: /home/manojbr/dev_ws/install/turtlesim/include/turtlesim/msg/detail/color__type_support.cpp
[2.124s] -- Up-to-date: /home/manojbr/dev_ws/install/turtlesim/include/turtlesim/msg/detail/pose__rosidl_typesupport_introspection_cpp.hpp
[2.124s] -- Up-to-date: /home/manojbr/dev_ws/install/turtlesim/include/turtlesim/msg/detail/pose__type_support.cpp
[2.124s] -- Up-to-date: /home/manojbr/dev_ws/install/turtlesim/include/turtlesim/msg/detail/color__rosidl_typesupport_introspection_cpp.hpp
[2.124s] -- Up-to-date: /home/manojbr/dev_ws/install/turtlesim/include/turtlesim/action
[2.124s] -- Up-to-date: /home/manojbr/dev_ws/install/turtlesim/include/turtlesim/action/detail
[2.125s] -- Up-to-date: /home/manojbr/dev_ws/install/turtlesim/include/turtlesim/action/detail/rotate_absolute__rosidl_typesupport_introspection_cpp.hpp
[2.125s] -- Up-to-date: /home/manojbr/dev_ws/install/turtlesim/include/turtlesim/action/detail/rotate_absolute__type_support.cpp
[2.125s] -- Up-to-date: /home/manojbr/dev_ws/install/turtlesim/lib/libturtlesim__rosidl_typesupport_introspection_cpp.so
[2.125s] -- Up-to-date: /home/manojbr/dev_ws/install/turtlesim/lib/libturtlesim__rosidl_typesupport_cpp.so
[2.125s] -- Up-to-date: /home/manojbr/dev_ws/install/turtlesim/share/turtlesim/environment/pythonpath.sh
[2.125s] -- Up-to-date: /home/manojbr/dev_ws/install/turtlesim/share/turtlesim/environment/pythonpath.dsv
[2.126s] -- Up-to-date: /home/manojbr/dev_ws/install/turtlesim/lib/python3.8/site-packages/turtlesim/__init__.py
[2.186s] -- Up-to-date: /home/manojbr/dev_ws/install/turtlesim/lib/python3.8/site-packages/turtlesim/action
[2.186s] -- Up-to-date: /home/manojbr/dev_ws/install/turtlesim/lib/python3.8/site-packages/turtlesim/action/_rotate_absolute_s.c
[2.187s] -- Up-to-date: /home/manojbr/dev_ws/install/turtlesim/lib/python3.8/site-packages/turtlesim/action/__init__.py
[2.187s] -- Up-to-date: /home/manojbr/dev_ws/install/turtlesim/lib/python3.8/site-packages/turtlesim/action/_rotate_absolute.py
[2.187s] -- Up-to-date: /home/manojbr/dev_ws/install/turtlesim/lib/python3.8/site-packages/turtlesim/msg
[2.187s] -- Up-to-date: /home/manojbr/dev_ws/install/turtlesim/lib/python3.8/site-packages/turtlesim/msg/_color_s.c
[2.187s] -- Up-to-date: /home/manojbr/dev_ws/install/turtlesim/lib/python3.8/site-packages/turtlesim/msg/__init__.py
[2.187s] -- Up-to-date: /home/manojbr/dev_ws/install/turtlesim/lib/python3.8/site-packages/turtlesim/msg/_pose_s.c
[2.188s] -- Up-to-date: /home/manojbr/dev_ws/install/turtlesim/lib/python3.8/site-packages/turtlesim/msg/_color.py
[2.188s] -- Up-to-date: /home/manojbr/dev_ws/install/turtlesim/lib/python3.8/site-packages/turtlesim/msg/_pose.py
[2.188s] -- Up-to-date: /home/manojbr/dev_ws/install/turtlesim/lib/python3.8/site-packages/turtlesim/srv
[2.188s] -- Up-to-date: /home/manojbr/dev_ws/install/turtlesim/lib/python3.8/site-packages/turtlesim/srv/_teleport_relative_s.c
[2.188s] -- Up-to-date: /home/manojbr/dev_ws/install/turtlesim/lib/python3.8/site-packages/turtlesim/srv/_teleport_relative.py
[2.188s] -- Up-to-date: /home/manojbr/dev_ws/install/turtlesim/lib/python3.8/site-packages/turtlesim/srv/_kill.py
[2.188s] -- Up-to-date: /home/manojbr/dev_ws/install/turtlesim/lib/python3.8/site-packages/turtlesim/srv/_teleport_absolute_s.c
[2.188s] -- Up-to-date: /home/manojbr/dev_ws/install/turtlesim/lib/python3.8/site-packages/turtlesim/srv/_kill_s.c
[2.188s] -- Up-to-date: /home/manojbr/dev_ws/install/turtlesim/lib/python3.8/site-packages/turtlesim/srv/__init__.py
[2.188s] -- Up-to-date: /home/manojbr/dev_ws/install/turtlesim/lib/python3.8/site-packages/turtlesim/srv/_spawn.py
[2.189s] -- Up-to-date: /home/manojbr/dev_ws/install/turtlesim/lib/python3.8/site-packages/turtlesim/srv/_teleport_absolute.py
[2.189s] -- Up-to-date: /home/manojbr/dev_ws/install/turtlesim/lib/python3.8/site-packages/turtlesim/srv/_spawn_s.c
[2.189s] -- Up-to-date: /home/manojbr/dev_ws/install/turtlesim/lib/python3.8/site-packages/turtlesim/srv/_set_pen_s.c
[2.189s] -- Up-to-date: /home/manojbr/dev_ws/install/turtlesim/lib/python3.8/site-packages/turtlesim/srv/_set_pen.py
[2.190s] -- Up-to-date: /home/manojbr/dev_ws/install/turtlesim/lib/python3.8/site-packages/turtlesim/turtlesim_s__rosidl_typesupport_connext_c.cpython-38-x86_64-linux-gnu.so
[2.193s] -- Up-to-date: /home/manojbr/dev_ws/install/turtlesim/lib/python3.8/site-packages/turtlesim/turtlesim_s__rosidl_typesupport_fastrtps_c.cpython-38-x86_64-linux-gnu.so
[2.195s] -- Up-to-date: /home/manojbr/dev_ws/install/turtlesim/lib/python3.8/site-packages/turtlesim/turtlesim_s__rosidl_typesupport_introspection_c.cpython-38-x86_64-linux-gnu.so
[2.197s] -- Up-to-date: /home/manojbr/dev_ws/install/turtlesim/lib/python3.8/site-packages/turtlesim/turtlesim_s__rosidl_typesupport_c.cpython-38-x86_64-linux-gnu.so
[2.199s] -- Up-to-date: /home/manojbr/dev_ws/install/turtlesim/lib/libturtlesim__python.so
[2.200s] -- Up-to-date: /home/manojbr/dev_ws/install/turtlesim/share/turtlesim/action/RotateAbsolute.idl
[2.200s] -- Up-to-date: /home/manojbr/dev_ws/install/turtlesim/share/turtlesim/msg/Color.idl
[2.200s] -- Up-to-date: /home/manojbr/dev_ws/install/turtlesim/share/turtlesim/msg/Pose.idl
[2.200s] -- Up-to-date: /home/manojbr/dev_ws/install/turtlesim/share/turtlesim/srv/Kill.idl
[2.200s] -- Up-to-date: /home/manojbr/dev_ws/install/turtlesim/share/turtlesim/srv/SetPen.idl
[2.201s] -- Up-to-date: /home/manojbr/dev_ws/install/turtlesim/share/turtlesim/srv/Spawn.idl
[2.201s] -- Up-to-date: /home/manojbr/dev_ws/install/turtlesim/share/turtlesim/srv/TeleportAbsolute.idl
[2.201s] -- Up-to-date: /home/manojbr/dev_ws/install/turtlesim/share/turtlesim/srv/TeleportRelative.idl
[2.201s] -- Up-to-date: /home/manojbr/dev_ws/install/turtlesim/share/turtlesim/action/RotateAbsolute.action
[2.201s] -- Up-to-date: /home/manojbr/dev_ws/install/turtlesim/share/turtlesim/msg/Color.msg
[2.202s] -- Up-to-date: /home/manojbr/dev_ws/install/turtlesim/share/turtlesim/msg/Pose.msg
[2.202s] -- Up-to-date: /home/manojbr/dev_ws/install/turtlesim/share/turtlesim/srv/Kill.srv
[2.202s] -- Up-to-date: /home/manojbr/dev_ws/install/turtlesim/share/turtlesim/srv/Kill_Request.msg
[2.202s] -- Up-to-date: /home/manojbr/dev_ws/install/turtlesim/share/turtlesim/srv/Kill_Response.msg
[2.202s] -- Up-to-date: /home/manojbr/dev_ws/install/turtlesim/share/turtlesim/srv/SetPen.srv
[2.202s] -- Up-to-date: /home/manojbr/dev_ws/install/turtlesim/share/turtlesim/srv/SetPen_Request.msg
[2.202s] -- Up-to-date: /home/manojbr/dev_ws/install/turtlesim/share/turtlesim/srv/SetPen_Response.msg
[2.202s] -- Up-to-date: /home/manojbr/dev_ws/install/turtlesim/share/turtlesim/srv/Spawn.srv
[2.202s] -- Up-to-date: /home/manojbr/dev_ws/install/turtlesim/share/turtlesim/srv/Spawn_Request.msg
[2.202s] -- Up-to-date: /home/manojbr/dev_ws/install/turtlesim/share/turtlesim/srv/Spawn_Response.msg
[2.203s] -- Up-to-date: /home/manojbr/dev_ws/install/turtlesim/share/turtlesim/srv/TeleportAbsolute.srv
[2.203s] -- Up-to-date: /home/manojbr/dev_ws/install/turtlesim/share/turtlesim/srv/TeleportAbsolute_Request.msg
[2.203s] -- Up-to-date: /home/manojbr/dev_ws/install/turtlesim/share/turtlesim/srv/TeleportAbsolute_Response.msg
[2.203s] -- Up-to-date: /home/manojbr/dev_ws/install/turtlesim/share/turtlesim/srv/TeleportRelative.srv
[2.203s] -- Up-to-date: /home/manojbr/dev_ws/install/turtlesim/share/turtlesim/srv/TeleportRelative_Request.msg
[2.203s] -- Up-to-date: /home/manojbr/dev_ws/install/turtlesim/share/turtlesim/srv/TeleportRelative_Response.msg
[2.209s] -- Up-to-date: /home/manojbr/dev_ws/install/turtlesim/lib/turtlesim/turtlesim_node
[2.223s] -- Up-to-date: /home/manojbr/dev_ws/install/turtlesim/lib/turtlesim/turtle_teleop_key
[2.251s] -- Up-to-date: /home/manojbr/dev_ws/install/turtlesim/lib/turtlesim/draw_square
[2.270s] -- Up-to-date: /home/manojbr/dev_ws/install/turtlesim/lib/turtlesim/mimic
[2.271s] -- Up-to-date: /home/manojbr/dev_ws/install/turtlesim/share/turtlesim/images
[2.281s] -- Up-to-date: /home/manojbr/dev_ws/install/turtlesim/share/turtlesim/images/bouncy.png
[2.281s] -- Up-to-date: /home/manojbr/dev_ws/install/turtlesim/share/turtlesim/images/eloquent.png
[2.282s] -- Up-to-date: /home/manojbr/dev_ws/install/turtlesim/share/turtlesim/images/foxy.png
[2.282s] -- Up-to-date: /home/manojbr/dev_ws/install/turtlesim/share/turtlesim/images/ardent.png
[2.283s] -- Up-to-date: /home/manojbr/dev_ws/install/turtlesim/share/turtlesim/images/dashing.png
[2.283s] -- Up-to-date: /home/manojbr/dev_ws/install/turtlesim/share/turtlesim/images/crystal.png
[2.284s] -- Up-to-date: /home/manojbr/dev_ws/install/turtlesim/share/turtlesim/launch
[2.284s] -- Up-to-date: /home/manojbr/dev_ws/install/turtlesim/share/turtlesim/launch/multisim.launch.py
[2.285s] -- Up-to-date: /home/manojbr/dev_ws/install/turtlesim/share/ament_index/resource_index/package_run_dependencies/turtlesim
[2.285s] -- Up-to-date: /home/manojbr/dev_ws/install/turtlesim/share/ament_index/resource_index/parent_prefix_path/turtlesim
[2.285s] -- Up-to-date: /home/manojbr/dev_ws/install/turtlesim/share/turtlesim/environment/ament_prefix_path.sh
[2.286s] -- Up-to-date: /home/manojbr/dev_ws/install/turtlesim/share/turtlesim/environment/ament_prefix_path.dsv
[2.286s] -- Up-to-date: /home/manojbr/dev_ws/install/turtlesim/share/turtlesim/environment/path.sh
[2.286s] -- Up-to-date: /home/manojbr/dev_ws/install/turtlesim/share/turtlesim/environment/path.dsv
[2.287s] -- Up-to-date: /home/manojbr/dev_ws/install/turtlesim/share/turtlesim/local_setup.bash
[2.287s] -- Up-to-date: /home/manojbr/dev_ws/install/turtlesim/share/turtlesim/local_setup.sh
[2.287s] -- Up-to-date: /home/manojbr/dev_ws/install/turtlesim/share/turtlesim/local_setup.zsh
[2.287s] -- Up-to-date: /home/manojbr/dev_ws/install/turtlesim/share/turtlesim/local_setup.dsv
[2.288s] -- Installing: /home/manojbr/dev_ws/install/turtlesim/share/turtlesim/package.dsv
[2.292s] -- Up-to-date: /home/manojbr/dev_ws/install/turtlesim/share/ament_index/resource_index/packages/turtlesim
[2.295s] -- Up-to-date: /home/manojbr/dev_ws/install/turtlesim/share/turtlesim/cmake/turtlesim__rosidl_generator_cExport.cmake
[2.296s] -- Up-to-date: /home/manojbr/dev_ws/install/turtlesim/share/turtlesim/cmake/turtlesim__rosidl_generator_cExport-noconfig.cmake
[2.297s] -- Up-to-date: /home/manojbr/dev_ws/install/turtlesim/share/turtlesim/cmake/turtlesim__rosidl_typesupport_introspection_cExport.cmake
[2.297s] -- Up-to-date: /home/manojbr/dev_ws/install/turtlesim/share/turtlesim/cmake/turtlesim__rosidl_typesupport_introspection_cExport-noconfig.cmake
[2.298s] -- Up-to-date: /home/manojbr/dev_ws/install/turtlesim/share/turtlesim/cmake/turtlesim__rosidl_typesupport_cExport.cmake
[2.298s] -- Up-to-date: /home/manojbr/dev_ws/install/turtlesim/share/turtlesim/cmake/turtlesim__rosidl_typesupport_cExport-noconfig.cmake
[2.299s] -- Up-to-date: /home/manojbr/dev_ws/install/turtlesim/share/turtlesim/cmake/turtlesim__rosidl_generator_cppExport.cmake
[2.300s] -- Up-to-date: /home/manojbr/dev_ws/install/turtlesim/share/turtlesim/cmake/turtlesim__rosidl_typesupport_introspection_cppExport.cmake
[2.300s] -- Up-to-date: /home/manojbr/dev_ws/install/turtlesim/share/turtlesim/cmake/turtlesim__rosidl_typesupport_introspection_cppExport-noconfig.cmake
[2.301s] -- Up-to-date: /home/manojbr/dev_ws/install/turtlesim/share/turtlesim/cmake/turtlesim__rosidl_typesupport_cppExport.cmake
[2.302s] -- Up-to-date: /home/manojbr/dev_ws/install/turtlesim/share/turtlesim/cmake/turtlesim__rosidl_typesupport_cppExport-noconfig.cmake
[2.302s] -- Up-to-date: /home/manojbr/dev_ws/install/turtlesim/share/turtlesim/cmake/rosidl_cmake-extras.cmake
[2.303s] -- Up-to-date: /home/manojbr/dev_ws/install/turtlesim/share/turtlesim/cmake/ament_cmake_export_dependencies-extras.cmake
[2.303s] -- Up-to-date: /home/manojbr/dev_ws/install/turtlesim/share/turtlesim/cmake/ament_cmake_export_libraries-extras.cmake
[2.303s] -- Up-to-date: /home/manojbr/dev_ws/install/turtlesim/share/turtlesim/cmake/ament_cmake_export_targets-extras.cmake
[2.304s] -- Up-to-date: /home/manojbr/dev_ws/install/turtlesim/share/turtlesim/cmake/ament_cmake_export_include_directories-extras.cmake
[2.304s] -- Up-to-date: /home/manojbr/dev_ws/install/turtlesim/share/turtlesim/cmake/rosidl_cmake_export_typesupport_libraries-extras.cmake
[2.304s] -- Up-to-date: /home/manojbr/dev_ws/install/turtlesim/share/turtlesim/cmake/rosidl_cmake_export_typesupport_targets-extras.cmake
[2.304s] -- Up-to-date: /home/manojbr/dev_ws/install/turtlesim/share/turtlesim/cmake/turtlesimConfig.cmake
[2.305s] -- Up-to-date: /home/manojbr/dev_ws/install/turtlesim/share/turtlesim/cmake/turtlesimConfig-version.cmake
[2.305s] -- Up-to-date: /home/manojbr/dev_ws/install/turtlesim/share/turtlesim/package.xml
[2.315s] Invoked command in '/home/manojbr/dev_ws/build/turtlesim' returned '0': CMAKE_PREFIX_PATH=/opt/ros/foxy /usr/bin/cmake --install /home/manojbr/dev_ws/build/turtlesim
