[0.240s] DEBUG:colcon:Command line arguments: ['/usr/bin/colcon', 'build', '--packages-select', 'flipkart_msgs']
[0.240s] DEBUG:colcon:Parsed command line arguments: Namespace(ament_cmake_args=None, base_paths=['.'], build_base='build', catkin_cmake_args=None, catkin_skip_building_tests=False, cmake_args=None, cmake_clean_cache=False, cmake_clean_first=False, cmake_force_configure=False, cmake_target=None, cmake_target_skip_unavailable=False, continue_on_error=False, event_handlers=None, executor='parallel', ignore_user_meta=False, install_base='install', log_base=None, log_level=None, main=<bound method BuildVerb.main of <colcon_core.verb.build.BuildVerb object at 0x7f227b90d520>>, merge_install=False, metas=['./colcon.meta'], packages_above=None, packages_above_and_dependencies=None, packages_above_depth=None, packages_end=None, packages_ignore=None, packages_ignore_regex=None, packages_select=['flipkart_msgs'], packages_select_build_failed=False, packages_select_by_dep=None, packages_select_regex=None, packages_select_test_failures=False, packages_skip=None, packages_skip_build_finished=False, packages_skip_by_dep=None, packages_skip_regex=None, packages_skip_test_passed=False, packages_skip_up_to=None, packages_start=None, packages_up_to=None, packages_up_to_regex=None, parallel_workers=8, paths=None, symlink_install=False, test_result_base=None, verb_extension=<colcon_core.verb.build.BuildVerb object at 0x7f227b90d520>, verb_name='build', verb_parser=<colcon_defaults.argument_parser.defaults.DefaultArgumentsDecorator object at 0x7f227ba5de50>)
[0.244s] Level 1:colcon.colcon_core.package_discovery:discover_packages(colcon_meta) check parameters
[0.244s] Level 1:colcon.colcon_core.package_discovery:discover_packages(recursive) check parameters
[0.244s] Level 1:colcon.colcon_core.package_discovery:discover_packages(ignore) check parameters
[0.244s] Level 1:colcon.colcon_core.package_discovery:discover_packages(path) check parameters
[0.244s] Level 1:colcon.colcon_core.package_discovery:discover_packages(colcon_meta) discover
[0.244s] Level 1:colcon.colcon_core.package_discovery:discover_packages(recursive) discover
[0.244s] INFO:colcon.colcon_core.package_discovery:Crawling recursively for packages in '/home/manojbr/dev_ws'
[0.244s] Level 1:colcon.colcon_core.package_identification:_identify(.) by extensions ['ignore', 'ignore_ament_install']
[0.244s] Level 1:colcon.colcon_core.package_identification:_identify(.) by extension 'ignore'
[0.244s] Level 1:colcon.colcon_core.package_identification:_identify(.) by extension 'ignore_ament_install'
[0.245s] Level 1:colcon.colcon_core.package_identification:_identify(.) by extensions ['colcon_pkg']
[0.245s] Level 1:colcon.colcon_core.package_identification:_identify(.) by extension 'colcon_pkg'
[0.245s] Level 1:colcon.colcon_core.package_identification:_identify(.) by extensions ['colcon_meta']
[0.245s] Level 1:colcon.colcon_core.package_identification:_identify(.) by extension 'colcon_meta'
[0.245s] Level 1:colcon.colcon_core.package_identification:_identify(.) by extensions ['ros']
[0.245s] Level 1:colcon.colcon_core.package_identification:_identify(.) by extension 'ros'
[0.254s] Level 1:colcon.colcon_core.package_identification:_identify(.) by extensions ['cmake', 'python']
[0.254s] Level 1:colcon.colcon_core.package_identification:_identify(.) by extension 'cmake'
[0.254s] Level 1:colcon.colcon_core.package_identification:_identify(.) by extension 'python'
[0.254s] Level 1:colcon.colcon_core.package_identification:_identify(.) by extensions ['python_setup_py']
[0.254s] Level 1:colcon.colcon_core.package_identification:_identify(.) by extension 'python_setup_py'
[0.254s] Level 1:colcon.colcon_core.package_identification:_identify(build) by extensions ['ignore', 'ignore_ament_install']
[0.254s] Level 1:colcon.colcon_core.package_identification:_identify(build) by extension 'ignore'
[0.254s] Level 1:colcon.colcon_core.package_identification:_identify(build) ignored
[0.254s] Level 1:colcon.colcon_core.package_identification:_identify(flipkart) by extensions ['ignore', 'ignore_ament_install']
[0.254s] Level 1:colcon.colcon_core.package_identification:_identify(flipkart) by extension 'ignore'
[0.254s] Level 1:colcon.colcon_core.package_identification:_identify(flipkart) by extension 'ignore_ament_install'
[0.255s] Level 1:colcon.colcon_core.package_identification:_identify(flipkart) by extensions ['colcon_pkg']
[0.255s] Level 1:colcon.colcon_core.package_identification:_identify(flipkart) by extension 'colcon_pkg'
[0.255s] Level 1:colcon.colcon_core.package_identification:_identify(flipkart) by extensions ['colcon_meta']
[0.255s] Level 1:colcon.colcon_core.package_identification:_identify(flipkart) by extension 'colcon_meta'
[0.255s] Level 1:colcon.colcon_core.package_identification:_identify(flipkart) by extensions ['ros']
[0.255s] Level 1:colcon.colcon_core.package_identification:_identify(flipkart) by extension 'ros'
[0.256s] DEBUG:colcon.colcon_core.package_identification:Package 'flipkart' with type 'ros.ament_python' and name 'flipkart'
[0.256s] Level 1:colcon.colcon_core.package_identification:_identify(flipkart_msgs) by extensions ['ignore', 'ignore_ament_install']
[0.257s] Level 1:colcon.colcon_core.package_identification:_identify(flipkart_msgs) by extension 'ignore'
[0.257s] Level 1:colcon.colcon_core.package_identification:_identify(flipkart_msgs) by extension 'ignore_ament_install'
[0.257s] Level 1:colcon.colcon_core.package_identification:_identify(flipkart_msgs) by extensions ['colcon_pkg']
[0.257s] Level 1:colcon.colcon_core.package_identification:_identify(flipkart_msgs) by extension 'colcon_pkg'
[0.257s] Level 1:colcon.colcon_core.package_identification:_identify(flipkart_msgs) by extensions ['colcon_meta']
[0.257s] Level 1:colcon.colcon_core.package_identification:_identify(flipkart_msgs) by extension 'colcon_meta'
[0.257s] Level 1:colcon.colcon_core.package_identification:_identify(flipkart_msgs) by extensions ['ros']
[0.257s] Level 1:colcon.colcon_core.package_identification:_identify(flipkart_msgs) by extension 'ros'
[0.257s] DEBUG:colcon.colcon_core.package_identification:Package 'flipkart_msgs' with type 'ros.ament_cmake' and name 'flipkart_msgs'
[0.257s] Level 1:colcon.colcon_core.package_identification:_identify(install) by extensions ['ignore', 'ignore_ament_install']
[0.257s] Level 1:colcon.colcon_core.package_identification:_identify(install) by extension 'ignore'
[0.257s] Level 1:colcon.colcon_core.package_identification:_identify(install) ignored
[0.258s] Level 1:colcon.colcon_core.package_identification:_identify(log) by extensions ['ignore', 'ignore_ament_install']
[0.258s] Level 1:colcon.colcon_core.package_identification:_identify(log) by extension 'ignore'
[0.258s] Level 1:colcon.colcon_core.package_identification:_identify(log) ignored
[0.258s] Level 1:colcon.colcon_core.package_identification:_identify(src) by extensions ['ignore', 'ignore_ament_install']
[0.258s] Level 1:colcon.colcon_core.package_identification:_identify(src) by extension 'ignore'
[0.258s] Level 1:colcon.colcon_core.package_identification:_identify(src) by extension 'ignore_ament_install'
[0.258s] Level 1:colcon.colcon_core.package_identification:_identify(src) by extensions ['colcon_pkg']
[0.258s] Level 1:colcon.colcon_core.package_identification:_identify(src) by extension 'colcon_pkg'
[0.258s] Level 1:colcon.colcon_core.package_identification:_identify(src) by extensions ['colcon_meta']
[0.258s] Level 1:colcon.colcon_core.package_identification:_identify(src) by extension 'colcon_meta'
[0.258s] Level 1:colcon.colcon_core.package_identification:_identify(src) by extensions ['ros']
[0.258s] Level 1:colcon.colcon_core.package_identification:_identify(src) by extension 'ros'
[0.258s] Level 1:colcon.colcon_core.package_identification:_identify(src) by extensions ['cmake', 'python']
[0.258s] Level 1:colcon.colcon_core.package_identification:_identify(src) by extension 'cmake'
[0.258s] Level 1:colcon.colcon_core.package_identification:_identify(src) by extension 'python'
[0.258s] Level 1:colcon.colcon_core.package_identification:_identify(src) by extensions ['python_setup_py']
[0.258s] Level 1:colcon.colcon_core.package_identification:_identify(src) by extension 'python_setup_py'
[0.258s] Level 1:colcon.colcon_core.package_identification:_identify(src/build) by extensions ['ignore', 'ignore_ament_install']
[0.258s] Level 1:colcon.colcon_core.package_identification:_identify(src/build) by extension 'ignore'
[0.259s] Level 1:colcon.colcon_core.package_identification:_identify(src/build) ignored
[0.259s] Level 1:colcon.colcon_core.package_identification:_identify(src/install) by extensions ['ignore', 'ignore_ament_install']
[0.259s] Level 1:colcon.colcon_core.package_identification:_identify(src/install) by extension 'ignore'
[0.259s] Level 1:colcon.colcon_core.package_identification:_identify(src/install) ignored
[0.259s] Level 1:colcon.colcon_core.package_identification:_identify(src/log) by extensions ['ignore', 'ignore_ament_install']
[0.259s] Level 1:colcon.colcon_core.package_identification:_identify(src/log) by extension 'ignore'
[0.259s] Level 1:colcon.colcon_core.package_identification:_identify(src/log) ignored
[0.259s] Level 1:colcon.colcon_core.package_identification:_identify(src/ros_tutorials) by extensions ['ignore', 'ignore_ament_install']
[0.259s] Level 1:colcon.colcon_core.package_identification:_identify(src/ros_tutorials) by extension 'ignore'
[0.259s] Level 1:colcon.colcon_core.package_identification:_identify(src/ros_tutorials) by extension 'ignore_ament_install'
[0.259s] Level 1:colcon.colcon_core.package_identification:_identify(src/ros_tutorials) by extensions ['colcon_pkg']
[0.259s] Level 1:colcon.colcon_core.package_identification:_identify(src/ros_tutorials) by extension 'colcon_pkg'
[0.259s] Level 1:colcon.colcon_core.package_identification:_identify(src/ros_tutorials) by extensions ['colcon_meta']
[0.259s] Level 1:colcon.colcon_core.package_identification:_identify(src/ros_tutorials) by extension 'colcon_meta'
[0.259s] Level 1:colcon.colcon_core.package_identification:_identify(src/ros_tutorials) by extensions ['ros']
[0.259s] Level 1:colcon.colcon_core.package_identification:_identify(src/ros_tutorials) by extension 'ros'
[0.259s] Level 1:colcon.colcon_core.package_identification:_identify(src/ros_tutorials) by extensions ['cmake', 'python']
[0.259s] Level 1:colcon.colcon_core.package_identification:_identify(src/ros_tutorials) by extension 'cmake'
[0.259s] Level 1:colcon.colcon_core.package_identification:_identify(src/ros_tutorials) by extension 'python'
[0.259s] Level 1:colcon.colcon_core.package_identification:_identify(src/ros_tutorials) by extensions ['python_setup_py']
[0.259s] Level 1:colcon.colcon_core.package_identification:_identify(src/ros_tutorials) by extension 'python_setup_py'
[0.260s] Level 1:colcon.colcon_core.package_identification:_identify(src/ros_tutorials/ros_tutorials) by extensions ['ignore', 'ignore_ament_install']
[0.260s] Level 1:colcon.colcon_core.package_identification:_identify(src/ros_tutorials/ros_tutorials) by extension 'ignore'
[0.260s] Level 1:colcon.colcon_core.package_identification:_identify(src/ros_tutorials/ros_tutorials) ignored
[0.260s] Level 1:colcon.colcon_core.package_identification:_identify(src/ros_tutorials/roscpp_tutorials) by extensions ['ignore', 'ignore_ament_install']
[0.260s] Level 1:colcon.colcon_core.package_identification:_identify(src/ros_tutorials/roscpp_tutorials) by extension 'ignore'
[0.260s] Level 1:colcon.colcon_core.package_identification:_identify(src/ros_tutorials/roscpp_tutorials) ignored
[0.260s] Level 1:colcon.colcon_core.package_identification:_identify(src/ros_tutorials/rospy_tutorials) by extensions ['ignore', 'ignore_ament_install']
[0.260s] Level 1:colcon.colcon_core.package_identification:_identify(src/ros_tutorials/rospy_tutorials) by extension 'ignore'
[0.260s] Level 1:colcon.colcon_core.package_identification:_identify(src/ros_tutorials/rospy_tutorials) ignored
[0.260s] Level 1:colcon.colcon_core.package_identification:_identify(src/ros_tutorials/turtlesim) by extensions ['ignore', 'ignore_ament_install']
[0.260s] Level 1:colcon.colcon_core.package_identification:_identify(src/ros_tutorials/turtlesim) by extension 'ignore'
[0.260s] Level 1:colcon.colcon_core.package_identification:_identify(src/ros_tutorials/turtlesim) by extension 'ignore_ament_install'
[0.260s] Level 1:colcon.colcon_core.package_identification:_identify(src/ros_tutorials/turtlesim) by extensions ['colcon_pkg']
[0.260s] Level 1:colcon.colcon_core.package_identification:_identify(src/ros_tutorials/turtlesim) by extension 'colcon_pkg'
[0.260s] Level 1:colcon.colcon_core.package_identification:_identify(src/ros_tutorials/turtlesim) by extensions ['colcon_meta']
[0.260s] Level 1:colcon.colcon_core.package_identification:_identify(src/ros_tutorials/turtlesim) by extension 'colcon_meta'
[0.260s] Level 1:colcon.colcon_core.package_identification:_identify(src/ros_tutorials/turtlesim) by extensions ['ros']
[0.260s] Level 1:colcon.colcon_core.package_identification:_identify(src/ros_tutorials/turtlesim) by extension 'ros'
[0.261s] DEBUG:colcon.colcon_core.package_identification:Package 'src/ros_tutorials/turtlesim' with type 'ros.ament_cmake' and name 'turtlesim'
[0.261s] Level 1:colcon.colcon_core.package_discovery:discover_packages(recursive) using defaults
[0.261s] Level 1:colcon.colcon_core.package_discovery:discover_packages(ignore) discover
[0.261s] Level 1:colcon.colcon_core.package_discovery:discover_packages(ignore) using defaults
[0.261s] Level 1:colcon.colcon_core.package_discovery:discover_packages(path) discover
[0.261s] Level 1:colcon.colcon_core.package_discovery:discover_packages(path) using defaults
[0.275s] INFO:colcon.colcon_core.package_selection:Skipping not selected package 'flipkart' in 'flipkart'
[0.275s] INFO:colcon.colcon_core.package_selection:Skipping not selected package 'turtlesim' in 'src/ros_tutorials/turtlesim'
[0.277s] Level 5:colcon.colcon_core.verb:set package 'flipkart_msgs' build argument 'cmake_args' from command line to 'None'
[0.277s] Level 5:colcon.colcon_core.verb:set package 'flipkart_msgs' build argument 'cmake_target' from command line to 'None'
[0.277s] Level 5:colcon.colcon_core.verb:set package 'flipkart_msgs' build argument 'cmake_target_skip_unavailable' from command line to 'False'
[0.277s] Level 5:colcon.colcon_core.verb:set package 'flipkart_msgs' build argument 'cmake_clean_cache' from command line to 'False'
[0.277s] Level 5:colcon.colcon_core.verb:set package 'flipkart_msgs' build argument 'cmake_clean_first' from command line to 'False'
[0.277s] Level 5:colcon.colcon_core.verb:set package 'flipkart_msgs' build argument 'cmake_force_configure' from command line to 'False'
[0.277s] Level 5:colcon.colcon_core.verb:set package 'flipkart_msgs' build argument 'ament_cmake_args' from command line to 'None'
[0.277s] Level 5:colcon.colcon_core.verb:set package 'flipkart_msgs' build argument 'catkin_cmake_args' from command line to 'None'
[0.277s] Level 5:colcon.colcon_core.verb:set package 'flipkart_msgs' build argument 'catkin_skip_building_tests' from command line to 'False'
[0.277s] DEBUG:colcon.colcon_core.verb:Building package 'flipkart_msgs' with the following arguments: {'ament_cmake_args': None, 'build_base': '/home/manojbr/dev_ws/build/flipkart_msgs', 'catkin_cmake_args': None, 'catkin_skip_building_tests': False, 'cmake_args': None, 'cmake_clean_cache': False, 'cmake_clean_first': False, 'cmake_force_configure': False, 'cmake_target': None, 'cmake_target_skip_unavailable': False, 'install_base': '/home/manojbr/dev_ws/install/flipkart_msgs', 'merge_install': False, 'path': '/home/manojbr/dev_ws/flipkart_msgs', 'symlink_install': False, 'test_result_base': None}
[0.277s] INFO:colcon.colcon_core.executor:Executing jobs using 'parallel' executor
[0.279s] DEBUG:colcon.colcon_parallel_executor.executor.parallel:run_until_complete
[0.279s] INFO:colcon.colcon_ros.task.ament_cmake.build:Building ROS package in '/home/manojbr/dev_ws/flipkart_msgs' with build type 'ament_cmake'
[0.279s] INFO:colcon.colcon_cmake.task.cmake.build:Building CMake package in '/home/manojbr/dev_ws/flipkart_msgs'
[0.282s] INFO:colcon.colcon_core.plugin_system:Skipping extension 'colcon_core.shell.bat': Not used on non-Windows systems
[0.282s] INFO:colcon.colcon_core.shell:Skip shell extension 'powershell' for command environment: Not usable outside of PowerShell
[0.282s] DEBUG:colcon.colcon_core.shell:Skip shell extension 'dsv' for command environment
[0.283s] DEBUG:colcon.colcon_core.shell:Ignoring prefix path '/opt/ros/foxy'
[0.292s] DEBUG:colcon.colcon_core.event_handler.log_command:Invoking command in '/home/manojbr/dev_ws/build/flipkart_msgs': CMAKE_PREFIX_PATH=/opt/ros/foxy /usr/bin/cmake /home/manojbr/dev_ws/flipkart_msgs -DCMAKE_INSTALL_PREFIX=/home/manojbr/dev_ws/install/flipkart_msgs
[1.505s] DEBUG:colcon.colcon_core.event_handler.log_command:Invoked command in '/home/manojbr/dev_ws/build/flipkart_msgs' returned '0': CMAKE_PREFIX_PATH=/opt/ros/foxy /usr/bin/cmake /home/manojbr/dev_ws/flipkart_msgs -DCMAKE_INSTALL_PREFIX=/home/manojbr/dev_ws/install/flipkart_msgs
[1.508s] DEBUG:colcon.colcon_core.event_handler.log_command:Invoking command in '/home/manojbr/dev_ws/build/flipkart_msgs': CMAKE_PREFIX_PATH=/opt/ros/foxy /usr/bin/cmake --build /home/manojbr/dev_ws/build/flipkart_msgs -- -j8 -l8
[24.544s] DEBUG:colcon.colcon_core.event_handler.log_command:Invoked command in '/home/manojbr/dev_ws/build/flipkart_msgs' returned '0': CMAKE_PREFIX_PATH=/opt/ros/foxy /usr/bin/cmake --build /home/manojbr/dev_ws/build/flipkart_msgs -- -j8 -l8
[24.607s] DEBUG:colcon.colcon_core.event_handler.log_command:Invoking command in '/home/manojbr/dev_ws/build/flipkart_msgs': CMAKE_PREFIX_PATH=/opt/ros/foxy /usr/bin/cmake --install /home/manojbr/dev_ws/build/flipkart_msgs
[24.661s] Level 1:colcon.colcon_core.environment:create_environment_scripts_only(flipkart_msgs)
[24.662s] DEBUG:colcon.colcon_core.event_handler.log_command:Invoked command in '/home/manojbr/dev_ws/build/flipkart_msgs' returned '0': CMAKE_PREFIX_PATH=/opt/ros/foxy /usr/bin/cmake --install /home/manojbr/dev_ws/build/flipkart_msgs
[24.664s] Level 1:colcon.colcon_core.environment:checking '/home/manojbr/dev_ws/install/flipkart_msgs' for CMake module files
[24.664s] Level 1:colcon.colcon_core.environment:checking '/home/manojbr/dev_ws/install/flipkart_msgs' for CMake config files
[24.664s] Level 1:colcon.colcon_core.shell:create_environment_hook('flipkart_msgs', 'cmake_prefix_path')
[24.665s] INFO:colcon.colcon_core.shell:Creating environment hook '/home/manojbr/dev_ws/install/flipkart_msgs/share/flipkart_msgs/hook/cmake_prefix_path.ps1'
[24.665s] INFO:colcon.colcon_core.shell:Creating environment descriptor '/home/manojbr/dev_ws/install/flipkart_msgs/share/flipkart_msgs/hook/cmake_prefix_path.dsv'
[24.666s] INFO:colcon.colcon_core.shell:Creating environment hook '/home/manojbr/dev_ws/install/flipkart_msgs/share/flipkart_msgs/hook/cmake_prefix_path.sh'
[24.667s] Level 1:colcon.colcon_core.environment:checking '/home/manojbr/dev_ws/install/flipkart_msgs/lib'
[24.667s] Level 1:colcon.colcon_core.shell:create_environment_hook('flipkart_msgs', 'ld_library_path_lib')
[24.667s] INFO:colcon.colcon_core.shell:Creating environment hook '/home/manojbr/dev_ws/install/flipkart_msgs/share/flipkart_msgs/hook/ld_library_path_lib.ps1'
[24.667s] INFO:colcon.colcon_core.shell:Creating environment descriptor '/home/manojbr/dev_ws/install/flipkart_msgs/share/flipkart_msgs/hook/ld_library_path_lib.dsv'
[24.668s] INFO:colcon.colcon_core.shell:Creating environment hook '/home/manojbr/dev_ws/install/flipkart_msgs/share/flipkart_msgs/hook/ld_library_path_lib.sh'
[24.668s] Level 1:colcon.colcon_core.environment:checking '/home/manojbr/dev_ws/install/flipkart_msgs/bin'
[24.668s] Level 1:colcon.colcon_core.environment:checking '/home/manojbr/dev_ws/install/flipkart_msgs/lib/pkgconfig/flipkart_msgs.pc'
[24.668s] Level 1:colcon.colcon_core.environment:checking '/home/manojbr/dev_ws/install/flipkart_msgs/lib/python3.8/site-packages'
[24.668s] Level 1:colcon.colcon_core.shell:create_environment_hook('flipkart_msgs', 'pythonpath')
[24.668s] INFO:colcon.colcon_core.shell:Creating environment hook '/home/manojbr/dev_ws/install/flipkart_msgs/share/flipkart_msgs/hook/pythonpath.ps1'
[24.669s] INFO:colcon.colcon_core.shell:Creating environment descriptor '/home/manojbr/dev_ws/install/flipkart_msgs/share/flipkart_msgs/hook/pythonpath.dsv'
[24.669s] INFO:colcon.colcon_core.shell:Creating environment hook '/home/manojbr/dev_ws/install/flipkart_msgs/share/flipkart_msgs/hook/pythonpath.sh'
[24.669s] INFO:colcon.colcon_core.shell:Creating package script '/home/manojbr/dev_ws/install/flipkart_msgs/share/flipkart_msgs/package.ps1'
[24.670s] INFO:colcon.colcon_core.shell:Creating package descriptor '/home/manojbr/dev_ws/install/flipkart_msgs/share/flipkart_msgs/package.dsv'
[24.671s] INFO:colcon.colcon_core.shell:Creating package script '/home/manojbr/dev_ws/install/flipkart_msgs/share/flipkart_msgs/package.sh'
[24.671s] INFO:colcon.colcon_core.shell:Creating package script '/home/manojbr/dev_ws/install/flipkart_msgs/share/flipkart_msgs/package.bash'
[24.672s] INFO:colcon.colcon_core.shell:Creating package script '/home/manojbr/dev_ws/install/flipkart_msgs/share/flipkart_msgs/package.zsh'
[24.672s] Level 1:colcon.colcon_core.environment:create_file_with_runtime_dependencies(/home/manojbr/dev_ws/install/flipkart_msgs/share/colcon-core/packages/flipkart_msgs)
[24.720s] Level 1:colcon.colcon_core.environment:create_environment_scripts_only(flipkart_msgs)
[24.720s] Level 1:colcon.colcon_core.environment:checking '/home/manojbr/dev_ws/install/flipkart_msgs' for CMake module files
[24.721s] Level 1:colcon.colcon_core.environment:checking '/home/manojbr/dev_ws/install/flipkart_msgs' for CMake config files
[24.721s] Level 1:colcon.colcon_core.shell:create_environment_hook('flipkart_msgs', 'cmake_prefix_path')
[24.721s] INFO:colcon.colcon_core.shell:Creating environment hook '/home/manojbr/dev_ws/install/flipkart_msgs/share/flipkart_msgs/hook/cmake_prefix_path.ps1'
[24.722s] INFO:colcon.colcon_core.shell:Creating environment descriptor '/home/manojbr/dev_ws/install/flipkart_msgs/share/flipkart_msgs/hook/cmake_prefix_path.dsv'
[24.722s] INFO:colcon.colcon_core.shell:Creating environment hook '/home/manojbr/dev_ws/install/flipkart_msgs/share/flipkart_msgs/hook/cmake_prefix_path.sh'
[24.723s] Level 1:colcon.colcon_core.environment:checking '/home/manojbr/dev_ws/install/flipkart_msgs/lib'
[24.723s] Level 1:colcon.colcon_core.shell:create_environment_hook('flipkart_msgs', 'ld_library_path_lib')
[24.723s] INFO:colcon.colcon_core.shell:Creating environment hook '/home/manojbr/dev_ws/install/flipkart_msgs/share/flipkart_msgs/hook/ld_library_path_lib.ps1'
[24.723s] INFO:colcon.colcon_core.shell:Creating environment descriptor '/home/manojbr/dev_ws/install/flipkart_msgs/share/flipkart_msgs/hook/ld_library_path_lib.dsv'
[24.723s] INFO:colcon.colcon_core.shell:Creating environment hook '/home/manojbr/dev_ws/install/flipkart_msgs/share/flipkart_msgs/hook/ld_library_path_lib.sh'
[24.724s] Level 1:colcon.colcon_core.environment:checking '/home/manojbr/dev_ws/install/flipkart_msgs/bin'
[24.724s] Level 1:colcon.colcon_core.environment:checking '/home/manojbr/dev_ws/install/flipkart_msgs/lib/pkgconfig/flipkart_msgs.pc'
[24.724s] Level 1:colcon.colcon_core.environment:checking '/home/manojbr/dev_ws/install/flipkart_msgs/lib/python3.8/site-packages'
[24.724s] Level 1:colcon.colcon_core.shell:create_environment_hook('flipkart_msgs', 'pythonpath')
[24.724s] INFO:colcon.colcon_core.shell:Creating environment hook '/home/manojbr/dev_ws/install/flipkart_msgs/share/flipkart_msgs/hook/pythonpath.ps1'
[24.725s] INFO:colcon.colcon_core.shell:Creating environment descriptor '/home/manojbr/dev_ws/install/flipkart_msgs/share/flipkart_msgs/hook/pythonpath.dsv'
[24.725s] INFO:colcon.colcon_core.shell:Creating environment hook '/home/manojbr/dev_ws/install/flipkart_msgs/share/flipkart_msgs/hook/pythonpath.sh'
[24.726s] INFO:colcon.colcon_core.shell:Creating package script '/home/manojbr/dev_ws/install/flipkart_msgs/share/flipkart_msgs/package.ps1'
[24.726s] INFO:colcon.colcon_core.shell:Creating package descriptor '/home/manojbr/dev_ws/install/flipkart_msgs/share/flipkart_msgs/package.dsv'
[24.726s] INFO:colcon.colcon_core.shell:Creating package script '/home/manojbr/dev_ws/install/flipkart_msgs/share/flipkart_msgs/package.sh'
[24.727s] INFO:colcon.colcon_core.shell:Creating package script '/home/manojbr/dev_ws/install/flipkart_msgs/share/flipkart_msgs/package.bash'
[24.727s] INFO:colcon.colcon_core.shell:Creating package script '/home/manojbr/dev_ws/install/flipkart_msgs/share/flipkart_msgs/package.zsh'
[24.727s] Level 1:colcon.colcon_core.environment:create_file_with_runtime_dependencies(/home/manojbr/dev_ws/install/flipkart_msgs/share/colcon-core/packages/flipkart_msgs)
[24.728s] DEBUG:colcon.colcon_parallel_executor.executor.parallel:closing loop
[24.728s] DEBUG:colcon.colcon_parallel_executor.executor.parallel:loop closed
[24.728s] DEBUG:colcon.colcon_parallel_executor.executor.parallel:run_until_complete finished with '0'
[24.728s] DEBUG:colcon.colcon_core.event_reactor:joining thread
[24.733s] INFO:colcon.colcon_core.plugin_system:Skipping extension 'colcon_notification.desktop_notification.terminal_notifier': Not used on non-Darwin systems
[24.733s] INFO:colcon.colcon_core.plugin_system:Skipping extension 'colcon_notification.desktop_notification.win32': Not used on non-Windows systems
[24.733s] INFO:colcon.colcon_notification.desktop_notification:Sending desktop notification using 'notify2'
[24.744s] DEBUG:colcon.colcon_core.event_reactor:joined thread
[24.745s] INFO:colcon.colcon_core.shell:Creating prefix script '/home/manojbr/dev_ws/install/local_setup.ps1'
[24.746s] INFO:colcon.colcon_core.shell:Creating prefix util module '/home/manojbr/dev_ws/install/_local_setup_util_ps1.py'
[24.747s] INFO:colcon.colcon_core.shell:Creating prefix chain script '/home/manojbr/dev_ws/install/setup.ps1'
[24.748s] INFO:colcon.colcon_core.shell:Creating prefix script '/home/manojbr/dev_ws/install/local_setup.sh'
[24.749s] INFO:colcon.colcon_core.shell:Creating prefix util module '/home/manojbr/dev_ws/install/_local_setup_util_sh.py'
[24.749s] INFO:colcon.colcon_core.shell:Creating prefix chain script '/home/manojbr/dev_ws/install/setup.sh'
[24.751s] INFO:colcon.colcon_core.shell:Creating prefix script '/home/manojbr/dev_ws/install/local_setup.bash'
[24.751s] INFO:colcon.colcon_core.shell:Creating prefix chain script '/home/manojbr/dev_ws/install/setup.bash'
[24.753s] INFO:colcon.colcon_core.shell:Creating prefix script '/home/manojbr/dev_ws/install/local_setup.zsh'
[24.753s] INFO:colcon.colcon_core.shell:Creating prefix chain script '/home/manojbr/dev_ws/install/setup.zsh'
