[0.349s] Invoking command in '/home/manojbr/dev_ws/src/flipkart': PYTHONPATH=/home/manojbr/dev_ws/install/flipkart/lib/python3.8/site-packages:${PYTHONPATH} /usr/bin/python3 setup.py egg_info --egg-base ../../build/flipkart build --build-base /home/manojbr/dev_ws/build/flipkart/build install --prefix /home/manojbr/dev_ws/install/flipkart --record /home/manojbr/dev_ws/build/flipkart/install.log --single-version-externally-managed
[0.633s] running egg_info
[0.634s] writing ../../build/flipkart/flipkart.egg-info/PKG-INFO
[0.634s] writing dependency_links to ../../build/flipkart/flipkart.egg-info/dependency_links.txt
[0.634s] writing entry points to ../../build/flipkart/flipkart.egg-info/entry_points.txt
[0.634s] writing requirements to ../../build/flipkart/flipkart.egg-info/requires.txt
[0.634s] writing top-level names to ../../build/flipkart/flipkart.egg-info/top_level.txt
[0.677s] reading manifest file '../../build/flipkart/flipkart.egg-info/SOURCES.txt'
[0.678s] writing manifest file '../../build/flipkart/flipkart.egg-info/SOURCES.txt'
[0.678s] running build
[0.678s] running build_py
[0.678s] copying flipkart/bigbrain.py -> /home/manojbr/dev_ws/build/flipkart/build/lib/flipkart
[0.678s] running install
[0.679s] running install_lib
[0.680s] copying /home/manojbr/dev_ws/build/flipkart/build/lib/flipkart/bigbrain.py -> /home/manojbr/dev_ws/install/flipkart/lib/python3.8/site-packages/flipkart
[0.681s] byte-compiling /home/manojbr/dev_ws/install/flipkart/lib/python3.8/site-packages/flipkart/bigbrain.py to bigbrain.cpython-38.pyc
[0.686s] running install_data
[0.690s] running install_egg_info
[0.694s] removing '/home/manojbr/dev_ws/install/flipkart/lib/python3.8/site-packages/flipkart-0.0.0-py3.8.egg-info' (and everything under it)
[0.694s] Copying ../../build/flipkart/flipkart.egg-info to /home/manojbr/dev_ws/install/flipkart/lib/python3.8/site-packages/flipkart-0.0.0-py3.8.egg-info
[0.696s] running install_scripts
[0.724s] Installing bigbrain script to /home/manojbr/dev_ws/install/flipkart/lib/flipkart
[0.725s] Installing detector script to /home/manojbr/dev_ws/install/flipkart/lib/flipkart
[0.725s] Installing viper script to /home/manojbr/dev_ws/install/flipkart/lib/flipkart
[0.725s] writing list of installed files to '/home/manojbr/dev_ws/build/flipkart/install.log'
[0.766s] Invoked command in '/home/manojbr/dev_ws/src/flipkart' returned '0': PYTHONPATH=/home/manojbr/dev_ws/install/flipkart/lib/python3.8/site-packages:${PYTHONPATH} /usr/bin/python3 setup.py egg_info --egg-base ../../build/flipkart build --build-base /home/manojbr/dev_ws/build/flipkart/build install --prefix /home/manojbr/dev_ws/install/flipkart --record /home/manojbr/dev_ws/build/flipkart/install.log --single-version-externally-managed
