[0.243s] DEBUG:colcon:Command line arguments: ['/usr/bin/colcon', 'build']
[0.243s] DEBUG:colcon:Parsed command line arguments: Namespace(ament_cmake_args=None, base_paths=['.'], build_base='build', catkin_cmake_args=None, catkin_skip_building_tests=False, cmake_args=None, cmake_clean_cache=False, cmake_clean_first=False, cmake_force_configure=False, cmake_target=None, cmake_target_skip_unavailable=False, continue_on_error=False, event_handlers=None, executor='parallel', ignore_user_meta=False, install_base='install', log_base=None, log_level=None, main=<bound method BuildVerb.main of <colcon_core.verb.build.BuildVerb object at 0x7f013824d730>>, merge_install=False, metas=['./colcon.meta'], packages_above=None, packages_above_and_dependencies=None, packages_above_depth=None, packages_end=None, packages_ignore=None, packages_ignore_regex=None, packages_select=None, packages_select_build_failed=False, packages_select_by_dep=None, packages_select_regex=None, packages_select_test_failures=False, packages_skip=None, packages_skip_build_finished=False, packages_skip_by_dep=None, packages_skip_regex=None, packages_skip_test_passed=False, packages_skip_up_to=None, packages_start=None, packages_up_to=None, packages_up_to_regex=None, parallel_workers=8, paths=None, symlink_install=False, test_result_base=None, verb_extension=<colcon_core.verb.build.BuildVerb object at 0x7f013824d730>, verb_name='build', verb_parser=<colcon_defaults.argument_parser.defaults.DefaultArgumentsDecorator object at 0x7f013839ffd0>)
[0.247s] Level 1:colcon.colcon_core.package_discovery:discover_packages(colcon_meta) check parameters
[0.247s] Level 1:colcon.colcon_core.package_discovery:discover_packages(recursive) check parameters
[0.247s] Level 1:colcon.colcon_core.package_discovery:discover_packages(ignore) check parameters
[0.247s] Level 1:colcon.colcon_core.package_discovery:discover_packages(path) check parameters
[0.248s] Level 1:colcon.colcon_core.package_discovery:discover_packages(colcon_meta) discover
[0.248s] Level 1:colcon.colcon_core.package_discovery:discover_packages(recursive) discover
[0.248s] INFO:colcon.colcon_core.package_discovery:Crawling recursively for packages in '/home/manojbr/dev_ws'
[0.248s] Level 1:colcon.colcon_core.package_identification:_identify(.) by extensions ['ignore', 'ignore_ament_install']
[0.248s] Level 1:colcon.colcon_core.package_identification:_identify(.) by extension 'ignore'
[0.248s] Level 1:colcon.colcon_core.package_identification:_identify(.) by extension 'ignore_ament_install'
[0.248s] Level 1:colcon.colcon_core.package_identification:_identify(.) by extensions ['colcon_pkg']
[0.248s] Level 1:colcon.colcon_core.package_identification:_identify(.) by extension 'colcon_pkg'
[0.248s] Level 1:colcon.colcon_core.package_identification:_identify(.) by extensions ['colcon_meta']
[0.248s] Level 1:colcon.colcon_core.package_identification:_identify(.) by extension 'colcon_meta'
[0.248s] Level 1:colcon.colcon_core.package_identification:_identify(.) by extensions ['ros']
[0.248s] Level 1:colcon.colcon_core.package_identification:_identify(.) by extension 'ros'
[0.257s] Level 1:colcon.colcon_core.package_identification:_identify(.) by extensions ['cmake', 'python']
[0.257s] Level 1:colcon.colcon_core.package_identification:_identify(.) by extension 'cmake'
[0.257s] Level 1:colcon.colcon_core.package_identification:_identify(.) by extension 'python'
[0.257s] Level 1:colcon.colcon_core.package_identification:_identify(.) by extensions ['python_setup_py']
[0.257s] Level 1:colcon.colcon_core.package_identification:_identify(.) by extension 'python_setup_py'
[0.257s] Level 1:colcon.colcon_core.package_identification:_identify(build) by extensions ['ignore', 'ignore_ament_install']
[0.258s] Level 1:colcon.colcon_core.package_identification:_identify(build) by extension 'ignore'
[0.258s] Level 1:colcon.colcon_core.package_identification:_identify(build) ignored
[0.258s] Level 1:colcon.colcon_core.package_identification:_identify(install) by extensions ['ignore', 'ignore_ament_install']
[0.258s] Level 1:colcon.colcon_core.package_identification:_identify(install) by extension 'ignore'
[0.258s] Level 1:colcon.colcon_core.package_identification:_identify(install) ignored
[0.258s] Level 1:colcon.colcon_core.package_identification:_identify(log) by extensions ['ignore', 'ignore_ament_install']
[0.258s] Level 1:colcon.colcon_core.package_identification:_identify(log) by extension 'ignore'
[0.258s] Level 1:colcon.colcon_core.package_identification:_identify(log) ignored
[0.258s] Level 1:colcon.colcon_core.package_identification:_identify(src) by extensions ['ignore', 'ignore_ament_install']
[0.258s] Level 1:colcon.colcon_core.package_identification:_identify(src) by extension 'ignore'
[0.258s] Level 1:colcon.colcon_core.package_identification:_identify(src) by extension 'ignore_ament_install'
[0.258s] Level 1:colcon.colcon_core.package_identification:_identify(src) by extensions ['colcon_pkg']
[0.258s] Level 1:colcon.colcon_core.package_identification:_identify(src) by extension 'colcon_pkg'
[0.258s] Level 1:colcon.colcon_core.package_identification:_identify(src) by extensions ['colcon_meta']
[0.258s] Level 1:colcon.colcon_core.package_identification:_identify(src) by extension 'colcon_meta'
[0.258s] Level 1:colcon.colcon_core.package_identification:_identify(src) by extensions ['ros']
[0.258s] Level 1:colcon.colcon_core.package_identification:_identify(src) by extension 'ros'
[0.258s] Level 1:colcon.colcon_core.package_identification:_identify(src) by extensions ['cmake', 'python']
[0.258s] Level 1:colcon.colcon_core.package_identification:_identify(src) by extension 'cmake'
[0.258s] Level 1:colcon.colcon_core.package_identification:_identify(src) by extension 'python'
[0.259s] Level 1:colcon.colcon_core.package_identification:_identify(src) by extensions ['python_setup_py']
[0.259s] Level 1:colcon.colcon_core.package_identification:_identify(src) by extension 'python_setup_py'
[0.259s] Level 1:colcon.colcon_core.package_identification:_identify(src/build) by extensions ['ignore', 'ignore_ament_install']
[0.259s] Level 1:colcon.colcon_core.package_identification:_identify(src/build) by extension 'ignore'
[0.259s] Level 1:colcon.colcon_core.package_identification:_identify(src/build) ignored
[0.259s] Level 1:colcon.colcon_core.package_identification:_identify(src/install) by extensions ['ignore', 'ignore_ament_install']
[0.259s] Level 1:colcon.colcon_core.package_identification:_identify(src/install) by extension 'ignore'
[0.259s] Level 1:colcon.colcon_core.package_identification:_identify(src/install) ignored
[0.259s] Level 1:colcon.colcon_core.package_identification:_identify(src/log) by extensions ['ignore', 'ignore_ament_install']
[0.259s] Level 1:colcon.colcon_core.package_identification:_identify(src/log) by extension 'ignore'
[0.259s] Level 1:colcon.colcon_core.package_identification:_identify(src/log) ignored
[0.259s] Level 1:colcon.colcon_core.package_identification:_identify(src/radiants) by extensions ['ignore', 'ignore_ament_install']
[0.259s] Level 1:colcon.colcon_core.package_identification:_identify(src/radiants) by extension 'ignore'
[0.259s] Level 1:colcon.colcon_core.package_identification:_identify(src/radiants) by extension 'ignore_ament_install'
[0.259s] Level 1:colcon.colcon_core.package_identification:_identify(src/radiants) by extensions ['colcon_pkg']
[0.259s] Level 1:colcon.colcon_core.package_identification:_identify(src/radiants) by extension 'colcon_pkg'
[0.259s] Level 1:colcon.colcon_core.package_identification:_identify(src/radiants) by extensions ['colcon_meta']
[0.259s] Level 1:colcon.colcon_core.package_identification:_identify(src/radiants) by extension 'colcon_meta'
[0.259s] Level 1:colcon.colcon_core.package_identification:_identify(src/radiants) by extensions ['ros']
[0.259s] Level 1:colcon.colcon_core.package_identification:_identify(src/radiants) by extension 'ros'
[0.261s] DEBUG:colcon.colcon_core.package_identification:Package 'src/radiants' with type 'ros.ament_python' and name 'radiants'
[0.261s] Level 1:colcon.colcon_core.package_identification:_identify(src/ros_tutorials) by extensions ['ignore', 'ignore_ament_install']
[0.261s] Level 1:colcon.colcon_core.package_identification:_identify(src/ros_tutorials) by extension 'ignore'
[0.261s] Level 1:colcon.colcon_core.package_identification:_identify(src/ros_tutorials) by extension 'ignore_ament_install'
[0.262s] Level 1:colcon.colcon_core.package_identification:_identify(src/ros_tutorials) by extensions ['colcon_pkg']
[0.262s] Level 1:colcon.colcon_core.package_identification:_identify(src/ros_tutorials) by extension 'colcon_pkg'
[0.262s] Level 1:colcon.colcon_core.package_identification:_identify(src/ros_tutorials) by extensions ['colcon_meta']
[0.262s] Level 1:colcon.colcon_core.package_identification:_identify(src/ros_tutorials) by extension 'colcon_meta'
[0.262s] Level 1:colcon.colcon_core.package_identification:_identify(src/ros_tutorials) by extensions ['ros']
[0.262s] Level 1:colcon.colcon_core.package_identification:_identify(src/ros_tutorials) by extension 'ros'
[0.262s] Level 1:colcon.colcon_core.package_identification:_identify(src/ros_tutorials) by extensions ['cmake', 'python']
[0.262s] Level 1:colcon.colcon_core.package_identification:_identify(src/ros_tutorials) by extension 'cmake'
[0.262s] Level 1:colcon.colcon_core.package_identification:_identify(src/ros_tutorials) by extension 'python'
[0.262s] Level 1:colcon.colcon_core.package_identification:_identify(src/ros_tutorials) by extensions ['python_setup_py']
[0.262s] Level 1:colcon.colcon_core.package_identification:_identify(src/ros_tutorials) by extension 'python_setup_py'
[0.262s] Level 1:colcon.colcon_core.package_identification:_identify(src/ros_tutorials/ros_tutorials) by extensions ['ignore', 'ignore_ament_install']
[0.262s] Level 1:colcon.colcon_core.package_identification:_identify(src/ros_tutorials/ros_tutorials) by extension 'ignore'
[0.262s] Level 1:colcon.colcon_core.package_identification:_identify(src/ros_tutorials/ros_tutorials) ignored
[0.262s] Level 1:colcon.colcon_core.package_identification:_identify(src/ros_tutorials/roscpp_tutorials) by extensions ['ignore', 'ignore_ament_install']
[0.262s] Level 1:colcon.colcon_core.package_identification:_identify(src/ros_tutorials/roscpp_tutorials) by extension 'ignore'
[0.262s] Level 1:colcon.colcon_core.package_identification:_identify(src/ros_tutorials/roscpp_tutorials) ignored
[0.262s] Level 1:colcon.colcon_core.package_identification:_identify(src/ros_tutorials/rospy_tutorials) by extensions ['ignore', 'ignore_ament_install']
[0.262s] Level 1:colcon.colcon_core.package_identification:_identify(src/ros_tutorials/rospy_tutorials) by extension 'ignore'
[0.262s] Level 1:colcon.colcon_core.package_identification:_identify(src/ros_tutorials/rospy_tutorials) ignored
[0.263s] Level 1:colcon.colcon_core.package_identification:_identify(src/ros_tutorials/turtlesim) by extensions ['ignore', 'ignore_ament_install']
[0.263s] Level 1:colcon.colcon_core.package_identification:_identify(src/ros_tutorials/turtlesim) by extension 'ignore'
[0.263s] Level 1:colcon.colcon_core.package_identification:_identify(src/ros_tutorials/turtlesim) by extension 'ignore_ament_install'
[0.263s] Level 1:colcon.colcon_core.package_identification:_identify(src/ros_tutorials/turtlesim) by extensions ['colcon_pkg']
[0.263s] Level 1:colcon.colcon_core.package_identification:_identify(src/ros_tutorials/turtlesim) by extension 'colcon_pkg'
[0.263s] Level 1:colcon.colcon_core.package_identification:_identify(src/ros_tutorials/turtlesim) by extensions ['colcon_meta']
[0.263s] Level 1:colcon.colcon_core.package_identification:_identify(src/ros_tutorials/turtlesim) by extension 'colcon_meta'
[0.263s] Level 1:colcon.colcon_core.package_identification:_identify(src/ros_tutorials/turtlesim) by extensions ['ros']
[0.263s] Level 1:colcon.colcon_core.package_identification:_identify(src/ros_tutorials/turtlesim) by extension 'ros'
[0.264s] DEBUG:colcon.colcon_core.package_identification:Package 'src/ros_tutorials/turtlesim' with type 'ros.ament_cmake' and name 'turtlesim'
[0.264s] Level 1:colcon.colcon_core.package_discovery:discover_packages(recursive) using defaults
[0.264s] Level 1:colcon.colcon_core.package_discovery:discover_packages(ignore) discover
[0.264s] Level 1:colcon.colcon_core.package_discovery:discover_packages(ignore) using defaults
[0.264s] Level 1:colcon.colcon_core.package_discovery:discover_packages(path) discover
[0.264s] Level 1:colcon.colcon_core.package_discovery:discover_packages(path) using defaults
[0.279s] Level 5:colcon.colcon_core.verb:set package 'radiants' build argument 'cmake_args' from command line to 'None'
[0.279s] Level 5:colcon.colcon_core.verb:set package 'radiants' build argument 'cmake_target' from command line to 'None'
[0.279s] Level 5:colcon.colcon_core.verb:set package 'radiants' build argument 'cmake_target_skip_unavailable' from command line to 'False'
[0.279s] Level 5:colcon.colcon_core.verb:set package 'radiants' build argument 'cmake_clean_cache' from command line to 'False'
[0.279s] Level 5:colcon.colcon_core.verb:set package 'radiants' build argument 'cmake_clean_first' from command line to 'False'
[0.279s] Level 5:colcon.colcon_core.verb:set package 'radiants' build argument 'cmake_force_configure' from command line to 'False'
[0.279s] Level 5:colcon.colcon_core.verb:set package 'radiants' build argument 'ament_cmake_args' from command line to 'None'
[0.279s] Level 5:colcon.colcon_core.verb:set package 'radiants' build argument 'catkin_cmake_args' from command line to 'None'
[0.279s] Level 5:colcon.colcon_core.verb:set package 'radiants' build argument 'catkin_skip_building_tests' from command line to 'False'
[0.279s] DEBUG:colcon.colcon_core.verb:Building package 'radiants' with the following arguments: {'ament_cmake_args': None, 'build_base': '/home/manojbr/dev_ws/build/radiants', 'catkin_cmake_args': None, 'catkin_skip_building_tests': False, 'cmake_args': None, 'cmake_clean_cache': False, 'cmake_clean_first': False, 'cmake_force_configure': False, 'cmake_target': None, 'cmake_target_skip_unavailable': False, 'install_base': '/home/manojbr/dev_ws/install/radiants', 'merge_install': False, 'path': '/home/manojbr/dev_ws/src/radiants', 'symlink_install': False, 'test_result_base': None}
[0.281s] Level 5:colcon.colcon_core.verb:set package 'turtlesim' build argument 'cmake_args' from command line to 'None'
[0.281s] Level 5:colcon.colcon_core.verb:set package 'turtlesim' build argument 'cmake_target' from command line to 'None'
[0.281s] Level 5:colcon.colcon_core.verb:set package 'turtlesim' build argument 'cmake_target_skip_unavailable' from command line to 'False'
[0.281s] Level 5:colcon.colcon_core.verb:set package 'turtlesim' build argument 'cmake_clean_cache' from command line to 'False'
[0.281s] Level 5:colcon.colcon_core.verb:set package 'turtlesim' build argument 'cmake_clean_first' from command line to 'False'
[0.281s] Level 5:colcon.colcon_core.verb:set package 'turtlesim' build argument 'cmake_force_configure' from command line to 'False'
[0.281s] Level 5:colcon.colcon_core.verb:set package 'turtlesim' build argument 'ament_cmake_args' from command line to 'None'
[0.281s] Level 5:colcon.colcon_core.verb:set package 'turtlesim' build argument 'catkin_cmake_args' from command line to 'None'
[0.281s] Level 5:colcon.colcon_core.verb:set package 'turtlesim' build argument 'catkin_skip_building_tests' from command line to 'False'
[0.281s] DEBUG:colcon.colcon_core.verb:Building package 'turtlesim' with the following arguments: {'ament_cmake_args': None, 'build_base': '/home/manojbr/dev_ws/build/turtlesim', 'catkin_cmake_args': None, 'catkin_skip_building_tests': False, 'cmake_args': None, 'cmake_clean_cache': False, 'cmake_clean_first': False, 'cmake_force_configure': False, 'cmake_target': None, 'cmake_target_skip_unavailable': False, 'install_base': '/home/manojbr/dev_ws/install/turtlesim', 'merge_install': False, 'path': '/home/manojbr/dev_ws/src/ros_tutorials/turtlesim', 'symlink_install': False, 'test_result_base': None}
[0.282s] INFO:colcon.colcon_core.executor:Executing jobs using 'parallel' executor
[0.283s] DEBUG:colcon.colcon_parallel_executor.executor.parallel:run_until_complete
[0.284s] INFO:colcon.colcon_ros.task.ament_python.build:Building ROS package in '/home/manojbr/dev_ws/src/radiants' with build type 'ament_python'
[0.284s] Level 1:colcon.colcon_core.shell:create_environment_hook('radiants', 'ament_prefix_path')
[0.286s] INFO:colcon.colcon_core.plugin_system:Skipping extension 'colcon_core.shell.bat': Not used on non-Windows systems
[0.286s] INFO:colcon.colcon_core.shell:Creating environment hook '/home/manojbr/dev_ws/install/radiants/share/radiants/hook/ament_prefix_path.ps1'
[0.287s] INFO:colcon.colcon_core.shell:Creating environment descriptor '/home/manojbr/dev_ws/install/radiants/share/radiants/hook/ament_prefix_path.dsv'
[0.287s] INFO:colcon.colcon_core.shell:Creating environment hook '/home/manojbr/dev_ws/install/radiants/share/radiants/hook/ament_prefix_path.sh'
[0.288s] INFO:colcon.colcon_core.shell:Skip shell extension 'powershell' for command environment: Not usable outside of PowerShell
[0.288s] DEBUG:colcon.colcon_core.shell:Skip shell extension 'dsv' for command environment
[0.290s] DEBUG:colcon.colcon_core.shell:Ignoring prefix path '/opt/ros/foxy'
[0.293s] INFO:colcon.colcon_ros.task.ament_cmake.build:Building ROS package in '/home/manojbr/dev_ws/src/ros_tutorials/turtlesim' with build type 'ament_cmake'
[0.293s] INFO:colcon.colcon_cmake.task.cmake.build:Building CMake package in '/home/manojbr/dev_ws/src/ros_tutorials/turtlesim'
[0.294s] INFO:colcon.colcon_core.shell:Skip shell extension 'powershell' for command environment: Not usable outside of PowerShell
[0.294s] DEBUG:colcon.colcon_core.shell:Skip shell extension 'dsv' for command environment
[0.295s] DEBUG:colcon.colcon_core.shell:Ignoring prefix path '/opt/ros/foxy'
[0.490s] INFO:colcon.colcon_core.task.python.build:Building Python package in '/home/manojbr/dev_ws/src/radiants'
[0.491s] INFO:colcon.colcon_core.shell:Skip shell extension 'powershell' for command environment: Not usable outside of PowerShell
[0.491s] DEBUG:colcon.colcon_core.shell:Skip shell extension 'dsv' for command environment
[0.493s] DEBUG:colcon.colcon_core.shell:Ignoring prefix path '/opt/ros/foxy'
[0.558s] DEBUG:colcon.colcon_core.event_handler.log_command:Invoking command in '/home/manojbr/dev_ws/build/turtlesim': CMAKE_PREFIX_PATH=${CMAKE_PREFIX_PATH}:/home/manojbr/dev_ws/install/radiants:/opt/ros/foxy /usr/bin/cmake --build /home/manojbr/dev_ws/build/turtlesim -- -j8 -l8
[0.589s] DEBUG:colcon.colcon_core.event_handler.log_command:Invoking command in '/home/manojbr/dev_ws/src/radiants': PYTHONPATH=/home/manojbr/dev_ws/install/radiants/lib/python3.8/site-packages:${PYTHONPATH} /usr/bin/python3 setup.py egg_info --egg-base ../../build/radiants build --build-base /home/manojbr/dev_ws/build/radiants/build install --prefix /home/manojbr/dev_ws/install/radiants --record /home/manojbr/dev_ws/build/radiants/install.log --single-version-externally-managed
[0.853s] DEBUG:colcon.colcon_core.event_handler.log_command:Invoked command in '/home/manojbr/dev_ws/src/radiants' returned '0': PYTHONPATH=/home/manojbr/dev_ws/install/radiants/lib/python3.8/site-packages:${PYTHONPATH} /usr/bin/python3 setup.py egg_info --egg-base ../../build/radiants build --build-base /home/manojbr/dev_ws/build/radiants/build install --prefix /home/manojbr/dev_ws/install/radiants --record /home/manojbr/dev_ws/build/radiants/install.log --single-version-externally-managed
[0.855s] Level 1:colcon.colcon_core.environment:checking '/home/manojbr/dev_ws/install/radiants' for CMake module files
[0.856s] Level 1:colcon.colcon_core.environment:checking '/home/manojbr/dev_ws/install/radiants' for CMake config files
[0.856s] Level 1:colcon.colcon_core.environment:checking '/home/manojbr/dev_ws/install/radiants/lib'
[0.857s] Level 1:colcon.colcon_core.environment:checking '/home/manojbr/dev_ws/install/radiants/bin'
[0.857s] Level 1:colcon.colcon_core.environment:checking '/home/manojbr/dev_ws/install/radiants/lib/pkgconfig/radiants.pc'
[0.857s] Level 1:colcon.colcon_core.environment:checking '/home/manojbr/dev_ws/install/radiants/lib/python3.8/site-packages'
[0.857s] Level 1:colcon.colcon_core.shell:create_environment_hook('radiants', 'pythonpath')
[0.857s] INFO:colcon.colcon_core.shell:Creating environment hook '/home/manojbr/dev_ws/install/radiants/share/radiants/hook/pythonpath.ps1'
[0.858s] INFO:colcon.colcon_core.shell:Creating environment descriptor '/home/manojbr/dev_ws/install/radiants/share/radiants/hook/pythonpath.dsv'
[0.858s] INFO:colcon.colcon_core.shell:Creating environment hook '/home/manojbr/dev_ws/install/radiants/share/radiants/hook/pythonpath.sh'
[0.858s] Level 1:colcon.colcon_core.environment:create_environment_scripts_only(radiants)
[0.859s] INFO:colcon.colcon_core.shell:Creating package script '/home/manojbr/dev_ws/install/radiants/share/radiants/package.ps1'
[0.859s] INFO:colcon.colcon_core.shell:Creating package descriptor '/home/manojbr/dev_ws/install/radiants/share/radiants/package.dsv'
[0.860s] INFO:colcon.colcon_core.shell:Creating package script '/home/manojbr/dev_ws/install/radiants/share/radiants/package.sh'
[0.860s] INFO:colcon.colcon_core.shell:Creating package script '/home/manojbr/dev_ws/install/radiants/share/radiants/package.bash'
[0.861s] INFO:colcon.colcon_core.shell:Creating package script '/home/manojbr/dev_ws/install/radiants/share/radiants/package.zsh'
[0.861s] Level 1:colcon.colcon_core.environment:create_file_with_runtime_dependencies(/home/manojbr/dev_ws/install/radiants/share/colcon-core/packages/radiants)
[2.503s] DEBUG:colcon.colcon_core.event_handler.log_command:Invoked command in '/home/manojbr/dev_ws/build/turtlesim' returned '0': CMAKE_PREFIX_PATH=${CMAKE_PREFIX_PATH}:/home/manojbr/dev_ws/install/radiants:/opt/ros/foxy /usr/bin/cmake --build /home/manojbr/dev_ws/build/turtlesim -- -j8 -l8
[2.705s] DEBUG:colcon.colcon_core.event_handler.log_command:Invoking command in '/home/manojbr/dev_ws/build/turtlesim': CMAKE_PREFIX_PATH=${CMAKE_PREFIX_PATH}:/home/manojbr/dev_ws/install/radiants:/opt/ros/foxy /usr/bin/cmake --install /home/manojbr/dev_ws/build/turtlesim
[3.133s] Level 1:colcon.colcon_core.environment:create_environment_scripts_only(turtlesim)
[3.137s] Level 1:colcon.colcon_core.environment:checking '/home/manojbr/dev_ws/install/turtlesim' for CMake module files
[3.138s] DEBUG:colcon.colcon_core.event_handler.log_command:Invoked command in '/home/manojbr/dev_ws/build/turtlesim' returned '0': CMAKE_PREFIX_PATH=${CMAKE_PREFIX_PATH}:/home/manojbr/dev_ws/install/radiants:/opt/ros/foxy /usr/bin/cmake --install /home/manojbr/dev_ws/build/turtlesim
[3.140s] Level 1:colcon.colcon_core.environment:checking '/home/manojbr/dev_ws/install/turtlesim' for CMake config files
[3.142s] Level 1:colcon.colcon_core.shell:create_environment_hook('turtlesim', 'cmake_prefix_path')
[3.144s] INFO:colcon.colcon_core.shell:Creating environment hook '/home/manojbr/dev_ws/install/turtlesim/share/turtlesim/hook/cmake_prefix_path.ps1'
[3.145s] INFO:colcon.colcon_core.shell:Creating environment descriptor '/home/manojbr/dev_ws/install/turtlesim/share/turtlesim/hook/cmake_prefix_path.dsv'
[3.147s] INFO:colcon.colcon_core.shell:Creating environment hook '/home/manojbr/dev_ws/install/turtlesim/share/turtlesim/hook/cmake_prefix_path.sh'
[3.148s] Level 1:colcon.colcon_core.environment:checking '/home/manojbr/dev_ws/install/turtlesim/lib'
[3.149s] Level 1:colcon.colcon_core.shell:create_environment_hook('turtlesim', 'ld_library_path_lib')
[3.151s] INFO:colcon.colcon_core.shell:Creating environment hook '/home/manojbr/dev_ws/install/turtlesim/share/turtlesim/hook/ld_library_path_lib.ps1'
[3.152s] INFO:colcon.colcon_core.shell:Creating environment descriptor '/home/manojbr/dev_ws/install/turtlesim/share/turtlesim/hook/ld_library_path_lib.dsv'
[3.154s] INFO:colcon.colcon_core.shell:Creating environment hook '/home/manojbr/dev_ws/install/turtlesim/share/turtlesim/hook/ld_library_path_lib.sh'
[3.155s] Level 1:colcon.colcon_core.environment:checking '/home/manojbr/dev_ws/install/turtlesim/bin'
[3.156s] Level 1:colcon.colcon_core.environment:checking '/home/manojbr/dev_ws/install/turtlesim/lib/pkgconfig/turtlesim.pc'
[3.156s] Level 1:colcon.colcon_core.environment:checking '/home/manojbr/dev_ws/install/turtlesim/lib/python3.8/site-packages'
[3.156s] Level 1:colcon.colcon_core.shell:create_environment_hook('turtlesim', 'pythonpath')
[3.159s] INFO:colcon.colcon_core.shell:Creating environment hook '/home/manojbr/dev_ws/install/turtlesim/share/turtlesim/hook/pythonpath.ps1'
[3.161s] INFO:colcon.colcon_core.shell:Creating environment descriptor '/home/manojbr/dev_ws/install/turtlesim/share/turtlesim/hook/pythonpath.dsv'
[3.162s] INFO:colcon.colcon_core.shell:Creating environment hook '/home/manojbr/dev_ws/install/turtlesim/share/turtlesim/hook/pythonpath.sh'
[3.164s] INFO:colcon.colcon_core.shell:Creating package script '/home/manojbr/dev_ws/install/turtlesim/share/turtlesim/package.ps1'
[3.166s] INFO:colcon.colcon_core.shell:Creating package descriptor '/home/manojbr/dev_ws/install/turtlesim/share/turtlesim/package.dsv'
[3.167s] INFO:colcon.colcon_core.shell:Creating package script '/home/manojbr/dev_ws/install/turtlesim/share/turtlesim/package.sh'
[3.168s] INFO:colcon.colcon_core.shell:Creating package script '/home/manojbr/dev_ws/install/turtlesim/share/turtlesim/package.bash'
[3.168s] INFO:colcon.colcon_core.shell:Creating package script '/home/manojbr/dev_ws/install/turtlesim/share/turtlesim/package.zsh'
[3.169s] Level 1:colcon.colcon_core.environment:create_file_with_runtime_dependencies(/home/manojbr/dev_ws/install/turtlesim/share/colcon-core/packages/turtlesim)
[3.361s] Level 1:colcon.colcon_core.environment:create_environment_scripts_only(turtlesim)
[3.362s] Level 1:colcon.colcon_core.environment:checking '/home/manojbr/dev_ws/install/turtlesim' for CMake module files
[3.362s] Level 1:colcon.colcon_core.environment:checking '/home/manojbr/dev_ws/install/turtlesim' for CMake config files
[3.363s] Level 1:colcon.colcon_core.shell:create_environment_hook('turtlesim', 'cmake_prefix_path')
[3.363s] INFO:colcon.colcon_core.shell:Creating environment hook '/home/manojbr/dev_ws/install/turtlesim/share/turtlesim/hook/cmake_prefix_path.ps1'
[3.363s] INFO:colcon.colcon_core.shell:Creating environment descriptor '/home/manojbr/dev_ws/install/turtlesim/share/turtlesim/hook/cmake_prefix_path.dsv'
[3.364s] INFO:colcon.colcon_core.shell:Creating environment hook '/home/manojbr/dev_ws/install/turtlesim/share/turtlesim/hook/cmake_prefix_path.sh'
[3.364s] Level 1:colcon.colcon_core.environment:checking '/home/manojbr/dev_ws/install/turtlesim/lib'
[3.364s] Level 1:colcon.colcon_core.shell:create_environment_hook('turtlesim', 'ld_library_path_lib')
[3.365s] INFO:colcon.colcon_core.shell:Creating environment hook '/home/manojbr/dev_ws/install/turtlesim/share/turtlesim/hook/ld_library_path_lib.ps1'
[3.365s] INFO:colcon.colcon_core.shell:Creating environment descriptor '/home/manojbr/dev_ws/install/turtlesim/share/turtlesim/hook/ld_library_path_lib.dsv'
[3.365s] INFO:colcon.colcon_core.shell:Creating environment hook '/home/manojbr/dev_ws/install/turtlesim/share/turtlesim/hook/ld_library_path_lib.sh'
[3.365s] Level 1:colcon.colcon_core.environment:checking '/home/manojbr/dev_ws/install/turtlesim/bin'
[3.365s] Level 1:colcon.colcon_core.environment:checking '/home/manojbr/dev_ws/install/turtlesim/lib/pkgconfig/turtlesim.pc'
[3.366s] Level 1:colcon.colcon_core.environment:checking '/home/manojbr/dev_ws/install/turtlesim/lib/python3.8/site-packages'
[3.366s] Level 1:colcon.colcon_core.shell:create_environment_hook('turtlesim', 'pythonpath')
[3.366s] INFO:colcon.colcon_core.shell:Creating environment hook '/home/manojbr/dev_ws/install/turtlesim/share/turtlesim/hook/pythonpath.ps1'
[3.366s] INFO:colcon.colcon_core.shell:Creating environment descriptor '/home/manojbr/dev_ws/install/turtlesim/share/turtlesim/hook/pythonpath.dsv'
[3.366s] INFO:colcon.colcon_core.shell:Creating environment hook '/home/manojbr/dev_ws/install/turtlesim/share/turtlesim/hook/pythonpath.sh'
[3.367s] INFO:colcon.colcon_core.shell:Creating package script '/home/manojbr/dev_ws/install/turtlesim/share/turtlesim/package.ps1'
[3.368s] INFO:colcon.colcon_core.shell:Creating package descriptor '/home/manojbr/dev_ws/install/turtlesim/share/turtlesim/package.dsv'
[3.368s] INFO:colcon.colcon_core.shell:Creating package script '/home/manojbr/dev_ws/install/turtlesim/share/turtlesim/package.sh'
[3.368s] INFO:colcon.colcon_core.shell:Creating package script '/home/manojbr/dev_ws/install/turtlesim/share/turtlesim/package.bash'
[3.369s] INFO:colcon.colcon_core.shell:Creating package script '/home/manojbr/dev_ws/install/turtlesim/share/turtlesim/package.zsh'
[3.369s] Level 1:colcon.colcon_core.environment:create_file_with_runtime_dependencies(/home/manojbr/dev_ws/install/turtlesim/share/colcon-core/packages/turtlesim)
[3.369s] DEBUG:colcon.colcon_parallel_executor.executor.parallel:closing loop
[3.370s] DEBUG:colcon.colcon_parallel_executor.executor.parallel:loop closed
[3.370s] DEBUG:colcon.colcon_parallel_executor.executor.parallel:run_until_complete finished with '0'
[3.370s] DEBUG:colcon.colcon_core.event_reactor:joining thread
[3.375s] INFO:colcon.colcon_core.plugin_system:Skipping extension 'colcon_notification.desktop_notification.terminal_notifier': Not used on non-Darwin systems
[3.375s] INFO:colcon.colcon_core.plugin_system:Skipping extension 'colcon_notification.desktop_notification.win32': Not used on non-Windows systems
[3.375s] INFO:colcon.colcon_notification.desktop_notification:Sending desktop notification using 'notify2'
[3.386s] DEBUG:colcon.colcon_core.event_reactor:joined thread
[3.387s] INFO:colcon.colcon_core.shell:Creating prefix script '/home/manojbr/dev_ws/install/local_setup.ps1'
[3.388s] INFO:colcon.colcon_core.shell:Creating prefix util module '/home/manojbr/dev_ws/install/_local_setup_util_ps1.py'
[3.389s] INFO:colcon.colcon_core.shell:Creating prefix chain script '/home/manojbr/dev_ws/install/setup.ps1'
[3.391s] INFO:colcon.colcon_core.shell:Creating prefix script '/home/manojbr/dev_ws/install/local_setup.sh'
[3.391s] INFO:colcon.colcon_core.shell:Creating prefix util module '/home/manojbr/dev_ws/install/_local_setup_util_sh.py'
[3.392s] INFO:colcon.colcon_core.shell:Creating prefix chain script '/home/manojbr/dev_ws/install/setup.sh'
[3.394s] INFO:colcon.colcon_core.shell:Creating prefix script '/home/manojbr/dev_ws/install/local_setup.bash'
[3.394s] INFO:colcon.colcon_core.shell:Creating prefix chain script '/home/manojbr/dev_ws/install/setup.bash'
[3.396s] INFO:colcon.colcon_core.shell:Creating prefix script '/home/manojbr/dev_ws/install/local_setup.zsh'
[3.396s] INFO:colcon.colcon_core.shell:Creating prefix chain script '/home/manojbr/dev_ws/install/setup.zsh'
