[0.347s] Invoking command in '/home/manojbr/dev_ws/flipkart': PYTHONPATH=/home/manojbr/dev_ws/install/flipkart/lib/python3.8/site-packages:${PYTHONPATH} /usr/bin/python3 setup.py egg_info --egg-base ../build/flipkart build --build-base /home/manojbr/dev_ws/build/flipkart/build install --prefix /home/manojbr/dev_ws/install/flipkart --record /home/manojbr/dev_ws/build/flipkart/install.log --single-version-externally-managed
[0.652s] running egg_info
[0.653s] writing ../build/flipkart/flipkart.egg-info/PKG-INFO
[0.789s] writing dependency_links to ../build/flipkart/flipkart.egg-info/dependency_links.txt
[0.819s] writing entry points to ../build/flipkart/flipkart.egg-info/entry_points.txt
[0.849s] writing requirements to ../build/flipkart/flipkart.egg-info/requires.txt
[0.865s] writing top-level names to ../build/flipkart/flipkart.egg-info/top_level.txt
[0.946s] reading manifest file '../build/flipkart/flipkart.egg-info/SOURCES.txt'
[0.947s] writing manifest file '../build/flipkart/flipkart.egg-info/SOURCES.txt'
[1.098s] running build
[1.119s] running build_py
[1.119s] copying flipkart/viper.py -> /home/manojbr/dev_ws/build/flipkart/build/lib/flipkart
[1.120s] running install
[1.120s] running install_lib
[1.122s] copying /home/manojbr/dev_ws/build/flipkart/build/lib/flipkart/viper.py -> /home/manojbr/dev_ws/install/flipkart/lib/python3.8/site-packages/flipkart
[1.123s] byte-compiling /home/manojbr/dev_ws/install/flipkart/lib/python3.8/site-packages/flipkart/viper.py to viper.cpython-38.pyc
[2.628s] running install_data
[2.630s] running install_egg_info
[2.635s] removing '/home/manojbr/dev_ws/install/flipkart/lib/python3.8/site-packages/flipkart-0.0.0-py3.8.egg-info' (and everything under it)
[2.636s] Copying ../build/flipkart/flipkart.egg-info to /home/manojbr/dev_ws/install/flipkart/lib/python3.8/site-packages/flipkart-0.0.0-py3.8.egg-info
[2.636s] running install_scripts
[2.656s] Installing detector script to /home/manojbr/dev_ws/install/flipkart/lib/flipkart
[2.759s] Installing viper script to /home/manojbr/dev_ws/install/flipkart/lib/flipkart
[2.770s] writing list of installed files to '/home/manojbr/dev_ws/build/flipkart/install.log'
[2.830s] Invoked command in '/home/manojbr/dev_ws/flipkart' returned '0': PYTHONPATH=/home/manojbr/dev_ws/install/flipkart/lib/python3.8/site-packages:${PYTHONPATH} /usr/bin/python3 setup.py egg_info --egg-base ../build/flipkart build --build-base /home/manojbr/dev_ws/build/flipkart/build install --prefix /home/manojbr/dev_ws/install/flipkart --record /home/manojbr/dev_ws/build/flipkart/install.log --single-version-externally-managed
