[0.198s] Invoking command in '/home/manojbr/dev_ws/build/usb_camera_driver': CMAKE_PREFIX_PATH=${CMAKE_PREFIX_PATH}:/home/manojbr/dev_ws/install/radiants:/opt/ros/foxy /usr/bin/cmake /home/manojbr/dev_ws/src/ros2_usb_camera -DCMAKE_INSTALL_PREFIX=/home/manojbr/dev_ws/install/usb_camera_driver
[0.250s] -- The C compiler identification is GNU 9.3.0
[0.314s] -- The CXX compiler identification is GNU 9.3.0
[0.318s] -- Check for working C compiler: /usr/bin/cc
[0.375s] -- Check for working C compiler: /usr/bin/cc -- works
[0.375s] -- Detecting C compiler ABI info
[0.433s] -- Detecting C compiler ABI info - done
[0.443s] -- Detecting C compile features
[0.444s] -- Detecting C compile features - done
[0.446s] -- Check for working CXX compiler: /usr/bin/c++
[0.536s] -- Check for working CXX compiler: /usr/bin/c++ -- works
[0.537s] -- Detecting CXX compiler ABI info
[0.608s] -- Detecting CXX compiler ABI info - done
[0.619s] -- Detecting CXX compile features
[0.620s] -- Detecting CXX compile features - done
[0.622s] -- Found ament_cmake: 0.9.8 (/opt/ros/foxy/share/ament_cmake/cmake)
[0.643s] -- Found PythonInterp: /usr/bin/python3 (found suitable version "3.8.10", minimum required is "3") 
[0.643s] -- Using PYTHON_EXECUTABLE: /usr/bin/python3
[0.851s] -- Found rclcpp: 2.3.1 (/opt/ros/foxy/share/rclcpp/cmake)
[0.959s] -- Using all available rosidl_typesupport_c: rosidl_typesupport_connext_c;rosidl_typesupport_fastrtps_c;rosidl_typesupport_introspection_c
[0.967s] -- Found rosidl_adapter: 1.2.1 (/opt/ros/foxy/share/rosidl_adapter/cmake)
[0.992s] -- Found RTI Connext: /opt/rti.com/rti_connext_dds-5.3.1
[3.162s] -- Found OpenSSL: /usr/lib/x86_64-linux-gnu/libcrypto.so (found version "1.1.1f")  
[3.217s] -- Found FastRTPS: /opt/ros/foxy/include  
[3.326s] -- Using all available rosidl_typesupport_cpp: rosidl_typesupport_connext_cpp;rosidl_typesupport_fastrtps_cpp;rosidl_typesupport_introspection_cpp
[3.429s] -- Found rmw_implementation_cmake: 1.0.3 (/opt/ros/foxy/share/rmw_implementation_cmake/cmake)
[3.445s] -- Using RMW implementation 'rmw_fastrtps_cpp' as default
[3.473s] -- Looking for pthread.h
[3.570s] -- Looking for pthread.h - found
[3.571s] -- Performing Test CMAKE_HAVE_LIBC_PTHREAD
[3.632s] -- Performing Test CMAKE_HAVE_LIBC_PTHREAD - Failed
[3.632s] -- Looking for pthread_create in pthreads
[3.749s] -- Looking for pthread_create in pthreads - not found
[3.750s] -- Looking for pthread_create in pthread
[3.838s] -- Looking for pthread_create in pthread - found
[3.839s] -- Found Threads: TRUE  
[4.113s] -- Found rclcpp_components: 2.3.1 (/opt/ros/foxy/share/rclcpp_components/cmake)
[4.270s] -- Found sensor_msgs: 2.0.4 (/opt/ros/foxy/share/sensor_msgs/cmake)
[4.410s] -- Found camera_info_manager: 2.3.0 (/opt/ros/foxy/share/camera_info_manager/cmake)
[4.436s] -- Setting yaml-cpp_DIR to: '/opt/ros/foxy/share/yaml_cpp_vendor/cmake/../../../opt/yaml_cpp_vendor/lib/cmake/yaml-cpp'
[4.497s] -- Found image_transport: 2.3.0 (/opt/ros/foxy/share/image_transport/cmake)
[4.638s] -- Found OpenCV: /usr (found suitable version "4.2.0", minimum required is "4") 
[4.723s] -- Found ament_lint_auto: 0.9.6 (/opt/ros/foxy/share/ament_lint_auto/cmake)
[4.771s] -- Found ament_cmake_gtest: 0.9.8 (/opt/ros/foxy/share/ament_cmake_gtest/cmake)
[4.789s] -- Found gtest sources under '/opt/ros/foxy/src/gtest_vendor': C++ tests using 'Google Test' will be built
[4.796s] -- Check if compiler accepts -pthread
[4.952s] -- Check if compiler accepts -pthread - yes
[4.959s] -- Configuring done
[5.201s] -- Generating done
[5.202s] -- Build files have been written to: /home/manojbr/dev_ws/build/usb_camera_driver
[5.210s] Invoked command in '/home/manojbr/dev_ws/build/usb_camera_driver' returned '0': CMAKE_PREFIX_PATH=${CMAKE_PREFIX_PATH}:/home/manojbr/dev_ws/install/radiants:/opt/ros/foxy /usr/bin/cmake /home/manojbr/dev_ws/src/ros2_usb_camera -DCMAKE_INSTALL_PREFIX=/home/manojbr/dev_ws/install/usb_camera_driver
[5.212s] Invoking command in '/home/manojbr/dev_ws/build/usb_camera_driver': CMAKE_PREFIX_PATH=${CMAKE_PREFIX_PATH}:/home/manojbr/dev_ws/install/radiants:/opt/ros/foxy /usr/bin/cmake --build /home/manojbr/dev_ws/build/usb_camera_driver -- -j8 -l8
[5.246s] [35m[1mScanning dependencies of target gtest_main[0m
[5.246s] [35m[1mScanning dependencies of target gtest[0m
[5.246s] [35m[1mScanning dependencies of target usb_camera_driver[0m
[5.453s] [ 10%] [32mBuilding CXX object gtest/CMakeFiles/gtest_main.dir/src/gtest_main.cc.o[0m
[5.454s] [ 20%] [32mBuilding CXX object gtest/CMakeFiles/gtest.dir/src/gtest-all.cc.o[0m
[6.635s] [ 30%] [32mBuilding CXX object CMakeFiles/usb_camera_driver.dir/src/usb_camera_driver.cpp.o[0m
[6.698s] [ 40%] [32m[1mLinking CXX static library libgtest_main.a[0m
[6.815s] [ 40%] Built target gtest_main
[8.806s] [ 50%] [32m[1mLinking CXX static library libgtest.a[0m
[8.854s] [ 50%] Built target gtest
[8.999s] [ 60%] [32m[1mLinking CXX shared library libusb_camera_driver.so[0m
[10.599s] [ 60%] Built target usb_camera_driver
[10.608s] [35m[1mScanning dependencies of target usb_camera_driver_node[0m
[10.608s] [35m[1mScanning dependencies of target usb_camera_driver_tests[0m
[10.653s] [ 70%] [32mBuilding CXX object CMakeFiles/usb_camera_driver_node.dir/src/usb_camera_driver_node.cpp.o[0m
[10.674s] [ 80%] [32mBuilding CXX object test/CMakeFiles/usb_camera_driver_tests.dir/usb_camera_driver_tests.cpp.o[0m
[12.521s] [ 90%] [32m[1mLinking CXX executable usb_camera_driver_node[0m
[12.822s] [100%] [32m[1mLinking CXX executable usb_camera_driver_tests[0m
[14.720s] [100%] Built target usb_camera_driver_node
[14.758s] [100%] Built target usb_camera_driver_tests
[14.769s] Invoked command in '/home/manojbr/dev_ws/build/usb_camera_driver' returned '0': CMAKE_PREFIX_PATH=${CMAKE_PREFIX_PATH}:/home/manojbr/dev_ws/install/radiants:/opt/ros/foxy /usr/bin/cmake --build /home/manojbr/dev_ws/build/usb_camera_driver -- -j8 -l8
[14.791s] Invoking command in '/home/manojbr/dev_ws/build/usb_camera_driver': CMAKE_PREFIX_PATH=${CMAKE_PREFIX_PATH}:/home/manojbr/dev_ws/install/radiants:/opt/ros/foxy /usr/bin/cmake --install /home/manojbr/dev_ws/build/usb_camera_driver
[14.799s] -- Install configuration: ""
[14.799s] -- Installing: /home/manojbr/dev_ws/install/usb_camera_driver/lib/libusb_camera_driver.so
[14.799s] -- Set runtime path of "/home/manojbr/dev_ws/install/usb_camera_driver/lib/libusb_camera_driver.so" to ""
[14.800s] -- Installing: /home/manojbr/dev_ws/install/usb_camera_driver/lib/usb_camera_driver/usb_camera_driver_node
[14.800s] -- Set runtime path of "/home/manojbr/dev_ws/install/usb_camera_driver/lib/usb_camera_driver/usb_camera_driver_node" to ""
[14.800s] -- Installing: /home/manojbr/dev_ws/install/usb_camera_driver/share/usb_camera_driver/launch
[14.800s] -- Installing: /home/manojbr/dev_ws/install/usb_camera_driver/share/usb_camera_driver/launch/usb_camera_node.launch.py
[14.800s] -- Installing: /home/manojbr/dev_ws/install/usb_camera_driver/share/usb_camera_driver/launch/usb_camera_component.launch.py
[14.800s] -- Installing: /home/manojbr/dev_ws/install/usb_camera_driver/share/usb_camera_driver/config
[14.800s] -- Installing: /home/manojbr/dev_ws/install/usb_camera_driver/share/usb_camera_driver/config/config.yaml
[14.800s] -- Installing: /home/manojbr/dev_ws/install/usb_camera_driver/share/usb_camera_driver/config/camera.yaml
[14.800s] -- Installing: /home/manojbr/dev_ws/install/usb_camera_driver/share/ament_index/resource_index/package_run_dependencies/usb_camera_driver
[14.801s] -- Installing: /home/manojbr/dev_ws/install/usb_camera_driver/share/ament_index/resource_index/parent_prefix_path/usb_camera_driver
[14.801s] -- Installing: /home/manojbr/dev_ws/install/usb_camera_driver/share/usb_camera_driver/environment/ament_prefix_path.sh
[14.801s] -- Installing: /home/manojbr/dev_ws/install/usb_camera_driver/share/usb_camera_driver/environment/ament_prefix_path.dsv
[14.801s] -- Installing: /home/manojbr/dev_ws/install/usb_camera_driver/share/usb_camera_driver/environment/path.sh
[14.801s] -- Installing: /home/manojbr/dev_ws/install/usb_camera_driver/share/usb_camera_driver/environment/path.dsv
[14.801s] -- Installing: /home/manojbr/dev_ws/install/usb_camera_driver/share/usb_camera_driver/local_setup.bash
[14.802s] -- Installing: /home/manojbr/dev_ws/install/usb_camera_driver/share/usb_camera_driver/local_setup.sh
[14.802s] -- Installing: /home/manojbr/dev_ws/install/usb_camera_driver/share/usb_camera_driver/local_setup.zsh
[14.802s] -- Installing: /home/manojbr/dev_ws/install/usb_camera_driver/share/usb_camera_driver/local_setup.dsv
[14.802s] -- Installing: /home/manojbr/dev_ws/install/usb_camera_driver/share/usb_camera_driver/package.dsv
[14.802s] -- Installing: /home/manojbr/dev_ws/install/usb_camera_driver/share/ament_index/resource_index/packages/usb_camera_driver
[14.802s] -- Installing: /home/manojbr/dev_ws/install/usb_camera_driver/share/ament_index/resource_index/rclcpp_components/usb_camera_driver
[14.802s] -- Installing: /home/manojbr/dev_ws/install/usb_camera_driver/share/usb_camera_driver/cmake/usb_camera_driverConfig.cmake
[14.802s] -- Installing: /home/manojbr/dev_ws/install/usb_camera_driver/share/usb_camera_driver/cmake/usb_camera_driverConfig-version.cmake
[14.802s] -- Installing: /home/manojbr/dev_ws/install/usb_camera_driver/share/usb_camera_driver/package.xml
[14.805s] Invoked command in '/home/manojbr/dev_ws/build/usb_camera_driver' returned '0': CMAKE_PREFIX_PATH=${CMAKE_PREFIX_PATH}:/home/manojbr/dev_ws/install/radiants:/opt/ros/foxy /usr/bin/cmake --install /home/manojbr/dev_ws/build/usb_camera_driver
