[0.752s] Invoking command in '/home/manojbr/dev_ws/flipkart': PYTHONPATH=/home/manojbr/dev_ws/install/flipkart/lib/python3.8/site-packages:${PYTHONPATH} /usr/bin/python3 setup.py egg_info --egg-base ../build/flipkart build --build-base /home/manojbr/dev_ws/build/flipkart/build install --prefix /home/manojbr/dev_ws/install/flipkart --record /home/manojbr/dev_ws/build/flipkart/install.log --single-version-externally-managed
[1.017s] running egg_info
[1.018s] writing ../build/flipkart/flipkart.egg-info/PKG-INFO
[1.018s] writing dependency_links to ../build/flipkart/flipkart.egg-info/dependency_links.txt
[1.019s] writing entry points to ../build/flipkart/flipkart.egg-info/entry_points.txt
[1.019s] writing requirements to ../build/flipkart/flipkart.egg-info/requires.txt
[1.019s] writing top-level names to ../build/flipkart/flipkart.egg-info/top_level.txt
[1.063s] reading manifest file '../build/flipkart/flipkart.egg-info/SOURCES.txt'
[1.063s] writing manifest file '../build/flipkart/flipkart.egg-info/SOURCES.txt'
[1.064s] running build
[1.064s] running build_py
[1.064s] copying flipkart/viper.py -> /home/manojbr/dev_ws/build/flipkart/build/lib/flipkart
[1.064s] running install
[1.065s] running install_lib
[1.066s] copying /home/manojbr/dev_ws/build/flipkart/build/lib/flipkart/viper.py -> /home/manojbr/dev_ws/install/flipkart/lib/python3.8/site-packages/flipkart
[1.067s] byte-compiling /home/manojbr/dev_ws/install/flipkart/lib/python3.8/site-packages/flipkart/viper.py to viper.cpython-38.pyc
[1.069s] running install_data
[1.070s] running install_egg_info
[1.073s] removing '/home/manojbr/dev_ws/install/flipkart/lib/python3.8/site-packages/flipkart-0.0.0-py3.8.egg-info' (and everything under it)
[1.073s] Copying ../build/flipkart/flipkart.egg-info to /home/manojbr/dev_ws/install/flipkart/lib/python3.8/site-packages/flipkart-0.0.0-py3.8.egg-info
[1.075s] running install_scripts
[1.101s] Installing detector script to /home/manojbr/dev_ws/install/flipkart/lib/flipkart
[1.101s] Installing viper script to /home/manojbr/dev_ws/install/flipkart/lib/flipkart
[1.101s] writing list of installed files to '/home/manojbr/dev_ws/build/flipkart/install.log'
[1.146s] Invoked command in '/home/manojbr/dev_ws/flipkart' returned '0': PYTHONPATH=/home/manojbr/dev_ws/install/flipkart/lib/python3.8/site-packages:${PYTHONPATH} /usr/bin/python3 setup.py egg_info --egg-base ../build/flipkart build --build-base /home/manojbr/dev_ws/build/flipkart/build install --prefix /home/manojbr/dev_ws/install/flipkart --record /home/manojbr/dev_ws/build/flipkart/install.log --single-version-externally-managed
