[0.208s] Invoking command in '/home/manojbr/dev_ws/src/build/usb_camera_driver': CMAKE_PREFIX_PATH=${CMAKE_PREFIX_PATH}:/home/manojbr/dev_ws/install/radiants:/opt/ros/foxy /usr/bin/cmake /home/manojbr/dev_ws/src/ros2_usb_camera -DCMAKE_INSTALL_PREFIX=/home/manojbr/dev_ws/src/install/usb_camera_driver
[0.253s] -- The C compiler identification is GNU 9.3.0
[0.302s] -- The CXX compiler identification is GNU 9.3.0
[0.307s] -- Check for working C compiler: /usr/bin/cc
[0.366s] -- Check for working C compiler: /usr/bin/cc -- works
[0.367s] -- Detecting C compiler ABI info
[0.424s] -- Detecting C compiler ABI info - done
[0.441s] -- Detecting C compile features
[0.441s] -- Detecting C compile features - done
[0.445s] -- Check for working CXX compiler: /usr/bin/c++
[0.516s] -- Check for working CXX compiler: /usr/bin/c++ -- works
[0.517s] -- Detecting CXX compiler ABI info
[0.584s] -- Detecting CXX compiler ABI info - done
[0.603s] -- Detecting CXX compile features
[0.603s] -- Detecting CXX compile features - done
[0.606s] -- Found ament_cmake: 0.9.8 (/opt/ros/foxy/share/ament_cmake/cmake)
[0.629s] -- Found PythonInterp: /usr/bin/python3 (found suitable version "3.8.10", minimum required is "3") 
[0.629s] -- Using PYTHON_EXECUTABLE: /usr/bin/python3
[0.801s] -- Found rclcpp: 2.3.1 (/opt/ros/foxy/share/rclcpp/cmake)
[0.838s] -- Using all available rosidl_typesupport_c: rosidl_typesupport_connext_c;rosidl_typesupport_fastrtps_c;rosidl_typesupport_introspection_c
[0.844s] -- Found rosidl_adapter: 1.2.1 (/opt/ros/foxy/share/rosidl_adapter/cmake)
[0.848s] -- Found RTI Connext: /opt/rti.com/rti_connext_dds-5.3.1
[1.624s] -- Found OpenSSL: /usr/lib/x86_64-linux-gnu/libcrypto.so (found version "1.1.1f")  
[1.650s] -- Found FastRTPS: /opt/ros/foxy/include  
[1.710s] -- Using all available rosidl_typesupport_cpp: rosidl_typesupport_connext_cpp;rosidl_typesupport_fastrtps_cpp;rosidl_typesupport_introspection_cpp
[1.758s] -- Found rmw_implementation_cmake: 1.0.3 (/opt/ros/foxy/share/rmw_implementation_cmake/cmake)
[1.759s] -- Using RMW implementation 'rmw_fastrtps_cpp' as default
[1.760s] -- Looking for pthread.h
[1.817s] -- Looking for pthread.h - found
[1.818s] -- Performing Test CMAKE_HAVE_LIBC_PTHREAD
[1.877s] -- Performing Test CMAKE_HAVE_LIBC_PTHREAD - Failed
[1.877s] -- Looking for pthread_create in pthreads
[1.926s] -- Looking for pthread_create in pthreads - not found
[1.926s] -- Looking for pthread_create in pthread
[1.985s] -- Looking for pthread_create in pthread - found
[1.985s] -- Found Threads: TRUE  
[2.117s] -- Found rclcpp_components: 2.3.1 (/opt/ros/foxy/share/rclcpp_components/cmake)
[2.170s] -- Found sensor_msgs: 2.0.4 (/opt/ros/foxy/share/sensor_msgs/cmake)
[2.271s] -- Found camera_info_manager: 2.3.0 (/opt/ros/foxy/share/camera_info_manager/cmake)
[2.288s] -- Setting yaml-cpp_DIR to: '/opt/ros/foxy/share/yaml_cpp_vendor/cmake/../../../opt/yaml_cpp_vendor/lib/cmake/yaml-cpp'
[2.327s] -- Found image_transport: 2.3.0 (/opt/ros/foxy/share/image_transport/cmake)
[2.370s] -- Found OpenCV: /usr (found suitable version "4.2.0", minimum required is "4") 
[2.447s] -- Found ament_lint_auto: 0.9.6 (/opt/ros/foxy/share/ament_lint_auto/cmake)
[2.495s] -- Found ament_cmake_gtest: 0.9.8 (/opt/ros/foxy/share/ament_cmake_gtest/cmake)
[2.498s] -- Found gtest sources under '/opt/ros/foxy/src/gtest_vendor': C++ tests using 'Google Test' will be built
[2.500s] -- Check if compiler accepts -pthread
[2.560s] -- Check if compiler accepts -pthread - yes
[2.566s] -- Configuring done
[2.604s] -- Generating done
[2.605s] -- Build files have been written to: /home/manojbr/dev_ws/src/build/usb_camera_driver
[2.614s] Invoked command in '/home/manojbr/dev_ws/src/build/usb_camera_driver' returned '0': CMAKE_PREFIX_PATH=${CMAKE_PREFIX_PATH}:/home/manojbr/dev_ws/install/radiants:/opt/ros/foxy /usr/bin/cmake /home/manojbr/dev_ws/src/ros2_usb_camera -DCMAKE_INSTALL_PREFIX=/home/manojbr/dev_ws/src/install/usb_camera_driver
[2.617s] Invoking command in '/home/manojbr/dev_ws/src/build/usb_camera_driver': CMAKE_PREFIX_PATH=${CMAKE_PREFIX_PATH}:/home/manojbr/dev_ws/install/radiants:/opt/ros/foxy /usr/bin/cmake --build /home/manojbr/dev_ws/src/build/usb_camera_driver -- -j8 -l8
[2.653s] [35m[1mScanning dependencies of target gtest_main[0m
[2.653s] [35m[1mScanning dependencies of target gtest[0m
[2.653s] [35m[1mScanning dependencies of target usb_camera_driver[0m
[2.666s] [ 10%] [32mBuilding CXX object gtest/CMakeFiles/gtest_main.dir/src/gtest_main.cc.o[0m
[2.668s] [ 20%] [32mBuilding CXX object gtest/CMakeFiles/gtest.dir/src/gtest-all.cc.o[0m
[2.703s] [ 30%] [32mBuilding CXX object CMakeFiles/usb_camera_driver.dir/src/usb_camera_driver.cpp.o[0m
[3.290s] [ 40%] [32m[1mLinking CXX static library libgtest_main.a[0m
[3.319s] [ 40%] Built target gtest_main
[5.578s] [ 50%] [32m[1mLinking CXX shared library libusb_camera_driver.so[0m
[5.923s] [ 50%] Built target usb_camera_driver
[5.941s] [35m[1mScanning dependencies of target usb_camera_driver_node[0m
[5.982s] [ 60%] [32m[1mLinking CXX static library libgtest.a[0m
[6.040s] [ 70%] [32mBuilding CXX object CMakeFiles/usb_camera_driver_node.dir/src/usb_camera_driver_node.cpp.o[0m
[6.073s] [ 70%] Built target gtest
[6.088s] [35m[1mScanning dependencies of target usb_camera_driver_tests[0m
[6.180s] [ 80%] [32mBuilding CXX object test/CMakeFiles/usb_camera_driver_tests.dir/usb_camera_driver_tests.cpp.o[0m
[9.687s] [ 90%] [32m[1mLinking CXX executable usb_camera_driver_node[0m
[10.410s] [ 90%] Built target usb_camera_driver_node
[10.497s] [100%] [32m[1mLinking CXX executable usb_camera_driver_tests[0m
[11.379s] [100%] Built target usb_camera_driver_tests
[11.390s] Invoked command in '/home/manojbr/dev_ws/src/build/usb_camera_driver' returned '0': CMAKE_PREFIX_PATH=${CMAKE_PREFIX_PATH}:/home/manojbr/dev_ws/install/radiants:/opt/ros/foxy /usr/bin/cmake --build /home/manojbr/dev_ws/src/build/usb_camera_driver -- -j8 -l8
[11.452s] Invoking command in '/home/manojbr/dev_ws/src/build/usb_camera_driver': CMAKE_PREFIX_PATH=${CMAKE_PREFIX_PATH}:/home/manojbr/dev_ws/install/radiants:/opt/ros/foxy /usr/bin/cmake --install /home/manojbr/dev_ws/src/build/usb_camera_driver
[11.464s] -- Install configuration: ""
[11.464s] -- Installing: /home/manojbr/dev_ws/src/install/usb_camera_driver/lib/libusb_camera_driver.so
[11.465s] -- Set runtime path of "/home/manojbr/dev_ws/src/install/usb_camera_driver/lib/libusb_camera_driver.so" to ""
[11.466s] -- Installing: /home/manojbr/dev_ws/src/install/usb_camera_driver/lib/usb_camera_driver/usb_camera_driver_node
[11.466s] -- Set runtime path of "/home/manojbr/dev_ws/src/install/usb_camera_driver/lib/usb_camera_driver/usb_camera_driver_node" to ""
[11.466s] -- Installing: /home/manojbr/dev_ws/src/install/usb_camera_driver/share/usb_camera_driver/launch
[11.466s] -- Installing: /home/manojbr/dev_ws/src/install/usb_camera_driver/share/usb_camera_driver/launch/usb_camera_node.launch.py
[11.466s] -- Installing: /home/manojbr/dev_ws/src/install/usb_camera_driver/share/usb_camera_driver/launch/usb_camera_component.launch.py
[11.467s] -- Installing: /home/manojbr/dev_ws/src/install/usb_camera_driver/share/usb_camera_driver/config
[11.467s] -- Installing: /home/manojbr/dev_ws/src/install/usb_camera_driver/share/usb_camera_driver/config/config.yaml
[11.467s] -- Installing: /home/manojbr/dev_ws/src/install/usb_camera_driver/share/usb_camera_driver/config/camera.yaml
[11.467s] -- Installing: /home/manojbr/dev_ws/src/install/usb_camera_driver/share/ament_index/resource_index/package_run_dependencies/usb_camera_driver
[11.467s] -- Installing: /home/manojbr/dev_ws/src/install/usb_camera_driver/share/ament_index/resource_index/parent_prefix_path/usb_camera_driver
[11.468s] -- Installing: /home/manojbr/dev_ws/src/install/usb_camera_driver/share/usb_camera_driver/environment/ament_prefix_path.sh
[11.468s] -- Installing: /home/manojbr/dev_ws/src/install/usb_camera_driver/share/usb_camera_driver/environment/ament_prefix_path.dsv
[11.468s] -- Installing: /home/manojbr/dev_ws/src/install/usb_camera_driver/share/usb_camera_driver/environment/path.sh
[11.468s] -- Installing: /home/manojbr/dev_ws/src/install/usb_camera_driver/share/usb_camera_driver/environment/path.dsv
[11.468s] -- Installing: /home/manojbr/dev_ws/src/install/usb_camera_driver/share/usb_camera_driver/local_setup.bash
[11.468s] -- Installing: /home/manojbr/dev_ws/src/install/usb_camera_driver/share/usb_camera_driver/local_setup.sh
[11.469s] -- Installing: /home/manojbr/dev_ws/src/install/usb_camera_driver/share/usb_camera_driver/local_setup.zsh
[11.469s] -- Installing: /home/manojbr/dev_ws/src/install/usb_camera_driver/share/usb_camera_driver/local_setup.dsv
[11.469s] -- Installing: /home/manojbr/dev_ws/src/install/usb_camera_driver/share/usb_camera_driver/package.dsv
[11.469s] -- Installing: /home/manojbr/dev_ws/src/install/usb_camera_driver/share/ament_index/resource_index/packages/usb_camera_driver
[11.469s] -- Installing: /home/manojbr/dev_ws/src/install/usb_camera_driver/share/ament_index/resource_index/rclcpp_components/usb_camera_driver
[11.470s] -- Installing: /home/manojbr/dev_ws/src/install/usb_camera_driver/share/usb_camera_driver/cmake/usb_camera_driverConfig.cmake
[11.470s] -- Installing: /home/manojbr/dev_ws/src/install/usb_camera_driver/share/usb_camera_driver/cmake/usb_camera_driverConfig-version.cmake
[11.470s] -- Installing: /home/manojbr/dev_ws/src/install/usb_camera_driver/share/usb_camera_driver/package.xml
[11.483s] Invoked command in '/home/manojbr/dev_ws/src/build/usb_camera_driver' returned '0': CMAKE_PREFIX_PATH=${CMAKE_PREFIX_PATH}:/home/manojbr/dev_ws/install/radiants:/opt/ros/foxy /usr/bin/cmake --install /home/manojbr/dev_ws/src/build/usb_camera_driver
